[ 2015-12-18T10:00:18+08:00 ] 127.0.0.1 /core/admin.php/Cart/updateShow/id/1.html
INFO: [ route_check ] --START--
INFO: CheckRoute Behavior ::run [ RunTime:0.000942s ]
INFO: [ route_check ] --END-- [ RunTime:0.001031s ]
INFO: [ app_begin ] --START--
INFO: ReadHtmlCache Behavior ::run [ RunTime:0.000644s ]
INFO: [ app_begin ] --END-- [ RunTime:0.000712s ]
SQL: SHOW COLUMNS FROM `cart` [ RunTime:0.006731s ]
SQL: SELECT * FROM `cart` WHERE ( id=1 )  [ RunTime:0.001274s ]
NOTIC: [8] Use of undefined constant state - assumed 'state' D:\www\core\admin\Lib\Action\CartAction.class.php 第 43 行.
INFO: [ view_parse ] --START--
INFO: ParseTemplate Behavior ::run [ RunTime:0.028443s ]
INFO: [ view_parse ] --END-- [ RunTime:0.028542s ]
INFO: [ view_filter ] --START--
INFO: ContentReplace Behavior ::run [ RunTime:0.000428s ]
INFO: TokenBuild Behavior ::run [ RunTime:0.000425s ]
INFO: WriteHtmlCache Behavior ::run [ RunTime:0.000290s ]
INFO: ShowRuntime Behavior ::run [ RunTime:0.000501s ]
INFO: [ view_filter ] --END-- [ RunTime:0.001811s ]
INFO: [ view_end ] --START--
INFO: ShowPageTrace Behavior ::run [ RunTime:0.000698s ]
INFO: [ view_end ] --END-- [ RunTime:0.000756s ]

[ 2015-12-18T10:00:27+08:00 ] 127.0.0.1 /core/admin.php
INFO: [ app_begin ] --START--
INFO: ReadHtmlCache Behavior ::run [ RunTime:0.000687s ]
INFO: [ app_begin ] --END-- [ RunTime:0.000785s ]
INFO: [ view_parse ] --START--
INFO: ParseTemplate Behavior ::run [ RunTime:0.048214s ]
INFO: [ view_parse ] --END-- [ RunTime:0.048565s ]
INFO: [ view_filter ] --START--
INFO: ContentReplace Behavior ::run [ RunTime:0.000881s ]
INFO: TokenBuild Behavior ::run [ RunTime:0.000785s ]
INFO: WriteHtmlCache Behavior ::run [ RunTime:0.000550s ]
INFO: ShowRuntime Behavior ::run [ RunTime:0.000977s ]
INFO: [ view_filter ] --END-- [ RunTime:0.003508s ]
INFO: [ view_end ] --START--
INFO: ShowPageTrace Behavior ::run [ RunTime:0.001394s ]
INFO: [ view_end ] --END-- [ RunTime:0.001503s ]

[ 2015-12-18T10:00:30+08:00 ] 127.0.0.1 /core/admin.php
INFO: [ app_begin ] --START--
INFO: ReadHtmlCache Behavior ::run [ RunTime:0.001185s ]
INFO: [ app_begin ] --END-- [ RunTime:0.001333s ]
INFO: [ view_parse ] --START--
INFO: ParseTemplate Behavior ::run [ RunTime:0.013985s ]
INFO: [ view_parse ] --END-- [ RunTime:0.014095s ]
INFO: [ view_filter ] --START--
INFO: ContentReplace Behavior ::run [ RunTime:0.000457s ]
INFO: TokenBuild Behavior ::run [ RunTime:0.000432s ]
INFO: WriteHtmlCache Behavior ::run [ RunTime:0.000301s ]
INFO: ShowRuntime Behavior ::run [ RunTime:0.000522s ]
INFO: [ view_filter ] --END-- [ RunTime:0.001886s ]
INFO: [ view_end ] --START--
INFO: ShowPageTrace Behavior ::run [ RunTime:0.000720s ]
INFO: [ view_end ] --END-- [ RunTime:0.000784s ]

[ 2015-12-18T10:00:37+08:00 ] 127.0.0.1 /core/admin.php/Index/login
INFO: [ route_check ] --START--
INFO: CheckRoute Behavior ::run [ RunTime:0.000933s ]
INFO: [ route_check ] --END-- [ RunTime:0.001038s ]
INFO: [ app_begin ] --START--
INFO: ReadHtmlCache Behavior ::run [ RunTime:0.000714s ]
INFO: [ app_begin ] --END-- [ RunTime:0.000798s ]
SQL: SHOW COLUMNS FROM `manager` [ RunTime:0.078403s ]
SQL: SELECT * FROM `manager` WHERE ( adminname='admin' AND password='123' )  [ RunTime:0.001456s ]
INFO: [ view_parse ] --START--
INFO: ParseTemplate Behavior ::run [ RunTime:0.013782s ]
INFO: [ view_parse ] --END-- [ RunTime:0.013926s ]
INFO: [ view_filter ] --START--
INFO: ContentReplace Behavior ::run [ RunTime:0.000929s ]
INFO: TokenBuild Behavior ::run [ RunTime:0.000728s ]
INFO: WriteHtmlCache Behavior ::run [ RunTime:0.001825s ]
INFO: ShowRuntime Behavior ::run [ RunTime:0.001414s ]
INFO: [ view_filter ] --END-- [ RunTime:0.005297s ]
INFO: [ view_end ] --START--
INFO: ShowPageTrace Behavior ::run [ RunTime:0.001280s ]
INFO: [ view_end ] --END-- [ RunTime:0.001383s ]

[ 2015-12-18T10:00:38+08:00 ] 127.0.0.1 /core/admin.php/BackG/index.html
INFO: [ route_check ] --START--
INFO: CheckRoute Behavior ::run [ RunTime:0.001087s ]
INFO: [ route_check ] --END-- [ RunTime:0.001191s ]
INFO: [ app_begin ] --START--
INFO: ReadHtmlCache Behavior ::run [ RunTime:0.000752s ]
INFO: [ app_begin ] --END-- [ RunTime:0.000829s ]
INFO: [ view_parse ] --START--
INFO: ParseTemplate Behavior ::run [ RunTime:0.028929s ]
INFO: [ view_parse ] --END-- [ RunTime:0.029040s ]
INFO: [ view_filter ] --START--
INFO: ContentReplace Behavior ::run [ RunTime:0.000498s ]
INFO: TokenBuild Behavior ::run [ RunTime:0.000481s ]
INFO: WriteHtmlCache Behavior ::run [ RunTime:0.000338s ]
INFO: ShowRuntime Behavior ::run [ RunTime:0.000572s ]
INFO: [ view_filter ] --END-- [ RunTime:0.002081s ]
INFO: [ view_end ] --START--
INFO: ShowPageTrace Behavior ::run [ RunTime:0.000877s ]
INFO: [ view_end ] --END-- [ RunTime:0.000948s ]

[ 2015-12-18T10:00:39+08:00 ] 127.0.0.1 /core/admin.php/Type/oper
INFO: [ route_check ] --START--
INFO: CheckRoute Behavior ::run [ RunTime:0.001723s ]
INFO: [ route_check ] --END-- [ RunTime:0.001969s ]
INFO: [ app_begin ] --START--
INFO: ReadHtmlCache Behavior ::run [ RunTime:0.000818s ]
INFO: [ app_begin ] --END-- [ RunTime:0.000906s ]
SQL: SHOW COLUMNS FROM `type` [ RunTime:0.009244s ]
SQL: SELECT * FROM `type` WHERE ( fid=0 and state=0 )  [ RunTime:0.001302s ]
SQL: SELECT * FROM `type` WHERE ( fid=1 and state=0 )  [ RunTime:0.001139s ]
SQL: SELECT * FROM `type` WHERE ( fid=3 and state=0 )  [ RunTime:0.001058s ]
SQL: SELECT * FROM `type` WHERE ( fid=9 and state=0 )  [ RunTime:0.001050s ]
NOTIC: [2] Invalid argument supplied for foreach() D:\www\core\admin\Common\common.php 第 27 行.
SQL: SELECT * FROM `type` WHERE ( fid=4 and state=0 )  [ RunTime:0.001054s ]
NOTIC: [2] Invalid argument supplied for foreach() D:\www\core\admin\Common\common.php 第 27 行.
SQL: SELECT * FROM `type` WHERE ( fid=25 and state=0 )  [ RunTime:0.001061s ]
NOTIC: [2] Invalid argument supplied for foreach() D:\www\core\admin\Common\common.php 第 27 行.
SQL: SELECT * FROM `type` WHERE ( fid=28 and state=0 )  [ RunTime:0.001000s ]
NOTIC: [2] Invalid argument supplied for foreach() D:\www\core\admin\Common\common.php 第 27 行.
SQL: SELECT * FROM `type` WHERE ( fid=29 and state=0 )  [ RunTime:0.000999s ]
NOTIC: [2] Invalid argument supplied for foreach() D:\www\core\admin\Common\common.php 第 27 行.
SQL: SELECT * FROM `type` WHERE ( fid=2 and state=0 )  [ RunTime:0.001713s ]
SQL: SELECT * FROM `type` WHERE ( fid=5 and state=0 )  [ RunTime:0.001268s ]
SQL: SELECT * FROM `type` WHERE ( fid=7 and state=0 )  [ RunTime:0.001212s ]
NOTIC: [2] Invalid argument supplied for foreach() D:\www\core\admin\Common\common.php 第 27 行.
SQL: SELECT * FROM `type` WHERE ( fid=8 and state=0 )  [ RunTime:0.001175s ]
NOTIC: [2] Invalid argument supplied for foreach() D:\www\core\admin\Common\common.php 第 27 行.
SQL: SELECT * FROM `type` WHERE ( fid=6 and state=0 )  [ RunTime:0.001179s ]
SQL: SELECT * FROM `type` WHERE ( fid=26 and state=0 )  [ RunTime:0.002846s ]
NOTIC: [2] Invalid argument supplied for foreach() D:\www\core\admin\Common\common.php 第 27 行.
SQL: SELECT * FROM `type` WHERE ( fid=27 and state=0 )  [ RunTime:0.001657s ]
NOTIC: [2] Invalid argument supplied for foreach() D:\www\core\admin\Common\common.php 第 27 行.
SQL: SELECT * FROM `type` WHERE ( fid=10 and state=0 )  [ RunTime:0.001497s ]
SQL: SELECT * FROM `type` WHERE ( fid=15 and state=0 )  [ RunTime:0.001424s ]
NOTIC: [2] Invalid argument supplied for foreach() D:\www\core\admin\Common\common.php 第 27 行.
SQL: SELECT * FROM `type` WHERE ( fid=11 and state=0 )  [ RunTime:0.001372s ]
SQL: SELECT * FROM `type` WHERE ( fid=16 and state=0 )  [ RunTime:0.001582s ]
NOTIC: [2] Invalid argument supplied for foreach() D:\www\core\admin\Common\common.php 第 27 行.
SQL: SELECT * FROM `type` WHERE ( fid=12 and state=0 )  [ RunTime:0.001339s ]
SQL: SELECT * FROM `type` WHERE ( fid=17 and state=0 )  [ RunTime:0.001628s ]
SQL: SELECT * FROM `type` WHERE ( fid=21 and state=0 )  [ RunTime:0.001331s ]
NOTIC: [2] Invalid argument supplied for foreach() D:\www\core\admin\Common\common.php 第 27 行.
SQL: SELECT * FROM `type` WHERE ( fid=22 and state=0 )  [ RunTime:0.001350s ]
NOTIC: [2] Invalid argument supplied for foreach() D:\www\core\admin\Common\common.php 第 27 行.
SQL: SELECT * FROM `type` WHERE ( fid=18 and state=0 )  [ RunTime:0.001285s ]
SQL: SELECT * FROM `type` WHERE ( fid=23 and state=0 )  [ RunTime:0.001228s ]
NOTIC: [2] Invalid argument supplied for foreach() D:\www\core\admin\Common\common.php 第 27 行.
SQL: SELECT * FROM `type` WHERE ( fid=24 and state=0 )  [ RunTime:0.001217s ]
NOTIC: [2] Invalid argument supplied for foreach() D:\www\core\admin\Common\common.php 第 27 行.
SQL: SELECT * FROM `type` WHERE ( fid=13 and state=0 )  [ RunTime:0.001216s ]
SQL: SELECT * FROM `type` WHERE ( fid=19 and state=0 )  [ RunTime:0.001196s ]
NOTIC: [2] Invalid argument supplied for foreach() D:\www\core\admin\Common\common.php 第 27 行.
SQL: SELECT * FROM `type` WHERE ( fid=20 and state=0 )  [ RunTime:0.001164s ]
NOTIC: [2] Invalid argument supplied for foreach() D:\www\core\admin\Common\common.php 第 27 行.
SQL: SELECT * FROM `type` WHERE ( fid=14 and state=0 )  [ RunTime:0.002076s ]
NOTIC: [2] Invalid argument supplied for foreach() D:\www\core\admin\Common\common.php 第 27 行.
INFO: [ view_parse ] --START--
INFO: ParseTemplate Behavior ::run [ RunTime:0.019426s ]
INFO: [ view_parse ] --END-- [ RunTime:0.019539s ]
INFO: [ view_filter ] --START--
INFO: ContentReplace Behavior ::run [ RunTime:0.000540s ]
INFO: TokenBuild Behavior ::run [ RunTime:0.000495s ]
INFO: WriteHtmlCache Behavior ::run [ RunTime:0.000335s ]
INFO: ShowRuntime Behavior ::run [ RunTime:0.000588s ]
INFO: [ view_filter ] --END-- [ RunTime:0.002155s ]
INFO: [ view_end ] --START--
INFO: ShowPageTrace Behavior ::run [ RunTime:0.001133s ]
INFO: [ view_end ] --END-- [ RunTime:0.001214s ]

[ 2015-12-18T10:00:41+08:00 ] 127.0.0.1 /core/admin.php/Type/oper
INFO: [ route_check ] --START--
INFO: CheckRoute Behavior ::run [ RunTime:0.001543s ]
INFO: [ route_check ] --END-- [ RunTime:0.001697s ]
INFO: [ app_begin ] --START--
INFO: ReadHtmlCache Behavior ::run [ RunTime:0.001077s ]
INFO: [ app_begin ] --END-- [ RunTime:0.001185s ]
SQL: SHOW COLUMNS FROM `type` [ RunTime:0.011476s ]
SQL: SELECT * FROM `type` WHERE ( fid=0 and state=0 )  [ RunTime:0.001797s ]
SQL: SELECT * FROM `type` WHERE ( fid=1 and state=0 )  [ RunTime:0.001392s ]
SQL: SELECT * FROM `type` WHERE ( fid=3 and state=0 )  [ RunTime:0.002214s ]
SQL: SELECT * FROM `type` WHERE ( fid=9 and state=0 )  [ RunTime:0.002356s ]
NOTIC: [2] Invalid argument supplied for foreach() D:\www\core\admin\Common\common.php 第 27 行.
SQL: SELECT * FROM `type` WHERE ( fid=4 and state=0 )  [ RunTime:0.001957s ]
NOTIC: [2] Invalid argument supplied for foreach() D:\www\core\admin\Common\common.php 第 27 行.
SQL: SELECT * FROM `type` WHERE ( fid=25 and state=0 )  [ RunTime:0.001361s ]
NOTIC: [2] Invalid argument supplied for foreach() D:\www\core\admin\Common\common.php 第 27 行.
SQL: SELECT * FROM `type` WHERE ( fid=28 and state=0 )  [ RunTime:0.001513s ]
NOTIC: [2] Invalid argument supplied for foreach() D:\www\core\admin\Common\common.php 第 27 行.
SQL: SELECT * FROM `type` WHERE ( fid=29 and state=0 )  [ RunTime:0.001976s ]
NOTIC: [2] Invalid argument supplied for foreach() D:\www\core\admin\Common\common.php 第 27 行.
SQL: SELECT * FROM `type` WHERE ( fid=2 and state=0 )  [ RunTime:0.001611s ]
SQL: SELECT * FROM `type` WHERE ( fid=5 and state=0 )  [ RunTime:0.001644s ]
SQL: SELECT * FROM `type` WHERE ( fid=7 and state=0 )  [ RunTime:0.001537s ]
NOTIC: [2] Invalid argument supplied for foreach() D:\www\core\admin\Common\common.php 第 27 行.
SQL: SELECT * FROM `type` WHERE ( fid=8 and state=0 )  [ RunTime:0.001553s ]
NOTIC: [2] Invalid argument supplied for foreach() D:\www\core\admin\Common\common.php 第 27 行.
SQL: SELECT * FROM `type` WHERE ( fid=6 and state=0 )  [ RunTime:0.001379s ]
SQL: SELECT * FROM `type` WHERE ( fid=26 and state=0 )  [ RunTime:0.001608s ]
NOTIC: [2] Invalid argument supplied for foreach() D:\www\core\admin\Common\common.php 第 27 行.
SQL: SELECT * FROM `type` WHERE ( fid=27 and state=0 )  [ RunTime:0.001333s ]
NOTIC: [2] Invalid argument supplied for foreach() D:\www\core\admin\Common\common.php 第 27 行.
SQL: SELECT * FROM `type` WHERE ( fid=10 and state=0 )  [ RunTime:0.001528s ]
SQL: SELECT * FROM `type` WHERE ( fid=15 and state=0 )  [ RunTime:0.003161s ]
NOTIC: [2] Invalid argument supplied for foreach() D:\www\core\admin\Common\common.php 第 27 行.
SQL: SELECT * FROM `type` WHERE ( fid=11 and state=0 )  [ RunTime:0.001834s ]
SQL: SELECT * FROM `type` WHERE ( fid=16 and state=0 )  [ RunTime:0.002062s ]
NOTIC: [2] Invalid argument supplied for foreach() D:\www\core\admin\Common\common.php 第 27 行.
SQL: SELECT * FROM `type` WHERE ( fid=12 and state=0 )  [ RunTime:0.001618s ]
SQL: SELECT * FROM `type` WHERE ( fid=17 and state=0 )  [ RunTime:0.001651s ]
SQL: SELECT * FROM `type` WHERE ( fid=21 and state=0 )  [ RunTime:0.002035s ]
NOTIC: [2] Invalid argument supplied for foreach() D:\www\core\admin\Common\common.php 第 27 行.
SQL: SELECT * FROM `type` WHERE ( fid=22 and state=0 )  [ RunTime:0.002489s ]
NOTIC: [2] Invalid argument supplied for foreach() D:\www\core\admin\Common\common.php 第 27 行.
SQL: SELECT * FROM `type` WHERE ( fid=18 and state=0 )  [ RunTime:0.001881s ]
SQL: SELECT * FROM `type` WHERE ( fid=23 and state=0 )  [ RunTime:0.001697s ]
NOTIC: [2] Invalid argument supplied for foreach() D:\www\core\admin\Common\common.php 第 27 行.
SQL: SELECT * FROM `type` WHERE ( fid=24 and state=0 )  [ RunTime:0.001591s ]
NOTIC: [2] Invalid argument supplied for foreach() D:\www\core\admin\Common\common.php 第 27 行.
SQL: SELECT * FROM `type` WHERE ( fid=13 and state=0 )  [ RunTime:0.001474s ]
SQL: SELECT * FROM `type` WHERE ( fid=19 and state=0 )  [ RunTime:0.001741s ]
NOTIC: [2] Invalid argument supplied for foreach() D:\www\core\admin\Common\common.php 第 27 行.
SQL: SELECT * FROM `type` WHERE ( fid=20 and state=0 )  [ RunTime:0.002604s ]
NOTIC: [2] Invalid argument supplied for foreach() D:\www\core\admin\Common\common.php 第 27 行.
SQL: SELECT * FROM `type` WHERE ( fid=14 and state=0 )  [ RunTime:0.002046s ]
NOTIC: [2] Invalid argument supplied for foreach() D:\www\core\admin\Common\common.php 第 27 行.
INFO: [ view_parse ] --START--
INFO: ParseTemplate Behavior ::run [ RunTime:0.014252s ]
INFO: [ view_parse ] --END-- [ RunTime:0.014396s ]
INFO: [ view_filter ] --START--
INFO: ContentReplace Behavior ::run [ RunTime:0.000770s ]
INFO: TokenBuild Behavior ::run [ RunTime:0.000712s ]
INFO: WriteHtmlCache Behavior ::run [ RunTime:0.000485s ]
INFO: ShowRuntime Behavior ::run [ RunTime:0.000842s ]
INFO: [ view_filter ] --END-- [ RunTime:0.003090s ]
INFO: [ view_end ] --START--
INFO: ShowPageTrace Behavior ::run [ RunTime:0.001187s ]
INFO: [ view_end ] --END-- [ RunTime:0.001299s ]

[ 2015-12-18T10:00:42+08:00 ] 127.0.0.1 /core/admin.php/Type/add
INFO: [ route_check ] --START--
INFO: CheckRoute Behavior ::run [ RunTime:0.001633s ]
INFO: [ route_check ] --END-- [ RunTime:0.001793s ]
INFO: [ app_begin ] --START--
INFO: ReadHtmlCache Behavior ::run [ RunTime:0.001724s ]
INFO: [ app_begin ] --END-- [ RunTime:0.001849s ]
SQL: SHOW COLUMNS FROM `type` [ RunTime:0.006785s ]
SQL: SELECT * FROM `type` WHERE ( fid=0 )  [ RunTime:0.000811s ]
SQL: SELECT * FROM `type` WHERE ( fid=1 )  [ RunTime:0.000595s ]
SQL: SELECT * FROM `type` WHERE ( fid=3 )  [ RunTime:0.000760s ]
SQL: SELECT * FROM `type` WHERE ( fid=9 )  [ RunTime:0.000541s ]
NOTIC: [2] Invalid argument supplied for foreach() D:\www\core\admin\Common\common.php 第 10 行.
SQL: SELECT * FROM `type` WHERE ( fid=4 )  [ RunTime:0.000697s ]
NOTIC: [2] Invalid argument supplied for foreach() D:\www\core\admin\Common\common.php 第 10 行.
SQL: SELECT * FROM `type` WHERE ( fid=25 )  [ RunTime:0.000554s ]
NOTIC: [2] Invalid argument supplied for foreach() D:\www\core\admin\Common\common.php 第 10 行.
SQL: SELECT * FROM `type` WHERE ( fid=28 )  [ RunTime:0.001160s ]
NOTIC: [2] Invalid argument supplied for foreach() D:\www\core\admin\Common\common.php 第 10 行.
SQL: SELECT * FROM `type` WHERE ( fid=29 )  [ RunTime:0.000701s ]
NOTIC: [2] Invalid argument supplied for foreach() D:\www\core\admin\Common\common.php 第 10 行.
SQL: SELECT * FROM `type` WHERE ( fid=2 )  [ RunTime:0.000729s ]
SQL: SELECT * FROM `type` WHERE ( fid=5 )  [ RunTime:0.000517s ]
SQL: SELECT * FROM `type` WHERE ( fid=7 )  [ RunTime:0.000567s ]
NOTIC: [2] Invalid argument supplied for foreach() D:\www\core\admin\Common\common.php 第 10 行.
SQL: SELECT * FROM `type` WHERE ( fid=8 )  [ RunTime:0.000765s ]
NOTIC: [2] Invalid argument supplied for foreach() D:\www\core\admin\Common\common.php 第 10 行.
SQL: SELECT * FROM `type` WHERE ( fid=6 )  [ RunTime:0.000556s ]
SQL: SELECT * FROM `type` WHERE ( fid=26 )  [ RunTime:0.000548s ]
NOTIC: [2] Invalid argument supplied for foreach() D:\www\core\admin\Common\common.php 第 10 行.
SQL: SELECT * FROM `type` WHERE ( fid=27 )  [ RunTime:0.000563s ]
NOTIC: [2] Invalid argument supplied for foreach() D:\www\core\admin\Common\common.php 第 10 行.
SQL: SELECT * FROM `type` WHERE ( fid=10 )  [ RunTime:0.001042s ]
SQL: SELECT * FROM `type` WHERE ( fid=15 )  [ RunTime:0.000754s ]
NOTIC: [2] Invalid argument supplied for foreach() D:\www\core\admin\Common\common.php 第 10 行.
SQL: SELECT * FROM `type` WHERE ( fid=11 )  [ RunTime:0.001143s ]
SQL: SELECT * FROM `type` WHERE ( fid=16 )  [ RunTime:0.000805s ]
NOTIC: [2] Invalid argument supplied for foreach() D:\www\core\admin\Common\common.php 第 10 行.
SQL: SELECT * FROM `type` WHERE ( fid=12 )  [ RunTime:0.000665s ]
SQL: SELECT * FROM `type` WHERE ( fid=17 )  [ RunTime:0.000856s ]
SQL: SELECT * FROM `type` WHERE ( fid=21 )  [ RunTime:0.000736s ]
NOTIC: [2] Invalid argument supplied for foreach() D:\www\core\admin\Common\common.php 第 10 行.
SQL: SELECT * FROM `type` WHERE ( fid=22 )  [ RunTime:0.000772s ]
NOTIC: [2] Invalid argument supplied for foreach() D:\www\core\admin\Common\common.php 第 10 行.
SQL: SELECT * FROM `type` WHERE ( fid=18 )  [ RunTime:0.001181s ]
SQL: SELECT * FROM `type` WHERE ( fid=23 )  [ RunTime:0.002109s ]
NOTIC: [2] Invalid argument supplied for foreach() D:\www\core\admin\Common\common.php 第 10 行.
SQL: SELECT * FROM `type` WHERE ( fid=24 )  [ RunTime:0.000951s ]
NOTIC: [2] Invalid argument supplied for foreach() D:\www\core\admin\Common\common.php 第 10 行.
SQL: SELECT * FROM `type` WHERE ( fid=13 )  [ RunTime:0.000879s ]
SQL: SELECT * FROM `type` WHERE ( fid=19 )  [ RunTime:0.000510s ]
NOTIC: [2] Invalid argument supplied for foreach() D:\www\core\admin\Common\common.php 第 10 行.
SQL: SELECT * FROM `type` WHERE ( fid=20 )  [ RunTime:0.000711s ]
NOTIC: [2] Invalid argument supplied for foreach() D:\www\core\admin\Common\common.php 第 10 行.
SQL: SELECT * FROM `type` WHERE ( fid=14 )  [ RunTime:0.000668s ]
NOTIC: [2] Invalid argument supplied for foreach() D:\www\core\admin\Common\common.php 第 10 行.
INFO: [ view_parse ] --START--
INFO: ParseTemplate Behavior ::run [ RunTime:0.028569s ]
INFO: [ view_parse ] --END-- [ RunTime:0.028657s ]
INFO: [ view_filter ] --START--
INFO: ContentReplace Behavior ::run [ RunTime:0.000526s ]
INFO: TokenBuild Behavior ::run [ RunTime:0.000432s ]
INFO: WriteHtmlCache Behavior ::run [ RunTime:0.000366s ]
INFO: ShowRuntime Behavior ::run [ RunTime:0.000503s ]
INFO: [ view_filter ] --END-- [ RunTime:0.001999s ]
INFO: [ view_end ] --START--
INFO: ShowPageTrace Behavior ::run [ RunTime:0.000703s ]
INFO: [ view_end ] --END-- [ RunTime:0.000769s ]

[ 2015-12-18T10:00:44+08:00 ] 127.0.0.1 /core/admin.php/Type/oper
INFO: [ route_check ] --START--
INFO: CheckRoute Behavior ::run [ RunTime:0.001933s ]
INFO: [ route_check ] --END-- [ RunTime:0.002116s ]
INFO: [ app_begin ] --START--
INFO: ReadHtmlCache Behavior ::run [ RunTime:0.002263s ]
INFO: [ app_begin ] --END-- [ RunTime:0.002398s ]
SQL: SHOW COLUMNS FROM `type` [ RunTime:0.005981s ]
SQL: SELECT * FROM `type` WHERE ( fid=0 and state=0 )  [ RunTime:0.000831s ]
SQL: SELECT * FROM `type` WHERE ( fid=1 and state=0 )  [ RunTime:0.000638s ]
SQL: SELECT * FROM `type` WHERE ( fid=3 and state=0 )  [ RunTime:0.001225s ]
SQL: SELECT * FROM `type` WHERE ( fid=9 and state=0 )  [ RunTime:0.000968s ]
NOTIC: [2] Invalid argument supplied for foreach() D:\www\core\admin\Common\common.php 第 27 行.
SQL: SELECT * FROM `type` WHERE ( fid=4 and state=0 )  [ RunTime:0.000636s ]
NOTIC: [2] Invalid argument supplied for foreach() D:\www\core\admin\Common\common.php 第 27 行.
SQL: SELECT * FROM `type` WHERE ( fid=25 and state=0 )  [ RunTime:0.000598s ]
NOTIC: [2] Invalid argument supplied for foreach() D:\www\core\admin\Common\common.php 第 27 行.
SQL: SELECT * FROM `type` WHERE ( fid=28 and state=0 )  [ RunTime:0.000598s ]
NOTIC: [2] Invalid argument supplied for foreach() D:\www\core\admin\Common\common.php 第 27 行.
SQL: SELECT * FROM `type` WHERE ( fid=29 and state=0 )  [ RunTime:0.000606s ]
NOTIC: [2] Invalid argument supplied for foreach() D:\www\core\admin\Common\common.php 第 27 行.
SQL: SELECT * FROM `type` WHERE ( fid=2 and state=0 )  [ RunTime:0.000617s ]
SQL: SELECT * FROM `type` WHERE ( fid=5 and state=0 )  [ RunTime:0.000718s ]
SQL: SELECT * FROM `type` WHERE ( fid=7 and state=0 )  [ RunTime:0.000624s ]
NOTIC: [2] Invalid argument supplied for foreach() D:\www\core\admin\Common\common.php 第 27 行.
SQL: SELECT * FROM `type` WHERE ( fid=8 and state=0 )  [ RunTime:0.000598s ]
NOTIC: [2] Invalid argument supplied for foreach() D:\www\core\admin\Common\common.php 第 27 行.
SQL: SELECT * FROM `type` WHERE ( fid=6 and state=0 )  [ RunTime:0.000616s ]
SQL: SELECT * FROM `type` WHERE ( fid=26 and state=0 )  [ RunTime:0.000597s ]
NOTIC: [2] Invalid argument supplied for foreach() D:\www\core\admin\Common\common.php 第 27 行.
SQL: SELECT * FROM `type` WHERE ( fid=27 and state=0 )  [ RunTime:0.000608s ]
NOTIC: [2] Invalid argument supplied for foreach() D:\www\core\admin\Common\common.php 第 27 行.
SQL: SELECT * FROM `type` WHERE ( fid=10 and state=0 )  [ RunTime:0.000611s ]
SQL: SELECT * FROM `type` WHERE ( fid=15 and state=0 )  [ RunTime:0.000821s ]
NOTIC: [2] Invalid argument supplied for foreach() D:\www\core\admin\Common\common.php 第 27 行.
SQL: SELECT * FROM `type` WHERE ( fid=11 and state=0 )  [ RunTime:0.000747s ]
SQL: SELECT * FROM `type` WHERE ( fid=16 and state=0 )  [ RunTime:0.000619s ]
NOTIC: [2] Invalid argument supplied for foreach() D:\www\core\admin\Common\common.php 第 27 行.
SQL: SELECT * FROM `type` WHERE ( fid=12 and state=0 )  [ RunTime:0.000834s ]
SQL: SELECT * FROM `type` WHERE ( fid=17 and state=0 )  [ RunTime:0.001397s ]
SQL: SELECT * FROM `type` WHERE ( fid=21 and state=0 )  [ RunTime:0.001078s ]
NOTIC: [2] Invalid argument supplied for foreach() D:\www\core\admin\Common\common.php 第 27 行.
SQL: SELECT * FROM `type` WHERE ( fid=22 and state=0 )  [ RunTime:0.000782s ]
NOTIC: [2] Invalid argument supplied for foreach() D:\www\core\admin\Common\common.php 第 27 行.
SQL: SELECT * FROM `type` WHERE ( fid=18 and state=0 )  [ RunTime:0.000772s ]
SQL: SELECT * FROM `type` WHERE ( fid=23 and state=0 )  [ RunTime:0.000616s ]
NOTIC: [2] Invalid argument supplied for foreach() D:\www\core\admin\Common\common.php 第 27 行.
SQL: SELECT * FROM `type` WHERE ( fid=24 and state=0 )  [ RunTime:0.000600s ]
NOTIC: [2] Invalid argument supplied for foreach() D:\www\core\admin\Common\common.php 第 27 行.
SQL: SELECT * FROM `type` WHERE ( fid=13 and state=0 )  [ RunTime:0.000623s ]
SQL: SELECT * FROM `type` WHERE ( fid=19 and state=0 )  [ RunTime:0.000933s ]
NOTIC: [2] Invalid argument supplied for foreach() D:\www\core\admin\Common\common.php 第 27 行.
SQL: SELECT * FROM `type` WHERE ( fid=20 and state=0 )  [ RunTime:0.000847s ]
NOTIC: [2] Invalid argument supplied for foreach() D:\www\core\admin\Common\common.php 第 27 行.
SQL: SELECT * FROM `type` WHERE ( fid=14 and state=0 )  [ RunTime:0.000617s ]
NOTIC: [2] Invalid argument supplied for foreach() D:\www\core\admin\Common\common.php 第 27 行.
INFO: [ view_parse ] --START--
INFO: ParseTemplate Behavior ::run [ RunTime:0.007828s ]
INFO: [ view_parse ] --END-- [ RunTime:0.007910s ]
INFO: [ view_filter ] --START--
INFO: ContentReplace Behavior ::run [ RunTime:0.000480s ]
INFO: TokenBuild Behavior ::run [ RunTime:0.000421s ]
INFO: WriteHtmlCache Behavior ::run [ RunTime:0.000291s ]
INFO: ShowRuntime Behavior ::run [ RunTime:0.000556s ]
INFO: [ view_filter ] --END-- [ RunTime:0.001914s ]
INFO: [ view_end ] --START--
INFO: ShowPageTrace Behavior ::run [ RunTime:0.000837s ]
INFO: [ view_end ] --END-- [ RunTime:0.000944s ]

[ 2015-12-18T10:00:45+08:00 ] 127.0.0.1 /core/admin.php/Type/add
INFO: [ route_check ] --START--
INFO: CheckRoute Behavior ::run [ RunTime:0.001719s ]
INFO: [ route_check ] --END-- [ RunTime:0.001896s ]
INFO: [ app_begin ] --START--
INFO: ReadHtmlCache Behavior ::run [ RunTime:0.001132s ]
INFO: [ app_begin ] --END-- [ RunTime:0.001248s ]
SQL: SHOW COLUMNS FROM `type` [ RunTime:0.007724s ]
SQL: SELECT * FROM `type` WHERE ( fid=0 )  [ RunTime:0.000502s ]
SQL: SELECT * FROM `type` WHERE ( fid=1 )  [ RunTime:0.000477s ]
SQL: SELECT * FROM `type` WHERE ( fid=3 )  [ RunTime:0.000381s ]
SQL: SELECT * FROM `type` WHERE ( fid=9 )  [ RunTime:0.000375s ]
NOTIC: [2] Invalid argument supplied for foreach() D:\www\core\admin\Common\common.php 第 10 行.
SQL: SELECT * FROM `type` WHERE ( fid=4 )  [ RunTime:0.000368s ]
NOTIC: [2] Invalid argument supplied for foreach() D:\www\core\admin\Common\common.php 第 10 行.
SQL: SELECT * FROM `type` WHERE ( fid=25 )  [ RunTime:0.000372s ]
NOTIC: [2] Invalid argument supplied for foreach() D:\www\core\admin\Common\common.php 第 10 行.
SQL: SELECT * FROM `type` WHERE ( fid=28 )  [ RunTime:0.000456s ]
NOTIC: [2] Invalid argument supplied for foreach() D:\www\core\admin\Common\common.php 第 10 行.
SQL: SELECT * FROM `type` WHERE ( fid=29 )  [ RunTime:0.000512s ]
NOTIC: [2] Invalid argument supplied for foreach() D:\www\core\admin\Common\common.php 第 10 行.
SQL: SELECT * FROM `type` WHERE ( fid=2 )  [ RunTime:0.000517s ]
SQL: SELECT * FROM `type` WHERE ( fid=5 )  [ RunTime:0.000374s ]
SQL: SELECT * FROM `type` WHERE ( fid=7 )  [ RunTime:0.000846s ]
NOTIC: [2] Invalid argument supplied for foreach() D:\www\core\admin\Common\common.php 第 10 行.
SQL: SELECT * FROM `type` WHERE ( fid=8 )  [ RunTime:0.000405s ]
NOTIC: [2] Invalid argument supplied for foreach() D:\www\core\admin\Common\common.php 第 10 行.
SQL: SELECT * FROM `type` WHERE ( fid=6 )  [ RunTime:0.000283s ]
SQL: SELECT * FROM `type` WHERE ( fid=26 )  [ RunTime:0.000376s ]
NOTIC: [2] Invalid argument supplied for foreach() D:\www\core\admin\Common\common.php 第 10 行.
SQL: SELECT * FROM `type` WHERE ( fid=27 )  [ RunTime:0.000355s ]
NOTIC: [2] Invalid argument supplied for foreach() D:\www\core\admin\Common\common.php 第 10 行.
SQL: SELECT * FROM `type` WHERE ( fid=10 )  [ RunTime:0.000332s ]
SQL: SELECT * FROM `type` WHERE ( fid=15 )  [ RunTime:0.000504s ]
NOTIC: [2] Invalid argument supplied for foreach() D:\www\core\admin\Common\common.php 第 10 行.
SQL: SELECT * FROM `type` WHERE ( fid=11 )  [ RunTime:0.000372s ]
SQL: SELECT * FROM `type` WHERE ( fid=16 )  [ RunTime:0.001092s ]
NOTIC: [2] Invalid argument supplied for foreach() D:\www\core\admin\Common\common.php 第 10 行.
SQL: SELECT * FROM `type` WHERE ( fid=12 )  [ RunTime:0.001030s ]
SQL: SELECT * FROM `type` WHERE ( fid=17 )  [ RunTime:0.000443s ]
SQL: SELECT * FROM `type` WHERE ( fid=21 )  [ RunTime:0.000456s ]
NOTIC: [2] Invalid argument supplied for foreach() D:\www\core\admin\Common\common.php 第 10 行.
SQL: SELECT * FROM `type` WHERE ( fid=22 )  [ RunTime:0.000695s ]
NOTIC: [2] Invalid argument supplied for foreach() D:\www\core\admin\Common\common.php 第 10 行.
SQL: SELECT * FROM `type` WHERE ( fid=18 )  [ RunTime:0.000757s ]
SQL: SELECT * FROM `type` WHERE ( fid=23 )  [ RunTime:0.001484s ]
NOTIC: [2] Invalid argument supplied for foreach() D:\www\core\admin\Common\common.php 第 10 行.
SQL: SELECT * FROM `type` WHERE ( fid=24 )  [ RunTime:0.001054s ]
NOTIC: [2] Invalid argument supplied for foreach() D:\www\core\admin\Common\common.php 第 10 行.
SQL: SELECT * FROM `type` WHERE ( fid=13 )  [ RunTime:0.001248s ]
SQL: SELECT * FROM `type` WHERE ( fid=19 )  [ RunTime:0.000855s ]
NOTIC: [2] Invalid argument supplied for foreach() D:\www\core\admin\Common\common.php 第 10 行.
SQL: SELECT * FROM `type` WHERE ( fid=20 )  [ RunTime:0.000685s ]
NOTIC: [2] Invalid argument supplied for foreach() D:\www\core\admin\Common\common.php 第 10 行.
SQL: SELECT * FROM `type` WHERE ( fid=14 )  [ RunTime:0.000359s ]
NOTIC: [2] Invalid argument supplied for foreach() D:\www\core\admin\Common\common.php 第 10 行.
INFO: [ view_parse ] --START--
INFO: ParseTemplate Behavior ::run [ RunTime:0.011167s ]
INFO: [ view_parse ] --END-- [ RunTime:0.011285s ]
INFO: [ view_filter ] --START--
INFO: ContentReplace Behavior ::run [ RunTime:0.000529s ]
INFO: TokenBuild Behavior ::run [ RunTime:0.000388s ]
INFO: WriteHtmlCache Behavior ::run [ RunTime:0.000210s ]
INFO: ShowRuntime Behavior ::run [ RunTime:0.000354s ]
INFO: [ view_filter ] --END-- [ RunTime:0.001627s ]
INFO: [ view_end ] --START--
INFO: ShowPageTrace Behavior ::run [ RunTime:0.000490s ]
INFO: [ view_end ] --END-- [ RunTime:0.000542s ]

[ 2015-12-18T10:00:46+08:00 ] 127.0.0.1 /core/admin.php/BackG/index
INFO: [ route_check ] --START--
INFO: CheckRoute Behavior ::run [ RunTime:0.001535s ]
INFO: [ route_check ] --END-- [ RunTime:0.001682s ]
INFO: [ app_begin ] --START--
INFO: ReadHtmlCache Behavior ::run [ RunTime:0.001080s ]
INFO: [ app_begin ] --END-- [ RunTime:0.001187s ]
INFO: [ view_parse ] --START--
INFO: ParseTemplate Behavior ::run [ RunTime:0.013890s ]
INFO: [ view_parse ] --END-- [ RunTime:0.013996s ]
INFO: [ view_filter ] --START--
INFO: ContentReplace Behavior ::run [ RunTime:0.000425s ]
INFO: TokenBuild Behavior ::run [ RunTime:0.000416s ]
INFO: WriteHtmlCache Behavior ::run [ RunTime:0.000339s ]
INFO: ShowRuntime Behavior ::run [ RunTime:0.000801s ]
INFO: [ view_filter ] --END-- [ RunTime:0.002185s ]
INFO: [ view_end ] --START--
INFO: ShowPageTrace Behavior ::run [ RunTime:0.001455s ]
INFO: [ view_end ] --END-- [ RunTime:0.001549s ]

[ 2015-12-18T10:00:48+08:00 ] 127.0.0.1 /core/admin.php/Product/oper
INFO: [ route_check ] --START--
INFO: CheckRoute Behavior ::run [ RunTime:0.001656s ]
INFO: [ route_check ] --END-- [ RunTime:0.001805s ]
INFO: [ app_begin ] --START--
INFO: ReadHtmlCache Behavior ::run [ RunTime:0.001206s ]
INFO: [ app_begin ] --END-- [ RunTime:0.001332s ]
SQL: SHOW COLUMNS FROM `product` [ RunTime:0.006279s ]
SQL: SELECT * FROM `product`  [ RunTime:0.002432s ]
NOTIC: [8] Undefined variable: operstr D:\www\core\admin\Lib\Action\ProductAction.class.php 第 60 行.
INFO: [ view_parse ] --START--
INFO: ParseTemplate Behavior ::run [ RunTime:0.016236s ]
INFO: [ view_parse ] --END-- [ RunTime:0.016328s ]
INFO: [ view_filter ] --START--
INFO: ContentReplace Behavior ::run [ RunTime:0.000447s ]
INFO: TokenBuild Behavior ::run [ RunTime:0.000421s ]
INFO: WriteHtmlCache Behavior ::run [ RunTime:0.000288s ]
INFO: ShowRuntime Behavior ::run [ RunTime:0.000508s ]
INFO: [ view_filter ] --END-- [ RunTime:0.001836s ]
INFO: [ view_end ] --START--
INFO: ShowPageTrace Behavior ::run [ RunTime:0.000738s ]
INFO: [ view_end ] --END-- [ RunTime:0.000799s ]

[ 2015-12-18T10:00:50+08:00 ] 127.0.0.1 /core/admin.php/Product/upshow/id/1.html
INFO: [ route_check ] --START--
INFO: CheckRoute Behavior ::run [ RunTime:0.001265s ]
INFO: [ route_check ] --END-- [ RunTime:0.001372s ]
INFO: [ app_begin ] --START--
INFO: ReadHtmlCache Behavior ::run [ RunTime:0.000678s ]
INFO: [ app_begin ] --END-- [ RunTime:0.000746s ]
SQL: SHOW COLUMNS FROM `type` [ RunTime:0.007878s ]
SQL: SELECT * FROM `type` WHERE ( fid=0 and state=0 )  [ RunTime:0.002802s ]
SQL: SELECT * FROM `type` WHERE ( fid=1 and state=0 )  [ RunTime:0.001799s ]
SQL: SELECT * FROM `type` WHERE ( fid=3 and state=0 )  [ RunTime:0.000828s ]
SQL: SELECT * FROM `type` WHERE ( fid=9 and state=0 )  [ RunTime:0.001092s ]
NOTIC: [2] Invalid argument supplied for foreach() D:\www\core\admin\Common\common.php 第 44 行.
SQL: SELECT * FROM `type` WHERE ( fid=4 and state=0 )  [ RunTime:0.000998s ]
NOTIC: [2] Invalid argument supplied for foreach() D:\www\core\admin\Common\common.php 第 44 行.
SQL: SELECT * FROM `type` WHERE ( fid=25 and state=0 )  [ RunTime:0.001588s ]
NOTIC: [2] Invalid argument supplied for foreach() D:\www\core\admin\Common\common.php 第 44 行.
SQL: SELECT * FROM `type` WHERE ( fid=28 and state=0 )  [ RunTime:0.002157s ]
NOTIC: [2] Invalid argument supplied for foreach() D:\www\core\admin\Common\common.php 第 44 行.
SQL: SELECT * FROM `type` WHERE ( fid=29 and state=0 )  [ RunTime:0.001124s ]
NOTIC: [2] Invalid argument supplied for foreach() D:\www\core\admin\Common\common.php 第 44 行.
SQL: SELECT * FROM `type` WHERE ( fid=2 and state=0 )  [ RunTime:0.000977s ]
SQL: SELECT * FROM `type` WHERE ( fid=5 and state=0 )  [ RunTime:0.000845s ]
SQL: SELECT * FROM `type` WHERE ( fid=7 and state=0 )  [ RunTime:0.001444s ]
NOTIC: [2] Invalid argument supplied for foreach() D:\www\core\admin\Common\common.php 第 44 行.
SQL: SELECT * FROM `type` WHERE ( fid=8 and state=0 )  [ RunTime:0.000931s ]
NOTIC: [2] Invalid argument supplied for foreach() D:\www\core\admin\Common\common.php 第 44 行.
SQL: SELECT * FROM `type` WHERE ( fid=6 and state=0 )  [ RunTime:0.000930s ]
SQL: SELECT * FROM `type` WHERE ( fid=26 and state=0 )  [ RunTime:0.001004s ]
NOTIC: [2] Invalid argument supplied for foreach() D:\www\core\admin\Common\common.php 第 44 行.
SQL: SELECT * FROM `type` WHERE ( fid=27 and state=0 )  [ RunTime:0.000991s ]
NOTIC: [2] Invalid argument supplied for foreach() D:\www\core\admin\Common\common.php 第 44 行.
SQL: SELECT * FROM `type` WHERE ( fid=10 and state=0 )  [ RunTime:0.000986s ]
SQL: SELECT * FROM `type` WHERE ( fid=15 and state=0 )  [ RunTime:0.000749s ]
NOTIC: [2] Invalid argument supplied for foreach() D:\www\core\admin\Common\common.php 第 44 行.
SQL: SELECT * FROM `type` WHERE ( fid=11 and state=0 )  [ RunTime:0.000941s ]
SQL: SELECT * FROM `type` WHERE ( fid=16 and state=0 )  [ RunTime:0.001918s ]
NOTIC: [2] Invalid argument supplied for foreach() D:\www\core\admin\Common\common.php 第 44 行.
SQL: SELECT * FROM `type` WHERE ( fid=12 and state=0 )  [ RunTime:0.001774s ]
SQL: SELECT * FROM `type` WHERE ( fid=17 and state=0 )  [ RunTime:0.001464s ]
SQL: SELECT * FROM `type` WHERE ( fid=21 and state=0 )  [ RunTime:0.001337s ]
NOTIC: [2] Invalid argument supplied for foreach() D:\www\core\admin\Common\common.php 第 44 行.
SQL: SELECT * FROM `type` WHERE ( fid=22 and state=0 )  [ RunTime:0.001540s ]
NOTIC: [2] Invalid argument supplied for foreach() D:\www\core\admin\Common\common.php 第 44 行.
SQL: SELECT * FROM `type` WHERE ( fid=18 and state=0 )  [ RunTime:0.001547s ]
SQL: SELECT * FROM `type` WHERE ( fid=23 and state=0 )  [ RunTime:0.001638s ]
NOTIC: [2] Invalid argument supplied for foreach() D:\www\core\admin\Common\common.php 第 44 行.
SQL: SELECT * FROM `type` WHERE ( fid=24 and state=0 )  [ RunTime:0.001969s ]
NOTIC: [2] Invalid argument supplied for foreach() D:\www\core\admin\Common\common.php 第 44 行.
SQL: SELECT * FROM `type` WHERE ( fid=13 and state=0 )  [ RunTime:0.002391s ]
SQL: SELECT * FROM `type` WHERE ( fid=19 and state=0 )  [ RunTime:0.001192s ]
NOTIC: [2] Invalid argument supplied for foreach() D:\www\core\admin\Common\common.php 第 44 行.
SQL: SELECT * FROM `type` WHERE ( fid=20 and state=0 )  [ RunTime:0.001444s ]
NOTIC: [2] Invalid argument supplied for foreach() D:\www\core\admin\Common\common.php 第 44 行.
SQL: SELECT * FROM `type` WHERE ( fid=14 and state=0 )  [ RunTime:0.001802s ]
NOTIC: [2] Invalid argument supplied for foreach() D:\www\core\admin\Common\common.php 第 44 行.
SQL: SHOW COLUMNS FROM `product` [ RunTime:0.006997s ]
SQL: SELECT * FROM `product` WHERE ( id=1 ) LIMIT 1   [ RunTime:0.002035s ]
INFO: [ view_parse ] --START--
INFO: ParseTemplate Behavior ::run [ RunTime:0.044333s ]
INFO: [ view_parse ] --END-- [ RunTime:0.044423s ]
INFO: [ view_filter ] --START--
INFO: ContentReplace Behavior ::run [ RunTime:0.000340s ]
INFO: TokenBuild Behavior ::run [ RunTime:0.000325s ]
INFO: WriteHtmlCache Behavior ::run [ RunTime:0.000222s ]
INFO: ShowRuntime Behavior ::run [ RunTime:0.000375s ]
INFO: [ view_filter ] --END-- [ RunTime:0.001391s ]
INFO: [ view_end ] --START--
INFO: ShowPageTrace Behavior ::run [ RunTime:0.000523s ]
INFO: [ view_end ] --END-- [ RunTime:0.000569s ]

[ 2015-12-18T10:00:52+08:00 ] 127.0.0.1 /core/admin.php/Product/oper
INFO: [ route_check ] --START--
INFO: CheckRoute Behavior ::run [ RunTime:0.001524s ]
INFO: [ route_check ] --END-- [ RunTime:0.001750s ]
INFO: [ app_begin ] --START--
INFO: ReadHtmlCache Behavior ::run [ RunTime:0.000980s ]
INFO: [ app_begin ] --END-- [ RunTime:0.001080s ]
SQL: SHOW COLUMNS FROM `product` [ RunTime:0.010466s ]
SQL: SELECT * FROM `product`  [ RunTime:0.001891s ]
NOTIC: [8] Undefined variable: operstr D:\www\core\admin\Lib\Action\ProductAction.class.php 第 60 行.
INFO: [ view_parse ] --START--
INFO: ParseTemplate Behavior ::run [ RunTime:0.013611s ]
INFO: [ view_parse ] --END-- [ RunTime:0.013799s ]
INFO: [ view_filter ] --START--
INFO: ContentReplace Behavior ::run [ RunTime:0.000708s ]
INFO: TokenBuild Behavior ::run [ RunTime:0.000670s ]
INFO: WriteHtmlCache Behavior ::run [ RunTime:0.000465s ]
INFO: ShowRuntime Behavior ::run [ RunTime:0.000768s ]
INFO: [ view_filter ] --END-- [ RunTime:0.002922s ]
INFO: [ view_end ] --START--
INFO: ShowPageTrace Behavior ::run [ RunTime:0.001064s ]
INFO: [ view_end ] --END-- [ RunTime:0.001153s ]

[ 2015-12-18T10:00:55+08:00 ] 127.0.0.1 /core/admin.php/BackG/index
INFO: [ route_check ] --START--
INFO: CheckRoute Behavior ::run [ RunTime:0.001668s ]
INFO: [ route_check ] --END-- [ RunTime:0.001827s ]
INFO: [ app_begin ] --START--
INFO: ReadHtmlCache Behavior ::run [ RunTime:0.001156s ]
INFO: [ app_begin ] --END-- [ RunTime:0.001276s ]
INFO: [ view_parse ] --START--
INFO: ParseTemplate Behavior ::run [ RunTime:0.011791s ]
INFO: [ view_parse ] --END-- [ RunTime:0.011898s ]
INFO: [ view_filter ] --START--
INFO: ContentReplace Behavior ::run [ RunTime:0.000432s ]
INFO: TokenBuild Behavior ::run [ RunTime:0.000420s ]
INFO: WriteHtmlCache Behavior ::run [ RunTime:0.000303s ]
INFO: ShowRuntime Behavior ::run [ RunTime:0.000497s ]
INFO: [ view_filter ] --END-- [ RunTime:0.001819s ]
INFO: [ view_end ] --START--
INFO: ShowPageTrace Behavior ::run [ RunTime:0.000721s ]
INFO: [ view_end ] --END-- [ RunTime:0.000780s ]

[ 2015-12-18T10:00:57+08:00 ] 127.0.0.1 /core/admin.php/BackG/index
INFO: [ route_check ] --START--
INFO: CheckRoute Behavior ::run [ RunTime:0.001539s ]
INFO: [ route_check ] --END-- [ RunTime:0.001683s ]
INFO: [ app_begin ] --START--
INFO: ReadHtmlCache Behavior ::run [ RunTime:0.001078s ]
INFO: [ app_begin ] --END-- [ RunTime:0.001188s ]
INFO: [ view_parse ] --START--
INFO: ParseTemplate Behavior ::run [ RunTime:0.008222s ]
INFO: [ view_parse ] --END-- [ RunTime:0.008317s ]
INFO: [ view_filter ] --START--
INFO: ContentReplace Behavior ::run [ RunTime:0.000435s ]
INFO: TokenBuild Behavior ::run [ RunTime:0.000421s ]
INFO: WriteHtmlCache Behavior ::run [ RunTime:0.000296s ]
INFO: ShowRuntime Behavior ::run [ RunTime:0.000503s ]
INFO: [ view_filter ] --END-- [ RunTime:0.001824s ]
INFO: [ view_end ] --START--
INFO: ShowPageTrace Behavior ::run [ RunTime:0.000716s ]
INFO: [ view_end ] --END-- [ RunTime:0.000779s ]

[ 2015-12-18T10:00:58+08:00 ] 127.0.0.1 /core/admin.php/Cart/index
INFO: [ route_check ] --START--
INFO: CheckRoute Behavior ::run [ RunTime:0.001601s ]
INFO: [ route_check ] --END-- [ RunTime:0.001766s ]
INFO: [ app_begin ] --START--
INFO: ReadHtmlCache Behavior ::run [ RunTime:0.001592s ]
INFO: [ app_begin ] --END-- [ RunTime:0.001718s ]
SQL: SHOW COLUMNS FROM `cart` [ RunTime:0.007317s ]
SQL: SELECT * FROM `cart`  [ RunTime:0.001456s ]
NOTIC: [8] Use of undefined constant state - assumed 'state' D:\www\core\admin\Lib\Action\CartAction.class.php 第 11 行.
NOTIC: [8] Use of undefined constant state - assumed 'state' D:\www\core\admin\Lib\Action\CartAction.class.php 第 17 行.
NOTIC: [8] Undefined variable: cartStr D:\www\core\admin\Lib\Action\CartAction.class.php 第 32 行.
NOTIC: [8] Use of undefined constant state - assumed 'state' D:\www\core\admin\Lib\Action\CartAction.class.php 第 11 行.
NOTIC: [8] Use of undefined constant state - assumed 'state' D:\www\core\admin\Lib\Action\CartAction.class.php 第 14 行.
NOTIC: [8] Use of undefined constant state - assumed 'state' D:\www\core\admin\Lib\Action\CartAction.class.php 第 11 行.
NOTIC: [8] Use of undefined constant state - assumed 'state' D:\www\core\admin\Lib\Action\CartAction.class.php 第 17 行.
NOTIC: [8] Use of undefined constant state - assumed 'state' D:\www\core\admin\Lib\Action\CartAction.class.php 第 11 行.
NOTIC: [8] Use of undefined constant state - assumed 'state' D:\www\core\admin\Lib\Action\CartAction.class.php 第 23 行.
NOTIC: [8] Use of undefined constant state - assumed 'state' D:\www\core\admin\Lib\Action\CartAction.class.php 第 11 行.
NOTIC: [8] Use of undefined constant state - assumed 'state' D:\www\core\admin\Lib\Action\CartAction.class.php 第 29 行.
NOTIC: [8] Use of undefined constant state - assumed 'state' D:\www\core\admin\Lib\Action\CartAction.class.php 第 11 行.
NOTIC: [8] Use of undefined constant state - assumed 'state' D:\www\core\admin\Lib\Action\CartAction.class.php 第 14 行.
NOTIC: [8] Use of undefined constant state - assumed 'state' D:\www\core\admin\Lib\Action\CartAction.class.php 第 11 行.
NOTIC: [8] Use of undefined constant state - assumed 'state' D:\www\core\admin\Lib\Action\CartAction.class.php 第 17 行.
NOTIC: [8] Use of undefined constant state - assumed 'state' D:\www\core\admin\Lib\Action\CartAction.class.php 第 11 行.
NOTIC: [8] Use of undefined constant state - assumed 'state' D:\www\core\admin\Lib\Action\CartAction.class.php 第 23 行.
NOTIC: [8] Use of undefined constant state - assumed 'state' D:\www\core\admin\Lib\Action\CartAction.class.php 第 11 行.
NOTIC: [8] Use of undefined constant state - assumed 'state' D:\www\core\admin\Lib\Action\CartAction.class.php 第 26 行.
NOTIC: [8] Use of undefined constant state - assumed 'state' D:\www\core\admin\Lib\Action\CartAction.class.php 第 11 行.
NOTIC: [8] Use of undefined constant state - assumed 'state' D:\www\core\admin\Lib\Action\CartAction.class.php 第 26 行.
NOTIC: [8] Use of undefined constant state - assumed 'state' D:\www\core\admin\Lib\Action\CartAction.class.php 第 11 行.
NOTIC: [8] Use of undefined constant state - assumed 'state' D:\www\core\admin\Lib\Action\CartAction.class.php 第 29 行.
NOTIC: [8] Use of undefined constant state - assumed 'state' D:\www\core\admin\Lib\Action\CartAction.class.php 第 11 行.
NOTIC: [8] Use of undefined constant state - assumed 'state' D:\www\core\admin\Lib\Action\CartAction.class.php 第 11 行.
INFO: [ view_parse ] --START--
INFO: ParseTemplate Behavior ::run [ RunTime:0.047205s ]
INFO: [ view_parse ] --END-- [ RunTime:0.047334s ]
INFO: [ view_filter ] --START--
INFO: ContentReplace Behavior ::run [ RunTime:0.000842s ]
INFO: TokenBuild Behavior ::run [ RunTime:0.001059s ]
INFO: WriteHtmlCache Behavior ::run [ RunTime:0.000678s ]
INFO: ShowRuntime Behavior ::run [ RunTime:0.001377s ]
INFO: [ view_filter ] --END-- [ RunTime:0.004309s ]
INFO: [ view_end ] --START--
INFO: ShowPageTrace Behavior ::run [ RunTime:0.001385s ]
INFO: [ view_end ] --END-- [ RunTime:0.001502s ]

[ 2015-12-18T10:00:59+08:00 ] 127.0.0.1 /core/admin.php/BackG/index
INFO: [ route_check ] --START--
INFO: CheckRoute Behavior ::run [ RunTime:0.001539s ]
INFO: [ route_check ] --END-- [ RunTime:0.001684s ]
INFO: [ app_begin ] --START--
INFO: ReadHtmlCache Behavior ::run [ RunTime:0.001075s ]
INFO: [ app_begin ] --END-- [ RunTime:0.001185s ]
INFO: [ view_parse ] --START--
INFO: ParseTemplate Behavior ::run [ RunTime:0.011173s ]
INFO: [ view_parse ] --END-- [ RunTime:0.011289s ]
INFO: [ view_filter ] --START--
INFO: ContentReplace Behavior ::run [ RunTime:0.000443s ]
INFO: TokenBuild Behavior ::run [ RunTime:0.000437s ]
INFO: WriteHtmlCache Behavior ::run [ RunTime:0.000302s ]
INFO: ShowRuntime Behavior ::run [ RunTime:0.000541s ]
INFO: [ view_filter ] --END-- [ RunTime:0.001899s ]
INFO: [ view_end ] --START--
INFO: ShowPageTrace Behavior ::run [ RunTime:0.000736s ]
INFO: [ view_end ] --END-- [ RunTime:0.000796s ]

[ 2015-12-18T10:01:01+08:00 ] 127.0.0.1 /core/admin.php/Type/oper
INFO: [ route_check ] --START--
INFO: CheckRoute Behavior ::run [ RunTime:0.001540s ]
INFO: [ route_check ] --END-- [ RunTime:0.001683s ]
INFO: [ app_begin ] --START--
INFO: ReadHtmlCache Behavior ::run [ RunTime:0.001632s ]
INFO: [ app_begin ] --END-- [ RunTime:0.001766s ]
SQL: SHOW COLUMNS FROM `type` [ RunTime:0.008070s ]
SQL: SELECT * FROM `type` WHERE ( fid=0 and state=0 )  [ RunTime:0.000635s ]
SQL: SELECT * FROM `type` WHERE ( fid=1 and state=0 )  [ RunTime:0.000435s ]
SQL: SELECT * FROM `type` WHERE ( fid=3 and state=0 )  [ RunTime:0.000411s ]
SQL: SELECT * FROM `type` WHERE ( fid=9 and state=0 )  [ RunTime:0.000665s ]
NOTIC: [2] Invalid argument supplied for foreach() D:\www\core\admin\Common\common.php 第 27 行.
SQL: SELECT * FROM `type` WHERE ( fid=4 and state=0 )  [ RunTime:0.000529s ]
NOTIC: [2] Invalid argument supplied for foreach() D:\www\core\admin\Common\common.php 第 27 行.
SQL: SELECT * FROM `type` WHERE ( fid=25 and state=0 )  [ RunTime:0.000436s ]
NOTIC: [2] Invalid argument supplied for foreach() D:\www\core\admin\Common\common.php 第 27 行.
SQL: SELECT * FROM `type` WHERE ( fid=28 and state=0 )  [ RunTime:0.000427s ]
NOTIC: [2] Invalid argument supplied for foreach() D:\www\core\admin\Common\common.php 第 27 行.
SQL: SELECT * FROM `type` WHERE ( fid=29 and state=0 )  [ RunTime:0.000416s ]
NOTIC: [2] Invalid argument supplied for foreach() D:\www\core\admin\Common\common.php 第 27 行.
SQL: SELECT * FROM `type` WHERE ( fid=2 and state=0 )  [ RunTime:0.000430s ]
SQL: SELECT * FROM `type` WHERE ( fid=5 and state=0 )  [ RunTime:0.000421s ]
SQL: SELECT * FROM `type` WHERE ( fid=7 and state=0 )  [ RunTime:0.000411s ]
NOTIC: [2] Invalid argument supplied for foreach() D:\www\core\admin\Common\common.php 第 27 行.
SQL: SELECT * FROM `type` WHERE ( fid=8 and state=0 )  [ RunTime:0.000406s ]
NOTIC: [2] Invalid argument supplied for foreach() D:\www\core\admin\Common\common.php 第 27 行.
SQL: SELECT * FROM `type` WHERE ( fid=6 and state=0 )  [ RunTime:0.000546s ]
SQL: SELECT * FROM `type` WHERE ( fid=26 and state=0 )  [ RunTime:0.000435s ]
NOTIC: [2] Invalid argument supplied for foreach() D:\www\core\admin\Common\common.php 第 27 行.
SQL: SELECT * FROM `type` WHERE ( fid=27 and state=0 )  [ RunTime:0.000404s ]
NOTIC: [2] Invalid argument supplied for foreach() D:\www\core\admin\Common\common.php 第 27 行.
SQL: SELECT * FROM `type` WHERE ( fid=10 and state=0 )  [ RunTime:0.000414s ]
SQL: SELECT * FROM `type` WHERE ( fid=15 and state=0 )  [ RunTime:0.000634s ]
NOTIC: [2] Invalid argument supplied for foreach() D:\www\core\admin\Common\common.php 第 27 行.
SQL: SELECT * FROM `type` WHERE ( fid=11 and state=0 )  [ RunTime:0.000776s ]
SQL: SELECT * FROM `type` WHERE ( fid=16 and state=0 )  [ RunTime:0.000420s ]
NOTIC: [2] Invalid argument supplied for foreach() D:\www\core\admin\Common\common.php 第 27 行.
SQL: SELECT * FROM `type` WHERE ( fid=12 and state=0 )  [ RunTime:0.000404s ]
SQL: SELECT * FROM `type` WHERE ( fid=17 and state=0 )  [ RunTime:0.000419s ]
SQL: SELECT * FROM `type` WHERE ( fid=21 and state=0 )  [ RunTime:0.000401s ]
NOTIC: [2] Invalid argument supplied for foreach() D:\www\core\admin\Common\common.php 第 27 行.
SQL: SELECT * FROM `type` WHERE ( fid=22 and state=0 )  [ RunTime:0.000403s ]
NOTIC: [2] Invalid argument supplied for foreach() D:\www\core\admin\Common\common.php 第 27 行.
SQL: SELECT * FROM `type` WHERE ( fid=18 and state=0 )  [ RunTime:0.000583s ]
SQL: SELECT * FROM `type` WHERE ( fid=23 and state=0 )  [ RunTime:0.000474s ]
NOTIC: [2] Invalid argument supplied for foreach() D:\www\core\admin\Common\common.php 第 27 行.
SQL: SELECT * FROM `type` WHERE ( fid=24 and state=0 )  [ RunTime:0.000448s ]
NOTIC: [2] Invalid argument supplied for foreach() D:\www\core\admin\Common\common.php 第 27 行.
SQL: SELECT * FROM `type` WHERE ( fid=13 and state=0 )  [ RunTime:0.000449s ]
SQL: SELECT * FROM `type` WHERE ( fid=19 and state=0 )  [ RunTime:0.000433s ]
NOTIC: [2] Invalid argument supplied for foreach() D:\www\core\admin\Common\common.php 第 27 行.
SQL: SELECT * FROM `type` WHERE ( fid=20 and state=0 )  [ RunTime:0.000431s ]
NOTIC: [2] Invalid argument supplied for foreach() D:\www\core\admin\Common\common.php 第 27 行.
SQL: SELECT * FROM `type` WHERE ( fid=14 and state=0 )  [ RunTime:0.000434s ]
NOTIC: [2] Invalid argument supplied for foreach() D:\www\core\admin\Common\common.php 第 27 行.
INFO: [ view_parse ] --START--
INFO: ParseTemplate Behavior ::run [ RunTime:0.009049s ]
INFO: [ view_parse ] --END-- [ RunTime:0.009136s ]
INFO: [ view_filter ] --START--
INFO: ContentReplace Behavior ::run [ RunTime:0.000524s ]
INFO: TokenBuild Behavior ::run [ RunTime:0.000581s ]
INFO: WriteHtmlCache Behavior ::run [ RunTime:0.000402s ]
INFO: ShowRuntime Behavior ::run [ RunTime:0.000626s ]
INFO: [ view_filter ] --END-- [ RunTime:0.002324s ]
INFO: [ view_end ] --START--
INFO: ShowPageTrace Behavior ::run [ RunTime:0.000972s ]
INFO: [ view_end ] --END-- [ RunTime:0.001056s ]

[ 2015-12-18T10:01:03+08:00 ] 127.0.0.1 /core/admin.php/BackG/index
INFO: [ route_check ] --START--
INFO: CheckRoute Behavior ::run [ RunTime:0.001525s ]
INFO: [ route_check ] --END-- [ RunTime:0.001667s ]
INFO: [ app_begin ] --START--
INFO: ReadHtmlCache Behavior ::run [ RunTime:0.001157s ]
INFO: [ app_begin ] --END-- [ RunTime:0.001272s ]
INFO: [ view_parse ] --START--
INFO: ParseTemplate Behavior ::run [ RunTime:0.013184s ]
INFO: [ view_parse ] --END-- [ RunTime:0.013330s ]
INFO: [ view_filter ] --START--
INFO: ContentReplace Behavior ::run [ RunTime:0.000692s ]
INFO: TokenBuild Behavior ::run [ RunTime:0.000697s ]
INFO: WriteHtmlCache Behavior ::run [ RunTime:0.000483s ]
INFO: ShowRuntime Behavior ::run [ RunTime:0.001462s ]
INFO: [ view_filter ] --END-- [ RunTime:0.003830s ]
INFO: [ view_end ] --START--
INFO: ShowPageTrace Behavior ::run [ RunTime:0.002556s ]
INFO: [ view_end ] --END-- [ RunTime:0.002714s ]

