[ 2015-12-14T09:13:16+08:00 ] 127.0.0.1 /core/admin.php
INFO: [ app_begin ] --START--
INFO: ReadHtmlCache Behavior ::run [ RunTime:0.000448s ]
INFO: [ app_begin ] --END-- [ RunTime:0.000515s ]
INFO: [ view_parse ] --START--
INFO: ParseTemplate Behavior ::run [ RunTime:0.005953s ]
INFO: [ view_parse ] --END-- [ RunTime:0.006016s ]
INFO: [ view_filter ] --START--
INFO: ContentReplace Behavior ::run [ RunTime:0.000240s ]
INFO: TokenBuild Behavior ::run [ RunTime:0.000257s ]
INFO: WriteHtmlCache Behavior ::run [ RunTime:0.000162s ]
INFO: ShowRuntime Behavior ::run [ RunTime:0.000308s ]
INFO: [ view_filter ] --END-- [ RunTime:0.001062s ]
INFO: [ view_end ] --START--
INFO: ShowPageTrace Behavior ::run [ RunTime:0.000415s ]
INFO: [ view_end ] --END-- [ RunTime:0.000448s ]

[ 2015-12-14T09:13:40+08:00 ] 127.0.0.1 /core/admin.php/Index/login
INFO: [ route_check ] --START--
INFO: CheckRoute Behavior ::run [ RunTime:0.001052s ]
INFO: [ route_check ] --END-- [ RunTime:0.001136s ]
INFO: [ app_begin ] --START--
INFO: ReadHtmlCache Behavior ::run [ RunTime:0.000681s ]
INFO: [ app_begin ] --END-- [ RunTime:0.000745s ]
SQL: SHOW COLUMNS FROM `manager` [ RunTime:0.089441s ]
SQL: SELECT * FROM `manager` WHERE ( adminname='admin' AND password='123' )  [ RunTime:0.001791s ]
INFO: [ view_parse ] --START--
INFO: ParseTemplate Behavior ::run [ RunTime:0.022237s ]
INFO: [ view_parse ] --END-- [ RunTime:0.022335s ]
INFO: [ view_filter ] --START--
INFO: ContentReplace Behavior ::run [ RunTime:0.000497s ]
INFO: TokenBuild Behavior ::run [ RunTime:0.000481s ]
INFO: WriteHtmlCache Behavior ::run [ RunTime:0.000334s ]
INFO: ShowRuntime Behavior ::run [ RunTime:0.000584s ]
INFO: [ view_filter ] --END-- [ RunTime:0.002089s ]
INFO: [ view_end ] --START--
INFO: ShowPageTrace Behavior ::run [ RunTime:0.000802s ]
INFO: [ view_end ] --END-- [ RunTime:0.000870s ]

[ 2015-12-14T09:13:41+08:00 ] 127.0.0.1 /core/admin.php/BackG/index.html
INFO: [ route_check ] --START--
INFO: CheckRoute Behavior ::run [ RunTime:0.000702s ]
INFO: [ route_check ] --END-- [ RunTime:0.000784s ]
INFO: [ app_begin ] --START--
INFO: ReadHtmlCache Behavior ::run [ RunTime:0.000573s ]
INFO: [ app_begin ] --END-- [ RunTime:0.000629s ]
INFO: [ view_parse ] --START--
INFO: ParseTemplate Behavior ::run [ RunTime:0.019964s ]
INFO: [ view_parse ] --END-- [ RunTime:0.020027s ]
INFO: [ view_filter ] --START--
INFO: ContentReplace Behavior ::run [ RunTime:0.000253s ]
INFO: TokenBuild Behavior ::run [ RunTime:0.000254s ]
INFO: WriteHtmlCache Behavior ::run [ RunTime:0.000195s ]
INFO: ShowRuntime Behavior ::run [ RunTime:0.000361s ]
INFO: [ view_filter ] --END-- [ RunTime:0.001235s ]
INFO: [ view_end ] --START--
INFO: ShowPageTrace Behavior ::run [ RunTime:0.000715s ]
INFO: [ view_end ] --END-- [ RunTime:0.000760s ]

[ 2015-12-14T09:13:43+08:00 ] 127.0.0.1 /core/admin.php/Type/oper
INFO: [ route_check ] --START--
INFO: CheckRoute Behavior ::run [ RunTime:0.000615s ]
INFO: [ route_check ] --END-- [ RunTime:0.000681s ]
INFO: [ app_begin ] --START--
INFO: ReadHtmlCache Behavior ::run [ RunTime:0.000446s ]
INFO: [ app_begin ] --END-- [ RunTime:0.000494s ]
SQL: SHOW COLUMNS FROM `type` [ RunTime:0.005248s ]
SQL: SELECT * FROM `type` WHERE ( fid=0 and state=0 )  [ RunTime:0.001389s ]
SQL: SELECT * FROM `type` WHERE ( fid=2 and state=0 )  [ RunTime:0.001447s ]
SQL: SELECT * FROM `type` WHERE ( fid=5 and state=0 )  [ RunTime:0.001214s ]
SQL: SELECT * FROM `type` WHERE ( fid=7 and state=0 )  [ RunTime:0.001059s ]
NOTIC: [2] Invalid argument supplied for foreach() D:\www\core\admin\Common\common.php 第 27 行.
SQL: SELECT * FROM `type` WHERE ( fid=8 and state=0 )  [ RunTime:0.001121s ]
NOTIC: [2] Invalid argument supplied for foreach() D:\www\core\admin\Common\common.php 第 27 行.
SQL: SELECT * FROM `type` WHERE ( fid=6 and state=0 )  [ RunTime:0.001048s ]
NOTIC: [2] Invalid argument supplied for foreach() D:\www\core\admin\Common\common.php 第 27 行.
SQL: SELECT * FROM `type` WHERE ( fid=10 and state=0 )  [ RunTime:0.001123s ]
SQL: SELECT * FROM `type` WHERE ( fid=15 and state=0 )  [ RunTime:0.001197s ]
NOTIC: [2] Invalid argument supplied for foreach() D:\www\core\admin\Common\common.php 第 27 行.
SQL: SELECT * FROM `type` WHERE ( fid=11 and state=0 )  [ RunTime:0.001348s ]
SQL: SELECT * FROM `type` WHERE ( fid=16 and state=0 )  [ RunTime:0.001130s ]
NOTIC: [2] Invalid argument supplied for foreach() D:\www\core\admin\Common\common.php 第 27 行.
SQL: SELECT * FROM `type` WHERE ( fid=12 and state=0 )  [ RunTime:0.001233s ]
SQL: SELECT * FROM `type` WHERE ( fid=17 and state=0 )  [ RunTime:0.001245s ]
SQL: SELECT * FROM `type` WHERE ( fid=21 and state=0 )  [ RunTime:0.001147s ]
NOTIC: [2] Invalid argument supplied for foreach() D:\www\core\admin\Common\common.php 第 27 行.
SQL: SELECT * FROM `type` WHERE ( fid=22 and state=0 )  [ RunTime:0.001227s ]
NOTIC: [2] Invalid argument supplied for foreach() D:\www\core\admin\Common\common.php 第 27 行.
SQL: SELECT * FROM `type` WHERE ( fid=18 and state=0 )  [ RunTime:0.001581s ]
SQL: SELECT * FROM `type` WHERE ( fid=23 and state=0 )  [ RunTime:0.001161s ]
NOTIC: [2] Invalid argument supplied for foreach() D:\www\core\admin\Common\common.php 第 27 行.
SQL: SELECT * FROM `type` WHERE ( fid=24 and state=0 )  [ RunTime:0.001203s ]
NOTIC: [2] Invalid argument supplied for foreach() D:\www\core\admin\Common\common.php 第 27 行.
SQL: SELECT * FROM `type` WHERE ( fid=13 and state=0 )  [ RunTime:0.001224s ]
SQL: SELECT * FROM `type` WHERE ( fid=19 and state=0 )  [ RunTime:0.001067s ]
NOTIC: [2] Invalid argument supplied for foreach() D:\www\core\admin\Common\common.php 第 27 行.
SQL: SELECT * FROM `type` WHERE ( fid=20 and state=0 )  [ RunTime:0.001101s ]
NOTIC: [2] Invalid argument supplied for foreach() D:\www\core\admin\Common\common.php 第 27 行.
INFO: [ view_parse ] --START--
INFO: ParseTemplate Behavior ::run [ RunTime:0.019122s ]
INFO: [ view_parse ] --END-- [ RunTime:0.019193s ]
INFO: [ view_filter ] --START--
INFO: ContentReplace Behavior ::run [ RunTime:0.000285s ]
INFO: TokenBuild Behavior ::run [ RunTime:0.000276s ]
INFO: WriteHtmlCache Behavior ::run [ RunTime:0.000187s ]
INFO: ShowRuntime Behavior ::run [ RunTime:0.000313s ]
INFO: [ view_filter ] --END-- [ RunTime:0.001170s ]
INFO: [ view_end ] --START--
INFO: ShowPageTrace Behavior ::run [ RunTime:0.000505s ]
INFO: [ view_end ] --END-- [ RunTime:0.000556s ]

[ 2015-12-14T09:13:44+08:00 ] 127.0.0.1 /core/admin.php/Type/oper
INFO: [ route_check ] --START--
INFO: CheckRoute Behavior ::run [ RunTime:0.000614s ]
INFO: [ route_check ] --END-- [ RunTime:0.000679s ]
INFO: [ app_begin ] --START--
INFO: ReadHtmlCache Behavior ::run [ RunTime:0.000440s ]
INFO: [ app_begin ] --END-- [ RunTime:0.000485s ]
SQL: SHOW COLUMNS FROM `type` [ RunTime:0.006942s ]
SQL: SELECT * FROM `type` WHERE ( fid=0 and state=0 )  [ RunTime:0.000715s ]
SQL: SELECT * FROM `type` WHERE ( fid=2 and state=0 )  [ RunTime:0.000589s ]
SQL: SELECT * FROM `type` WHERE ( fid=5 and state=0 )  [ RunTime:0.000530s ]
SQL: SELECT * FROM `type` WHERE ( fid=7 and state=0 )  [ RunTime:0.000557s ]
NOTIC: [2] Invalid argument supplied for foreach() D:\www\core\admin\Common\common.php 第 27 行.
SQL: SELECT * FROM `type` WHERE ( fid=8 and state=0 )  [ RunTime:0.000564s ]
NOTIC: [2] Invalid argument supplied for foreach() D:\www\core\admin\Common\common.php 第 27 行.
SQL: SELECT * FROM `type` WHERE ( fid=6 and state=0 )  [ RunTime:0.000566s ]
NOTIC: [2] Invalid argument supplied for foreach() D:\www\core\admin\Common\common.php 第 27 行.
SQL: SELECT * FROM `type` WHERE ( fid=10 and state=0 )  [ RunTime:0.000531s ]
SQL: SELECT * FROM `type` WHERE ( fid=15 and state=0 )  [ RunTime:0.000614s ]
NOTIC: [2] Invalid argument supplied for foreach() D:\www\core\admin\Common\common.php 第 27 行.
SQL: SELECT * FROM `type` WHERE ( fid=11 and state=0 )  [ RunTime:0.000528s ]
SQL: SELECT * FROM `type` WHERE ( fid=16 and state=0 )  [ RunTime:0.000572s ]
NOTIC: [2] Invalid argument supplied for foreach() D:\www\core\admin\Common\common.php 第 27 行.
SQL: SELECT * FROM `type` WHERE ( fid=12 and state=0 )  [ RunTime:0.000478s ]
SQL: SELECT * FROM `type` WHERE ( fid=17 and state=0 )  [ RunTime:0.000463s ]
SQL: SELECT * FROM `type` WHERE ( fid=21 and state=0 )  [ RunTime:0.000487s ]
NOTIC: [2] Invalid argument supplied for foreach() D:\www\core\admin\Common\common.php 第 27 行.
SQL: SELECT * FROM `type` WHERE ( fid=22 and state=0 )  [ RunTime:0.000424s ]
NOTIC: [2] Invalid argument supplied for foreach() D:\www\core\admin\Common\common.php 第 27 行.
SQL: SELECT * FROM `type` WHERE ( fid=18 and state=0 )  [ RunTime:0.001195s ]
SQL: SELECT * FROM `type` WHERE ( fid=23 and state=0 )  [ RunTime:0.000607s ]
NOTIC: [2] Invalid argument supplied for foreach() D:\www\core\admin\Common\common.php 第 27 行.
SQL: SELECT * FROM `type` WHERE ( fid=24 and state=0 )  [ RunTime:0.000260s ]
NOTIC: [2] Invalid argument supplied for foreach() D:\www\core\admin\Common\common.php 第 27 行.
SQL: SELECT * FROM `type` WHERE ( fid=13 and state=0 )  [ RunTime:0.000211s ]
SQL: SELECT * FROM `type` WHERE ( fid=19 and state=0 )  [ RunTime:0.000233s ]
NOTIC: [2] Invalid argument supplied for foreach() D:\www\core\admin\Common\common.php 第 27 行.
SQL: SELECT * FROM `type` WHERE ( fid=20 and state=0 )  [ RunTime:0.000302s ]
NOTIC: [2] Invalid argument supplied for foreach() D:\www\core\admin\Common\common.php 第 27 行.
INFO: [ view_parse ] --START--
INFO: ParseTemplate Behavior ::run [ RunTime:0.005705s ]
INFO: [ view_parse ] --END-- [ RunTime:0.005773s ]
INFO: [ view_filter ] --START--
INFO: ContentReplace Behavior ::run [ RunTime:0.000328s ]
INFO: TokenBuild Behavior ::run [ RunTime:0.000284s ]
INFO: WriteHtmlCache Behavior ::run [ RunTime:0.000191s ]
INFO: ShowRuntime Behavior ::run [ RunTime:0.000329s ]
INFO: [ view_filter ] --END-- [ RunTime:0.001242s ]
INFO: [ view_end ] --START--
INFO: ShowPageTrace Behavior ::run [ RunTime:0.000465s ]
INFO: [ view_end ] --END-- [ RunTime:0.000515s ]

[ 2015-12-14T09:13:47+08:00 ] 127.0.0.1 /core/admin.php/Type/update/id/2.html
INFO: [ route_check ] --START--
INFO: CheckRoute Behavior ::run [ RunTime:0.001354s ]
INFO: [ route_check ] --END-- [ RunTime:0.001458s ]
INFO: [ app_begin ] --START--
INFO: ReadHtmlCache Behavior ::run [ RunTime:0.000586s ]
INFO: [ app_begin ] --END-- [ RunTime:0.000640s ]
INFO: [ view_parse ] --START--
INFO: ParseTemplate Behavior ::run [ RunTime:0.024344s ]
INFO: [ view_parse ] --END-- [ RunTime:0.024415s ]
INFO: [ view_filter ] --START--
INFO: ContentReplace Behavior ::run [ RunTime:0.000350s ]
INFO: TokenBuild Behavior ::run [ RunTime:0.000348s ]
INFO: WriteHtmlCache Behavior ::run [ RunTime:0.000243s ]
INFO: ShowRuntime Behavior ::run [ RunTime:0.000430s ]
INFO: [ view_filter ] --END-- [ RunTime:0.001511s ]
INFO: [ view_end ] --START--
INFO: ShowPageTrace Behavior ::run [ RunTime:0.000873s ]
INFO: [ view_end ] --END-- [ RunTime:0.000937s ]

[ 2015-12-14T09:13:52+08:00 ] 127.0.0.1 /core/admin.php/BackG/index
INFO: [ route_check ] --START--
INFO: CheckRoute Behavior ::run [ RunTime:0.000690s ]
INFO: [ route_check ] --END-- [ RunTime:0.000756s ]
INFO: [ app_begin ] --START--
INFO: ReadHtmlCache Behavior ::run [ RunTime:0.000482s ]
INFO: [ app_begin ] --END-- [ RunTime:0.000529s ]
INFO: [ view_parse ] --START--
INFO: ParseTemplate Behavior ::run [ RunTime:0.005801s ]
INFO: [ view_parse ] --END-- [ RunTime:0.005864s ]
INFO: [ view_filter ] --START--
INFO: ContentReplace Behavior ::run [ RunTime:0.000318s ]
INFO: TokenBuild Behavior ::run [ RunTime:0.000312s ]
INFO: WriteHtmlCache Behavior ::run [ RunTime:0.000219s ]
INFO: ShowRuntime Behavior ::run [ RunTime:0.000458s ]
INFO: [ view_filter ] --END-- [ RunTime:0.001440s ]
INFO: [ view_end ] --START--
INFO: ShowPageTrace Behavior ::run [ RunTime:0.000717s ]
INFO: [ view_end ] --END-- [ RunTime:0.000776s ]

[ 2015-12-14T09:13:53+08:00 ] 127.0.0.1 /core/admin.php/Product/oper
INFO: [ route_check ] --START--
INFO: CheckRoute Behavior ::run [ RunTime:0.000817s ]
INFO: [ route_check ] --END-- [ RunTime:0.000894s ]
INFO: [ app_begin ] --START--
INFO: ReadHtmlCache Behavior ::run [ RunTime:0.001831s ]
INFO: [ app_begin ] --END-- [ RunTime:0.002010s ]
SQL: SHOW COLUMNS FROM `product` [ RunTime:0.004434s ]
SQL: SELECT * FROM `product`  [ RunTime:0.000477s ]
NOTIC: [8] Undefined variable: operstr D:\www\core\admin\Lib\Action\ProductAction.class.php 第 60 行.
INFO: [ view_parse ] --START--
INFO: ParseTemplate Behavior ::run [ RunTime:0.005314s ]
INFO: [ view_parse ] --END-- [ RunTime:0.005380s ]
INFO: [ view_filter ] --START--
INFO: ContentReplace Behavior ::run [ RunTime:0.000292s ]
INFO: TokenBuild Behavior ::run [ RunTime:0.000245s ]
INFO: WriteHtmlCache Behavior ::run [ RunTime:0.000166s ]
INFO: ShowRuntime Behavior ::run [ RunTime:0.000309s ]
INFO: [ view_filter ] --END-- [ RunTime:0.001110s ]
INFO: [ view_end ] --START--
INFO: ShowPageTrace Behavior ::run [ RunTime:0.000390s ]
INFO: [ view_end ] --END-- [ RunTime:0.000423s ]

[ 2015-12-14T09:13:54+08:00 ] 127.0.0.1 /core/admin.php/Product/upshow/id/1.html
INFO: [ route_check ] --START--
INFO: CheckRoute Behavior ::run [ RunTime:0.001549s ]
INFO: [ route_check ] --END-- [ RunTime:0.001690s ]
INFO: [ app_begin ] --START--
INFO: ReadHtmlCache Behavior ::run [ RunTime:0.000479s ]
INFO: [ app_begin ] --END-- [ RunTime:0.000527s ]
SQL: SHOW COLUMNS FROM `type` [ RunTime:0.005393s ]
SQL: SELECT * FROM `type` WHERE ( fid=0 and state=0 )  [ RunTime:0.000878s ]
SQL: SELECT * FROM `type` WHERE ( fid=2 and state=0 )  [ RunTime:0.000620s ]
SQL: SELECT * FROM `type` WHERE ( fid=5 and state=0 )  [ RunTime:0.000542s ]
SQL: SELECT * FROM `type` WHERE ( fid=7 and state=0 )  [ RunTime:0.000433s ]
NOTIC: [2] Invalid argument supplied for foreach() D:\www\core\admin\Common\common.php 第 44 行.
SQL: SELECT * FROM `type` WHERE ( fid=8 and state=0 )  [ RunTime:0.000548s ]
NOTIC: [2] Invalid argument supplied for foreach() D:\www\core\admin\Common\common.php 第 44 行.
SQL: SELECT * FROM `type` WHERE ( fid=6 and state=0 )  [ RunTime:0.000559s ]
NOTIC: [2] Invalid argument supplied for foreach() D:\www\core\admin\Common\common.php 第 44 行.
SQL: SELECT * FROM `type` WHERE ( fid=10 and state=0 )  [ RunTime:0.000580s ]
SQL: SELECT * FROM `type` WHERE ( fid=15 and state=0 )  [ RunTime:0.000441s ]
NOTIC: [2] Invalid argument supplied for foreach() D:\www\core\admin\Common\common.php 第 44 行.
SQL: SELECT * FROM `type` WHERE ( fid=11 and state=0 )  [ RunTime:0.000582s ]
SQL: SELECT * FROM `type` WHERE ( fid=16 and state=0 )  [ RunTime:0.000546s ]
NOTIC: [2] Invalid argument supplied for foreach() D:\www\core\admin\Common\common.php 第 44 行.
SQL: SELECT * FROM `type` WHERE ( fid=12 and state=0 )  [ RunTime:0.000605s ]
SQL: SELECT * FROM `type` WHERE ( fid=17 and state=0 )  [ RunTime:0.000557s ]
SQL: SELECT * FROM `type` WHERE ( fid=21 and state=0 )  [ RunTime:0.000584s ]
NOTIC: [2] Invalid argument supplied for foreach() D:\www\core\admin\Common\common.php 第 44 行.
SQL: SELECT * FROM `type` WHERE ( fid=22 and state=0 )  [ RunTime:0.000666s ]
NOTIC: [2] Invalid argument supplied for foreach() D:\www\core\admin\Common\common.php 第 44 行.
SQL: SELECT * FROM `type` WHERE ( fid=18 and state=0 )  [ RunTime:0.001240s ]
SQL: SELECT * FROM `type` WHERE ( fid=23 and state=0 )  [ RunTime:0.000790s ]
NOTIC: [2] Invalid argument supplied for foreach() D:\www\core\admin\Common\common.php 第 44 行.
SQL: SELECT * FROM `type` WHERE ( fid=24 and state=0 )  [ RunTime:0.000726s ]
NOTIC: [2] Invalid argument supplied for foreach() D:\www\core\admin\Common\common.php 第 44 行.
SQL: SELECT * FROM `type` WHERE ( fid=13 and state=0 )  [ RunTime:0.000850s ]
SQL: SELECT * FROM `type` WHERE ( fid=19 and state=0 )  [ RunTime:0.000667s ]
NOTIC: [2] Invalid argument supplied for foreach() D:\www\core\admin\Common\common.php 第 44 行.
SQL: SELECT * FROM `type` WHERE ( fid=20 and state=0 )  [ RunTime:0.000740s ]
NOTIC: [2] Invalid argument supplied for foreach() D:\www\core\admin\Common\common.php 第 44 行.
SQL: SHOW COLUMNS FROM `product` [ RunTime:0.005824s ]
SQL: SELECT * FROM `product` WHERE ( id=1 ) LIMIT 1   [ RunTime:0.001217s ]
INFO: [ view_parse ] --START--
INFO: ParseTemplate Behavior ::run [ RunTime:0.049531s ]
INFO: [ view_parse ] --END-- [ RunTime:0.049628s ]
INFO: [ view_filter ] --START--
INFO: ContentReplace Behavior ::run [ RunTime:0.000242s ]
INFO: TokenBuild Behavior ::run [ RunTime:0.000237s ]
INFO: WriteHtmlCache Behavior ::run [ RunTime:0.000190s ]
INFO: ShowRuntime Behavior ::run [ RunTime:0.000284s ]
INFO: [ view_filter ] --END-- [ RunTime:0.001043s ]
INFO: [ view_end ] --START--
INFO: ShowPageTrace Behavior ::run [ RunTime:0.000388s ]
INFO: [ view_end ] --END-- [ RunTime:0.000421s ]

[ 2015-12-14T09:13:58+08:00 ] 127.0.0.1 /core/admin.php/BackG/index
INFO: [ route_check ] --START--
INFO: CheckRoute Behavior ::run [ RunTime:0.000702s ]
INFO: [ route_check ] --END-- [ RunTime:0.000782s ]
INFO: [ app_begin ] --START--
INFO: ReadHtmlCache Behavior ::run [ RunTime:0.000507s ]
INFO: [ app_begin ] --END-- [ RunTime:0.000561s ]
INFO: [ view_parse ] --START--
INFO: ParseTemplate Behavior ::run [ RunTime:0.004993s ]
INFO: [ view_parse ] --END-- [ RunTime:0.005054s ]
INFO: [ view_filter ] --START--
INFO: ContentReplace Behavior ::run [ RunTime:0.000275s ]
INFO: TokenBuild Behavior ::run [ RunTime:0.000261s ]
INFO: WriteHtmlCache Behavior ::run [ RunTime:0.000183s ]
INFO: ShowRuntime Behavior ::run [ RunTime:0.000307s ]
INFO: [ view_filter ] --END-- [ RunTime:0.001129s ]
INFO: [ view_end ] --START--
INFO: ShowPageTrace Behavior ::run [ RunTime:0.000451s ]
INFO: [ view_end ] --END-- [ RunTime:0.000491s ]

[ 2015-12-14T09:13:59+08:00 ] 127.0.0.1 /core/admin.php/Cart/index
INFO: [ route_check ] --START--
INFO: CheckRoute Behavior ::run [ RunTime:0.000917s ]
INFO: [ route_check ] --END-- [ RunTime:0.001002s ]
INFO: [ app_begin ] --START--
INFO: ReadHtmlCache Behavior ::run [ RunTime:0.000639s ]
INFO: [ app_begin ] --END-- [ RunTime:0.000702s ]
SQL: SHOW COLUMNS FROM `cart` [ RunTime:0.024464s ]
SQL: SELECT * FROM `cart`  [ RunTime:0.001040s ]
NOTIC: [8] Undefined variable: cartStr D:\www\core\admin\Lib\Action\CartAction.class.php 第 10 行.
INFO: [ view_parse ] --START--
INFO: ParseTemplate Behavior ::run [ RunTime:0.022536s ]
INFO: [ view_parse ] --END-- [ RunTime:0.022596s ]
INFO: [ view_filter ] --START--
INFO: ContentReplace Behavior ::run [ RunTime:0.000330s ]
INFO: TokenBuild Behavior ::run [ RunTime:0.000319s ]
INFO: WriteHtmlCache Behavior ::run [ RunTime:0.000231s ]
INFO: ShowRuntime Behavior ::run [ RunTime:0.000359s ]
INFO: [ view_filter ] --END-- [ RunTime:0.001351s ]
INFO: [ view_end ] --START--
INFO: ShowPageTrace Behavior ::run [ RunTime:0.000490s ]
INFO: [ view_end ] --END-- [ RunTime:0.000529s ]

[ 2015-12-14T09:14:02+08:00 ] 127.0.0.1 /core/admin.php/Cart/update/id/1.html
INFO: [ route_check ] --START--
INFO: CheckRoute Behavior ::run [ RunTime:0.002020s ]
INFO: [ route_check ] --END-- [ RunTime:0.002134s ]
INFO: [ app_begin ] --START--
INFO: ReadHtmlCache Behavior ::run [ RunTime:0.000655s ]
INFO: [ app_begin ] --END-- [ RunTime:0.000818s ]

[ 2015-12-14T09:14:08+08:00 ] 127.0.0.1 /core/admin.php/Cart/update/id/1.html
INFO: [ route_check ] --START--
INFO: CheckRoute Behavior ::run [ RunTime:0.000831s ]
INFO: [ route_check ] --END-- [ RunTime:0.000899s ]
INFO: [ app_begin ] --START--
INFO: ReadHtmlCache Behavior ::run [ RunTime:0.000512s ]
INFO: [ app_begin ] --END-- [ RunTime:0.000562s ]

[ 2015-12-14T09:14:12+08:00 ] 127.0.0.1 /core/admin.php/Cart/delete/id/6.html
INFO: [ route_check ] --START--
INFO: CheckRoute Behavior ::run [ RunTime:0.001143s ]
INFO: [ route_check ] --END-- [ RunTime:0.001251s ]
INFO: [ app_begin ] --START--
INFO: ReadHtmlCache Behavior ::run [ RunTime:0.000789s ]
INFO: [ app_begin ] --END-- [ RunTime:0.000870s ]
SQL: SHOW COLUMNS FROM `cart` [ RunTime:0.005303s ]
SQL: DELETE FROM `cart` WHERE ( id=6 ) [ RunTime:0.001513s ]
INFO: [ view_parse ] --START--
INFO: ParseTemplate Behavior ::run [ RunTime:0.005237s ]
INFO: [ view_parse ] --END-- [ RunTime:0.005300s ]
INFO: [ view_filter ] --START--
INFO: ContentReplace Behavior ::run [ RunTime:0.000318s ]
INFO: TokenBuild Behavior ::run [ RunTime:0.000290s ]
INFO: WriteHtmlCache Behavior ::run [ RunTime:0.000215s ]
INFO: ShowRuntime Behavior ::run [ RunTime:0.000360s ]
INFO: [ view_filter ] --END-- [ RunTime:0.001280s ]
INFO: [ view_end ] --START--
INFO: ShowPageTrace Behavior ::run [ RunTime:0.000451s ]
INFO: [ view_end ] --END-- [ RunTime:0.000485s ]

[ 2015-12-14T09:14:13+08:00 ] 127.0.0.1 /core/admin.php/Cart/index.html
INFO: [ route_check ] --START--
INFO: CheckRoute Behavior ::run [ RunTime:0.000688s ]
INFO: [ route_check ] --END-- [ RunTime:0.000756s ]
INFO: [ app_begin ] --START--
INFO: ReadHtmlCache Behavior ::run [ RunTime:0.000476s ]
INFO: [ app_begin ] --END-- [ RunTime:0.000524s ]
SQL: SHOW COLUMNS FROM `cart` [ RunTime:0.005387s ]
SQL: SELECT * FROM `cart`  [ RunTime:0.001192s ]
NOTIC: [8] Undefined variable: cartStr D:\www\core\admin\Lib\Action\CartAction.class.php 第 10 行.
INFO: [ view_parse ] --START--
INFO: ParseTemplate Behavior ::run [ RunTime:0.005522s ]
INFO: [ view_parse ] --END-- [ RunTime:0.005590s ]
INFO: [ view_filter ] --START--
INFO: ContentReplace Behavior ::run [ RunTime:0.000246s ]
INFO: TokenBuild Behavior ::run [ RunTime:0.000238s ]
INFO: WriteHtmlCache Behavior ::run [ RunTime:0.000164s ]
INFO: ShowRuntime Behavior ::run [ RunTime:0.000308s ]
INFO: [ view_filter ] --END-- [ RunTime:0.001055s ]
INFO: [ view_end ] --START--
INFO: ShowPageTrace Behavior ::run [ RunTime:0.000408s ]
INFO: [ view_end ] --END-- [ RunTime:0.000443s ]

[ 2015-12-14T09:14:15+08:00 ] 127.0.0.1 /core/admin.php/BackG/index
INFO: [ route_check ] --START--
INFO: CheckRoute Behavior ::run [ RunTime:0.000919s ]
INFO: [ route_check ] --END-- [ RunTime:0.001003s ]
INFO: [ app_begin ] --START--
INFO: ReadHtmlCache Behavior ::run [ RunTime:0.000629s ]
INFO: [ app_begin ] --END-- [ RunTime:0.000694s ]
INFO: [ view_parse ] --START--
INFO: ParseTemplate Behavior ::run [ RunTime:0.009186s ]
INFO: [ view_parse ] --END-- [ RunTime:0.009280s ]
INFO: [ view_filter ] --START--
INFO: ContentReplace Behavior ::run [ RunTime:0.000415s ]
INFO: TokenBuild Behavior ::run [ RunTime:0.000414s ]
INFO: WriteHtmlCache Behavior ::run [ RunTime:0.000366s ]
INFO: ShowRuntime Behavior ::run [ RunTime:0.000521s ]
INFO: [ view_filter ] --END-- [ RunTime:0.001894s ]
INFO: [ view_end ] --START--
INFO: ShowPageTrace Behavior ::run [ RunTime:0.000713s ]
INFO: [ view_end ] --END-- [ RunTime:0.000774s ]

[ 2015-12-14T16:16:56+08:00 ] 127.0.0.1 /core/admin.php
INFO: [ app_begin ] --START--
INFO: ReadHtmlCache Behavior ::run [ RunTime:0.000670s ]
INFO: [ app_begin ] --END-- [ RunTime:0.000759s ]
INFO: [ view_parse ] --START--
INFO: ParseTemplate Behavior ::run [ RunTime:0.017636s ]
INFO: [ view_parse ] --END-- [ RunTime:0.017699s ]
INFO: [ view_filter ] --START--
INFO: ContentReplace Behavior ::run [ RunTime:0.000314s ]
INFO: TokenBuild Behavior ::run [ RunTime:0.000288s ]
INFO: WriteHtmlCache Behavior ::run [ RunTime:0.000215s ]
INFO: ShowRuntime Behavior ::run [ RunTime:0.000487s ]
INFO: [ view_filter ] --END-- [ RunTime:0.001409s ]
INFO: [ view_end ] --START--
INFO: ShowPageTrace Behavior ::run [ RunTime:0.000527s ]
INFO: [ view_end ] --END-- [ RunTime:0.000564s ]

[ 2015-12-14T16:57:38+08:00 ] 127.0.0.1 /core/admin.php
INFO: [ app_begin ] --START--
INFO: ReadHtmlCache Behavior ::run [ RunTime:0.000830s ]
INFO: [ app_begin ] --END-- [ RunTime:0.000916s ]
INFO: [ view_parse ] --START--
INFO: ParseTemplate Behavior ::run [ RunTime:0.009221s ]
INFO: [ view_parse ] --END-- [ RunTime:0.009297s ]
INFO: [ view_filter ] --START--
INFO: ContentReplace Behavior ::run [ RunTime:0.000366s ]
INFO: TokenBuild Behavior ::run [ RunTime:0.000349s ]
INFO: WriteHtmlCache Behavior ::run [ RunTime:0.000248s ]
INFO: ShowRuntime Behavior ::run [ RunTime:0.000339s ]
INFO: [ view_filter ] --END-- [ RunTime:0.001415s ]
INFO: [ view_end ] --START--
INFO: ShowPageTrace Behavior ::run [ RunTime:0.000498s ]
INFO: [ view_end ] --END-- [ RunTime:0.000533s ]

[ 2015-12-14T16:57:55+08:00 ] 127.0.0.1 /core/admin.php/Index/login
INFO: [ route_check ] --START--
INFO: CheckRoute Behavior ::run [ RunTime:0.001814s ]
INFO: [ route_check ] --END-- [ RunTime:0.001947s ]
INFO: [ app_begin ] --START--
INFO: ReadHtmlCache Behavior ::run [ RunTime:0.001464s ]
INFO: [ app_begin ] --END-- [ RunTime:0.001609s ]
SQL: SHOW COLUMNS FROM `manager` [ RunTime:0.112271s ]
SQL: SELECT * FROM `manager` WHERE ( adminname='admin' AND password='123' )  [ RunTime:0.000707s ]
INFO: [ view_parse ] --START--
INFO: ParseTemplate Behavior ::run [ RunTime:0.015178s ]
INFO: [ view_parse ] --END-- [ RunTime:0.015315s ]
INFO: [ view_filter ] --START--
INFO: ContentReplace Behavior ::run [ RunTime:0.000870s ]
INFO: TokenBuild Behavior ::run [ RunTime:0.000883s ]
INFO: WriteHtmlCache Behavior ::run [ RunTime:0.000650s ]
INFO: ShowRuntime Behavior ::run [ RunTime:0.000998s ]
INFO: [ view_filter ] --END-- [ RunTime:0.003686s ]
INFO: [ view_end ] --START--
INFO: ShowPageTrace Behavior ::run [ RunTime:0.001341s ]
INFO: [ view_end ] --END-- [ RunTime:0.001441s ]

[ 2015-12-14T16:57:56+08:00 ] 127.0.0.1 /core/admin.php/BackG/index.html
INFO: [ route_check ] --START--
INFO: CheckRoute Behavior ::run [ RunTime:0.000549s ]
INFO: [ route_check ] --END-- [ RunTime:0.000604s ]
INFO: [ app_begin ] --START--
INFO: ReadHtmlCache Behavior ::run [ RunTime:0.000379s ]
INFO: [ app_begin ] --END-- [ RunTime:0.000414s ]
INFO: [ view_parse ] --START--
INFO: ParseTemplate Behavior ::run [ RunTime:0.026673s ]
INFO: [ view_parse ] --END-- [ RunTime:0.026732s ]
INFO: [ view_filter ] --START--
INFO: ContentReplace Behavior ::run [ RunTime:0.000284s ]
INFO: TokenBuild Behavior ::run [ RunTime:0.000349s ]
INFO: WriteHtmlCache Behavior ::run [ RunTime:0.000180s ]
INFO: ShowRuntime Behavior ::run [ RunTime:0.000313s ]
INFO: [ view_filter ] --END-- [ RunTime:0.001247s ]
INFO: [ view_end ] --START--
INFO: ShowPageTrace Behavior ::run [ RunTime:0.000470s ]
INFO: [ view_end ] --END-- [ RunTime:0.000511s ]

[ 2015-12-14T16:58:00+08:00 ] 127.0.0.1 /core/admin.php/Type/oper
INFO: [ route_check ] --START--
INFO: CheckRoute Behavior ::run [ RunTime:0.000689s ]
INFO: [ route_check ] --END-- [ RunTime:0.000763s ]
INFO: [ app_begin ] --START--
INFO: ReadHtmlCache Behavior ::run [ RunTime:0.000460s ]
INFO: [ app_begin ] --END-- [ RunTime:0.000506s ]
SQL: SHOW COLUMNS FROM `type` [ RunTime:0.004621s ]
SQL: SELECT * FROM `type` WHERE ( fid=0 and state=0 )  [ RunTime:0.000538s ]
SQL: SELECT * FROM `type` WHERE ( fid=2 and state=0 )  [ RunTime:0.000391s ]
SQL: SELECT * FROM `type` WHERE ( fid=5 and state=0 )  [ RunTime:0.000382s ]
SQL: SELECT * FROM `type` WHERE ( fid=7 and state=0 )  [ RunTime:0.000373s ]
NOTIC: [2] Invalid argument supplied for foreach() D:\www\core\admin\Common\common.php 第 27 行.
SQL: SELECT * FROM `type` WHERE ( fid=8 and state=0 )  [ RunTime:0.000388s ]
NOTIC: [2] Invalid argument supplied for foreach() D:\www\core\admin\Common\common.php 第 27 行.
SQL: SELECT * FROM `type` WHERE ( fid=6 and state=0 )  [ RunTime:0.000380s ]
NOTIC: [2] Invalid argument supplied for foreach() D:\www\core\admin\Common\common.php 第 27 行.
SQL: SELECT * FROM `type` WHERE ( fid=10 and state=0 )  [ RunTime:0.000377s ]
SQL: SELECT * FROM `type` WHERE ( fid=15 and state=0 )  [ RunTime:0.000366s ]
NOTIC: [2] Invalid argument supplied for foreach() D:\www\core\admin\Common\common.php 第 27 行.
SQL: SELECT * FROM `type` WHERE ( fid=11 and state=0 )  [ RunTime:0.000377s ]
SQL: SELECT * FROM `type` WHERE ( fid=16 and state=0 )  [ RunTime:0.000363s ]
NOTIC: [2] Invalid argument supplied for foreach() D:\www\core\admin\Common\common.php 第 27 行.
SQL: SELECT * FROM `type` WHERE ( fid=12 and state=0 )  [ RunTime:0.000382s ]
SQL: SELECT * FROM `type` WHERE ( fid=17 and state=0 )  [ RunTime:0.000383s ]
SQL: SELECT * FROM `type` WHERE ( fid=21 and state=0 )  [ RunTime:0.000374s ]
NOTIC: [2] Invalid argument supplied for foreach() D:\www\core\admin\Common\common.php 第 27 行.
SQL: SELECT * FROM `type` WHERE ( fid=22 and state=0 )  [ RunTime:0.000370s ]
NOTIC: [2] Invalid argument supplied for foreach() D:\www\core\admin\Common\common.php 第 27 行.
SQL: SELECT * FROM `type` WHERE ( fid=18 and state=0 )  [ RunTime:0.000386s ]
SQL: SELECT * FROM `type` WHERE ( fid=23 and state=0 )  [ RunTime:0.000375s ]
NOTIC: [2] Invalid argument supplied for foreach() D:\www\core\admin\Common\common.php 第 27 行.
SQL: SELECT * FROM `type` WHERE ( fid=24 and state=0 )  [ RunTime:0.000379s ]
NOTIC: [2] Invalid argument supplied for foreach() D:\www\core\admin\Common\common.php 第 27 行.
SQL: SELECT * FROM `type` WHERE ( fid=13 and state=0 )  [ RunTime:0.000382s ]
SQL: SELECT * FROM `type` WHERE ( fid=19 and state=0 )  [ RunTime:0.000760s ]
NOTIC: [2] Invalid argument supplied for foreach() D:\www\core\admin\Common\common.php 第 27 行.
SQL: SELECT * FROM `type` WHERE ( fid=20 and state=0 )  [ RunTime:0.000449s ]
NOTIC: [2] Invalid argument supplied for foreach() D:\www\core\admin\Common\common.php 第 27 行.
INFO: [ view_parse ] --START--
INFO: ParseTemplate Behavior ::run [ RunTime:0.013929s ]
INFO: [ view_parse ] --END-- [ RunTime:0.013999s ]
INFO: [ view_filter ] --START--
INFO: ContentReplace Behavior ::run [ RunTime:0.000315s ]
INFO: TokenBuild Behavior ::run [ RunTime:0.000302s ]
INFO: WriteHtmlCache Behavior ::run [ RunTime:0.000206s ]
INFO: ShowRuntime Behavior ::run [ RunTime:0.000359s ]
INFO: [ view_filter ] --END-- [ RunTime:0.001300s ]
INFO: [ view_end ] --START--
INFO: ShowPageTrace Behavior ::run [ RunTime:0.000497s ]
INFO: [ view_end ] --END-- [ RunTime:0.000540s ]

[ 2015-12-14T16:58:01+08:00 ] 127.0.0.1 /core/admin.php/Type/update/id/2.html
INFO: [ route_check ] --START--
INFO: CheckRoute Behavior ::run [ RunTime:0.000778s ]
INFO: [ route_check ] --END-- [ RunTime:0.000855s ]
INFO: [ app_begin ] --START--
INFO: ReadHtmlCache Behavior ::run [ RunTime:0.000652s ]
INFO: [ app_begin ] --END-- [ RunTime:0.000714s ]
INFO: [ view_parse ] --START--
INFO: ParseTemplate Behavior ::run [ RunTime:0.042300s ]
INFO: [ view_parse ] --END-- [ RunTime:0.042377s ]
INFO: [ view_filter ] --START--
INFO: ContentReplace Behavior ::run [ RunTime:0.000344s ]
INFO: TokenBuild Behavior ::run [ RunTime:0.000353s ]
INFO: WriteHtmlCache Behavior ::run [ RunTime:0.000247s ]
INFO: ShowRuntime Behavior ::run [ RunTime:0.000419s ]
INFO: [ view_filter ] --END-- [ RunTime:0.001506s ]
INFO: [ view_end ] --START--
INFO: ShowPageTrace Behavior ::run [ RunTime:0.000618s ]
INFO: [ view_end ] --END-- [ RunTime:0.000669s ]

[ 2015-12-14T16:58:09+08:00 ] 127.0.0.1 /core/admin.php/Type/oper
INFO: [ route_check ] --START--
INFO: CheckRoute Behavior ::run [ RunTime:0.001268s ]
INFO: [ route_check ] --END-- [ RunTime:0.001379s ]
INFO: [ app_begin ] --START--
INFO: ReadHtmlCache Behavior ::run [ RunTime:0.000961s ]
INFO: [ app_begin ] --END-- [ RunTime:0.001079s ]
SQL: SHOW COLUMNS FROM `type` [ RunTime:0.004523s ]
SQL: SELECT * FROM `type` WHERE ( fid=0 and state=0 )  [ RunTime:0.000585s ]
SQL: SELECT * FROM `type` WHERE ( fid=2 and state=0 )  [ RunTime:0.000608s ]
SQL: SELECT * FROM `type` WHERE ( fid=5 and state=0 )  [ RunTime:0.001163s ]
SQL: SELECT * FROM `type` WHERE ( fid=7 and state=0 )  [ RunTime:0.001435s ]
NOTIC: [2] Invalid argument supplied for foreach() D:\www\core\admin\Common\common.php 第 27 行.
SQL: SELECT * FROM `type` WHERE ( fid=8 and state=0 )  [ RunTime:0.000942s ]
NOTIC: [2] Invalid argument supplied for foreach() D:\www\core\admin\Common\common.php 第 27 行.
SQL: SELECT * FROM `type` WHERE ( fid=6 and state=0 )  [ RunTime:0.000642s ]
NOTIC: [2] Invalid argument supplied for foreach() D:\www\core\admin\Common\common.php 第 27 行.
SQL: SELECT * FROM `type` WHERE ( fid=10 and state=0 )  [ RunTime:0.000420s ]
SQL: SELECT * FROM `type` WHERE ( fid=15 and state=0 )  [ RunTime:0.000421s ]
NOTIC: [2] Invalid argument supplied for foreach() D:\www\core\admin\Common\common.php 第 27 行.
SQL: SELECT * FROM `type` WHERE ( fid=11 and state=0 )  [ RunTime:0.000437s ]
SQL: SELECT * FROM `type` WHERE ( fid=16 and state=0 )  [ RunTime:0.000422s ]
NOTIC: [2] Invalid argument supplied for foreach() D:\www\core\admin\Common\common.php 第 27 行.
SQL: SELECT * FROM `type` WHERE ( fid=12 and state=0 )  [ RunTime:0.000437s ]
SQL: SELECT * FROM `type` WHERE ( fid=17 and state=0 )  [ RunTime:0.000401s ]
SQL: SELECT * FROM `type` WHERE ( fid=21 and state=0 )  [ RunTime:0.000414s ]
NOTIC: [2] Invalid argument supplied for foreach() D:\www\core\admin\Common\common.php 第 27 行.
SQL: SELECT * FROM `type` WHERE ( fid=22 and state=0 )  [ RunTime:0.000431s ]
NOTIC: [2] Invalid argument supplied for foreach() D:\www\core\admin\Common\common.php 第 27 行.
SQL: SELECT * FROM `type` WHERE ( fid=18 and state=0 )  [ RunTime:0.000461s ]
SQL: SELECT * FROM `type` WHERE ( fid=23 and state=0 )  [ RunTime:0.000455s ]
NOTIC: [2] Invalid argument supplied for foreach() D:\www\core\admin\Common\common.php 第 27 行.
SQL: SELECT * FROM `type` WHERE ( fid=24 and state=0 )  [ RunTime:0.000451s ]
NOTIC: [2] Invalid argument supplied for foreach() D:\www\core\admin\Common\common.php 第 27 行.
SQL: SELECT * FROM `type` WHERE ( fid=13 and state=0 )  [ RunTime:0.000461s ]
SQL: SELECT * FROM `type` WHERE ( fid=19 and state=0 )  [ RunTime:0.000435s ]
NOTIC: [2] Invalid argument supplied for foreach() D:\www\core\admin\Common\common.php 第 27 行.
SQL: SELECT * FROM `type` WHERE ( fid=20 and state=0 )  [ RunTime:0.000415s ]
NOTIC: [2] Invalid argument supplied for foreach() D:\www\core\admin\Common\common.php 第 27 行.
INFO: [ view_parse ] --START--
INFO: ParseTemplate Behavior ::run [ RunTime:0.006147s ]
INFO: [ view_parse ] --END-- [ RunTime:0.006207s ]
INFO: [ view_filter ] --START--
INFO: ContentReplace Behavior ::run [ RunTime:0.000303s ]
INFO: TokenBuild Behavior ::run [ RunTime:0.000251s ]
INFO: WriteHtmlCache Behavior ::run [ RunTime:0.000167s ]
INFO: ShowRuntime Behavior ::run [ RunTime:0.000310s ]
INFO: [ view_filter ] --END-- [ RunTime:0.001140s ]
INFO: [ view_end ] --START--
INFO: ShowPageTrace Behavior ::run [ RunTime:0.000389s ]
INFO: [ view_end ] --END-- [ RunTime:0.000423s ]

[ 2015-12-14T16:58:11+08:00 ] 127.0.0.1 /core/admin.php/Type/add
INFO: [ route_check ] --START--
INFO: CheckRoute Behavior ::run [ RunTime:0.000537s ]
INFO: [ route_check ] --END-- [ RunTime:0.000588s ]
INFO: [ app_begin ] --START--
INFO: ReadHtmlCache Behavior ::run [ RunTime:0.000353s ]
INFO: [ app_begin ] --END-- [ RunTime:0.000388s ]
SQL: SHOW COLUMNS FROM `type` [ RunTime:0.005494s ]
SQL: SELECT * FROM `type` WHERE ( fid=0 )  [ RunTime:0.000903s ]
SQL: SELECT * FROM `type` WHERE ( fid=1 )  [ RunTime:0.000594s ]
SQL: SELECT * FROM `type` WHERE ( fid=3 )  [ RunTime:0.000633s ]
SQL: SELECT * FROM `type` WHERE ( fid=9 )  [ RunTime:0.000640s ]
NOTIC: [2] Invalid argument supplied for foreach() D:\www\core\admin\Common\common.php 第 10 行.
SQL: SELECT * FROM `type` WHERE ( fid=4 )  [ RunTime:0.001106s ]
NOTIC: [2] Invalid argument supplied for foreach() D:\www\core\admin\Common\common.php 第 10 行.
SQL: SELECT * FROM `type` WHERE ( fid=2 )  [ RunTime:0.001491s ]
SQL: SELECT * FROM `type` WHERE ( fid=5 )  [ RunTime:0.000982s ]
SQL: SELECT * FROM `type` WHERE ( fid=7 )  [ RunTime:0.000803s ]
NOTIC: [2] Invalid argument supplied for foreach() D:\www\core\admin\Common\common.php 第 10 行.
SQL: SELECT * FROM `type` WHERE ( fid=8 )  [ RunTime:0.000889s ]
NOTIC: [2] Invalid argument supplied for foreach() D:\www\core\admin\Common\common.php 第 10 行.
SQL: SELECT * FROM `type` WHERE ( fid=6 )  [ RunTime:0.000372s ]
NOTIC: [2] Invalid argument supplied for foreach() D:\www\core\admin\Common\common.php 第 10 行.
SQL: SELECT * FROM `type` WHERE ( fid=10 )  [ RunTime:0.000706s ]
SQL: SELECT * FROM `type` WHERE ( fid=15 )  [ RunTime:0.000866s ]
NOTIC: [2] Invalid argument supplied for foreach() D:\www\core\admin\Common\common.php 第 10 行.
SQL: SELECT * FROM `type` WHERE ( fid=11 )  [ RunTime:0.000367s ]
SQL: SELECT * FROM `type` WHERE ( fid=16 )  [ RunTime:0.000680s ]
NOTIC: [2] Invalid argument supplied for foreach() D:\www\core\admin\Common\common.php 第 10 行.
SQL: SELECT * FROM `type` WHERE ( fid=12 )  [ RunTime:0.000829s ]
SQL: SELECT * FROM `type` WHERE ( fid=17 )  [ RunTime:0.000498s ]
SQL: SELECT * FROM `type` WHERE ( fid=21 )  [ RunTime:0.000756s ]
NOTIC: [2] Invalid argument supplied for foreach() D:\www\core\admin\Common\common.php 第 10 行.
SQL: SELECT * FROM `type` WHERE ( fid=22 )  [ RunTime:0.000853s ]
NOTIC: [2] Invalid argument supplied for foreach() D:\www\core\admin\Common\common.php 第 10 行.
SQL: SELECT * FROM `type` WHERE ( fid=18 )  [ RunTime:0.000398s ]
SQL: SELECT * FROM `type` WHERE ( fid=23 )  [ RunTime:0.000713s ]
NOTIC: [2] Invalid argument supplied for foreach() D:\www\core\admin\Common\common.php 第 10 行.
SQL: SELECT * FROM `type` WHERE ( fid=24 )  [ RunTime:0.000570s ]
NOTIC: [2] Invalid argument supplied for foreach() D:\www\core\admin\Common\common.php 第 10 行.
SQL: SELECT * FROM `type` WHERE ( fid=13 )  [ RunTime:0.000593s ]
SQL: SELECT * FROM `type` WHERE ( fid=19 )  [ RunTime:0.000610s ]
NOTIC: [2] Invalid argument supplied for foreach() D:\www\core\admin\Common\common.php 第 10 行.
SQL: SELECT * FROM `type` WHERE ( fid=20 )  [ RunTime:0.000816s ]
NOTIC: [2] Invalid argument supplied for foreach() D:\www\core\admin\Common\common.php 第 10 行.
SQL: SELECT * FROM `type` WHERE ( fid=14 )  [ RunTime:0.000355s ]
NOTIC: [2] Invalid argument supplied for foreach() D:\www\core\admin\Common\common.php 第 10 行.
INFO: [ view_parse ] --START--
INFO: ParseTemplate Behavior ::run [ RunTime:0.015817s ]
INFO: [ view_parse ] --END-- [ RunTime:0.015872s ]
INFO: [ view_filter ] --START--
INFO: ContentReplace Behavior ::run [ RunTime:0.000245s ]
INFO: TokenBuild Behavior ::run [ RunTime:0.000237s ]
INFO: WriteHtmlCache Behavior ::run [ RunTime:0.000161s ]
INFO: ShowRuntime Behavior ::run [ RunTime:0.000303s ]
INFO: [ view_filter ] --END-- [ RunTime:0.001042s ]
INFO: [ view_end ] --START--
INFO: ShowPageTrace Behavior ::run [ RunTime:0.000419s ]
INFO: [ view_end ] --END-- [ RunTime:0.000452s ]

[ 2015-12-14T16:58:12+08:00 ] 127.0.0.1 /core/admin.php/Type/oper
INFO: [ route_check ] --START--
INFO: CheckRoute Behavior ::run [ RunTime:0.000694s ]
INFO: [ route_check ] --END-- [ RunTime:0.000760s ]
INFO: [ app_begin ] --START--
INFO: ReadHtmlCache Behavior ::run [ RunTime:0.000475s ]
INFO: [ app_begin ] --END-- [ RunTime:0.000525s ]
SQL: SHOW COLUMNS FROM `type` [ RunTime:0.005954s ]
SQL: SELECT * FROM `type` WHERE ( fid=0 and state=0 )  [ RunTime:0.000784s ]
SQL: SELECT * FROM `type` WHERE ( fid=2 and state=0 )  [ RunTime:0.000649s ]
SQL: SELECT * FROM `type` WHERE ( fid=5 and state=0 )  [ RunTime:0.000396s ]
SQL: SELECT * FROM `type` WHERE ( fid=7 and state=0 )  [ RunTime:0.000874s ]
NOTIC: [2] Invalid argument supplied for foreach() D:\www\core\admin\Common\common.php 第 27 行.
SQL: SELECT * FROM `type` WHERE ( fid=8 and state=0 )  [ RunTime:0.001132s ]
NOTIC: [2] Invalid argument supplied for foreach() D:\www\core\admin\Common\common.php 第 27 行.
SQL: SELECT * FROM `type` WHERE ( fid=6 and state=0 )  [ RunTime:0.000899s ]
NOTIC: [2] Invalid argument supplied for foreach() D:\www\core\admin\Common\common.php 第 27 行.
SQL: SELECT * FROM `type` WHERE ( fid=10 and state=0 )  [ RunTime:0.000582s ]
SQL: SELECT * FROM `type` WHERE ( fid=15 and state=0 )  [ RunTime:0.001031s ]
NOTIC: [2] Invalid argument supplied for foreach() D:\www\core\admin\Common\common.php 第 27 行.
SQL: SELECT * FROM `type` WHERE ( fid=11 and state=0 )  [ RunTime:0.001298s ]
SQL: SELECT * FROM `type` WHERE ( fid=16 and state=0 )  [ RunTime:0.000633s ]
NOTIC: [2] Invalid argument supplied for foreach() D:\www\core\admin\Common\common.php 第 27 行.
SQL: SELECT * FROM `type` WHERE ( fid=12 and state=0 )  [ RunTime:0.001028s ]
SQL: SELECT * FROM `type` WHERE ( fid=17 and state=0 )  [ RunTime:0.001080s ]
SQL: SELECT * FROM `type` WHERE ( fid=21 and state=0 )  [ RunTime:0.001031s ]
NOTIC: [2] Invalid argument supplied for foreach() D:\www\core\admin\Common\common.php 第 27 行.
SQL: SELECT * FROM `type` WHERE ( fid=22 and state=0 )  [ RunTime:0.000901s ]
NOTIC: [2] Invalid argument supplied for foreach() D:\www\core\admin\Common\common.php 第 27 行.
SQL: SELECT * FROM `type` WHERE ( fid=18 and state=0 )  [ RunTime:0.001434s ]
SQL: SELECT * FROM `type` WHERE ( fid=23 and state=0 )  [ RunTime:0.001331s ]
NOTIC: [2] Invalid argument supplied for foreach() D:\www\core\admin\Common\common.php 第 27 行.
SQL: SELECT * FROM `type` WHERE ( fid=24 and state=0 )  [ RunTime:0.000997s ]
NOTIC: [2] Invalid argument supplied for foreach() D:\www\core\admin\Common\common.php 第 27 行.
SQL: SELECT * FROM `type` WHERE ( fid=13 and state=0 )  [ RunTime:0.000757s ]
SQL: SELECT * FROM `type` WHERE ( fid=19 and state=0 )  [ RunTime:0.000667s ]
NOTIC: [2] Invalid argument supplied for foreach() D:\www\core\admin\Common\common.php 第 27 行.
SQL: SELECT * FROM `type` WHERE ( fid=20 and state=0 )  [ RunTime:0.000579s ]
NOTIC: [2] Invalid argument supplied for foreach() D:\www\core\admin\Common\common.php 第 27 行.
INFO: [ view_parse ] --START--
INFO: ParseTemplate Behavior ::run [ RunTime:0.005123s ]
INFO: [ view_parse ] --END-- [ RunTime:0.005190s ]
INFO: [ view_filter ] --START--
INFO: ContentReplace Behavior ::run [ RunTime:0.000304s ]
INFO: TokenBuild Behavior ::run [ RunTime:0.000280s ]
INFO: WriteHtmlCache Behavior ::run [ RunTime:0.000189s ]
INFO: ShowRuntime Behavior ::run [ RunTime:0.000331s ]
INFO: [ view_filter ] --END-- [ RunTime:0.001221s ]
INFO: [ view_end ] --START--
INFO: ShowPageTrace Behavior ::run [ RunTime:0.000460s ]
INFO: [ view_end ] --END-- [ RunTime:0.000500s ]

[ 2015-12-14T16:58:13+08:00 ] 127.0.0.1 /core/admin.php/BackG/index
INFO: [ route_check ] --START--
INFO: CheckRoute Behavior ::run [ RunTime:0.001206s ]
INFO: [ route_check ] --END-- [ RunTime:0.001314s ]
INFO: [ app_begin ] --START--
INFO: ReadHtmlCache Behavior ::run [ RunTime:0.000884s ]
INFO: [ app_begin ] --END-- [ RunTime:0.000986s ]
INFO: [ view_parse ] --START--
INFO: ParseTemplate Behavior ::run [ RunTime:0.004691s ]
INFO: [ view_parse ] --END-- [ RunTime:0.004741s ]
INFO: [ view_filter ] --START--
INFO: ContentReplace Behavior ::run [ RunTime:0.000238s ]
INFO: TokenBuild Behavior ::run [ RunTime:0.000236s ]
INFO: WriteHtmlCache Behavior ::run [ RunTime:0.000188s ]
INFO: ShowRuntime Behavior ::run [ RunTime:0.000303s ]
INFO: [ view_filter ] --END-- [ RunTime:0.001058s ]
INFO: [ view_end ] --START--
INFO: ShowPageTrace Behavior ::run [ RunTime:0.000401s ]
INFO: [ view_end ] --END-- [ RunTime:0.000434s ]

[ 2015-12-14T16:58:15+08:00 ] 127.0.0.1 /core/admin.php/Product/oper
INFO: [ route_check ] --START--
INFO: CheckRoute Behavior ::run [ RunTime:0.001420s ]
INFO: [ route_check ] --END-- [ RunTime:0.001559s ]
INFO: [ app_begin ] --START--
INFO: ReadHtmlCache Behavior ::run [ RunTime:0.001228s ]
INFO: [ app_begin ] --END-- [ RunTime:0.001374s ]
SQL: SHOW COLUMNS FROM `product` [ RunTime:0.006603s ]
SQL: SELECT * FROM `product`  [ RunTime:0.001225s ]
NOTIC: [8] Undefined variable: operstr D:\www\core\admin\Lib\Action\ProductAction.class.php 第 60 行.
INFO: [ view_parse ] --START--
INFO: ParseTemplate Behavior ::run [ RunTime:0.006171s ]
INFO: [ view_parse ] --END-- [ RunTime:0.006234s ]
INFO: [ view_filter ] --START--
INFO: ContentReplace Behavior ::run [ RunTime:0.000321s ]
INFO: TokenBuild Behavior ::run [ RunTime:0.000315s ]
INFO: WriteHtmlCache Behavior ::run [ RunTime:0.000212s ]
INFO: ShowRuntime Behavior ::run [ RunTime:0.000374s ]
INFO: [ view_filter ] --END-- [ RunTime:0.001356s ]
INFO: [ view_end ] --START--
INFO: ShowPageTrace Behavior ::run [ RunTime:0.000521s ]
INFO: [ view_end ] --END-- [ RunTime:0.000564s ]

[ 2015-12-14T16:58:16+08:00 ] 127.0.0.1 /core/admin.php/Product/upshow/id/1.html
INFO: [ route_check ] --START--
INFO: CheckRoute Behavior ::run [ RunTime:0.001494s ]
INFO: [ route_check ] --END-- [ RunTime:0.001629s ]
INFO: [ app_begin ] --START--
INFO: ReadHtmlCache Behavior ::run [ RunTime:0.001189s ]
INFO: [ app_begin ] --END-- [ RunTime:0.001553s ]
SQL: SHOW COLUMNS FROM `type` [ RunTime:0.004860s ]
SQL: SELECT * FROM `type` WHERE ( fid=0 and state=0 )  [ RunTime:0.000970s ]
SQL: SELECT * FROM `type` WHERE ( fid=2 and state=0 )  [ RunTime:0.000603s ]
SQL: SELECT * FROM `type` WHERE ( fid=5 and state=0 )  [ RunTime:0.000615s ]
SQL: SELECT * FROM `type` WHERE ( fid=7 and state=0 )  [ RunTime:0.000646s ]
NOTIC: [2] Invalid argument supplied for foreach() D:\www\core\admin\Common\common.php 第 44 行.
SQL: SELECT * FROM `type` WHERE ( fid=8 and state=0 )  [ RunTime:0.000811s ]
NOTIC: [2] Invalid argument supplied for foreach() D:\www\core\admin\Common\common.php 第 44 行.
SQL: SELECT * FROM `type` WHERE ( fid=6 and state=0 )  [ RunTime:0.000407s ]
NOTIC: [2] Invalid argument supplied for foreach() D:\www\core\admin\Common\common.php 第 44 行.
SQL: SELECT * FROM `type` WHERE ( fid=10 and state=0 )  [ RunTime:0.000694s ]
SQL: SELECT * FROM `type` WHERE ( fid=15 and state=0 )  [ RunTime:0.000852s ]
NOTIC: [2] Invalid argument supplied for foreach() D:\www\core\admin\Common\common.php 第 44 行.
SQL: SELECT * FROM `type` WHERE ( fid=11 and state=0 )  [ RunTime:0.000409s ]
SQL: SELECT * FROM `type` WHERE ( fid=16 and state=0 )  [ RunTime:0.001213s ]
NOTIC: [2] Invalid argument supplied for foreach() D:\www\core\admin\Common\common.php 第 44 行.
SQL: SELECT * FROM `type` WHERE ( fid=12 and state=0 )  [ RunTime:0.000993s ]
SQL: SELECT * FROM `type` WHERE ( fid=17 and state=0 )  [ RunTime:0.001004s ]
SQL: SELECT * FROM `type` WHERE ( fid=21 and state=0 )  [ RunTime:0.000980s ]
NOTIC: [2] Invalid argument supplied for foreach() D:\www\core\admin\Common\common.php 第 44 行.
SQL: SELECT * FROM `type` WHERE ( fid=22 and state=0 )  [ RunTime:0.000407s ]
NOTIC: [2] Invalid argument supplied for foreach() D:\www\core\admin\Common\common.php 第 44 行.
SQL: SELECT * FROM `type` WHERE ( fid=18 and state=0 )  [ RunTime:0.000681s ]
SQL: SELECT * FROM `type` WHERE ( fid=23 and state=0 )  [ RunTime:0.000615s ]
NOTIC: [2] Invalid argument supplied for foreach() D:\www\core\admin\Common\common.php 第 44 行.
SQL: SELECT * FROM `type` WHERE ( fid=24 and state=0 )  [ RunTime:0.000891s ]
NOTIC: [2] Invalid argument supplied for foreach() D:\www\core\admin\Common\common.php 第 44 行.
SQL: SELECT * FROM `type` WHERE ( fid=13 and state=0 )  [ RunTime:0.000898s ]
SQL: SELECT * FROM `type` WHERE ( fid=19 and state=0 )  [ RunTime:0.000743s ]
NOTIC: [2] Invalid argument supplied for foreach() D:\www\core\admin\Common\common.php 第 44 行.
SQL: SELECT * FROM `type` WHERE ( fid=20 and state=0 )  [ RunTime:0.000853s ]
NOTIC: [2] Invalid argument supplied for foreach() D:\www\core\admin\Common\common.php 第 44 行.
SQL: SHOW COLUMNS FROM `product` [ RunTime:0.004389s ]
SQL: SELECT * FROM `product` WHERE ( id=1 ) LIMIT 1   [ RunTime:0.000824s ]
INFO: [ view_parse ] --START--
INFO: ParseTemplate Behavior ::run [ RunTime:0.006488s ]
INFO: [ view_parse ] --END-- [ RunTime:0.006544s ]
INFO: [ view_filter ] --START--
INFO: ContentReplace Behavior ::run [ RunTime:0.000274s ]
INFO: TokenBuild Behavior ::run [ RunTime:0.000237s ]
INFO: WriteHtmlCache Behavior ::run [ RunTime:0.000162s ]
INFO: ShowRuntime Behavior ::run [ RunTime:0.000303s ]
INFO: [ view_filter ] --END-- [ RunTime:0.001067s ]
INFO: [ view_end ] --START--
INFO: ShowPageTrace Behavior ::run [ RunTime:0.000399s ]
INFO: [ view_end ] --END-- [ RunTime:0.000433s ]

[ 2015-12-14T16:58:20+08:00 ] 127.0.0.1 /core/admin.php/Product/del/id/16.html
INFO: [ route_check ] --START--
INFO: CheckRoute Behavior ::run [ RunTime:0.000661s ]
INFO: [ route_check ] --END-- [ RunTime:0.000723s ]
INFO: [ app_begin ] --START--
INFO: ReadHtmlCache Behavior ::run [ RunTime:0.000453s ]
INFO: [ app_begin ] --END-- [ RunTime:0.000500s ]
SQL: SHOW COLUMNS FROM `product` [ RunTime:0.004635s ]
SQL: DELETE FROM `product` WHERE ( id=16 ) [ RunTime:0.086761s ]
INFO: [ view_parse ] --START--
INFO: ParseTemplate Behavior ::run [ RunTime:0.013728s ]
INFO: [ view_parse ] --END-- [ RunTime:0.013864s ]
INFO: [ view_filter ] --START--
INFO: ContentReplace Behavior ::run [ RunTime:0.000566s ]
INFO: TokenBuild Behavior ::run [ RunTime:0.000570s ]
INFO: WriteHtmlCache Behavior ::run [ RunTime:0.000392s ]
INFO: ShowRuntime Behavior ::run [ RunTime:0.000675s ]
INFO: [ view_filter ] --END-- [ RunTime:0.002433s ]
INFO: [ view_end ] --START--
INFO: ShowPageTrace Behavior ::run [ RunTime:0.001060s ]
INFO: [ view_end ] --END-- [ RunTime:0.001147s ]

[ 2015-12-14T16:58:21+08:00 ] 127.0.0.1 /core/admin.php/Product/oper.html
INFO: [ route_check ] --START--
INFO: CheckRoute Behavior ::run [ RunTime:0.001078s ]
INFO: [ route_check ] --END-- [ RunTime:0.001165s ]
INFO: [ app_begin ] --START--
INFO: ReadHtmlCache Behavior ::run [ RunTime:0.001101s ]
INFO: [ app_begin ] --END-- [ RunTime:0.001173s ]
SQL: SHOW COLUMNS FROM `product` [ RunTime:0.006004s ]
SQL: SELECT * FROM `product`  [ RunTime:0.000448s ]
NOTIC: [8] Undefined variable: operstr D:\www\core\admin\Lib\Action\ProductAction.class.php 第 60 行.
INFO: [ view_parse ] --START--
INFO: ParseTemplate Behavior ::run [ RunTime:0.004832s ]
INFO: [ view_parse ] --END-- [ RunTime:0.004883s ]
INFO: [ view_filter ] --START--
INFO: ContentReplace Behavior ::run [ RunTime:0.000243s ]
INFO: TokenBuild Behavior ::run [ RunTime:0.000257s ]
INFO: WriteHtmlCache Behavior ::run [ RunTime:0.000174s ]
INFO: ShowRuntime Behavior ::run [ RunTime:0.000384s ]
INFO: [ view_filter ] --END-- [ RunTime:0.001168s ]
INFO: [ view_end ] --START--
INFO: ShowPageTrace Behavior ::run [ RunTime:0.000862s ]
INFO: [ view_end ] --END-- [ RunTime:0.000905s ]

[ 2015-12-14T16:58:22+08:00 ] 127.0.0.1 /core/admin.php/Product/oper
INFO: [ route_check ] --START--
INFO: CheckRoute Behavior ::run [ RunTime:0.000899s ]
INFO: [ route_check ] --END-- [ RunTime:0.000983s ]
INFO: [ app_begin ] --START--
INFO: ReadHtmlCache Behavior ::run [ RunTime:0.000405s ]
INFO: [ app_begin ] --END-- [ RunTime:0.000445s ]
SQL: SHOW COLUMNS FROM `product` [ RunTime:0.004222s ]
SQL: SELECT * FROM `product`  [ RunTime:0.000747s ]
NOTIC: [8] Undefined variable: operstr D:\www\core\admin\Lib\Action\ProductAction.class.php 第 60 行.
INFO: [ view_parse ] --START--
INFO: ParseTemplate Behavior ::run [ RunTime:0.004599s ]
INFO: [ view_parse ] --END-- [ RunTime:0.004648s ]
INFO: [ view_filter ] --START--
INFO: ContentReplace Behavior ::run [ RunTime:0.000265s ]
INFO: TokenBuild Behavior ::run [ RunTime:0.000235s ]
INFO: WriteHtmlCache Behavior ::run [ RunTime:0.000161s ]
INFO: ShowRuntime Behavior ::run [ RunTime:0.000304s ]
INFO: [ view_filter ] --END-- [ RunTime:0.001059s ]
INFO: [ view_end ] --START--
INFO: ShowPageTrace Behavior ::run [ RunTime:0.000435s ]
INFO: [ view_end ] --END-- [ RunTime:0.000467s ]

[ 2015-12-14T16:58:24+08:00 ] 127.0.0.1 /core/admin.php/Product/add
INFO: [ route_check ] --START--
INFO: CheckRoute Behavior ::run [ RunTime:0.001554s ]
INFO: [ route_check ] --END-- [ RunTime:0.001703s ]
INFO: [ app_begin ] --START--
INFO: ReadHtmlCache Behavior ::run [ RunTime:0.000582s ]
INFO: [ app_begin ] --END-- [ RunTime:0.000644s ]
SQL: SHOW COLUMNS FROM `type` [ RunTime:0.004750s ]
SQL: SELECT * FROM `type` WHERE ( fid=0 and state=0 )  [ RunTime:0.000628s ]
SQL: SELECT * FROM `type` WHERE ( fid=2 and state=0 )  [ RunTime:0.000411s ]
SQL: SELECT * FROM `type` WHERE ( fid=5 and state=0 )  [ RunTime:0.000351s ]
SQL: SELECT * FROM `type` WHERE ( fid=7 and state=0 )  [ RunTime:0.000404s ]
NOTIC: [2] Invalid argument supplied for foreach() D:\www\core\admin\Common\common.php 第 44 行.
SQL: SELECT * FROM `type` WHERE ( fid=8 and state=0 )  [ RunTime:0.000334s ]
NOTIC: [2] Invalid argument supplied for foreach() D:\www\core\admin\Common\common.php 第 44 行.
SQL: SELECT * FROM `type` WHERE ( fid=6 and state=0 )  [ RunTime:0.000381s ]
NOTIC: [2] Invalid argument supplied for foreach() D:\www\core\admin\Common\common.php 第 44 行.
SQL: SELECT * FROM `type` WHERE ( fid=10 and state=0 )  [ RunTime:0.000337s ]
SQL: SELECT * FROM `type` WHERE ( fid=15 and state=0 )  [ RunTime:0.000482s ]
NOTIC: [2] Invalid argument supplied for foreach() D:\www\core\admin\Common\common.php 第 44 行.
SQL: SELECT * FROM `type` WHERE ( fid=11 and state=0 )  [ RunTime:0.000340s ]
SQL: SELECT * FROM `type` WHERE ( fid=16 and state=0 )  [ RunTime:0.000375s ]
NOTIC: [2] Invalid argument supplied for foreach() D:\www\core\admin\Common\common.php 第 44 行.
SQL: SELECT * FROM `type` WHERE ( fid=12 and state=0 )  [ RunTime:0.000354s ]
SQL: SELECT * FROM `type` WHERE ( fid=17 and state=0 )  [ RunTime:0.000391s ]
SQL: SELECT * FROM `type` WHERE ( fid=21 and state=0 )  [ RunTime:0.000341s ]
NOTIC: [2] Invalid argument supplied for foreach() D:\www\core\admin\Common\common.php 第 44 行.
SQL: SELECT * FROM `type` WHERE ( fid=22 and state=0 )  [ RunTime:0.000378s ]
NOTIC: [2] Invalid argument supplied for foreach() D:\www\core\admin\Common\common.php 第 44 行.
SQL: SELECT * FROM `type` WHERE ( fid=18 and state=0 )  [ RunTime:0.000345s ]
SQL: SELECT * FROM `type` WHERE ( fid=23 and state=0 )  [ RunTime:0.000377s ]
NOTIC: [2] Invalid argument supplied for foreach() D:\www\core\admin\Common\common.php 第 44 行.
SQL: SELECT * FROM `type` WHERE ( fid=24 and state=0 )  [ RunTime:0.000329s ]
NOTIC: [2] Invalid argument supplied for foreach() D:\www\core\admin\Common\common.php 第 44 行.
SQL: SELECT * FROM `type` WHERE ( fid=13 and state=0 )  [ RunTime:0.000387s ]
SQL: SELECT * FROM `type` WHERE ( fid=19 and state=0 )  [ RunTime:0.000641s ]
NOTIC: [2] Invalid argument supplied for foreach() D:\www\core\admin\Common\common.php 第 44 行.
SQL: SELECT * FROM `type` WHERE ( fid=20 and state=0 )  [ RunTime:0.000935s ]
NOTIC: [2] Invalid argument supplied for foreach() D:\www\core\admin\Common\common.php 第 44 行.
INFO: [ view_parse ] --START--
INFO: ParseTemplate Behavior ::run [ RunTime:0.005243s ]
INFO: [ view_parse ] --END-- [ RunTime:0.005300s ]
INFO: [ view_filter ] --START--
INFO: ContentReplace Behavior ::run [ RunTime:0.000269s ]
INFO: TokenBuild Behavior ::run [ RunTime:0.000238s ]
INFO: WriteHtmlCache Behavior ::run [ RunTime:0.000162s ]
INFO: ShowRuntime Behavior ::run [ RunTime:0.000306s ]
INFO: [ view_filter ] --END-- [ RunTime:0.001069s ]
INFO: [ view_end ] --START--
INFO: ShowPageTrace Behavior ::run [ RunTime:0.000392s ]
INFO: [ view_end ] --END-- [ RunTime:0.000425s ]

[ 2015-12-14T16:58:25+08:00 ] 127.0.0.1 /core/admin.php/BackG/index
INFO: [ route_check ] --START--
INFO: CheckRoute Behavior ::run [ RunTime:0.000798s ]
INFO: [ route_check ] --END-- [ RunTime:0.000873s ]
INFO: [ app_begin ] --START--
INFO: ReadHtmlCache Behavior ::run [ RunTime:0.000486s ]
INFO: [ app_begin ] --END-- [ RunTime:0.000533s ]
INFO: [ view_parse ] --START--
INFO: ParseTemplate Behavior ::run [ RunTime:0.005950s ]
INFO: [ view_parse ] --END-- [ RunTime:0.006019s ]
INFO: [ view_filter ] --START--
INFO: ContentReplace Behavior ::run [ RunTime:0.000302s ]
INFO: TokenBuild Behavior ::run [ RunTime:0.000300s ]
INFO: WriteHtmlCache Behavior ::run [ RunTime:0.000209s ]
INFO: ShowRuntime Behavior ::run [ RunTime:0.000363s ]
INFO: [ view_filter ] --END-- [ RunTime:0.001304s ]
INFO: [ view_end ] --START--
INFO: ShowPageTrace Behavior ::run [ RunTime:0.000509s ]
INFO: [ view_end ] --END-- [ RunTime:0.000560s ]

[ 2015-12-14T16:58:26+08:00 ] 127.0.0.1 /core/admin.php/Cart/index
INFO: [ route_check ] --START--
INFO: CheckRoute Behavior ::run [ RunTime:0.000771s ]
INFO: [ route_check ] --END-- [ RunTime:0.000843s ]
INFO: [ app_begin ] --START--
INFO: ReadHtmlCache Behavior ::run [ RunTime:0.000526s ]
INFO: [ app_begin ] --END-- [ RunTime:0.000580s ]
SQL: SHOW COLUMNS FROM `cart` [ RunTime:0.036521s ]
SQL: SELECT * FROM `cart`  [ RunTime:0.001196s ]
NOTIC: [8] Undefined variable: cartStr D:\www\core\admin\Lib\Action\CartAction.class.php 第 10 行.
INFO: [ view_parse ] --START--
INFO: ParseTemplate Behavior ::run [ RunTime:0.030476s ]
INFO: [ view_parse ] --END-- [ RunTime:0.030548s ]
INFO: [ view_filter ] --START--
INFO: ContentReplace Behavior ::run [ RunTime:0.000348s ]
INFO: TokenBuild Behavior ::run [ RunTime:0.000347s ]
INFO: WriteHtmlCache Behavior ::run [ RunTime:0.000237s ]
INFO: ShowRuntime Behavior ::run [ RunTime:0.000418s ]
INFO: [ view_filter ] --END-- [ RunTime:0.001492s ]
INFO: [ view_end ] --START--
INFO: ShowPageTrace Behavior ::run [ RunTime:0.000583s ]
INFO: [ view_end ] --END-- [ RunTime:0.000630s ]

[ 2015-12-14T16:58:28+08:00 ] 127.0.0.1 /core/admin.php/Cart/update/id/1.html
INFO: [ route_check ] --START--
INFO: CheckRoute Behavior ::run [ RunTime:0.000674s ]
INFO: [ route_check ] --END-- [ RunTime:0.000737s ]
INFO: [ app_begin ] --START--
INFO: ReadHtmlCache Behavior ::run [ RunTime:0.000424s ]
INFO: [ app_begin ] --END-- [ RunTime:0.000477s ]

[ 2015-12-14T16:58:44+08:00 ] 127.0.0.1 /core/admin.php/Cart/update/id/1.html
INFO: [ route_check ] --START--
INFO: CheckRoute Behavior ::run [ RunTime:0.000598s ]
INFO: [ route_check ] --END-- [ RunTime:0.000654s ]
INFO: [ app_begin ] --START--
INFO: ReadHtmlCache Behavior ::run [ RunTime:0.000382s ]
INFO: [ app_begin ] --END-- [ RunTime:0.000423s ]

[ 2015-12-14T19:11:56+08:00 ] 127.0.0.1 /core/admin.php/Cart/index
INFO: [ route_check ] --START--
INFO: CheckRoute Behavior ::run [ RunTime:0.000769s ]
INFO: [ route_check ] --END-- [ RunTime:0.000840s ]
INFO: [ app_begin ] --START--
INFO: ReadHtmlCache Behavior ::run [ RunTime:0.000528s ]
INFO: [ app_begin ] --END-- [ RunTime:0.000583s ]
SQL: SHOW COLUMNS FROM `cart` [ RunTime:0.005795s ]
SQL: SELECT * FROM `cart`  [ RunTime:0.001678s ]
NOTIC: [8] Undefined variable: cartStr D:\www\core\admin\Lib\Action\CartAction.class.php 第 10 行.
INFO: [ view_parse ] --START--
INFO: ParseTemplate Behavior ::run [ RunTime:0.005540s ]
INFO: [ view_parse ] --END-- [ RunTime:0.005600s ]
INFO: [ view_filter ] --START--
INFO: ContentReplace Behavior ::run [ RunTime:0.000334s ]
INFO: TokenBuild Behavior ::run [ RunTime:0.000291s ]
INFO: WriteHtmlCache Behavior ::run [ RunTime:0.000217s ]
INFO: ShowRuntime Behavior ::run [ RunTime:0.000373s ]
INFO: [ view_filter ] --END-- [ RunTime:0.001322s ]
INFO: [ view_end ] --START--
INFO: ShowPageTrace Behavior ::run [ RunTime:0.000447s ]
INFO: [ view_end ] --END-- [ RunTime:0.000481s ]

[ 2015-12-14T19:14:34+08:00 ] 127.0.0.1 /core/admin.php
INFO: [ app_begin ] --START--
INFO: ReadHtmlCache Behavior ::run [ RunTime:0.000430s ]
INFO: [ app_begin ] --END-- [ RunTime:0.000498s ]
INFO: [ view_parse ] --START--
INFO: ParseTemplate Behavior ::run [ RunTime:0.005549s ]
INFO: [ view_parse ] --END-- [ RunTime:0.005604s ]
INFO: [ view_filter ] --START--
INFO: ContentReplace Behavior ::run [ RunTime:0.000324s ]
INFO: TokenBuild Behavior ::run [ RunTime:0.000292s ]
INFO: WriteHtmlCache Behavior ::run [ RunTime:0.000218s ]
INFO: ShowRuntime Behavior ::run [ RunTime:0.000366s ]
INFO: [ view_filter ] --END-- [ RunTime:0.001297s ]
INFO: [ view_end ] --START--
INFO: ShowPageTrace Behavior ::run [ RunTime:0.000490s ]
INFO: [ view_end ] --END-- [ RunTime:0.000555s ]

