[ 2015-12-09T09:56:15+08:00 ] 127.0.0.1 /cert/
INFO: [ app_begin ] --START--
INFO: ReadHtmlCache Behavior ::run [ RunTime:0.001103s ]
INFO: [ app_begin ] --END-- [ RunTime:0.001154s ]
INFO: [ view_parse ] --START--
INFO: ParseTemplate Behavior ::run [ RunTime:0.001311s ]
INFO: [ view_parse ] --END-- [ RunTime:0.001353s ]
INFO: [ view_filter ] --START--
NOTIC: [8] Use of undefined constant APP_TMPL_PATH - assumed 'APP_TMPL_PATH' F:\php\cert\thinkphp\Lib\Behavior\ContentReplaceBehavior.class.php 第 40 行.
NOTIC: [8] Use of undefined constant APP_TMPL_PATH - assumed 'APP_TMPL_PATH' F:\php\cert\thinkphp\Lib\Behavior\ContentReplaceBehavior.class.php 第 47 行.
INFO: ContentReplace Behavior ::run [ RunTime:0.000648s ]
INFO: TokenBuild Behavior ::run [ RunTime:0.000626s ]
INFO: WriteHtmlCache Behavior ::run [ RunTime:0.000557s ]
INFO: ShowRuntime Behavior ::run [ RunTime:0.000723s ]
INFO: [ view_filter ] --END-- [ RunTime:0.002655s ]
INFO: [ view_end ] --START--
INFO: ShowPageTrace Behavior ::run [ RunTime:0.000761s ]
INFO: [ view_end ] --END-- [ RunTime:0.000794s ]

[ 2015-12-09T10:42:47+08:00 ] 127.0.0.1 /cert/index.php/Type/add
INFO: [ route_check ] --START--
INFO: CheckRoute Behavior ::run [ RunTime:0.001435s ]
INFO: [ route_check ] --END-- [ RunTime:0.001486s ]
INFO: [ app_begin ] --START--
INFO: ReadHtmlCache Behavior ::run [ RunTime:0.001314s ]
INFO: [ app_begin ] --END-- [ RunTime:0.001367s ]
INFO: [ view_parse ] --START--
INFO: ParseTemplate Behavior ::run [ RunTime:0.007382s ]
INFO: [ view_parse ] --END-- [ RunTime:0.007444s ]
INFO: [ view_filter ] --START--
INFO: ContentReplace Behavior ::run [ RunTime:0.000625s ]
INFO: TokenBuild Behavior ::run [ RunTime:0.000618s ]
INFO: WriteHtmlCache Behavior ::run [ RunTime:0.000759s ]
INFO: ShowRuntime Behavior ::run [ RunTime:0.000725s ]
INFO: [ view_filter ] --END-- [ RunTime:0.002828s ]
INFO: [ view_end ] --START--
INFO: ShowPageTrace Behavior ::run [ RunTime:0.000775s ]
INFO: [ view_end ] --END-- [ RunTime:0.000809s ]

[ 2015-12-09T10:43:10+08:00 ] 127.0.0.1 /cert/index.php/Type/tsave
INFO: [ route_check ] --START--
INFO: CheckRoute Behavior ::run [ RunTime:0.000592s ]
INFO: [ route_check ] --END-- [ RunTime:0.000643s ]
INFO: [ app_begin ] --START--
INFO: ReadHtmlCache Behavior ::run [ RunTime:0.000433s ]
INFO: [ app_begin ] --END-- [ RunTime:0.000468s ]
SQL: SHOW COLUMNS FROM `type` [ RunTime:0.026685s ]
SQL: INSERT INTO `type` (`tname`,`fid`) VALUES ('服装鞋帽',0) [ RunTime:0.039118s ]
INFO: [ view_parse ] --START--
INFO: ParseTemplate Behavior ::run [ RunTime:0.028917s ]
INFO: [ view_parse ] --END-- [ RunTime:0.028988s ]
INFO: [ view_filter ] --START--
INFO: ContentReplace Behavior ::run [ RunTime:0.000380s ]
INFO: TokenBuild Behavior ::run [ RunTime:0.000354s ]
INFO: WriteHtmlCache Behavior ::run [ RunTime:0.000280s ]
INFO: ShowRuntime Behavior ::run [ RunTime:0.000402s ]
INFO: [ view_filter ] --END-- [ RunTime:0.001509s ]
INFO: [ view_end ] --START--
INFO: ShowPageTrace Behavior ::run [ RunTime:0.000473s ]
INFO: [ view_end ] --END-- [ RunTime:0.000505s ]

[ 2015-12-09T10:43:11+08:00 ] 127.0.0.1 /cert/index.php/type/oper.html
INFO: [ route_check ] --START--
INFO: CheckRoute Behavior ::run [ RunTime:0.000667s ]
INFO: [ route_check ] --END-- [ RunTime:0.000719s ]
INFO: [ app_begin ] --START--
INFO: ReadHtmlCache Behavior ::run [ RunTime:0.000440s ]
INFO: [ app_begin ] --END-- [ RunTime:0.000473s ]
ERR: 无法加载模块:type

[ 2015-12-09T10:43:24+08:00 ] 127.0.0.1 /cert/index.php/Type/oper.html
INFO: [ route_check ] --START--
INFO: CheckRoute Behavior ::run [ RunTime:0.000588s ]
INFO: [ route_check ] --END-- [ RunTime:0.000637s ]
INFO: [ app_begin ] --START--
INFO: ReadHtmlCache Behavior ::run [ RunTime:0.000434s ]
INFO: [ app_begin ] --END-- [ RunTime:0.000467s ]
ERR: 非法操作:oper

[ 2015-12-09T10:43:53+08:00 ] 127.0.0.1 /cert/index.php/type/oper.html
INFO: [ route_check ] --START--
INFO: CheckRoute Behavior ::run [ RunTime:0.000587s ]
INFO: [ route_check ] --END-- [ RunTime:0.000639s ]
INFO: [ app_begin ] --START--
INFO: ReadHtmlCache Behavior ::run [ RunTime:0.000611s ]
INFO: [ app_begin ] --END-- [ RunTime:0.000646s ]
ERR: 无法加载模块:type

[ 2015-12-09T10:43:56+08:00 ] 127.0.0.1 /cert/index.php/Type/add
INFO: [ route_check ] --START--
INFO: CheckRoute Behavior ::run [ RunTime:0.000609s ]
INFO: [ route_check ] --END-- [ RunTime:0.000661s ]
INFO: [ app_begin ] --START--
INFO: ReadHtmlCache Behavior ::run [ RunTime:0.000436s ]
INFO: [ app_begin ] --END-- [ RunTime:0.000481s ]
INFO: [ view_parse ] --START--
INFO: ParseTemplate Behavior ::run [ RunTime:0.006879s ]
INFO: [ view_parse ] --END-- [ RunTime:0.006934s ]
INFO: [ view_filter ] --START--
INFO: ContentReplace Behavior ::run [ RunTime:0.000354s ]
INFO: TokenBuild Behavior ::run [ RunTime:0.000341s ]
INFO: WriteHtmlCache Behavior ::run [ RunTime:0.000277s ]
INFO: ShowRuntime Behavior ::run [ RunTime:0.000400s ]
INFO: [ view_filter ] --END-- [ RunTime:0.001468s ]
INFO: [ view_end ] --START--
INFO: ShowPageTrace Behavior ::run [ RunTime:0.000596s ]
INFO: [ view_end ] --END-- [ RunTime:0.000638s ]

[ 2015-12-09T10:44:11+08:00 ] 127.0.0.1 /cert/index.php/Type/tsave
INFO: [ route_check ] --START--
INFO: CheckRoute Behavior ::run [ RunTime:0.000595s ]
INFO: [ route_check ] --END-- [ RunTime:0.000644s ]
INFO: [ app_begin ] --START--
INFO: ReadHtmlCache Behavior ::run [ RunTime:0.000435s ]
INFO: [ app_begin ] --END-- [ RunTime:0.000469s ]
SQL: SHOW COLUMNS FROM `type` [ RunTime:0.002921s ]
SQL: INSERT INTO `type` (`tname`,`fid`) VALUES ('箱包礼品',0) [ RunTime:0.009894s ]
INFO: [ view_parse ] --START--
INFO: ParseTemplate Behavior ::run [ RunTime:0.006230s ]
INFO: [ view_parse ] --END-- [ RunTime:0.006284s ]
INFO: [ view_filter ] --START--
INFO: ContentReplace Behavior ::run [ RunTime:0.000343s ]
INFO: TokenBuild Behavior ::run [ RunTime:0.000353s ]
INFO: WriteHtmlCache Behavior ::run [ RunTime:0.000279s ]
INFO: ShowRuntime Behavior ::run [ RunTime:0.000385s ]
INFO: [ view_filter ] --END-- [ RunTime:0.001449s ]
INFO: [ view_end ] --START--
INFO: ShowPageTrace Behavior ::run [ RunTime:0.000468s ]
INFO: [ view_end ] --END-- [ RunTime:0.000499s ]

[ 2015-12-09T10:44:12+08:00 ] 127.0.0.1 /cert/index.php/Type/oper.html
INFO: [ route_check ] --START--
INFO: CheckRoute Behavior ::run [ RunTime:0.000600s ]
INFO: [ route_check ] --END-- [ RunTime:0.000650s ]
INFO: [ app_begin ] --START--
INFO: ReadHtmlCache Behavior ::run [ RunTime:0.000444s ]
INFO: [ app_begin ] --END-- [ RunTime:0.000481s ]

[ 2015-12-09T10:44:42+08:00 ] 127.0.0.1 /cert/index.php/Type/add
INFO: [ route_check ] --START--
INFO: CheckRoute Behavior ::run [ RunTime:0.000581s ]
INFO: [ route_check ] --END-- [ RunTime:0.000637s ]
INFO: [ app_begin ] --START--
INFO: ReadHtmlCache Behavior ::run [ RunTime:0.000434s ]
INFO: [ app_begin ] --END-- [ RunTime:0.000468s ]
INFO: [ view_parse ] --START--
INFO: ParseTemplate Behavior ::run [ RunTime:0.004993s ]
INFO: [ view_parse ] --END-- [ RunTime:0.005045s ]
INFO: [ view_filter ] --START--
INFO: ContentReplace Behavior ::run [ RunTime:0.000641s ]
INFO: TokenBuild Behavior ::run [ RunTime:0.000483s ]
INFO: WriteHtmlCache Behavior ::run [ RunTime:0.000283s ]
INFO: ShowRuntime Behavior ::run [ RunTime:0.000379s ]
INFO: [ view_filter ] --END-- [ RunTime:0.001900s ]
INFO: [ view_end ] --START--
INFO: ShowPageTrace Behavior ::run [ RunTime:0.000472s ]
INFO: [ view_end ] --END-- [ RunTime:0.000505s ]

[ 2015-12-09T10:52:59+08:00 ] 127.0.0.1 /cert/index.php/Type/add
INFO: [ route_check ] --START--
INFO: CheckRoute Behavior ::run [ RunTime:0.001253s ]
INFO: [ route_check ] --END-- [ RunTime:0.001303s ]
INFO: [ app_begin ] --START--
INFO: ReadHtmlCache Behavior ::run [ RunTime:0.000723s ]
INFO: [ app_begin ] --END-- [ RunTime:0.000759s ]
SQL: SHOW COLUMNS FROM `type` [ RunTime:0.003689s ]
SQL: SELECT * FROM `type` WHERE ( fid=0 )  [ RunTime:0.000364s ]
INFO: [ view_parse ] --START--
INFO: ParseTemplate Behavior ::run [ RunTime:0.007112s ]
INFO: [ view_parse ] --END-- [ RunTime:0.007165s ]
INFO: [ view_filter ] --START--
INFO: ContentReplace Behavior ::run [ RunTime:0.000665s ]
INFO: TokenBuild Behavior ::run [ RunTime:0.000632s ]
INFO: WriteHtmlCache Behavior ::run [ RunTime:0.000580s ]
INFO: ShowRuntime Behavior ::run [ RunTime:0.000673s ]
INFO: [ view_filter ] --END-- [ RunTime:0.002644s ]
INFO: [ view_end ] --START--
INFO: ShowPageTrace Behavior ::run [ RunTime:0.000759s ]
INFO: [ view_end ] --END-- [ RunTime:0.000795s ]

[ 2015-12-09T10:53:17+08:00 ] 127.0.0.1 /cert/index.php/Type/tsave
INFO: [ route_check ] --START--
INFO: CheckRoute Behavior ::run [ RunTime:0.000594s ]
INFO: [ route_check ] --END-- [ RunTime:0.000648s ]
INFO: [ app_begin ] --START--
INFO: ReadHtmlCache Behavior ::run [ RunTime:0.000492s ]
INFO: [ app_begin ] --END-- [ RunTime:0.000532s ]
SQL: SHOW COLUMNS FROM `type` [ RunTime:0.003078s ]
SQL: INSERT INTO `type` (`tname`,`fid`) VALUES ('男装',1) [ RunTime:0.012322s ]
INFO: [ view_parse ] --START--
INFO: ParseTemplate Behavior ::run [ RunTime:0.005739s ]
INFO: [ view_parse ] --END-- [ RunTime:0.005820s ]
INFO: [ view_filter ] --START--
INFO: ContentReplace Behavior ::run [ RunTime:0.000371s ]
INFO: TokenBuild Behavior ::run [ RunTime:0.000395s ]
INFO: WriteHtmlCache Behavior ::run [ RunTime:0.000341s ]
INFO: ShowRuntime Behavior ::run [ RunTime:0.000385s ]
INFO: [ view_filter ] --END-- [ RunTime:0.001591s ]
INFO: [ view_end ] --START--
INFO: ShowPageTrace Behavior ::run [ RunTime:0.000473s ]
INFO: [ view_end ] --END-- [ RunTime:0.000504s ]

[ 2015-12-09T10:53:18+08:00 ] 127.0.0.1 /cert/index.php/Type/oper.html
INFO: [ route_check ] --START--
INFO: CheckRoute Behavior ::run [ RunTime:0.001253s ]
INFO: [ route_check ] --END-- [ RunTime:0.001324s ]
INFO: [ app_begin ] --START--
INFO: ReadHtmlCache Behavior ::run [ RunTime:0.000733s ]
INFO: [ app_begin ] --END-- [ RunTime:0.000774s ]

[ 2015-12-09T10:53:22+08:00 ] 127.0.0.1 /cert/index.php/Type/add
INFO: [ route_check ] --START--
INFO: CheckRoute Behavior ::run [ RunTime:0.001137s ]
INFO: [ route_check ] --END-- [ RunTime:0.001203s ]
INFO: [ app_begin ] --START--
INFO: ReadHtmlCache Behavior ::run [ RunTime:0.000636s ]
INFO: [ app_begin ] --END-- [ RunTime:0.000684s ]
SQL: SHOW COLUMNS FROM `type` [ RunTime:0.003103s ]
SQL: SELECT * FROM `type` WHERE ( fid=0 )  [ RunTime:0.000289s ]
INFO: [ view_parse ] --START--
INFO: ParseTemplate Behavior ::run [ RunTime:0.005001s ]
INFO: [ view_parse ] --END-- [ RunTime:0.005047s ]
INFO: [ view_filter ] --START--
INFO: ContentReplace Behavior ::run [ RunTime:0.000332s ]
INFO: TokenBuild Behavior ::run [ RunTime:0.000347s ]
INFO: WriteHtmlCache Behavior ::run [ RunTime:0.000272s ]
INFO: ShowRuntime Behavior ::run [ RunTime:0.000375s ]
INFO: [ view_filter ] --END-- [ RunTime:0.001416s ]
INFO: [ view_end ] --START--
INFO: ShowPageTrace Behavior ::run [ RunTime:0.000474s ]
INFO: [ view_end ] --END-- [ RunTime:0.000505s ]

[ 2015-12-09T10:53:29+08:00 ] 127.0.0.1 /cert/index.php/Type/tsave
INFO: [ route_check ] --START--
INFO: CheckRoute Behavior ::run [ RunTime:0.000657s ]
INFO: [ route_check ] --END-- [ RunTime:0.000716s ]
INFO: [ app_begin ] --START--
INFO: ReadHtmlCache Behavior ::run [ RunTime:0.000463s ]
INFO: [ app_begin ] --END-- [ RunTime:0.000501s ]
SQL: SHOW COLUMNS FROM `type` [ RunTime:0.003248s ]
SQL: INSERT INTO `type` (`tname`,`fid`) VALUES ('女装',1) [ RunTime:0.011212s ]
INFO: [ view_parse ] --START--
INFO: ParseTemplate Behavior ::run [ RunTime:0.006137s ]
INFO: [ view_parse ] --END-- [ RunTime:0.006197s ]
INFO: [ view_filter ] --START--
INFO: ContentReplace Behavior ::run [ RunTime:0.000432s ]
INFO: TokenBuild Behavior ::run [ RunTime:0.000493s ]
INFO: WriteHtmlCache Behavior ::run [ RunTime:0.000343s ]
INFO: ShowRuntime Behavior ::run [ RunTime:0.000452s ]
INFO: [ view_filter ] --END-- [ RunTime:0.001836s ]
INFO: [ view_end ] --START--
INFO: ShowPageTrace Behavior ::run [ RunTime:0.000492s ]
INFO: [ view_end ] --END-- [ RunTime:0.000526s ]

[ 2015-12-09T10:53:30+08:00 ] 127.0.0.1 /cert/index.php/Type/oper.html
INFO: [ route_check ] --START--
INFO: CheckRoute Behavior ::run [ RunTime:0.000634s ]
INFO: [ route_check ] --END-- [ RunTime:0.000686s ]
INFO: [ app_begin ] --START--
INFO: ReadHtmlCache Behavior ::run [ RunTime:0.000648s ]
INFO: [ app_begin ] --END-- [ RunTime:0.000700s ]

[ 2015-12-09T10:53:34+08:00 ] 127.0.0.1 /cert/index.php/Type/add
INFO: [ route_check ] --START--
INFO: CheckRoute Behavior ::run [ RunTime:0.000893s ]
INFO: [ route_check ] --END-- [ RunTime:0.000966s ]
INFO: [ app_begin ] --START--
INFO: ReadHtmlCache Behavior ::run [ RunTime:0.000684s ]
INFO: [ app_begin ] --END-- [ RunTime:0.000737s ]
SQL: SHOW COLUMNS FROM `type` [ RunTime:0.003965s ]
SQL: SELECT * FROM `type` WHERE ( fid=0 )  [ RunTime:0.000302s ]
INFO: [ view_parse ] --START--
INFO: ParseTemplate Behavior ::run [ RunTime:0.005450s ]
INFO: [ view_parse ] --END-- [ RunTime:0.005501s ]
INFO: [ view_filter ] --START--
INFO: ContentReplace Behavior ::run [ RunTime:0.000350s ]
INFO: TokenBuild Behavior ::run [ RunTime:0.000339s ]
INFO: WriteHtmlCache Behavior ::run [ RunTime:0.000274s ]
INFO: ShowRuntime Behavior ::run [ RunTime:0.000377s ]
INFO: [ view_filter ] --END-- [ RunTime:0.001436s ]
INFO: [ view_end ] --START--
INFO: ShowPageTrace Behavior ::run [ RunTime:0.000484s ]
INFO: [ view_end ] --END-- [ RunTime:0.000522s ]

[ 2015-12-09T10:55:02+08:00 ] 127.0.0.1 /cert/index.php/Type/add
INFO: [ route_check ] --START--
INFO: CheckRoute Behavior ::run [ RunTime:0.001254s ]
INFO: [ route_check ] --END-- [ RunTime:0.001308s ]
INFO: [ app_begin ] --START--
INFO: ReadHtmlCache Behavior ::run [ RunTime:0.000725s ]
INFO: [ app_begin ] --END-- [ RunTime:0.000760s ]
SQL: SHOW COLUMNS FROM `type` [ RunTime:0.003918s ]
SQL: SELECT * FROM `type` WHERE ( fid=0 )  [ RunTime:0.000287s ]
SQL: SELECT * FROM `type` WHERE ( fid=1 )  [ RunTime:0.000191s ]
SQL: SELECT * FROM `type` WHERE ( fid=3 )  [ RunTime:0.000180s ]
NOTIC: [2] Invalid argument supplied for foreach() F:\php\cert\shop\Common\common.php 第 6 行.
SQL: SELECT * FROM `type` WHERE ( fid=4 )  [ RunTime:0.000178s ]
NOTIC: [2] Invalid argument supplied for foreach() F:\php\cert\shop\Common\common.php 第 6 行.
SQL: SELECT * FROM `type` WHERE ( fid=2 )  [ RunTime:0.000172s ]
NOTIC: [2] Invalid argument supplied for foreach() F:\php\cert\shop\Common\common.php 第 6 行.
INFO: [ view_parse ] --START--
INFO: ParseTemplate Behavior ::run [ RunTime:0.006994s ]
INFO: [ view_parse ] --END-- [ RunTime:0.007061s ]
INFO: [ view_filter ] --START--
INFO: ContentReplace Behavior ::run [ RunTime:0.000691s ]
INFO: TokenBuild Behavior ::run [ RunTime:0.000662s ]
INFO: WriteHtmlCache Behavior ::run [ RunTime:0.000561s ]
INFO: ShowRuntime Behavior ::run [ RunTime:0.000663s ]
INFO: [ view_filter ] --END-- [ RunTime:0.002679s ]
INFO: [ view_end ] --START--
INFO: ShowPageTrace Behavior ::run [ RunTime:0.001322s ]
INFO: [ view_end ] --END-- [ RunTime:0.001363s ]

[ 2015-12-09T10:56:56+08:00 ] 127.0.0.1 /cert/index.php/Type/add
INFO: [ route_check ] --START--
INFO: CheckRoute Behavior ::run [ RunTime:0.000615s ]
INFO: [ route_check ] --END-- [ RunTime:0.000671s ]
INFO: [ app_begin ] --START--
INFO: ReadHtmlCache Behavior ::run [ RunTime:0.000454s ]
INFO: [ app_begin ] --END-- [ RunTime:0.000490s ]
SQL: SHOW COLUMNS FROM `type` [ RunTime:0.003527s ]
SQL: SELECT * FROM `type` WHERE ( fid=0 )  [ RunTime:0.000371s ]
SQL: SELECT * FROM `type` WHERE ( fid=1 )  [ RunTime:0.000248s ]
SQL: SELECT * FROM `type` WHERE ( fid=3 )  [ RunTime:0.000193s ]
NOTIC: [2] Invalid argument supplied for foreach() F:\php\cert\shop\Common\common.php 第 6 行.
SQL: SELECT * FROM `type` WHERE ( fid=4 )  [ RunTime:0.000204s ]
NOTIC: [2] Invalid argument supplied for foreach() F:\php\cert\shop\Common\common.php 第 6 行.
SQL: SELECT * FROM `type` WHERE ( fid=2 )  [ RunTime:0.000201s ]
NOTIC: [2] Invalid argument supplied for foreach() F:\php\cert\shop\Common\common.php 第 6 行.
INFO: [ view_parse ] --START--
INFO: ParseTemplate Behavior ::run [ RunTime:0.005111s ]
INFO: [ view_parse ] --END-- [ RunTime:0.005157s ]
INFO: [ view_filter ] --START--
INFO: ContentReplace Behavior ::run [ RunTime:0.000338s ]
INFO: TokenBuild Behavior ::run [ RunTime:0.000336s ]
INFO: WriteHtmlCache Behavior ::run [ RunTime:0.000268s ]
INFO: ShowRuntime Behavior ::run [ RunTime:0.000459s ]
INFO: [ view_filter ] --END-- [ RunTime:0.001493s ]
INFO: [ view_end ] --START--
INFO: ShowPageTrace Behavior ::run [ RunTime:0.000481s ]
INFO: [ view_end ] --END-- [ RunTime:0.000514s ]

[ 2015-12-09T10:57:09+08:00 ] 127.0.0.1 /cert/index.php/Type/tsave
INFO: [ route_check ] --START--
INFO: CheckRoute Behavior ::run [ RunTime:0.001310s ]
INFO: [ route_check ] --END-- [ RunTime:0.001364s ]
INFO: [ app_begin ] --START--
INFO: ReadHtmlCache Behavior ::run [ RunTime:0.000735s ]
INFO: [ app_begin ] --END-- [ RunTime:0.000773s ]
SQL: SHOW COLUMNS FROM `type` [ RunTime:0.003152s ]
SQL: INSERT INTO `type` (`tname`,`fid`) VALUES ('包包',2) [ RunTime:0.012993s ]
INFO: [ view_parse ] --START--
INFO: ParseTemplate Behavior ::run [ RunTime:0.008103s ]
INFO: [ view_parse ] --END-- [ RunTime:0.008156s ]
INFO: [ view_filter ] --START--
INFO: ContentReplace Behavior ::run [ RunTime:0.000629s ]
INFO: TokenBuild Behavior ::run [ RunTime:0.000628s ]
INFO: WriteHtmlCache Behavior ::run [ RunTime:0.000553s ]
INFO: ShowRuntime Behavior ::run [ RunTime:0.000665s ]
INFO: [ view_filter ] --END-- [ RunTime:0.002567s ]
INFO: [ view_end ] --START--
INFO: ShowPageTrace Behavior ::run [ RunTime:0.000758s ]
INFO: [ view_end ] --END-- [ RunTime:0.000790s ]

[ 2015-12-09T10:57:10+08:00 ] 127.0.0.1 /cert/index.php/Type/oper.html
INFO: [ route_check ] --START--
INFO: CheckRoute Behavior ::run [ RunTime:0.000847s ]
INFO: [ route_check ] --END-- [ RunTime:0.000916s ]
INFO: [ app_begin ] --START--
INFO: ReadHtmlCache Behavior ::run [ RunTime:0.000520s ]
INFO: [ app_begin ] --END-- [ RunTime:0.000561s ]

[ 2015-12-09T10:57:14+08:00 ] 127.0.0.1 /cert/index.php/Type/add
INFO: [ route_check ] --START--
INFO: CheckRoute Behavior ::run [ RunTime:0.000607s ]
INFO: [ route_check ] --END-- [ RunTime:0.000661s ]
INFO: [ app_begin ] --START--
INFO: ReadHtmlCache Behavior ::run [ RunTime:0.000456s ]
INFO: [ app_begin ] --END-- [ RunTime:0.000490s ]
SQL: SHOW COLUMNS FROM `type` [ RunTime:0.003019s ]
SQL: SELECT * FROM `type` WHERE ( fid=0 )  [ RunTime:0.000230s ]
SQL: SELECT * FROM `type` WHERE ( fid=1 )  [ RunTime:0.000152s ]
SQL: SELECT * FROM `type` WHERE ( fid=3 )  [ RunTime:0.000135s ]
NOTIC: [2] Invalid argument supplied for foreach() F:\php\cert\shop\Common\common.php 第 6 行.
SQL: SELECT * FROM `type` WHERE ( fid=4 )  [ RunTime:0.000133s ]
NOTIC: [2] Invalid argument supplied for foreach() F:\php\cert\shop\Common\common.php 第 6 行.
SQL: SELECT * FROM `type` WHERE ( fid=2 )  [ RunTime:0.000133s ]
SQL: SELECT * FROM `type` WHERE ( fid=5 )  [ RunTime:0.000132s ]
NOTIC: [2] Invalid argument supplied for foreach() F:\php\cert\shop\Common\common.php 第 6 行.
INFO: [ view_parse ] --START--
INFO: ParseTemplate Behavior ::run [ RunTime:0.006510s ]
INFO: [ view_parse ] --END-- [ RunTime:0.006578s ]
INFO: [ view_filter ] --START--
INFO: ContentReplace Behavior ::run [ RunTime:0.000377s ]
INFO: TokenBuild Behavior ::run [ RunTime:0.000343s ]
INFO: WriteHtmlCache Behavior ::run [ RunTime:0.000271s ]
INFO: ShowRuntime Behavior ::run [ RunTime:0.000408s ]
INFO: [ view_filter ] --END-- [ RunTime:0.001491s ]
INFO: [ view_end ] --START--
INFO: ShowPageTrace Behavior ::run [ RunTime:0.000470s ]
INFO: [ view_end ] --END-- [ RunTime:0.000503s ]

[ 2015-12-09T10:59:50+08:00 ] 127.0.0.1 /cert/index.php/Type/add
INFO: [ route_check ] --START--
INFO: CheckRoute Behavior ::run [ RunTime:0.001329s ]
INFO: [ route_check ] --END-- [ RunTime:0.001383s ]
INFO: [ app_begin ] --START--
INFO: ReadHtmlCache Behavior ::run [ RunTime:0.000729s ]
INFO: [ app_begin ] --END-- [ RunTime:0.000772s ]
SQL: SHOW COLUMNS FROM `type` [ RunTime:0.002964s ]
SQL: SELECT * FROM `type` WHERE ( fid=0 )  [ RunTime:0.000261s ]
SQL: SELECT * FROM `type` WHERE ( fid=1 )  [ RunTime:0.000160s ]
SQL: SELECT * FROM `type` WHERE ( fid=3 )  [ RunTime:0.000150s ]
NOTIC: [2] Invalid argument supplied for foreach() F:\php\cert\shop\Common\common.php 第 9 行.
SQL: SELECT * FROM `type` WHERE ( fid=4 )  [ RunTime:0.000148s ]
NOTIC: [2] Invalid argument supplied for foreach() F:\php\cert\shop\Common\common.php 第 9 行.
SQL: SELECT * FROM `type` WHERE ( fid=2 )  [ RunTime:0.000148s ]
SQL: SELECT * FROM `type` WHERE ( fid=5 )  [ RunTime:0.000144s ]
NOTIC: [2] Invalid argument supplied for foreach() F:\php\cert\shop\Common\common.php 第 9 行.
INFO: [ view_parse ] --START--
INFO: ParseTemplate Behavior ::run [ RunTime:0.007216s ]
INFO: [ view_parse ] --END-- [ RunTime:0.007271s ]
INFO: [ view_filter ] --START--
INFO: ContentReplace Behavior ::run [ RunTime:0.000831s ]
INFO: TokenBuild Behavior ::run [ RunTime:0.000758s ]
INFO: WriteHtmlCache Behavior ::run [ RunTime:0.000572s ]
INFO: ShowRuntime Behavior ::run [ RunTime:0.000662s ]
INFO: [ view_filter ] --END-- [ RunTime:0.002935s ]
INFO: [ view_end ] --START--
INFO: ShowPageTrace Behavior ::run [ RunTime:0.000764s ]
INFO: [ view_end ] --END-- [ RunTime:0.000797s ]

[ 2015-12-09T11:00:04+08:00 ] 127.0.0.1 /cert/index.php/Type/tsave
INFO: [ route_check ] --START--
INFO: CheckRoute Behavior ::run [ RunTime:0.000580s ]
INFO: [ route_check ] --END-- [ RunTime:0.000631s ]
INFO: [ app_begin ] --START--
INFO: ReadHtmlCache Behavior ::run [ RunTime:0.000439s ]
INFO: [ app_begin ] --END-- [ RunTime:0.000473s ]
SQL: SHOW COLUMNS FROM `type` [ RunTime:0.002957s ]
SQL: INSERT INTO `type` (`tname`,`fid`) VALUES ('夹克',3) [ RunTime:0.023140s ]
INFO: [ view_parse ] --START--
INFO: ParseTemplate Behavior ::run [ RunTime:0.005739s ]
INFO: [ view_parse ] --END-- [ RunTime:0.005805s ]
INFO: [ view_filter ] --START--
INFO: ContentReplace Behavior ::run [ RunTime:0.000359s ]
INFO: TokenBuild Behavior ::run [ RunTime:0.000338s ]
INFO: WriteHtmlCache Behavior ::run [ RunTime:0.000268s ]
INFO: ShowRuntime Behavior ::run [ RunTime:0.000394s ]
INFO: [ view_filter ] --END-- [ RunTime:0.001450s ]
INFO: [ view_end ] --START--
INFO: ShowPageTrace Behavior ::run [ RunTime:0.000497s ]
INFO: [ view_end ] --END-- [ RunTime:0.000530s ]

[ 2015-12-09T11:00:05+08:00 ] 127.0.0.1 /cert/index.php/Type/oper.html
INFO: [ route_check ] --START--
INFO: CheckRoute Behavior ::run [ RunTime:0.000608s ]
INFO: [ route_check ] --END-- [ RunTime:0.000660s ]
INFO: [ app_begin ] --START--
INFO: ReadHtmlCache Behavior ::run [ RunTime:0.000440s ]
INFO: [ app_begin ] --END-- [ RunTime:0.000474s ]

[ 2015-12-09T11:00:11+08:00 ] 127.0.0.1 /cert/index.php/Type/add
INFO: [ route_check ] --START--
INFO: CheckRoute Behavior ::run [ RunTime:0.000628s ]
INFO: [ route_check ] --END-- [ RunTime:0.000685s ]
INFO: [ app_begin ] --START--
INFO: ReadHtmlCache Behavior ::run [ RunTime:0.000468s ]
INFO: [ app_begin ] --END-- [ RunTime:0.000504s ]
SQL: SHOW COLUMNS FROM `type` [ RunTime:0.003260s ]
SQL: SELECT * FROM `type` WHERE ( fid=0 )  [ RunTime:0.000360s ]
SQL: SELECT * FROM `type` WHERE ( fid=1 )  [ RunTime:0.000246s ]
SQL: SELECT * FROM `type` WHERE ( fid=3 )  [ RunTime:0.000243s ]
SQL: SELECT * FROM `type` WHERE ( fid=6 )  [ RunTime:0.000238s ]
NOTIC: [2] Invalid argument supplied for foreach() F:\php\cert\shop\Common\common.php 第 9 行.
SQL: SELECT * FROM `type` WHERE ( fid=4 )  [ RunTime:0.000206s ]
NOTIC: [2] Invalid argument supplied for foreach() F:\php\cert\shop\Common\common.php 第 9 行.
SQL: SELECT * FROM `type` WHERE ( fid=2 )  [ RunTime:0.000198s ]
SQL: SELECT * FROM `type` WHERE ( fid=5 )  [ RunTime:0.000227s ]
NOTIC: [2] Invalid argument supplied for foreach() F:\php\cert\shop\Common\common.php 第 9 行.
INFO: [ view_parse ] --START--
INFO: ParseTemplate Behavior ::run [ RunTime:0.006206s ]
INFO: [ view_parse ] --END-- [ RunTime:0.006292s ]
INFO: [ view_filter ] --START--
INFO: ContentReplace Behavior ::run [ RunTime:0.000454s ]
INFO: TokenBuild Behavior ::run [ RunTime:0.000345s ]
INFO: WriteHtmlCache Behavior ::run [ RunTime:0.000284s ]
INFO: ShowRuntime Behavior ::run [ RunTime:0.000379s ]
INFO: [ view_filter ] --END-- [ RunTime:0.001559s ]
INFO: [ view_end ] --START--
INFO: ShowPageTrace Behavior ::run [ RunTime:0.000480s ]
INFO: [ view_end ] --END-- [ RunTime:0.000512s ]

[ 2015-12-09T11:42:27+08:00 ] 127.0.0.1 /cert/index.php/Type/oper
INFO: [ route_check ] --START--
INFO: CheckRoute Behavior ::run [ RunTime:0.001319s ]
INFO: [ route_check ] --END-- [ RunTime:0.001372s ]
INFO: [ app_begin ] --START--
INFO: ReadHtmlCache Behavior ::run [ RunTime:0.001124s ]
INFO: [ app_begin ] --END-- [ RunTime:0.001203s ]
SQL: SHOW COLUMNS FROM `type` [ RunTime:0.003028s ]
SQL: SELECT * FROM `type` WHERE ( fid=0 )  [ RunTime:0.000351s ]
INFO: [ view_parse ] --START--
INFO: ParseTemplate Behavior ::run [ RunTime:0.007207s ]
INFO: [ view_parse ] --END-- [ RunTime:0.007263s ]
INFO: [ view_filter ] --START--
INFO: ContentReplace Behavior ::run [ RunTime:0.000657s ]
INFO: TokenBuild Behavior ::run [ RunTime:0.000628s ]
INFO: WriteHtmlCache Behavior ::run [ RunTime:0.000561s ]
INFO: ShowRuntime Behavior ::run [ RunTime:0.000818s ]
INFO: [ view_filter ] --END-- [ RunTime:0.002756s ]
INFO: [ view_end ] --START--
INFO: ShowPageTrace Behavior ::run [ RunTime:0.001565s ]
INFO: [ view_end ] --END-- [ RunTime:0.001617s ]

[ 2015-12-09T11:43:47+08:00 ] 127.0.0.1 /cert/index.php/Type/oper
INFO: [ route_check ] --START--
INFO: CheckRoute Behavior ::run [ RunTime:0.000583s ]
INFO: [ route_check ] --END-- [ RunTime:0.000635s ]
INFO: [ app_begin ] --START--
INFO: ReadHtmlCache Behavior ::run [ RunTime:0.000437s ]
INFO: [ app_begin ] --END-- [ RunTime:0.000471s ]
SQL: SHOW COLUMNS FROM `type` [ RunTime:0.003123s ]
SQL: SELECT * FROM `type` WHERE ( fid=0 )  [ RunTime:0.000254s ]
SQL: SELECT * FROM `type` WHERE ( fid=1 )  [ RunTime:0.000176s ]
SQL: SELECT * FROM `type` WHERE ( fid=3 )  [ RunTime:0.000155s ]
SQL: SELECT * FROM `type` WHERE ( fid=6 )  [ RunTime:0.000196s ]
NOTIC: [2] Invalid argument supplied for foreach() F:\php\cert\shop\Common\common.php 第 22 行.
SQL: SELECT * FROM `type` WHERE ( fid=4 )  [ RunTime:0.000161s ]
NOTIC: [2] Invalid argument supplied for foreach() F:\php\cert\shop\Common\common.php 第 22 行.
SQL: SELECT * FROM `type` WHERE ( fid=2 )  [ RunTime:0.000155s ]
SQL: SELECT * FROM `type` WHERE ( fid=5 )  [ RunTime:0.000143s ]
NOTIC: [2] Invalid argument supplied for foreach() F:\php\cert\shop\Common\common.php 第 22 行.
INFO: [ view_parse ] --START--
INFO: ParseTemplate Behavior ::run [ RunTime:0.004937s ]
INFO: [ view_parse ] --END-- [ RunTime:0.004995s ]
INFO: [ view_filter ] --START--
INFO: ContentReplace Behavior ::run [ RunTime:0.000390s ]
INFO: TokenBuild Behavior ::run [ RunTime:0.000341s ]
INFO: WriteHtmlCache Behavior ::run [ RunTime:0.000270s ]
INFO: ShowRuntime Behavior ::run [ RunTime:0.000427s ]
INFO: [ view_filter ] --END-- [ RunTime:0.001531s ]
INFO: [ view_end ] --START--
INFO: ShowPageTrace Behavior ::run [ RunTime:0.000475s ]
INFO: [ view_end ] --END-- [ RunTime:0.000507s ]

[ 2015-12-09T11:44:36+08:00 ] 127.0.0.1 /cert/index.php/Type/oper
INFO: [ route_check ] --START--
INFO: CheckRoute Behavior ::run [ RunTime:0.001257s ]
INFO: [ route_check ] --END-- [ RunTime:0.001309s ]
INFO: [ app_begin ] --START--
INFO: ReadHtmlCache Behavior ::run [ RunTime:0.000721s ]
INFO: [ app_begin ] --END-- [ RunTime:0.000757s ]
SQL: SHOW COLUMNS FROM `type` [ RunTime:0.003095s ]
SQL: SELECT * FROM `type` WHERE ( fid=0 )  [ RunTime:0.000334s ]
SQL: SELECT * FROM `type` WHERE ( fid=1 )  [ RunTime:0.000264s ]
SQL: SELECT * FROM `type` WHERE ( fid=3 )  [ RunTime:0.000271s ]
SQL: SELECT * FROM `type` WHERE ( fid=6 )  [ RunTime:0.000281s ]
NOTIC: [2] Invalid argument supplied for foreach() F:\php\cert\shop\Common\common.php 第 24 行.
SQL: SELECT * FROM `type` WHERE ( fid=4 )  [ RunTime:0.000216s ]
NOTIC: [2] Invalid argument supplied for foreach() F:\php\cert\shop\Common\common.php 第 24 行.
SQL: SELECT * FROM `type` WHERE ( fid=2 )  [ RunTime:0.000213s ]
SQL: SELECT * FROM `type` WHERE ( fid=5 )  [ RunTime:0.000206s ]
NOTIC: [2] Invalid argument supplied for foreach() F:\php\cert\shop\Common\common.php 第 24 行.
INFO: [ view_parse ] --START--
INFO: ParseTemplate Behavior ::run [ RunTime:0.007586s ]
INFO: [ view_parse ] --END-- [ RunTime:0.007641s ]
INFO: [ view_filter ] --START--
INFO: ContentReplace Behavior ::run [ RunTime:0.001263s ]
INFO: TokenBuild Behavior ::run [ RunTime:0.000853s ]
INFO: WriteHtmlCache Behavior ::run [ RunTime:0.000590s ]
INFO: ShowRuntime Behavior ::run [ RunTime:0.000671s ]
INFO: [ view_filter ] --END-- [ RunTime:0.003495s ]
INFO: [ view_end ] --START--
INFO: ShowPageTrace Behavior ::run [ RunTime:0.000772s ]
INFO: [ view_end ] --END-- [ RunTime:0.000804s ]

[ 2015-12-09T11:48:16+08:00 ] 127.0.0.1 /cert/index.php/Type/oper
INFO: [ route_check ] --START--
INFO: CheckRoute Behavior ::run [ RunTime:0.001474s ]
INFO: [ route_check ] --END-- [ RunTime:0.001530s ]
INFO: [ app_begin ] --START--
INFO: ReadHtmlCache Behavior ::run [ RunTime:0.001003s ]
INFO: [ app_begin ] --END-- [ RunTime:0.001066s ]
SQL: SHOW COLUMNS FROM `type` [ RunTime:0.002907s ]
SQL: SELECT * FROM `type` WHERE ( fid=0 )  [ RunTime:0.000319s ]
SQL: SELECT * FROM `type` WHERE ( fid=1 )  [ RunTime:0.000220s ]
SQL: SELECT * FROM `type` WHERE ( fid=3 )  [ RunTime:0.000219s ]
SQL: SELECT * FROM `type` WHERE ( fid=6 )  [ RunTime:0.000212s ]
NOTIC: [2] Invalid argument supplied for foreach() F:\php\cert\shop\Common\common.php 第 24 行.
SQL: SELECT * FROM `type` WHERE ( fid=4 )  [ RunTime:0.000215s ]
NOTIC: [2] Invalid argument supplied for foreach() F:\php\cert\shop\Common\common.php 第 24 行.
SQL: SELECT * FROM `type` WHERE ( fid=2 )  [ RunTime:0.000216s ]
SQL: SELECT * FROM `type` WHERE ( fid=5 )  [ RunTime:0.000223s ]
NOTIC: [2] Invalid argument supplied for foreach() F:\php\cert\shop\Common\common.php 第 24 行.
INFO: [ view_parse ] --START--
INFO: ParseTemplate Behavior ::run [ RunTime:0.007937s ]
INFO: [ view_parse ] --END-- [ RunTime:0.007989s ]
INFO: [ view_filter ] --START--
INFO: ContentReplace Behavior ::run [ RunTime:0.000788s ]
INFO: TokenBuild Behavior ::run [ RunTime:0.000914s ]
INFO: WriteHtmlCache Behavior ::run [ RunTime:0.001650s ]
INFO: ShowRuntime Behavior ::run [ RunTime:0.000892s ]
INFO: [ view_filter ] --END-- [ RunTime:0.004376s ]
INFO: [ view_end ] --START--
INFO: ShowPageTrace Behavior ::run [ RunTime:0.001086s ]
INFO: [ view_end ] --END-- [ RunTime:0.001124s ]

[ 2015-12-09T11:50:52+08:00 ] 127.0.0.1 /cert/index.php/Type/oper
INFO: [ route_check ] --START--
INFO: CheckRoute Behavior ::run [ RunTime:0.001544s ]
INFO: [ route_check ] --END-- [ RunTime:0.001614s ]
INFO: [ app_begin ] --START--
INFO: ReadHtmlCache Behavior ::run [ RunTime:0.000852s ]
INFO: [ app_begin ] --END-- [ RunTime:0.000904s ]
SQL: SHOW COLUMNS FROM `type` [ RunTime:0.002926s ]
SQL: SELECT * FROM `type` WHERE ( fid=0 )  [ RunTime:0.000306s ]
SQL: SELECT * FROM `type` WHERE ( fid=1 )  [ RunTime:0.000255s ]
SQL: SELECT * FROM `type` WHERE ( fid=3 )  [ RunTime:0.000230s ]
SQL: SELECT * FROM `type` WHERE ( fid=6 )  [ RunTime:0.000617s ]
NOTIC: [2] Invalid argument supplied for foreach() F:\php\cert\shop\Common\common.php 第 24 行.
SQL: SELECT * FROM `type` WHERE ( fid=4 )  [ RunTime:0.000366s ]
NOTIC: [2] Invalid argument supplied for foreach() F:\php\cert\shop\Common\common.php 第 24 行.
SQL: SELECT * FROM `type` WHERE ( fid=2 )  [ RunTime:0.000309s ]
SQL: SELECT * FROM `type` WHERE ( fid=5 )  [ RunTime:0.000184s ]
NOTIC: [2] Invalid argument supplied for foreach() F:\php\cert\shop\Common\common.php 第 24 行.
INFO: [ view_parse ] --START--
INFO: ParseTemplate Behavior ::run [ RunTime:0.006888s ]
INFO: [ view_parse ] --END-- [ RunTime:0.006937s ]
INFO: [ view_filter ] --START--
INFO: ContentReplace Behavior ::run [ RunTime:0.000629s ]
INFO: TokenBuild Behavior ::run [ RunTime:0.000628s ]
INFO: WriteHtmlCache Behavior ::run [ RunTime:0.000556s ]
INFO: ShowRuntime Behavior ::run [ RunTime:0.000673s ]
INFO: [ view_filter ] --END-- [ RunTime:0.002578s ]
INFO: [ view_end ] --START--
INFO: ShowPageTrace Behavior ::run [ RunTime:0.000855s ]
INFO: [ view_end ] --END-- [ RunTime:0.000888s ]

[ 2015-12-09T11:50:56+08:00 ] 127.0.0.1 /cert/index.php/Type/delete/id/3.html
INFO: [ route_check ] --START--
INFO: CheckRoute Behavior ::run [ RunTime:0.000580s ]
INFO: [ route_check ] --END-- [ RunTime:0.000634s ]
INFO: [ app_begin ] --START--
INFO: ReadHtmlCache Behavior ::run [ RunTime:0.000433s ]
INFO: [ app_begin ] --END-- [ RunTime:0.000467s ]
SQL: SHOW COLUMNS FROM `type` [ RunTime:0.003330s ]
SQL: UPDATE `type` SET `state`=9 WHERE ( id=3 ) [ RunTime:0.019914s ]
INFO: [ view_parse ] --START--
INFO: ParseTemplate Behavior ::run [ RunTime:0.006140s ]
INFO: [ view_parse ] --END-- [ RunTime:0.006193s ]
INFO: [ view_filter ] --START--
INFO: ContentReplace Behavior ::run [ RunTime:0.000342s ]
INFO: TokenBuild Behavior ::run [ RunTime:0.000337s ]
INFO: WriteHtmlCache Behavior ::run [ RunTime:0.000277s ]
INFO: ShowRuntime Behavior ::run [ RunTime:0.000376s ]
INFO: [ view_filter ] --END-- [ RunTime:0.001421s ]
INFO: [ view_end ] --START--
INFO: ShowPageTrace Behavior ::run [ RunTime:0.000470s ]
INFO: [ view_end ] --END-- [ RunTime:0.000502s ]

[ 2015-12-09T11:50:57+08:00 ] 127.0.0.1 /cert/index.php/Type/oper.html
INFO: [ route_check ] --START--
INFO: CheckRoute Behavior ::run [ RunTime:0.001455s ]
INFO: [ route_check ] --END-- [ RunTime:0.001523s ]
INFO: [ app_begin ] --START--
INFO: ReadHtmlCache Behavior ::run [ RunTime:0.000538s ]
INFO: [ app_begin ] --END-- [ RunTime:0.000576s ]
SQL: SHOW COLUMNS FROM `type` [ RunTime:0.003371s ]
SQL: SELECT * FROM `type` WHERE ( fid=0 )  [ RunTime:0.000276s ]
SQL: SELECT * FROM `type` WHERE ( fid=1 )  [ RunTime:0.000224s ]
SQL: SELECT * FROM `type` WHERE ( fid=3 )  [ RunTime:0.000219s ]
SQL: SELECT * FROM `type` WHERE ( fid=6 )  [ RunTime:0.000218s ]
NOTIC: [2] Invalid argument supplied for foreach() F:\php\cert\shop\Common\common.php 第 24 行.
SQL: SELECT * FROM `type` WHERE ( fid=4 )  [ RunTime:0.000188s ]
NOTIC: [2] Invalid argument supplied for foreach() F:\php\cert\shop\Common\common.php 第 24 行.
SQL: SELECT * FROM `type` WHERE ( fid=2 )  [ RunTime:0.000190s ]
SQL: SELECT * FROM `type` WHERE ( fid=5 )  [ RunTime:0.000188s ]
NOTIC: [2] Invalid argument supplied for foreach() F:\php\cert\shop\Common\common.php 第 24 行.
INFO: [ view_parse ] --START--
INFO: ParseTemplate Behavior ::run [ RunTime:0.004959s ]
INFO: [ view_parse ] --END-- [ RunTime:0.005004s ]
INFO: [ view_filter ] --START--
INFO: ContentReplace Behavior ::run [ RunTime:0.000341s ]
INFO: TokenBuild Behavior ::run [ RunTime:0.000660s ]
INFO: WriteHtmlCache Behavior ::run [ RunTime:0.000442s ]
INFO: ShowRuntime Behavior ::run [ RunTime:0.000473s ]
INFO: [ view_filter ] --END-- [ RunTime:0.002041s ]
INFO: [ view_end ] --START--
INFO: ShowPageTrace Behavior ::run [ RunTime:0.000526s ]
INFO: [ view_end ] --END-- [ RunTime:0.000564s ]

[ 2015-12-09T11:51:42+08:00 ] 127.0.0.1 /cert/index.php/Type/oper.html
INFO: [ route_check ] --START--
INFO: CheckRoute Behavior ::run [ RunTime:0.000806s ]
INFO: [ route_check ] --END-- [ RunTime:0.000869s ]
INFO: [ app_begin ] --START--
INFO: ReadHtmlCache Behavior ::run [ RunTime:0.000469s ]
INFO: [ app_begin ] --END-- [ RunTime:0.000505s ]
SQL: SHOW COLUMNS FROM `type` [ RunTime:0.003342s ]
SQL: SELECT * FROM `type` WHERE ( fid=0 and state=0 )  [ RunTime:0.000385s ]
SQL: SELECT * FROM `type` WHERE ( fid=1 and state=0 )  [ RunTime:0.000232s ]
SQL: SELECT * FROM `type` WHERE ( fid=4 and state=0 )  [ RunTime:0.000235s ]
NOTIC: [2] Invalid argument supplied for foreach() F:\php\cert\shop\Common\common.php 第 24 行.
SQL: SELECT * FROM `type` WHERE ( fid=2 and state=0 )  [ RunTime:0.000250s ]
SQL: SELECT * FROM `type` WHERE ( fid=5 and state=0 )  [ RunTime:0.000219s ]
NOTIC: [2] Invalid argument supplied for foreach() F:\php\cert\shop\Common\common.php 第 24 行.
INFO: [ view_parse ] --START--
INFO: ParseTemplate Behavior ::run [ RunTime:0.005894s ]
INFO: [ view_parse ] --END-- [ RunTime:0.005957s ]
INFO: [ view_filter ] --START--
INFO: ContentReplace Behavior ::run [ RunTime:0.000439s ]
INFO: TokenBuild Behavior ::run [ RunTime:0.000373s ]
INFO: WriteHtmlCache Behavior ::run [ RunTime:0.000277s ]
INFO: ShowRuntime Behavior ::run [ RunTime:0.000377s ]
INFO: [ view_filter ] --END-- [ RunTime:0.001573s ]
INFO: [ view_end ] --START--
INFO: ShowPageTrace Behavior ::run [ RunTime:0.000478s ]
INFO: [ view_end ] --END-- [ RunTime:0.000510s ]

[ 2015-12-09T14:09:14+08:00 ] 127.0.0.1 /cert/index.php/Product/oper
INFO: [ route_check ] --START--
INFO: CheckRoute Behavior ::run [ RunTime:0.001349s ]
INFO: [ route_check ] --END-- [ RunTime:0.001404s ]
INFO: [ app_begin ] --START--
INFO: ReadHtmlCache Behavior ::run [ RunTime:0.000728s ]
INFO: [ app_begin ] --END-- [ RunTime:0.000765s ]
ERR: 非法操作:oper

[ 2015-12-09T14:09:19+08:00 ] 127.0.0.1 /cert/index.php/Product/add
INFO: [ route_check ] --START--
INFO: CheckRoute Behavior ::run [ RunTime:0.000678s ]
INFO: [ route_check ] --END-- [ RunTime:0.000743s ]
INFO: [ app_begin ] --START--
INFO: ReadHtmlCache Behavior ::run [ RunTime:0.000474s ]
INFO: [ app_begin ] --END-- [ RunTime:0.000509s ]
SQL: SHOW COLUMNS FROM `type` [ RunTime:0.003000s ]
SQL: SELECT * FROM `type` WHERE ( fid=0 )  [ RunTime:0.000416s ]
SQL: SELECT * FROM `type` WHERE ( fid=1 )  [ RunTime:0.000252s ]
SQL: SELECT * FROM `type` WHERE ( fid=3 )  [ RunTime:0.000205s ]
SQL: SELECT * FROM `type` WHERE ( fid=6 )  [ RunTime:0.000231s ]
NOTIC: [2] Invalid argument supplied for foreach() F:\php\cert\shop\Common\common.php 第 9 行.
SQL: SELECT * FROM `type` WHERE ( fid=4 )  [ RunTime:0.000197s ]
NOTIC: [2] Invalid argument supplied for foreach() F:\php\cert\shop\Common\common.php 第 9 行.
SQL: SELECT * FROM `type` WHERE ( fid=2 )  [ RunTime:0.000231s ]
SQL: SELECT * FROM `type` WHERE ( fid=5 )  [ RunTime:0.000191s ]
NOTIC: [2] Invalid argument supplied for foreach() F:\php\cert\shop\Common\common.php 第 9 行.
INFO: [ view_parse ] --START--
INFO: ParseTemplate Behavior ::run [ RunTime:0.007237s ]
INFO: [ view_parse ] --END-- [ RunTime:0.007305s ]
INFO: [ view_filter ] --START--
INFO: ContentReplace Behavior ::run [ RunTime:0.000623s ]
INFO: TokenBuild Behavior ::run [ RunTime:0.000653s ]
INFO: WriteHtmlCache Behavior ::run [ RunTime:0.000558s ]
INFO: ShowRuntime Behavior ::run [ RunTime:0.000658s ]
INFO: [ view_filter ] --END-- [ RunTime:0.002585s ]
INFO: [ view_end ] --START--
INFO: ShowPageTrace Behavior ::run [ RunTime:0.000765s ]
INFO: [ view_end ] --END-- [ RunTime:0.000803s ]

[ 2015-12-09T14:13:00+08:00 ] 127.0.0.1 /cert/index.php/Product/add
INFO: [ route_check ] --START--
INFO: CheckRoute Behavior ::run [ RunTime:0.001526s ]
INFO: [ route_check ] --END-- [ RunTime:0.001629s ]
INFO: [ app_begin ] --START--
INFO: ReadHtmlCache Behavior ::run [ RunTime:0.000733s ]
INFO: [ app_begin ] --END-- [ RunTime:0.000771s ]

[ 2015-12-09T14:13:10+08:00 ] 127.0.0.1 /cert/index.php/Product/add
INFO: [ route_check ] --START--
INFO: CheckRoute Behavior ::run [ RunTime:0.000675s ]
INFO: [ route_check ] --END-- [ RunTime:0.000741s ]
INFO: [ app_begin ] --START--
INFO: ReadHtmlCache Behavior ::run [ RunTime:0.000441s ]
INFO: [ app_begin ] --END-- [ RunTime:0.000474s ]
SQL: SHOW COLUMNS FROM `type` [ RunTime:0.003276s ]
SQL: SELECT * FROM `type` WHERE ( fid=0 and state=0 )  [ RunTime:0.000323s ]
INFO: [ view_parse ] --START--
INFO: ParseTemplate Behavior ::run [ RunTime:0.007437s ]
INFO: [ view_parse ] --END-- [ RunTime:0.007532s ]
INFO: [ view_filter ] --START--
INFO: ContentReplace Behavior ::run [ RunTime:0.000963s ]
INFO: TokenBuild Behavior ::run [ RunTime:0.000742s ]
INFO: WriteHtmlCache Behavior ::run [ RunTime:0.000681s ]
INFO: ShowRuntime Behavior ::run [ RunTime:0.000668s ]
INFO: [ view_filter ] --END-- [ RunTime:0.003163s ]
INFO: [ view_end ] --START--
INFO: ShowPageTrace Behavior ::run [ RunTime:0.000764s ]
INFO: [ view_end ] --END-- [ RunTime:0.000796s ]

[ 2015-12-09T14:14:09+08:00 ] 127.0.0.1 /cert/index.php/Product/add
INFO: [ route_check ] --START--
INFO: CheckRoute Behavior ::run [ RunTime:0.000592s ]
INFO: [ route_check ] --END-- [ RunTime:0.000643s ]
INFO: [ app_begin ] --START--
INFO: ReadHtmlCache Behavior ::run [ RunTime:0.000439s ]
INFO: [ app_begin ] --END-- [ RunTime:0.000475s ]
SQL: SHOW COLUMNS FROM `type` [ RunTime:0.003156s ]
SQL: SELECT * FROM `type` WHERE ( fid=0 and state=0 )  [ RunTime:0.000334s ]
SQL: SELECT * FROM `type` WHERE ( fid=1 and state=0 )  [ RunTime:0.000195s ]
SQL: SELECT * FROM `type` WHERE ( fid=4 and state=0 )  [ RunTime:0.000184s ]
NOTIC: [2] Invalid argument supplied for foreach() F:\php\cert\shop\Common\common.php 第 37 行.
SQL: SELECT * FROM `type` WHERE ( fid=2 and state=0 )  [ RunTime:0.000188s ]
SQL: SELECT * FROM `type` WHERE ( fid=5 and state=0 )  [ RunTime:0.000185s ]
NOTIC: [2] Invalid argument supplied for foreach() F:\php\cert\shop\Common\common.php 第 37 行.
INFO: [ view_parse ] --START--
INFO: ParseTemplate Behavior ::run [ RunTime:0.005135s ]
INFO: [ view_parse ] --END-- [ RunTime:0.005182s ]
INFO: [ view_filter ] --START--
INFO: ContentReplace Behavior ::run [ RunTime:0.000339s ]
INFO: TokenBuild Behavior ::run [ RunTime:0.000338s ]
INFO: WriteHtmlCache Behavior ::run [ RunTime:0.000270s ]
INFO: ShowRuntime Behavior ::run [ RunTime:0.000411s ]
INFO: [ view_filter ] --END-- [ RunTime:0.001456s ]
INFO: [ view_end ] --START--
INFO: ShowPageTrace Behavior ::run [ RunTime:0.000552s ]
INFO: [ view_end ] --END-- [ RunTime:0.000588s ]

[ 2015-12-09T14:14:53+08:00 ] 127.0.0.1 /cert/index.php/Product/add
INFO: [ route_check ] --START--
INFO: CheckRoute Behavior ::run [ RunTime:0.000583s ]
INFO: [ route_check ] --END-- [ RunTime:0.000633s ]
INFO: [ app_begin ] --START--
INFO: ReadHtmlCache Behavior ::run [ RunTime:0.000453s ]
INFO: [ app_begin ] --END-- [ RunTime:0.000495s ]
SQL: SHOW COLUMNS FROM `type` [ RunTime:0.003542s ]
SQL: SELECT * FROM `type` WHERE ( fid=0 and state=0 )  [ RunTime:0.000303s ]
SQL: SELECT * FROM `type` WHERE ( fid=1 and state=0 )  [ RunTime:0.000212s ]
SQL: SELECT * FROM `type` WHERE ( fid=4 and state=0 )  [ RunTime:0.000177s ]
NOTIC: [2] Invalid argument supplied for foreach() F:\php\cert\shop\Common\common.php 第 38 行.
SQL: SELECT * FROM `type` WHERE ( fid=2 and state=0 )  [ RunTime:0.000177s ]
SQL: SELECT * FROM `type` WHERE ( fid=5 and state=0 )  [ RunTime:0.000179s ]
NOTIC: [2] Invalid argument supplied for foreach() F:\php\cert\shop\Common\common.php 第 38 行.
INFO: [ view_parse ] --START--
INFO: ParseTemplate Behavior ::run [ RunTime:0.005243s ]
INFO: [ view_parse ] --END-- [ RunTime:0.005291s ]
INFO: [ view_filter ] --START--
INFO: ContentReplace Behavior ::run [ RunTime:0.000339s ]
INFO: TokenBuild Behavior ::run [ RunTime:0.000335s ]
INFO: WriteHtmlCache Behavior ::run [ RunTime:0.000268s ]
INFO: ShowRuntime Behavior ::run [ RunTime:0.000375s ]
INFO: [ view_filter ] --END-- [ RunTime:0.001407s ]
INFO: [ view_end ] --START--
INFO: ShowPageTrace Behavior ::run [ RunTime:0.000480s ]
INFO: [ view_end ] --END-- [ RunTime:0.000512s ]

[ 2015-12-09T14:18:37+08:00 ] 127.0.0.1 /cert/index.php/Product/add
INFO: [ route_check ] --START--
INFO: CheckRoute Behavior ::run [ RunTime:0.001254s ]
INFO: [ route_check ] --END-- [ RunTime:0.001307s ]
INFO: [ app_begin ] --START--
INFO: ReadHtmlCache Behavior ::run [ RunTime:0.000739s ]
INFO: [ app_begin ] --END-- [ RunTime:0.000778s ]
SQL: SHOW COLUMNS FROM `type` [ RunTime:0.004122s ]
SQL: SELECT * FROM `type` WHERE ( fid=0 and state=0 )  [ RunTime:0.000353s ]
SQL: SELECT * FROM `type` WHERE ( fid=1 and state=0 )  [ RunTime:0.000219s ]
SQL: SELECT * FROM `type` WHERE ( fid=4 and state=0 )  [ RunTime:0.000199s ]
NOTIC: [2] Invalid argument supplied for foreach() F:\php\cert\shop\Common\common.php 第 38 行.
SQL: SELECT * FROM `type` WHERE ( fid=2 and state=0 )  [ RunTime:0.000180s ]
SQL: SELECT * FROM `type` WHERE ( fid=5 and state=0 )  [ RunTime:0.000176s ]
NOTIC: [2] Invalid argument supplied for foreach() F:\php\cert\shop\Common\common.php 第 38 行.
INFO: [ view_parse ] --START--
INFO: ParseTemplate Behavior ::run [ RunTime:0.006815s ]
INFO: [ view_parse ] --END-- [ RunTime:0.006865s ]
INFO: [ view_filter ] --START--
INFO: ContentReplace Behavior ::run [ RunTime:0.000623s ]
INFO: TokenBuild Behavior ::run [ RunTime:0.000681s ]
INFO: WriteHtmlCache Behavior ::run [ RunTime:0.000557s ]
INFO: ShowRuntime Behavior ::run [ RunTime:0.000713s ]
INFO: [ view_filter ] --END-- [ RunTime:0.002681s ]
INFO: [ view_end ] --START--
INFO: ShowPageTrace Behavior ::run [ RunTime:0.000784s ]
INFO: [ view_end ] --END-- [ RunTime:0.000823s ]

[ 2015-12-09T14:20:23+08:00 ] 127.0.0.1 /cert/index.php/Product/add
INFO: [ route_check ] --START--
INFO: CheckRoute Behavior ::run [ RunTime:0.000660s ]
INFO: [ route_check ] --END-- [ RunTime:0.000718s ]
INFO: [ app_begin ] --START--
INFO: ReadHtmlCache Behavior ::run [ RunTime:0.000458s ]
INFO: [ app_begin ] --END-- [ RunTime:0.000492s ]
SQL: SHOW COLUMNS FROM `type` [ RunTime:0.004475s ]
SQL: SELECT * FROM `type` WHERE ( fid=0 and state=0 )  [ RunTime:0.000456s ]
SQL: SELECT * FROM `type` WHERE ( fid=1 and state=0 )  [ RunTime:0.000288s ]
SQL: SELECT * FROM `type` WHERE ( fid=4 and state=0 )  [ RunTime:0.000263s ]
NOTIC: [2] Invalid argument supplied for foreach() F:\php\cert\shop\Common\common.php 第 39 行.
SQL: SELECT * FROM `type` WHERE ( fid=2 and state=0 )  [ RunTime:0.000271s ]
SQL: SELECT * FROM `type` WHERE ( fid=5 and state=0 )  [ RunTime:0.000251s ]
NOTIC: [2] Invalid argument supplied for foreach() F:\php\cert\shop\Common\common.php 第 39 行.
INFO: [ view_parse ] --START--
INFO: ParseTemplate Behavior ::run [ RunTime:0.005056s ]
INFO: [ view_parse ] --END-- [ RunTime:0.005102s ]
INFO: [ view_filter ] --START--
INFO: ContentReplace Behavior ::run [ RunTime:0.000352s ]
INFO: TokenBuild Behavior ::run [ RunTime:0.000337s ]
INFO: WriteHtmlCache Behavior ::run [ RunTime:0.000269s ]
INFO: ShowRuntime Behavior ::run [ RunTime:0.000376s ]
INFO: [ view_filter ] --END-- [ RunTime:0.001427s ]
INFO: [ view_end ] --START--
INFO: ShowPageTrace Behavior ::run [ RunTime:0.000468s ]
INFO: [ view_end ] --END-- [ RunTime:0.000499s ]

[ 2015-12-09T14:21:54+08:00 ] 127.0.0.1 /cert/index.php/Product/add
INFO: [ route_check ] --START--
INFO: CheckRoute Behavior ::run [ RunTime:0.001287s ]
INFO: [ route_check ] --END-- [ RunTime:0.001338s ]
INFO: [ app_begin ] --START--
INFO: ReadHtmlCache Behavior ::run [ RunTime:0.000876s ]
INFO: [ app_begin ] --END-- [ RunTime:0.000933s ]
SQL: SHOW COLUMNS FROM `type` [ RunTime:0.003598s ]
SQL: SELECT * FROM `type` WHERE ( fid=0 and state=0 )  [ RunTime:0.000252s ]
SQL: SELECT * FROM `type` WHERE ( fid=1 and state=0 )  [ RunTime:0.000176s ]
SQL: SELECT * FROM `type` WHERE ( fid=4 and state=0 )  [ RunTime:0.000160s ]
NOTIC: [2] Invalid argument supplied for foreach() F:\php\cert\shop\Common\common.php 第 39 行.
SQL: SELECT * FROM `type` WHERE ( fid=2 and state=0 )  [ RunTime:0.000164s ]
SQL: SELECT * FROM `type` WHERE ( fid=5 and state=0 )  [ RunTime:0.000165s ]
NOTIC: [2] Invalid argument supplied for foreach() F:\php\cert\shop\Common\common.php 第 39 行.
INFO: [ view_parse ] --START--
INFO: ParseTemplate Behavior ::run [ RunTime:0.006810s ]
INFO: [ view_parse ] --END-- [ RunTime:0.006857s ]
INFO: [ view_filter ] --START--
INFO: ContentReplace Behavior ::run [ RunTime:0.000714s ]
INFO: TokenBuild Behavior ::run [ RunTime:0.000641s ]
INFO: WriteHtmlCache Behavior ::run [ RunTime:0.000560s ]
INFO: ShowRuntime Behavior ::run [ RunTime:0.000671s ]
INFO: [ view_filter ] --END-- [ RunTime:0.002683s ]
INFO: [ view_end ] --START--
INFO: ShowPageTrace Behavior ::run [ RunTime:0.000758s ]
INFO: [ view_end ] --END-- [ RunTime:0.000791s ]

[ 2015-12-09T14:22:14+08:00 ] 127.0.0.1 /cert/index.php/Product/add
INFO: [ route_check ] --START--
INFO: CheckRoute Behavior ::run [ RunTime:0.000603s ]
INFO: [ route_check ] --END-- [ RunTime:0.000654s ]
INFO: [ app_begin ] --START--
INFO: ReadHtmlCache Behavior ::run [ RunTime:0.000445s ]
INFO: [ app_begin ] --END-- [ RunTime:0.000478s ]
SQL: SHOW COLUMNS FROM `type` [ RunTime:0.002943s ]
SQL: SELECT * FROM `type` WHERE ( fid=0 and state=0 )  [ RunTime:0.000303s ]
SQL: SELECT * FROM `type` WHERE ( fid=1 and state=0 )  [ RunTime:0.000220s ]
SQL: SELECT * FROM `type` WHERE ( fid=4 and state=0 )  [ RunTime:0.000219s ]
NOTIC: [2] Invalid argument supplied for foreach() F:\php\cert\shop\Common\common.php 第 39 行.
SQL: SELECT * FROM `type` WHERE ( fid=2 and state=0 )  [ RunTime:0.000220s ]
SQL: SELECT * FROM `type` WHERE ( fid=5 and state=0 )  [ RunTime:0.000221s ]
NOTIC: [2] Invalid argument supplied for foreach() F:\php\cert\shop\Common\common.php 第 39 行.
INFO: [ view_parse ] --START--
INFO: ParseTemplate Behavior ::run [ RunTime:0.006276s ]
INFO: [ view_parse ] --END-- [ RunTime:0.006335s ]
INFO: [ view_filter ] --START--
INFO: ContentReplace Behavior ::run [ RunTime:0.000415s ]
INFO: TokenBuild Behavior ::run [ RunTime:0.000451s ]
INFO: WriteHtmlCache Behavior ::run [ RunTime:0.000350s ]
INFO: ShowRuntime Behavior ::run [ RunTime:0.000671s ]
INFO: [ view_filter ] --END-- [ RunTime:0.002006s ]
INFO: [ view_end ] --START--
INFO: ShowPageTrace Behavior ::run [ RunTime:0.000559s ]
INFO: [ view_end ] --END-- [ RunTime:0.000594s ]

[ 2015-12-09T14:24:32+08:00 ] 127.0.0.1 /cert/index.php/Product/add
INFO: [ route_check ] --START--
INFO: CheckRoute Behavior ::run [ RunTime:0.001279s ]
INFO: [ route_check ] --END-- [ RunTime:0.001334s ]
INFO: [ app_begin ] --START--
INFO: ReadHtmlCache Behavior ::run [ RunTime:0.000720s ]
INFO: [ app_begin ] --END-- [ RunTime:0.000756s ]
SQL: SHOW COLUMNS FROM `type` [ RunTime:0.002860s ]
SQL: SELECT * FROM `type` WHERE ( fid=0 and state=0 )  [ RunTime:0.000303s ]
SQL: SELECT * FROM `type` WHERE ( fid=1 and state=0 )  [ RunTime:0.000202s ]
SQL: SELECT * FROM `type` WHERE ( fid=4 and state=0 )  [ RunTime:0.000181s ]
NOTIC: [2] Invalid argument supplied for foreach() F:\php\cert\shop\Common\common.php 第 39 行.
SQL: SELECT * FROM `type` WHERE ( fid=2 and state=0 )  [ RunTime:0.000184s ]
SQL: SELECT * FROM `type` WHERE ( fid=5 and state=0 )  [ RunTime:0.000180s ]
NOTIC: [2] Invalid argument supplied for foreach() F:\php\cert\shop\Common\common.php 第 39 行.
INFO: [ view_parse ] --START--
INFO: ParseTemplate Behavior ::run [ RunTime:0.007997s ]
INFO: [ view_parse ] --END-- [ RunTime:0.008050s ]
INFO: [ view_filter ] --START--
INFO: ContentReplace Behavior ::run [ RunTime:0.000634s ]
INFO: TokenBuild Behavior ::run [ RunTime:0.000632s ]
INFO: WriteHtmlCache Behavior ::run [ RunTime:0.001473s ]
INFO: ShowRuntime Behavior ::run [ RunTime:0.000761s ]
INFO: [ view_filter ] --END-- [ RunTime:0.003624s ]
INFO: [ view_end ] --START--
INFO: ShowPageTrace Behavior ::run [ RunTime:0.000783s ]
INFO: [ view_end ] --END-- [ RunTime:0.000816s ]

[ 2015-12-09T14:31:59+08:00 ] 127.0.0.1 /cert/index.php/Product/add
INFO: [ route_check ] --START--
INFO: CheckRoute Behavior ::run [ RunTime:0.001455s ]
INFO: [ route_check ] --END-- [ RunTime:0.001510s ]
INFO: [ app_begin ] --START--
INFO: ReadHtmlCache Behavior ::run [ RunTime:0.000739s ]
INFO: [ app_begin ] --END-- [ RunTime:0.000777s ]
SQL: SHOW COLUMNS FROM `type` [ RunTime:0.003221s ]
SQL: SELECT * FROM `type` WHERE ( fid=0 and state=0 )  [ RunTime:0.000309s ]
SQL: SELECT * FROM `type` WHERE ( fid=1 and state=0 )  [ RunTime:0.000218s ]
SQL: SELECT * FROM `type` WHERE ( fid=4 and state=0 )  [ RunTime:0.000189s ]
NOTIC: [2] Invalid argument supplied for foreach() F:\php\cert\shop\Common\common.php 第 39 行.
SQL: SELECT * FROM `type` WHERE ( fid=2 and state=0 )  [ RunTime:0.000173s ]
SQL: SELECT * FROM `type` WHERE ( fid=5 and state=0 )  [ RunTime:0.000141s ]
NOTIC: [2] Invalid argument supplied for foreach() F:\php\cert\shop\Common\common.php 第 39 行.
INFO: [ view_parse ] --START--
INFO: ParseTemplate Behavior ::run [ RunTime:0.007274s ]
INFO: [ view_parse ] --END-- [ RunTime:0.007324s ]
INFO: [ view_filter ] --START--
INFO: ContentReplace Behavior ::run [ RunTime:0.000632s ]
INFO: TokenBuild Behavior ::run [ RunTime:0.001100s ]
INFO: WriteHtmlCache Behavior ::run [ RunTime:0.000704s ]
INFO: ShowRuntime Behavior ::run [ RunTime:0.000806s ]
INFO: [ view_filter ] --END-- [ RunTime:0.003359s ]
INFO: [ view_end ] --START--
INFO: ShowPageTrace Behavior ::run [ RunTime:0.000786s ]
INFO: [ view_end ] --END-- [ RunTime:0.000821s ]

[ 2015-12-09T14:32:20+08:00 ] 127.0.0.1 /cert/index.php/Product/add
INFO: [ route_check ] --START--
INFO: CheckRoute Behavior ::run [ RunTime:0.000747s ]
INFO: [ route_check ] --END-- [ RunTime:0.000809s ]
INFO: [ app_begin ] --START--
INFO: ReadHtmlCache Behavior ::run [ RunTime:0.000484s ]
INFO: [ app_begin ] --END-- [ RunTime:0.000525s ]
SQL: SHOW COLUMNS FROM `type` [ RunTime:0.003010s ]
SQL: SELECT * FROM `type` WHERE ( fid=0 and state=0 )  [ RunTime:0.000296s ]
SQL: SELECT * FROM `type` WHERE ( fid=1 and state=0 )  [ RunTime:0.000194s ]
SQL: SELECT * FROM `type` WHERE ( fid=4 and state=0 )  [ RunTime:0.000197s ]
NOTIC: [2] Invalid argument supplied for foreach() F:\php\cert\shop\Common\common.php 第 39 行.
SQL: SELECT * FROM `type` WHERE ( fid=2 and state=0 )  [ RunTime:0.000197s ]
SQL: SELECT * FROM `type` WHERE ( fid=5 and state=0 )  [ RunTime:0.000181s ]
NOTIC: [2] Invalid argument supplied for foreach() F:\php\cert\shop\Common\common.php 第 39 行.
INFO: [ view_parse ] --START--
INFO: ParseTemplate Behavior ::run [ RunTime:0.006678s ]
INFO: [ view_parse ] --END-- [ RunTime:0.006733s ]
INFO: [ view_filter ] --START--
INFO: ContentReplace Behavior ::run [ RunTime:0.000349s ]
INFO: TokenBuild Behavior ::run [ RunTime:0.000342s ]
INFO: WriteHtmlCache Behavior ::run [ RunTime:0.000400s ]
INFO: ShowRuntime Behavior ::run [ RunTime:0.000381s ]
INFO: [ view_filter ] --END-- [ RunTime:0.001561s ]
INFO: [ view_end ] --START--
INFO: ShowPageTrace Behavior ::run [ RunTime:0.000483s ]
INFO: [ view_end ] --END-- [ RunTime:0.000514s ]

[ 2015-12-09T14:32:49+08:00 ] 127.0.0.1 /cert/index.php/Product/add
INFO: [ route_check ] --START--
INFO: CheckRoute Behavior ::run [ RunTime:0.000658s ]
INFO: [ route_check ] --END-- [ RunTime:0.000728s ]
INFO: [ app_begin ] --START--
INFO: ReadHtmlCache Behavior ::run [ RunTime:0.000444s ]
INFO: [ app_begin ] --END-- [ RunTime:0.000478s ]
SQL: SHOW COLUMNS FROM `type` [ RunTime:0.003018s ]
SQL: SELECT * FROM `type` WHERE ( fid=0 and state=0 )  [ RunTime:0.000303s ]
SQL: SELECT * FROM `type` WHERE ( fid=1 and state=0 )  [ RunTime:0.000210s ]
SQL: SELECT * FROM `type` WHERE ( fid=4 and state=0 )  [ RunTime:0.000191s ]
NOTIC: [2] Invalid argument supplied for foreach() F:\php\cert\shop\Common\common.php 第 39 行.
SQL: SELECT * FROM `type` WHERE ( fid=2 and state=0 )  [ RunTime:0.000192s ]
SQL: SELECT * FROM `type` WHERE ( fid=5 and state=0 )  [ RunTime:0.000192s ]
NOTIC: [2] Invalid argument supplied for foreach() F:\php\cert\shop\Common\common.php 第 39 行.
INFO: [ view_parse ] --START--
INFO: ParseTemplate Behavior ::run [ RunTime:0.006576s ]
INFO: [ view_parse ] --END-- [ RunTime:0.006632s ]
INFO: [ view_filter ] --START--
INFO: ContentReplace Behavior ::run [ RunTime:0.000426s ]
INFO: TokenBuild Behavior ::run [ RunTime:0.000425s ]
INFO: WriteHtmlCache Behavior ::run [ RunTime:0.000347s ]
INFO: ShowRuntime Behavior ::run [ RunTime:0.000502s ]
INFO: [ view_filter ] --END-- [ RunTime:0.001826s ]
INFO: [ view_end ] --START--
INFO: ShowPageTrace Behavior ::run [ RunTime:0.000468s ]
INFO: [ view_end ] --END-- [ RunTime:0.000501s ]

[ 2015-12-09T14:36:56+08:00 ] 127.0.0.1 /cert/index.php/Product/psave
INFO: [ route_check ] --START--
INFO: CheckRoute Behavior ::run [ RunTime:0.001256s ]
INFO: [ route_check ] --END-- [ RunTime:0.001307s ]
INFO: [ app_begin ] --START--
INFO: ReadHtmlCache Behavior ::run [ RunTime:0.000743s ]
INFO: [ app_begin ] --END-- [ RunTime:0.000779s ]
SQL: SHOW COLUMNS FROM `product` [ RunTime:0.004115s ]

[ 2015-12-09T14:38:03+08:00 ] 127.0.0.1 /cert/index.php/Product/psave
INFO: [ route_check ] --START--
INFO: CheckRoute Behavior ::run [ RunTime:0.000579s ]
INFO: [ route_check ] --END-- [ RunTime:0.000630s ]
INFO: [ app_begin ] --START--
INFO: ReadHtmlCache Behavior ::run [ RunTime:0.000434s ]
INFO: [ app_begin ] --END-- [ RunTime:0.000467s ]
SQL: SHOW COLUMNS FROM `product` [ RunTime:0.003606s ]
NOTIC: [8] Undefined index: typeid F:\php\cert\shop\Lib\Action\ProductAction.class.php 第 12 行.

[ 2015-12-09T14:38:11+08:00 ] 127.0.0.1 /cert/index.php/Product/psave
INFO: [ route_check ] --START--
INFO: CheckRoute Behavior ::run [ RunTime:0.000612s ]
INFO: [ route_check ] --END-- [ RunTime:0.000669s ]
INFO: [ app_begin ] --START--
INFO: ReadHtmlCache Behavior ::run [ RunTime:0.000532s ]
INFO: [ app_begin ] --END-- [ RunTime:0.000576s ]
SQL: SHOW COLUMNS FROM `product` [ RunTime:0.004046s ]

[ 2015-12-09T14:40:56+08:00 ] 127.0.0.1 /cert/index.php/Product/psave
INFO: [ route_check ] --START--
INFO: CheckRoute Behavior ::run [ RunTime:0.001473s ]
INFO: [ route_check ] --END-- [ RunTime:0.001538s ]
INFO: [ app_begin ] --START--
INFO: ReadHtmlCache Behavior ::run [ RunTime:0.000742s ]
INFO: [ app_begin ] --END-- [ RunTime:0.000778s ]
SQL: SHOW COLUMNS FROM `product` [ RunTime:0.003882s ]
SQL: INSERT INTO `product` (`pname`,`typeid`,`price`,`userprice`,`buyprice`,`buynum`,`brand`,`num`,`format`,`intro`) VALUES ('adfss','>1>4>','1','1','1',1,'lvpan',2,'','') [ RunTime:0.008990s ]

[ 2015-12-09T14:41:12+08:00 ] 127.0.0.1 /cert/index.php/Product/psave
INFO: [ route_check ] --START--
INFO: CheckRoute Behavior ::run [ RunTime:0.000575s ]
INFO: [ route_check ] --END-- [ RunTime:0.000625s ]
INFO: [ app_begin ] --START--
INFO: ReadHtmlCache Behavior ::run [ RunTime:0.000430s ]
INFO: [ app_begin ] --END-- [ RunTime:0.000466s ]
SQL: SHOW COLUMNS FROM `product` [ RunTime:0.003240s ]
SQL: INSERT INTO `product` (`pname`,`typeid`,`price`,`userprice`,`buyprice`,`buynum`,`brand`,`num`,`format`,`intro`) VALUES ('adfss','>1>4>','1','1','1',1,'lvpan',2,'','') [ RunTime:0.011562s ]

[ 2015-12-09T14:41:31+08:00 ] 127.0.0.1 /cert/index.php/Product/psave
INFO: [ route_check ] --START--
INFO: CheckRoute Behavior ::run [ RunTime:0.001373s ]
INFO: [ route_check ] --END-- [ RunTime:0.001453s ]
INFO: [ app_begin ] --START--
INFO: ReadHtmlCache Behavior ::run [ RunTime:0.000561s ]
INFO: [ app_begin ] --END-- [ RunTime:0.000600s ]
SQL: SHOW COLUMNS FROM `product` [ RunTime:0.003618s ]
SQL: INSERT INTO `product` (`pname`,`typeid`,`price`,`userprice`,`buyprice`,`buynum`,`brand`,`num`,`format`,`intro`) VALUES ('adfss','>1>4>','1','1','1',1,'lvpan',2,'','') [ RunTime:0.024272s ]

[ 2015-12-09T14:47:43+08:00 ] 127.0.0.1 /cert/index.php/Product/psave
INFO: [ route_check ] --START--
INFO: CheckRoute Behavior ::run [ RunTime:0.001436s ]
INFO: [ route_check ] --END-- [ RunTime:0.001483s ]
INFO: [ app_begin ] --START--
INFO: ReadHtmlCache Behavior ::run [ RunTime:0.000719s ]
INFO: [ app_begin ] --END-- [ RunTime:0.000754s ]
SQL: SHOW COLUMNS FROM `product` [ RunTime:0.003499s ]
SQL: INSERT INTO `product` (`pname`,`typeid`,`price`,`userprice`,`buyprice`,`buynum`,`brand`,`num`,`format`,`intro`) VALUES ('adfss','>1>4>','1','1','1',1,'lvpan',2,'','') [ RunTime:0.011605s ]

[ 2015-12-09T14:52:03+08:00 ] 127.0.0.1 /cert/index.php/Product/psave
INFO: [ route_check ] --START--
INFO: CheckRoute Behavior ::run [ RunTime:0.002032s ]
INFO: [ route_check ] --END-- [ RunTime:0.002104s ]
INFO: [ app_begin ] --START--
INFO: ReadHtmlCache Behavior ::run [ RunTime:0.000793s ]
INFO: [ app_begin ] --END-- [ RunTime:0.000845s ]
SQL: SHOW COLUMNS FROM `product` [ RunTime:0.003033s ]
SQL: INSERT INTO `product` (`pname`,`typeid`,`price`,`userprice`,`buyprice`,`buynum`,`brand`,`num`,`format`,`intro`) VALUES ('adfss','>1>4>','1','1','1',1,'lvpan',2,'','') [ RunTime:0.064822s ]
SQL: SHOW COLUMNS FROM `pimage` [ RunTime:0.003670s ]
SQL: INSERT INTO `pimage` (`path`,`pid`) VALUES ('5667cf9399db9.jpg',5) [ RunTime:0.014887s ]
SQL: INSERT INTO `pimage` (`path`,`pid`) VALUES ('5667cf939a971.jpg',5) [ RunTime:0.013497s ]
SQL: INSERT INTO `pimage` (`path`,`pid`) VALUES ('5667cf939b1b9.jpg',5) [ RunTime:0.012290s ]
INFO: [ view_parse ] --START--
INFO: ParseTemplate Behavior ::run [ RunTime:0.007015s ]
INFO: [ view_parse ] --END-- [ RunTime:0.007062s ]
INFO: [ view_filter ] --START--
INFO: ContentReplace Behavior ::run [ RunTime:0.000626s ]
INFO: TokenBuild Behavior ::run [ RunTime:0.000632s ]
INFO: WriteHtmlCache Behavior ::run [ RunTime:0.000552s ]
INFO: ShowRuntime Behavior ::run [ RunTime:0.000664s ]
INFO: [ view_filter ] --END-- [ RunTime:0.002566s ]
INFO: [ view_end ] --START--
INFO: ShowPageTrace Behavior ::run [ RunTime:0.000762s ]
INFO: [ view_end ] --END-- [ RunTime:0.000794s ]

[ 2015-12-09T14:52:04+08:00 ] 127.0.0.1 /cert/index.php/Product/oper.html
INFO: [ route_check ] --START--
INFO: CheckRoute Behavior ::run [ RunTime:0.000676s ]
INFO: [ route_check ] --END-- [ RunTime:0.000734s ]
INFO: [ app_begin ] --START--
INFO: ReadHtmlCache Behavior ::run [ RunTime:0.000511s ]
INFO: [ app_begin ] --END-- [ RunTime:0.000549s ]
ERR: 非法操作:oper

[ 2015-12-09T14:56:49+08:00 ] 127.0.0.1 /cert/index.php/Product/add
INFO: [ route_check ] --START--
INFO: CheckRoute Behavior ::run [ RunTime:0.001250s ]
INFO: [ route_check ] --END-- [ RunTime:0.001298s ]
INFO: [ app_begin ] --START--
INFO: ReadHtmlCache Behavior ::run [ RunTime:0.000723s ]
INFO: [ app_begin ] --END-- [ RunTime:0.000759s ]
SQL: SHOW COLUMNS FROM `type` [ RunTime:0.003993s ]
SQL: SELECT * FROM `type` WHERE ( fid=0 and state=0 )  [ RunTime:0.000298s ]
SQL: SELECT * FROM `type` WHERE ( fid=1 and state=0 )  [ RunTime:0.000205s ]
SQL: SELECT * FROM `type` WHERE ( fid=4 and state=0 )  [ RunTime:0.000184s ]
NOTIC: [2] Invalid argument supplied for foreach() F:\php\cert\shop\Common\common.php 第 39 行.
SQL: SELECT * FROM `type` WHERE ( fid=2 and state=0 )  [ RunTime:0.000192s ]
SQL: SELECT * FROM `type` WHERE ( fid=5 and state=0 )  [ RunTime:0.000190s ]
NOTIC: [2] Invalid argument supplied for foreach() F:\php\cert\shop\Common\common.php 第 39 行.
INFO: [ view_parse ] --START--
INFO: ParseTemplate Behavior ::run [ RunTime:0.008079s ]
INFO: [ view_parse ] --END-- [ RunTime:0.008129s ]
INFO: [ view_filter ] --START--
INFO: ContentReplace Behavior ::run [ RunTime:0.000633s ]
INFO: TokenBuild Behavior ::run [ RunTime:0.000630s ]
INFO: WriteHtmlCache Behavior ::run [ RunTime:0.000560s ]
INFO: ShowRuntime Behavior ::run [ RunTime:0.000772s ]
INFO: [ view_filter ] --END-- [ RunTime:0.002691s ]
INFO: [ view_end ] --START--
INFO: ShowPageTrace Behavior ::run [ RunTime:0.000789s ]
INFO: [ view_end ] --END-- [ RunTime:0.000822s ]

[ 2015-12-09T14:58:26+08:00 ] 127.0.0.1 /cert/index.php/Product/psave
INFO: [ route_check ] --START--
INFO: CheckRoute Behavior ::run [ RunTime:0.000645s ]
INFO: [ route_check ] --END-- [ RunTime:0.000706s ]
INFO: [ app_begin ] --START--
INFO: ReadHtmlCache Behavior ::run [ RunTime:0.000442s ]
INFO: [ app_begin ] --END-- [ RunTime:0.000476s ]
SQL: SHOW COLUMNS FROM `product` [ RunTime:0.003765s ]
SQL: INSERT INTO `product` (`pname`,`typeid`,`price`,`userprice`,`buyprice`,`buynum`,`brand`,`num`,`format`,`intro`) VALUES ('aaa','>2>5>','11','11','11',2,'lvpan',2,'a','b') [ RunTime:0.028191s ]
SQL: SHOW COLUMNS FROM `pimage` [ RunTime:0.002817s ]
SQL: INSERT INTO `pimage` (`path`,`pid`) VALUES ('5667d112bbb68.jpg',6) [ RunTime:0.015962s ]
SQL: INSERT INTO `pimage` (`path`,`pid`) VALUES ('5667d112bc4cc.jpg',6) [ RunTime:0.012163s ]
SQL: INSERT INTO `pimage` (`path`,`pid`) VALUES ('5667d112bcddf.jpg',6) [ RunTime:0.013612s ]
INFO: [ view_parse ] --START--
INFO: ParseTemplate Behavior ::run [ RunTime:0.005177s ]
INFO: [ view_parse ] --END-- [ RunTime:0.005220s ]
INFO: [ view_filter ] --START--
INFO: ContentReplace Behavior ::run [ RunTime:0.000337s ]
INFO: TokenBuild Behavior ::run [ RunTime:0.000332s ]
INFO: WriteHtmlCache Behavior ::run [ RunTime:0.000268s ]
INFO: ShowRuntime Behavior ::run [ RunTime:0.000384s ]
INFO: [ view_filter ] --END-- [ RunTime:0.001413s ]
INFO: [ view_end ] --START--
INFO: ShowPageTrace Behavior ::run [ RunTime:0.000465s ]
INFO: [ view_end ] --END-- [ RunTime:0.000495s ]

[ 2015-12-09T14:58:27+08:00 ] 127.0.0.1 /cert/index.php/Product/oper.html
INFO: [ route_check ] --START--
INFO: CheckRoute Behavior ::run [ RunTime:0.000584s ]
INFO: [ route_check ] --END-- [ RunTime:0.000635s ]
INFO: [ app_begin ] --START--
INFO: ReadHtmlCache Behavior ::run [ RunTime:0.000443s ]
INFO: [ app_begin ] --END-- [ RunTime:0.000476s ]
ERR: 非法操作:oper

[ 2015-12-09T14:58:33+08:00 ] 127.0.0.1 /cert/index.php/Product/add
INFO: [ route_check ] --START--
INFO: CheckRoute Behavior ::run [ RunTime:0.000580s ]
INFO: [ route_check ] --END-- [ RunTime:0.000628s ]
INFO: [ app_begin ] --START--
INFO: ReadHtmlCache Behavior ::run [ RunTime:0.000428s ]
INFO: [ app_begin ] --END-- [ RunTime:0.000462s ]
SQL: SHOW COLUMNS FROM `type` [ RunTime:0.002921s ]
SQL: SELECT * FROM `type` WHERE ( fid=0 and state=0 )  [ RunTime:0.000393s ]
SQL: SELECT * FROM `type` WHERE ( fid=1 and state=0 )  [ RunTime:0.000245s ]
SQL: SELECT * FROM `type` WHERE ( fid=4 and state=0 )  [ RunTime:0.000238s ]
NOTIC: [2] Invalid argument supplied for foreach() F:\php\cert\shop\Common\common.php 第 39 行.
SQL: SELECT * FROM `type` WHERE ( fid=2 and state=0 )  [ RunTime:0.000245s ]
SQL: SELECT * FROM `type` WHERE ( fid=5 and state=0 )  [ RunTime:0.000232s ]
NOTIC: [2] Invalid argument supplied for foreach() F:\php\cert\shop\Common\common.php 第 39 行.
INFO: [ view_parse ] --START--
INFO: ParseTemplate Behavior ::run [ RunTime:0.005868s ]
INFO: [ view_parse ] --END-- [ RunTime:0.005913s ]
INFO: [ view_filter ] --START--
INFO: ContentReplace Behavior ::run [ RunTime:0.000335s ]
INFO: TokenBuild Behavior ::run [ RunTime:0.000417s ]
INFO: WriteHtmlCache Behavior ::run [ RunTime:0.000284s ]
INFO: ShowRuntime Behavior ::run [ RunTime:0.000380s ]
INFO: [ view_filter ] --END-- [ RunTime:0.001514s ]
INFO: [ view_end ] --START--
INFO: ShowPageTrace Behavior ::run [ RunTime:0.000466s ]
INFO: [ view_end ] --END-- [ RunTime:0.000497s ]

[ 2015-12-09T14:59:29+08:00 ] 127.0.0.1 /cert/index.php/Product/psave
INFO: [ route_check ] --START--
INFO: CheckRoute Behavior ::run [ RunTime:0.001281s ]
INFO: [ route_check ] --END-- [ RunTime:0.001335s ]
INFO: [ app_begin ] --START--
INFO: ReadHtmlCache Behavior ::run [ RunTime:0.001728s ]
INFO: [ app_begin ] --END-- [ RunTime:0.001785s ]
SQL: SHOW COLUMNS FROM `product` [ RunTime:0.003296s ]
SQL: INSERT INTO `product` (`pname`,`typeid`,`price`,`userprice`,`buyprice`,`buynum`,`brand`,`num`,`format`,`intro`) VALUES ('bbb','>1>4>','3','3','3',3,'3',3,'a','b') [ RunTime:0.012123s ]
SQL: SHOW COLUMNS FROM `pimage` [ RunTime:0.003320s ]
SQL: INSERT INTO `pimage` (`path`,`pid`) VALUES ('5667d15159b65.jpg',7) [ RunTime:0.010768s ]
SQL: INSERT INTO `pimage` (`path`,`pid`) VALUES ('5667d1515a3aa.jpg',7) [ RunTime:0.012282s ]
SQL: INSERT INTO `pimage` (`path`,`pid`) VALUES ('5667d1515ab0a.jpg',7) [ RunTime:0.013539s ]
INFO: [ view_parse ] --START--
INFO: ParseTemplate Behavior ::run [ RunTime:0.007258s ]
INFO: [ view_parse ] --END-- [ RunTime:0.007313s ]
INFO: [ view_filter ] --START--
INFO: ContentReplace Behavior ::run [ RunTime:0.000634s ]
INFO: TokenBuild Behavior ::run [ RunTime:0.000622s ]
INFO: WriteHtmlCache Behavior ::run [ RunTime:0.001302s ]
INFO: ShowRuntime Behavior ::run [ RunTime:0.001030s ]
INFO: [ view_filter ] --END-- [ RunTime:0.003713s ]
INFO: [ view_end ] --START--
INFO: ShowPageTrace Behavior ::run [ RunTime:0.000824s ]
INFO: [ view_end ] --END-- [ RunTime:0.000865s ]

[ 2015-12-09T14:59:30+08:00 ] 127.0.0.1 /cert/index.php/Product/oper.html
INFO: [ route_check ] --START--
INFO: CheckRoute Behavior ::run [ RunTime:0.000650s ]
INFO: [ route_check ] --END-- [ RunTime:0.000701s ]
INFO: [ app_begin ] --START--
INFO: ReadHtmlCache Behavior ::run [ RunTime:0.000432s ]
INFO: [ app_begin ] --END-- [ RunTime:0.000466s ]
ERR: 非法操作:oper

[ 2015-12-09T14:59:37+08:00 ] 127.0.0.1 /cert/index.php/Product/add
INFO: [ route_check ] --START--
INFO: CheckRoute Behavior ::run [ RunTime:0.000643s ]
INFO: [ route_check ] --END-- [ RunTime:0.000702s ]
INFO: [ app_begin ] --START--
INFO: ReadHtmlCache Behavior ::run [ RunTime:0.000437s ]
INFO: [ app_begin ] --END-- [ RunTime:0.000470s ]
SQL: SHOW COLUMNS FROM `type` [ RunTime:0.003066s ]
SQL: SELECT * FROM `type` WHERE ( fid=0 and state=0 )  [ RunTime:0.000286s ]
SQL: SELECT * FROM `type` WHERE ( fid=1 and state=0 )  [ RunTime:0.000188s ]
SQL: SELECT * FROM `type` WHERE ( fid=4 and state=0 )  [ RunTime:0.000189s ]
NOTIC: [2] Invalid argument supplied for foreach() F:\php\cert\shop\Common\common.php 第 39 行.
SQL: SELECT * FROM `type` WHERE ( fid=2 and state=0 )  [ RunTime:0.000201s ]
SQL: SELECT * FROM `type` WHERE ( fid=5 and state=0 )  [ RunTime:0.000162s ]
NOTIC: [2] Invalid argument supplied for foreach() F:\php\cert\shop\Common\common.php 第 39 行.
INFO: [ view_parse ] --START--
INFO: ParseTemplate Behavior ::run [ RunTime:0.005343s ]
INFO: [ view_parse ] --END-- [ RunTime:0.005387s ]
INFO: [ view_filter ] --START--
INFO: ContentReplace Behavior ::run [ RunTime:0.000332s ]
INFO: TokenBuild Behavior ::run [ RunTime:0.000338s ]
INFO: WriteHtmlCache Behavior ::run [ RunTime:0.000357s ]
INFO: ShowRuntime Behavior ::run [ RunTime:0.000536s ]
INFO: [ view_filter ] --END-- [ RunTime:0.001667s ]
INFO: [ view_end ] --START--
INFO: ShowPageTrace Behavior ::run [ RunTime:0.000503s ]
INFO: [ view_end ] --END-- [ RunTime:0.000536s ]

[ 2015-12-09T15:52:03+08:00 ] 127.0.0.1 /cert/admin.php/Product/add
INFO: [ route_check ] --START--
INFO: CheckRoute Behavior ::run [ RunTime:0.001241s ]
INFO: [ route_check ] --END-- [ RunTime:0.001290s ]
INFO: [ app_begin ] --START--
INFO: ReadHtmlCache Behavior ::run [ RunTime:0.000720s ]
INFO: [ app_begin ] --END-- [ RunTime:0.000756s ]
SQL: SHOW COLUMNS FROM `type` [ RunTime:0.003311s ]
SQL: SELECT * FROM `type` WHERE ( fid=0 and state=0 )  [ RunTime:0.000387s ]
SQL: SELECT * FROM `type` WHERE ( fid=1 and state=0 )  [ RunTime:0.000214s ]
SQL: SELECT * FROM `type` WHERE ( fid=4 and state=0 )  [ RunTime:0.000209s ]
NOTIC: [2] Invalid argument supplied for foreach() F:\php\cert\admin\Common\common.php 第 39 行.
SQL: SELECT * FROM `type` WHERE ( fid=2 and state=0 )  [ RunTime:0.000295s ]
SQL: SELECT * FROM `type` WHERE ( fid=5 and state=0 )  [ RunTime:0.000214s ]
NOTIC: [2] Invalid argument supplied for foreach() F:\php\cert\admin\Common\common.php 第 39 行.
INFO: [ view_parse ] --START--
INFO: ParseTemplate Behavior ::run [ RunTime:0.009050s ]
INFO: [ view_parse ] --END-- [ RunTime:0.009100s ]
INFO: [ view_filter ] --START--
INFO: ContentReplace Behavior ::run [ RunTime:0.000630s ]
INFO: TokenBuild Behavior ::run [ RunTime:0.000638s ]
INFO: WriteHtmlCache Behavior ::run [ RunTime:0.000671s ]
INFO: ShowRuntime Behavior ::run [ RunTime:0.000728s ]
INFO: [ view_filter ] --END-- [ RunTime:0.002770s ]
INFO: [ view_end ] --START--
INFO: ShowPageTrace Behavior ::run [ RunTime:0.000768s ]
INFO: [ view_end ] --END-- [ RunTime:0.000801s ]

