[ 2015-12-17T08:58:54+08:00 ] 127.0.0.1 /core/
INFO: [ app_begin ] --START--
INFO: ReadHtmlCache Behavior ::run [ RunTime:0.000658s ]
INFO: [ app_begin ] --END-- [ RunTime:0.000748s ]
SQL: SHOW COLUMNS FROM `type` [ RunTime:0.085203s ]
SQL: SELECT * FROM `type` WHERE ( fid=0 )  [ RunTime:0.001924s ]
SQL: SELECT * FROM `type` WHERE ( fid=1 )  [ RunTime:0.001629s ]
SQL: SELECT * FROM `type` WHERE ( fid=3 )  [ RunTime:0.001508s ]
SQL: SELECT * FROM `type` WHERE ( fid=4 )  [ RunTime:0.001499s ]
NOTIC: [2] Invalid argument supplied for foreach() D:\www\core\shop\Common\common.php 第 28 行.
SQL: SELECT * FROM `type` WHERE ( fid=25 )  [ RunTime:0.001503s ]
NOTIC: [2] Invalid argument supplied for foreach() D:\www\core\shop\Common\common.php 第 28 行.
SQL: SELECT * FROM `type` WHERE ( fid=28 )  [ RunTime:0.001509s ]
NOTIC: [2] Invalid argument supplied for foreach() D:\www\core\shop\Common\common.php 第 28 行.
SQL: SELECT * FROM `type` WHERE ( fid=29 )  [ RunTime:0.001530s ]
NOTIC: [2] Invalid argument supplied for foreach() D:\www\core\shop\Common\common.php 第 28 行.
SQL: SELECT * FROM `type` WHERE ( fid=2 )  [ RunTime:0.001565s ]
SQL: SELECT * FROM `type` WHERE ( fid=5 )  [ RunTime:0.001819s ]
SQL: SELECT * FROM `type` WHERE ( fid=6 )  [ RunTime:0.001799s ]
SQL: SELECT * FROM `type` WHERE ( fid=10 )  [ RunTime:0.001670s ]
SQL: SELECT * FROM `type` WHERE ( fid=15 )  [ RunTime:0.001575s ]
NOTIC: [2] Invalid argument supplied for foreach() D:\www\core\shop\Common\common.php 第 28 行.
SQL: SELECT * FROM `type` WHERE ( fid=11 )  [ RunTime:0.001570s ]
SQL: SELECT * FROM `type` WHERE ( fid=16 )  [ RunTime:0.001578s ]
NOTIC: [2] Invalid argument supplied for foreach() D:\www\core\shop\Common\common.php 第 28 行.
SQL: SELECT * FROM `type` WHERE ( fid=12 )  [ RunTime:0.000785s ]
SQL: SELECT * FROM `type` WHERE ( fid=17 )  [ RunTime:0.001039s ]
SQL: SELECT * FROM `type` WHERE ( fid=18 )  [ RunTime:0.001008s ]
SQL: SELECT * FROM `type` WHERE ( fid=13 )  [ RunTime:0.000794s ]
SQL: SELECT * FROM `type` WHERE ( fid=19 )  [ RunTime:0.000933s ]
NOTIC: [2] Invalid argument supplied for foreach() D:\www\core\shop\Common\common.php 第 28 行.
SQL: SELECT * FROM `type` WHERE ( fid=20 )  [ RunTime:0.000718s ]
NOTIC: [2] Invalid argument supplied for foreach() D:\www\core\shop\Common\common.php 第 28 行.
SQL: SELECT * FROM `type` WHERE ( fid=14 )  [ RunTime:0.000855s ]
NOTIC: [2] Invalid argument supplied for foreach() D:\www\core\shop\Common\common.php 第 12 行.
SQL: SHOW COLUMNS FROM `type` [ RunTime:0.006104s ]
SQL: SELECT * FROM `type` WHERE ( fid=0 )  [ RunTime:0.000994s ]
SQL: SHOW COLUMNS FROM `cartinfo` [ RunTime:0.027494s ]
SQL: select pid from cartinfo group by pid desc limit 6 [ RunTime:0.001158s ]
SQL: SHOW COLUMNS FROM `product` [ RunTime:0.006251s ]
SQL: select * from product as a inner join pimage as b on b.pid=14 where a.id=14 [ RunTime:0.001673s ]
SQL: select * from product as a inner join pimage as b on b.pid=11 where a.id=11 [ RunTime:0.001023s ]
SQL: select * from product as a inner join pimage as b on b.pid=9 where a.id=9 [ RunTime:0.001025s ]
SQL: select * from product as a inner join pimage as b on b.pid=7 where a.id=7 [ RunTime:0.000924s ]
SQL: select * from product as a inner join pimage as b on b.pid=3 where a.id=3 [ RunTime:0.000925s ]
SQL: select * from product as a inner join pimage as b on b.pid=2 where a.id=2 [ RunTime:0.000863s ]
SQL: select * from product as a inner join pimage as b on b.pid=a.id order by a.id desc limit 6 [ RunTime:0.005452s ]
INFO: [ view_parse ] --START--
NOTIC: [8] Use of undefined constant id - assumed 'id' D:\www\core\shop\Runtime\Cache\d0e2869ca24de4d4e2a6cf53fae21b39.php 第 594 行.
NOTIC: [8] Use of undefined constant path - assumed 'path' D:\www\core\shop\Runtime\Cache\d0e2869ca24de4d4e2a6cf53fae21b39.php 第 594 行.
NOTIC: [8] Use of undefined constant pname - assumed 'pname' D:\www\core\shop\Runtime\Cache\d0e2869ca24de4d4e2a6cf53fae21b39.php 第 594 行.
NOTIC: [8] Use of undefined constant id - assumed 'id' D:\www\core\shop\Runtime\Cache\d0e2869ca24de4d4e2a6cf53fae21b39.php 第 595 行.
NOTIC: [8] Use of undefined constant pname - assumed 'pname' D:\www\core\shop\Runtime\Cache\d0e2869ca24de4d4e2a6cf53fae21b39.php 第 595 行.
NOTIC: [8] Use of undefined constant price - assumed 'price' D:\www\core\shop\Runtime\Cache\d0e2869ca24de4d4e2a6cf53fae21b39.php 第 596 行.
NOTIC: [8] Use of undefined constant id - assumed 'id' D:\www\core\shop\Runtime\Cache\d0e2869ca24de4d4e2a6cf53fae21b39.php 第 594 行.
NOTIC: [8] Use of undefined constant path - assumed 'path' D:\www\core\shop\Runtime\Cache\d0e2869ca24de4d4e2a6cf53fae21b39.php 第 594 行.
NOTIC: [8] Use of undefined constant pname - assumed 'pname' D:\www\core\shop\Runtime\Cache\d0e2869ca24de4d4e2a6cf53fae21b39.php 第 594 行.
NOTIC: [8] Use of undefined constant id - assumed 'id' D:\www\core\shop\Runtime\Cache\d0e2869ca24de4d4e2a6cf53fae21b39.php 第 595 行.
NOTIC: [8] Use of undefined constant pname - assumed 'pname' D:\www\core\shop\Runtime\Cache\d0e2869ca24de4d4e2a6cf53fae21b39.php 第 595 行.
NOTIC: [8] Use of undefined constant price - assumed 'price' D:\www\core\shop\Runtime\Cache\d0e2869ca24de4d4e2a6cf53fae21b39.php 第 596 行.
NOTIC: [8] Use of undefined constant id - assumed 'id' D:\www\core\shop\Runtime\Cache\d0e2869ca24de4d4e2a6cf53fae21b39.php 第 594 行.
NOTIC: [8] Use of undefined constant path - assumed 'path' D:\www\core\shop\Runtime\Cache\d0e2869ca24de4d4e2a6cf53fae21b39.php 第 594 行.
NOTIC: [8] Use of undefined constant pname - assumed 'pname' D:\www\core\shop\Runtime\Cache\d0e2869ca24de4d4e2a6cf53fae21b39.php 第 594 行.
NOTIC: [8] Use of undefined constant id - assumed 'id' D:\www\core\shop\Runtime\Cache\d0e2869ca24de4d4e2a6cf53fae21b39.php 第 595 行.
NOTIC: [8] Use of undefined constant pname - assumed 'pname' D:\www\core\shop\Runtime\Cache\d0e2869ca24de4d4e2a6cf53fae21b39.php 第 595 行.
NOTIC: [8] Use of undefined constant price - assumed 'price' D:\www\core\shop\Runtime\Cache\d0e2869ca24de4d4e2a6cf53fae21b39.php 第 596 行.
NOTIC: [8] Use of undefined constant id - assumed 'id' D:\www\core\shop\Runtime\Cache\d0e2869ca24de4d4e2a6cf53fae21b39.php 第 594 行.
NOTIC: [8] Use of undefined constant path - assumed 'path' D:\www\core\shop\Runtime\Cache\d0e2869ca24de4d4e2a6cf53fae21b39.php 第 594 行.
NOTIC: [8] Use of undefined constant pname - assumed 'pname' D:\www\core\shop\Runtime\Cache\d0e2869ca24de4d4e2a6cf53fae21b39.php 第 594 行.
NOTIC: [8] Use of undefined constant id - assumed 'id' D:\www\core\shop\Runtime\Cache\d0e2869ca24de4d4e2a6cf53fae21b39.php 第 595 行.
NOTIC: [8] Use of undefined constant pname - assumed 'pname' D:\www\core\shop\Runtime\Cache\d0e2869ca24de4d4e2a6cf53fae21b39.php 第 595 行.
NOTIC: [8] Use of undefined constant price - assumed 'price' D:\www\core\shop\Runtime\Cache\d0e2869ca24de4d4e2a6cf53fae21b39.php 第 596 行.
NOTIC: [8] Use of undefined constant id - assumed 'id' D:\www\core\shop\Runtime\Cache\d0e2869ca24de4d4e2a6cf53fae21b39.php 第 594 行.
NOTIC: [8] Use of undefined constant path - assumed 'path' D:\www\core\shop\Runtime\Cache\d0e2869ca24de4d4e2a6cf53fae21b39.php 第 594 行.
NOTIC: [8] Use of undefined constant pname - assumed 'pname' D:\www\core\shop\Runtime\Cache\d0e2869ca24de4d4e2a6cf53fae21b39.php 第 594 行.
NOTIC: [8] Use of undefined constant id - assumed 'id' D:\www\core\shop\Runtime\Cache\d0e2869ca24de4d4e2a6cf53fae21b39.php 第 595 行.
NOTIC: [8] Use of undefined constant pname - assumed 'pname' D:\www\core\shop\Runtime\Cache\d0e2869ca24de4d4e2a6cf53fae21b39.php 第 595 行.
NOTIC: [8] Use of undefined constant price - assumed 'price' D:\www\core\shop\Runtime\Cache\d0e2869ca24de4d4e2a6cf53fae21b39.php 第 596 行.
NOTIC: [8] Use of undefined constant id - assumed 'id' D:\www\core\shop\Runtime\Cache\d0e2869ca24de4d4e2a6cf53fae21b39.php 第 594 行.
NOTIC: [8] Use of undefined constant path - assumed 'path' D:\www\core\shop\Runtime\Cache\d0e2869ca24de4d4e2a6cf53fae21b39.php 第 594 行.
NOTIC: [8] Use of undefined constant pname - assumed 'pname' D:\www\core\shop\Runtime\Cache\d0e2869ca24de4d4e2a6cf53fae21b39.php 第 594 行.
NOTIC: [8] Use of undefined constant id - assumed 'id' D:\www\core\shop\Runtime\Cache\d0e2869ca24de4d4e2a6cf53fae21b39.php 第 595 行.
NOTIC: [8] Use of undefined constant pname - assumed 'pname' D:\www\core\shop\Runtime\Cache\d0e2869ca24de4d4e2a6cf53fae21b39.php 第 595 行.
NOTIC: [8] Use of undefined constant price - assumed 'price' D:\www\core\shop\Runtime\Cache\d0e2869ca24de4d4e2a6cf53fae21b39.php 第 596 行.
NOTIC: [8] Use of undefined constant pid - assumed 'pid' D:\www\core\shop\Runtime\Cache\d0e2869ca24de4d4e2a6cf53fae21b39.php 第 921 行.
NOTIC: [8] Use of undefined constant path - assumed 'path' D:\www\core\shop\Runtime\Cache\d0e2869ca24de4d4e2a6cf53fae21b39.php 第 921 行.
NOTIC: [8] Use of undefined constant pid - assumed 'pid' D:\www\core\shop\Runtime\Cache\d0e2869ca24de4d4e2a6cf53fae21b39.php 第 922 行.
NOTIC: [8] Use of undefined constant pname - assumed 'pname' D:\www\core\shop\Runtime\Cache\d0e2869ca24de4d4e2a6cf53fae21b39.php 第 922 行.
NOTIC: [8] Use of undefined constant buyprice - assumed 'buyprice' D:\www\core\shop\Runtime\Cache\d0e2869ca24de4d4e2a6cf53fae21b39.php 第 923 行.
NOTIC: [8] Use of undefined constant pid - assumed 'pid' D:\www\core\shop\Runtime\Cache\d0e2869ca24de4d4e2a6cf53fae21b39.php 第 921 行.
NOTIC: [8] Use of undefined constant path - assumed 'path' D:\www\core\shop\Runtime\Cache\d0e2869ca24de4d4e2a6cf53fae21b39.php 第 921 行.
NOTIC: [8] Use of undefined constant pid - assumed 'pid' D:\www\core\shop\Runtime\Cache\d0e2869ca24de4d4e2a6cf53fae21b39.php 第 922 行.
NOTIC: [8] Use of undefined constant pname - assumed 'pname' D:\www\core\shop\Runtime\Cache\d0e2869ca24de4d4e2a6cf53fae21b39.php 第 922 行.
NOTIC: [8] Use of undefined constant buyprice - assumed 'buyprice' D:\www\core\shop\Runtime\Cache\d0e2869ca24de4d4e2a6cf53fae21b39.php 第 923 行.
NOTIC: [8] Use of undefined constant pid - assumed 'pid' D:\www\core\shop\Runtime\Cache\d0e2869ca24de4d4e2a6cf53fae21b39.php 第 921 行.
NOTIC: [8] Use of undefined constant path - assumed 'path' D:\www\core\shop\Runtime\Cache\d0e2869ca24de4d4e2a6cf53fae21b39.php 第 921 行.
NOTIC: [8] Use of undefined constant pid - assumed 'pid' D:\www\core\shop\Runtime\Cache\d0e2869ca24de4d4e2a6cf53fae21b39.php 第 922 行.
NOTIC: [8] Use of undefined constant pname - assumed 'pname' D:\www\core\shop\Runtime\Cache\d0e2869ca24de4d4e2a6cf53fae21b39.php 第 922 行.
NOTIC: [8] Use of undefined constant buyprice - assumed 'buyprice' D:\www\core\shop\Runtime\Cache\d0e2869ca24de4d4e2a6cf53fae21b39.php 第 923 行.
NOTIC: [8] Use of undefined constant pid - assumed 'pid' D:\www\core\shop\Runtime\Cache\d0e2869ca24de4d4e2a6cf53fae21b39.php 第 921 行.
NOTIC: [8] Use of undefined constant path - assumed 'path' D:\www\core\shop\Runtime\Cache\d0e2869ca24de4d4e2a6cf53fae21b39.php 第 921 行.
NOTIC: [8] Use of undefined constant pid - assumed 'pid' D:\www\core\shop\Runtime\Cache\d0e2869ca24de4d4e2a6cf53fae21b39.php 第 922 行.
NOTIC: [8] Use of undefined constant pname - assumed 'pname' D:\www\core\shop\Runtime\Cache\d0e2869ca24de4d4e2a6cf53fae21b39.php 第 922 行.
NOTIC: [8] Use of undefined constant buyprice - assumed 'buyprice' D:\www\core\shop\Runtime\Cache\d0e2869ca24de4d4e2a6cf53fae21b39.php 第 923 行.
NOTIC: [8] Use of undefined constant pid - assumed 'pid' D:\www\core\shop\Runtime\Cache\d0e2869ca24de4d4e2a6cf53fae21b39.php 第 921 行.
NOTIC: [8] Use of undefined constant path - assumed 'path' D:\www\core\shop\Runtime\Cache\d0e2869ca24de4d4e2a6cf53fae21b39.php 第 921 行.
NOTIC: [8] Use of undefined constant pid - assumed 'pid' D:\www\core\shop\Runtime\Cache\d0e2869ca24de4d4e2a6cf53fae21b39.php 第 922 行.
NOTIC: [8] Use of undefined constant pname - assumed 'pname' D:\www\core\shop\Runtime\Cache\d0e2869ca24de4d4e2a6cf53fae21b39.php 第 922 行.
NOTIC: [8] Use of undefined constant buyprice - assumed 'buyprice' D:\www\core\shop\Runtime\Cache\d0e2869ca24de4d4e2a6cf53fae21b39.php 第 923 行.
NOTIC: [8] Use of undefined constant pid - assumed 'pid' D:\www\core\shop\Runtime\Cache\d0e2869ca24de4d4e2a6cf53fae21b39.php 第 921 行.
NOTIC: [8] Use of undefined constant path - assumed 'path' D:\www\core\shop\Runtime\Cache\d0e2869ca24de4d4e2a6cf53fae21b39.php 第 921 行.
NOTIC: [8] Use of undefined constant pid - assumed 'pid' D:\www\core\shop\Runtime\Cache\d0e2869ca24de4d4e2a6cf53fae21b39.php 第 922 行.
NOTIC: [8] Use of undefined constant pname - assumed 'pname' D:\www\core\shop\Runtime\Cache\d0e2869ca24de4d4e2a6cf53fae21b39.php 第 922 行.
NOTIC: [8] Use of undefined constant buyprice - assumed 'buyprice' D:\www\core\shop\Runtime\Cache\d0e2869ca24de4d4e2a6cf53fae21b39.php 第 923 行.
INFO: ParseTemplate Behavior ::run [ RunTime:0.023502s ]
INFO: [ view_parse ] --END-- [ RunTime:0.023546s ]
INFO: [ view_filter ] --START--
INFO: ContentReplace Behavior ::run [ RunTime:0.001155s ]
INFO: TokenBuild Behavior ::run [ RunTime:0.000443s ]
INFO: WriteHtmlCache Behavior ::run [ RunTime:0.000267s ]
INFO: ShowRuntime Behavior ::run [ RunTime:0.000476s ]
INFO: [ view_filter ] --END-- [ RunTime:0.002474s ]
INFO: [ view_end ] --START--
INFO: ShowPageTrace Behavior ::run [ RunTime:0.001043s ]
INFO: [ view_end ] --END-- [ RunTime:0.001132s ]

[ 2015-12-17T09:08:48+08:00 ] 127.0.0.1 /core/
INFO: [ app_begin ] --START--
INFO: ReadHtmlCache Behavior ::run [ RunTime:0.000792s ]
INFO: [ app_begin ] --END-- [ RunTime:0.000879s ]
SQL: SHOW COLUMNS FROM `type` [ RunTime:0.004622s ]
SQL: SELECT * FROM `type` WHERE ( fid=0 )  [ RunTime:0.000842s ]
SQL: SELECT * FROM `type` WHERE ( fid=1 )  [ RunTime:0.000992s ]
SQL: SELECT * FROM `type` WHERE ( fid=3 )  [ RunTime:0.000582s ]
SQL: SELECT * FROM `type` WHERE ( fid=4 )  [ RunTime:0.000577s ]
NOTIC: [2] Invalid argument supplied for foreach() D:\www\core\shop\Common\common.php 第 28 行.
SQL: SELECT * FROM `type` WHERE ( fid=25 )  [ RunTime:0.000406s ]
NOTIC: [2] Invalid argument supplied for foreach() D:\www\core\shop\Common\common.php 第 28 行.
SQL: SELECT * FROM `type` WHERE ( fid=28 )  [ RunTime:0.000384s ]
NOTIC: [2] Invalid argument supplied for foreach() D:\www\core\shop\Common\common.php 第 28 行.
SQL: SELECT * FROM `type` WHERE ( fid=29 )  [ RunTime:0.000386s ]
NOTIC: [2] Invalid argument supplied for foreach() D:\www\core\shop\Common\common.php 第 28 行.
SQL: SELECT * FROM `type` WHERE ( fid=2 )  [ RunTime:0.000573s ]
SQL: SELECT * FROM `type` WHERE ( fid=5 )  [ RunTime:0.000500s ]
SQL: SELECT * FROM `type` WHERE ( fid=6 )  [ RunTime:0.000489s ]
SQL: SELECT * FROM `type` WHERE ( fid=10 )  [ RunTime:0.000422s ]
SQL: SELECT * FROM `type` WHERE ( fid=15 )  [ RunTime:0.000436s ]
NOTIC: [2] Invalid argument supplied for foreach() D:\www\core\shop\Common\common.php 第 28 行.
SQL: SELECT * FROM `type` WHERE ( fid=11 )  [ RunTime:0.000476s ]
SQL: SELECT * FROM `type` WHERE ( fid=16 )  [ RunTime:0.000430s ]
NOTIC: [2] Invalid argument supplied for foreach() D:\www\core\shop\Common\common.php 第 28 行.
SQL: SELECT * FROM `type` WHERE ( fid=12 )  [ RunTime:0.000436s ]
SQL: SELECT * FROM `type` WHERE ( fid=17 )  [ RunTime:0.000430s ]
SQL: SELECT * FROM `type` WHERE ( fid=18 )  [ RunTime:0.000404s ]
SQL: SELECT * FROM `type` WHERE ( fid=13 )  [ RunTime:0.000384s ]
SQL: SELECT * FROM `type` WHERE ( fid=19 )  [ RunTime:0.000386s ]
NOTIC: [2] Invalid argument supplied for foreach() D:\www\core\shop\Common\common.php 第 28 行.
SQL: SELECT * FROM `type` WHERE ( fid=20 )  [ RunTime:0.000373s ]
NOTIC: [2] Invalid argument supplied for foreach() D:\www\core\shop\Common\common.php 第 28 行.
SQL: SELECT * FROM `type` WHERE ( fid=14 )  [ RunTime:0.000395s ]
NOTIC: [2] Invalid argument supplied for foreach() D:\www\core\shop\Common\common.php 第 12 行.
SQL: SHOW COLUMNS FROM `type` [ RunTime:0.004482s ]
SQL: SELECT * FROM `type` WHERE ( fid=0 )  [ RunTime:0.000665s ]
SQL: SHOW COLUMNS FROM `cartinfo` [ RunTime:0.005018s ]
SQL: select pid from cartinfo group by pid desc limit 6 [ RunTime:0.000768s ]
SQL: SHOW COLUMNS FROM `product` [ RunTime:0.004432s ]
SQL: select * from product as a inner join pimage as b on b.pid=14 where a.id=14 [ RunTime:0.000683s ]
SQL: select * from product as a inner join pimage as b on b.pid=11 where a.id=11 [ RunTime:0.000471s ]
SQL: select * from product as a inner join pimage as b on b.pid=9 where a.id=9 [ RunTime:0.000528s ]
SQL: select * from product as a inner join pimage as b on b.pid=7 where a.id=7 [ RunTime:0.000515s ]
SQL: select * from product as a inner join pimage as b on b.pid=3 where a.id=3 [ RunTime:0.000460s ]
SQL: select * from product as a inner join pimage as b on b.pid=2 where a.id=2 [ RunTime:0.000512s ]
SQL: select * from product as a inner join pimage as b on b.pid=a.id order by a.id desc limit 6 [ RunTime:0.004453s ]
INFO: [ view_parse ] --START--
NOTIC: [8] Use of undefined constant id - assumed 'id' D:\www\core\shop\Runtime\Cache\d0e2869ca24de4d4e2a6cf53fae21b39.php 第 594 行.
NOTIC: [8] Use of undefined constant path - assumed 'path' D:\www\core\shop\Runtime\Cache\d0e2869ca24de4d4e2a6cf53fae21b39.php 第 594 行.
NOTIC: [8] Use of undefined constant pname - assumed 'pname' D:\www\core\shop\Runtime\Cache\d0e2869ca24de4d4e2a6cf53fae21b39.php 第 594 行.
NOTIC: [8] Use of undefined constant id - assumed 'id' D:\www\core\shop\Runtime\Cache\d0e2869ca24de4d4e2a6cf53fae21b39.php 第 595 行.
NOTIC: [8] Use of undefined constant pname - assumed 'pname' D:\www\core\shop\Runtime\Cache\d0e2869ca24de4d4e2a6cf53fae21b39.php 第 595 行.
NOTIC: [8] Use of undefined constant price - assumed 'price' D:\www\core\shop\Runtime\Cache\d0e2869ca24de4d4e2a6cf53fae21b39.php 第 596 行.
NOTIC: [8] Use of undefined constant id - assumed 'id' D:\www\core\shop\Runtime\Cache\d0e2869ca24de4d4e2a6cf53fae21b39.php 第 594 行.
NOTIC: [8] Use of undefined constant path - assumed 'path' D:\www\core\shop\Runtime\Cache\d0e2869ca24de4d4e2a6cf53fae21b39.php 第 594 行.
NOTIC: [8] Use of undefined constant pname - assumed 'pname' D:\www\core\shop\Runtime\Cache\d0e2869ca24de4d4e2a6cf53fae21b39.php 第 594 行.
NOTIC: [8] Use of undefined constant id - assumed 'id' D:\www\core\shop\Runtime\Cache\d0e2869ca24de4d4e2a6cf53fae21b39.php 第 595 行.
NOTIC: [8] Use of undefined constant pname - assumed 'pname' D:\www\core\shop\Runtime\Cache\d0e2869ca24de4d4e2a6cf53fae21b39.php 第 595 行.
NOTIC: [8] Use of undefined constant price - assumed 'price' D:\www\core\shop\Runtime\Cache\d0e2869ca24de4d4e2a6cf53fae21b39.php 第 596 行.
NOTIC: [8] Use of undefined constant id - assumed 'id' D:\www\core\shop\Runtime\Cache\d0e2869ca24de4d4e2a6cf53fae21b39.php 第 594 行.
NOTIC: [8] Use of undefined constant path - assumed 'path' D:\www\core\shop\Runtime\Cache\d0e2869ca24de4d4e2a6cf53fae21b39.php 第 594 行.
NOTIC: [8] Use of undefined constant pname - assumed 'pname' D:\www\core\shop\Runtime\Cache\d0e2869ca24de4d4e2a6cf53fae21b39.php 第 594 行.
NOTIC: [8] Use of undefined constant id - assumed 'id' D:\www\core\shop\Runtime\Cache\d0e2869ca24de4d4e2a6cf53fae21b39.php 第 595 行.
NOTIC: [8] Use of undefined constant pname - assumed 'pname' D:\www\core\shop\Runtime\Cache\d0e2869ca24de4d4e2a6cf53fae21b39.php 第 595 行.
NOTIC: [8] Use of undefined constant price - assumed 'price' D:\www\core\shop\Runtime\Cache\d0e2869ca24de4d4e2a6cf53fae21b39.php 第 596 行.
NOTIC: [8] Use of undefined constant id - assumed 'id' D:\www\core\shop\Runtime\Cache\d0e2869ca24de4d4e2a6cf53fae21b39.php 第 594 行.
NOTIC: [8] Use of undefined constant path - assumed 'path' D:\www\core\shop\Runtime\Cache\d0e2869ca24de4d4e2a6cf53fae21b39.php 第 594 行.
NOTIC: [8] Use of undefined constant pname - assumed 'pname' D:\www\core\shop\Runtime\Cache\d0e2869ca24de4d4e2a6cf53fae21b39.php 第 594 行.
NOTIC: [8] Use of undefined constant id - assumed 'id' D:\www\core\shop\Runtime\Cache\d0e2869ca24de4d4e2a6cf53fae21b39.php 第 595 行.
NOTIC: [8] Use of undefined constant pname - assumed 'pname' D:\www\core\shop\Runtime\Cache\d0e2869ca24de4d4e2a6cf53fae21b39.php 第 595 行.
NOTIC: [8] Use of undefined constant price - assumed 'price' D:\www\core\shop\Runtime\Cache\d0e2869ca24de4d4e2a6cf53fae21b39.php 第 596 行.
NOTIC: [8] Use of undefined constant id - assumed 'id' D:\www\core\shop\Runtime\Cache\d0e2869ca24de4d4e2a6cf53fae21b39.php 第 594 行.
NOTIC: [8] Use of undefined constant path - assumed 'path' D:\www\core\shop\Runtime\Cache\d0e2869ca24de4d4e2a6cf53fae21b39.php 第 594 行.
NOTIC: [8] Use of undefined constant pname - assumed 'pname' D:\www\core\shop\Runtime\Cache\d0e2869ca24de4d4e2a6cf53fae21b39.php 第 594 行.
NOTIC: [8] Use of undefined constant id - assumed 'id' D:\www\core\shop\Runtime\Cache\d0e2869ca24de4d4e2a6cf53fae21b39.php 第 595 行.
NOTIC: [8] Use of undefined constant pname - assumed 'pname' D:\www\core\shop\Runtime\Cache\d0e2869ca24de4d4e2a6cf53fae21b39.php 第 595 行.
NOTIC: [8] Use of undefined constant price - assumed 'price' D:\www\core\shop\Runtime\Cache\d0e2869ca24de4d4e2a6cf53fae21b39.php 第 596 行.
NOTIC: [8] Use of undefined constant id - assumed 'id' D:\www\core\shop\Runtime\Cache\d0e2869ca24de4d4e2a6cf53fae21b39.php 第 594 行.
NOTIC: [8] Use of undefined constant path - assumed 'path' D:\www\core\shop\Runtime\Cache\d0e2869ca24de4d4e2a6cf53fae21b39.php 第 594 行.
NOTIC: [8] Use of undefined constant pname - assumed 'pname' D:\www\core\shop\Runtime\Cache\d0e2869ca24de4d4e2a6cf53fae21b39.php 第 594 行.
NOTIC: [8] Use of undefined constant id - assumed 'id' D:\www\core\shop\Runtime\Cache\d0e2869ca24de4d4e2a6cf53fae21b39.php 第 595 行.
NOTIC: [8] Use of undefined constant pname - assumed 'pname' D:\www\core\shop\Runtime\Cache\d0e2869ca24de4d4e2a6cf53fae21b39.php 第 595 行.
NOTIC: [8] Use of undefined constant price - assumed 'price' D:\www\core\shop\Runtime\Cache\d0e2869ca24de4d4e2a6cf53fae21b39.php 第 596 行.
NOTIC: [8] Use of undefined constant pid - assumed 'pid' D:\www\core\shop\Runtime\Cache\d0e2869ca24de4d4e2a6cf53fae21b39.php 第 921 行.
NOTIC: [8] Use of undefined constant path - assumed 'path' D:\www\core\shop\Runtime\Cache\d0e2869ca24de4d4e2a6cf53fae21b39.php 第 921 行.
NOTIC: [8] Use of undefined constant pid - assumed 'pid' D:\www\core\shop\Runtime\Cache\d0e2869ca24de4d4e2a6cf53fae21b39.php 第 922 行.
NOTIC: [8] Use of undefined constant pname - assumed 'pname' D:\www\core\shop\Runtime\Cache\d0e2869ca24de4d4e2a6cf53fae21b39.php 第 922 行.
NOTIC: [8] Use of undefined constant buyprice - assumed 'buyprice' D:\www\core\shop\Runtime\Cache\d0e2869ca24de4d4e2a6cf53fae21b39.php 第 923 行.
NOTIC: [8] Use of undefined constant pid - assumed 'pid' D:\www\core\shop\Runtime\Cache\d0e2869ca24de4d4e2a6cf53fae21b39.php 第 921 行.
NOTIC: [8] Use of undefined constant path - assumed 'path' D:\www\core\shop\Runtime\Cache\d0e2869ca24de4d4e2a6cf53fae21b39.php 第 921 行.
NOTIC: [8] Use of undefined constant pid - assumed 'pid' D:\www\core\shop\Runtime\Cache\d0e2869ca24de4d4e2a6cf53fae21b39.php 第 922 行.
NOTIC: [8] Use of undefined constant pname - assumed 'pname' D:\www\core\shop\Runtime\Cache\d0e2869ca24de4d4e2a6cf53fae21b39.php 第 922 行.
NOTIC: [8] Use of undefined constant buyprice - assumed 'buyprice' D:\www\core\shop\Runtime\Cache\d0e2869ca24de4d4e2a6cf53fae21b39.php 第 923 行.
NOTIC: [8] Use of undefined constant pid - assumed 'pid' D:\www\core\shop\Runtime\Cache\d0e2869ca24de4d4e2a6cf53fae21b39.php 第 921 行.
NOTIC: [8] Use of undefined constant path - assumed 'path' D:\www\core\shop\Runtime\Cache\d0e2869ca24de4d4e2a6cf53fae21b39.php 第 921 行.
NOTIC: [8] Use of undefined constant pid - assumed 'pid' D:\www\core\shop\Runtime\Cache\d0e2869ca24de4d4e2a6cf53fae21b39.php 第 922 行.
NOTIC: [8] Use of undefined constant pname - assumed 'pname' D:\www\core\shop\Runtime\Cache\d0e2869ca24de4d4e2a6cf53fae21b39.php 第 922 行.
NOTIC: [8] Use of undefined constant buyprice - assumed 'buyprice' D:\www\core\shop\Runtime\Cache\d0e2869ca24de4d4e2a6cf53fae21b39.php 第 923 行.
NOTIC: [8] Use of undefined constant pid - assumed 'pid' D:\www\core\shop\Runtime\Cache\d0e2869ca24de4d4e2a6cf53fae21b39.php 第 921 行.
NOTIC: [8] Use of undefined constant path - assumed 'path' D:\www\core\shop\Runtime\Cache\d0e2869ca24de4d4e2a6cf53fae21b39.php 第 921 行.
NOTIC: [8] Use of undefined constant pid - assumed 'pid' D:\www\core\shop\Runtime\Cache\d0e2869ca24de4d4e2a6cf53fae21b39.php 第 922 行.
NOTIC: [8] Use of undefined constant pname - assumed 'pname' D:\www\core\shop\Runtime\Cache\d0e2869ca24de4d4e2a6cf53fae21b39.php 第 922 行.
NOTIC: [8] Use of undefined constant buyprice - assumed 'buyprice' D:\www\core\shop\Runtime\Cache\d0e2869ca24de4d4e2a6cf53fae21b39.php 第 923 行.
NOTIC: [8] Use of undefined constant pid - assumed 'pid' D:\www\core\shop\Runtime\Cache\d0e2869ca24de4d4e2a6cf53fae21b39.php 第 921 行.
NOTIC: [8] Use of undefined constant path - assumed 'path' D:\www\core\shop\Runtime\Cache\d0e2869ca24de4d4e2a6cf53fae21b39.php 第 921 行.
NOTIC: [8] Use of undefined constant pid - assumed 'pid' D:\www\core\shop\Runtime\Cache\d0e2869ca24de4d4e2a6cf53fae21b39.php 第 922 行.
NOTIC: [8] Use of undefined constant pname - assumed 'pname' D:\www\core\shop\Runtime\Cache\d0e2869ca24de4d4e2a6cf53fae21b39.php 第 922 行.
NOTIC: [8] Use of undefined constant buyprice - assumed 'buyprice' D:\www\core\shop\Runtime\Cache\d0e2869ca24de4d4e2a6cf53fae21b39.php 第 923 行.
NOTIC: [8] Use of undefined constant pid - assumed 'pid' D:\www\core\shop\Runtime\Cache\d0e2869ca24de4d4e2a6cf53fae21b39.php 第 921 行.
NOTIC: [8] Use of undefined constant path - assumed 'path' D:\www\core\shop\Runtime\Cache\d0e2869ca24de4d4e2a6cf53fae21b39.php 第 921 行.
NOTIC: [8] Use of undefined constant pid - assumed 'pid' D:\www\core\shop\Runtime\Cache\d0e2869ca24de4d4e2a6cf53fae21b39.php 第 922 行.
NOTIC: [8] Use of undefined constant pname - assumed 'pname' D:\www\core\shop\Runtime\Cache\d0e2869ca24de4d4e2a6cf53fae21b39.php 第 922 行.
NOTIC: [8] Use of undefined constant buyprice - assumed 'buyprice' D:\www\core\shop\Runtime\Cache\d0e2869ca24de4d4e2a6cf53fae21b39.php 第 923 行.
INFO: ParseTemplate Behavior ::run [ RunTime:0.023690s ]
INFO: [ view_parse ] --END-- [ RunTime:0.023739s ]
INFO: [ view_filter ] --START--
INFO: ContentReplace Behavior ::run [ RunTime:0.001115s ]
INFO: TokenBuild Behavior ::run [ RunTime:0.000460s ]
INFO: WriteHtmlCache Behavior ::run [ RunTime:0.000285s ]
INFO: ShowRuntime Behavior ::run [ RunTime:0.000475s ]
INFO: [ view_filter ] --END-- [ RunTime:0.002454s ]
INFO: [ view_end ] --START--
INFO: ShowPageTrace Behavior ::run [ RunTime:0.000999s ]
INFO: [ view_end ] --END-- [ RunTime:0.001101s ]

[ 2015-12-17T10:00:09+08:00 ] 127.0.0.1 /core/
INFO: [ app_begin ] --START--
INFO: ReadHtmlCache Behavior ::run [ RunTime:0.000782s ]
INFO: [ app_begin ] --END-- [ RunTime:0.000847s ]
SQL: SHOW COLUMNS FROM `type` [ RunTime:0.004969s ]
SQL: SELECT * FROM `type` WHERE ( fid=0 )  [ RunTime:0.001415s ]
SQL: SELECT * FROM `type` WHERE ( fid=1 )  [ RunTime:0.001346s ]
SQL: SELECT * FROM `type` WHERE ( fid=3 )  [ RunTime:0.001029s ]
SQL: SELECT * FROM `type` WHERE ( fid=4 )  [ RunTime:0.000512s ]
NOTIC: [2] Invalid argument supplied for foreach() D:\www\core\shop\Common\common.php 第 28 行.
SQL: SELECT * FROM `type` WHERE ( fid=25 )  [ RunTime:0.000861s ]
NOTIC: [2] Invalid argument supplied for foreach() D:\www\core\shop\Common\common.php 第 28 行.
SQL: SELECT * FROM `type` WHERE ( fid=28 )  [ RunTime:0.000967s ]
NOTIC: [2] Invalid argument supplied for foreach() D:\www\core\shop\Common\common.php 第 28 行.
SQL: SELECT * FROM `type` WHERE ( fid=29 )  [ RunTime:0.000732s ]
NOTIC: [2] Invalid argument supplied for foreach() D:\www\core\shop\Common\common.php 第 28 行.
SQL: SELECT * FROM `type` WHERE ( fid=2 )  [ RunTime:0.000883s ]
SQL: SELECT * FROM `type` WHERE ( fid=5 )  [ RunTime:0.000847s ]
SQL: SELECT * FROM `type` WHERE ( fid=6 )  [ RunTime:0.000731s ]
SQL: SELECT * FROM `type` WHERE ( fid=10 )  [ RunTime:0.000818s ]
SQL: SELECT * FROM `type` WHERE ( fid=15 )  [ RunTime:0.001016s ]
NOTIC: [2] Invalid argument supplied for foreach() D:\www\core\shop\Common\common.php 第 28 行.
SQL: SELECT * FROM `type` WHERE ( fid=11 )  [ RunTime:0.000624s ]
SQL: SELECT * FROM `type` WHERE ( fid=16 )  [ RunTime:0.000728s ]
NOTIC: [2] Invalid argument supplied for foreach() D:\www\core\shop\Common\common.php 第 28 行.
SQL: SELECT * FROM `type` WHERE ( fid=12 )  [ RunTime:0.000656s ]
SQL: SELECT * FROM `type` WHERE ( fid=17 )  [ RunTime:0.000684s ]
SQL: SELECT * FROM `type` WHERE ( fid=18 )  [ RunTime:0.000833s ]
SQL: SELECT * FROM `type` WHERE ( fid=13 )  [ RunTime:0.000535s ]
SQL: SELECT * FROM `type` WHERE ( fid=19 )  [ RunTime:0.000657s ]
NOTIC: [2] Invalid argument supplied for foreach() D:\www\core\shop\Common\common.php 第 28 行.
SQL: SELECT * FROM `type` WHERE ( fid=20 )  [ RunTime:0.000593s ]
NOTIC: [2] Invalid argument supplied for foreach() D:\www\core\shop\Common\common.php 第 28 行.
SQL: SELECT * FROM `type` WHERE ( fid=14 )  [ RunTime:0.000611s ]
NOTIC: [2] Invalid argument supplied for foreach() D:\www\core\shop\Common\common.php 第 12 行.
SQL: SHOW COLUMNS FROM `type` [ RunTime:0.004417s ]
SQL: SELECT * FROM `type` WHERE ( fid=0 )  [ RunTime:0.001082s ]
SQL: SHOW COLUMNS FROM `cartinfo` [ RunTime:0.004621s ]
SQL: select pid from cartinfo group by pid desc limit 6 [ RunTime:0.001750s ]
SQL: SHOW COLUMNS FROM `product` [ RunTime:0.005686s ]
SQL: select * from product as a inner join pimage as b on b.pid=14 where a.id=14 [ RunTime:0.001165s ]
SQL: select * from product as a inner join pimage as b on b.pid=11 where a.id=11 [ RunTime:0.001359s ]
SQL: select * from product as a inner join pimage as b on b.pid=9 where a.id=9 [ RunTime:0.001146s ]
SQL: select * from product as a inner join pimage as b on b.pid=7 where a.id=7 [ RunTime:0.001094s ]
SQL: select * from product as a inner join pimage as b on b.pid=3 where a.id=3 [ RunTime:0.000739s ]
SQL: select * from product as a inner join pimage as b on b.pid=2 where a.id=2 [ RunTime:0.000955s ]
SQL: select * from product as a inner join pimage as b on b.pid=a.id order by a.id desc limit 6 [ RunTime:0.005825s ]
INFO: [ view_parse ] --START--
NOTIC: [8] Use of undefined constant id - assumed 'id' D:\www\core\shop\Runtime\Cache\d0e2869ca24de4d4e2a6cf53fae21b39.php 第 594 行.
NOTIC: [8] Use of undefined constant path - assumed 'path' D:\www\core\shop\Runtime\Cache\d0e2869ca24de4d4e2a6cf53fae21b39.php 第 594 行.
NOTIC: [8] Use of undefined constant pname - assumed 'pname' D:\www\core\shop\Runtime\Cache\d0e2869ca24de4d4e2a6cf53fae21b39.php 第 594 行.
NOTIC: [8] Use of undefined constant id - assumed 'id' D:\www\core\shop\Runtime\Cache\d0e2869ca24de4d4e2a6cf53fae21b39.php 第 595 行.
NOTIC: [8] Use of undefined constant pname - assumed 'pname' D:\www\core\shop\Runtime\Cache\d0e2869ca24de4d4e2a6cf53fae21b39.php 第 595 行.
NOTIC: [8] Use of undefined constant price - assumed 'price' D:\www\core\shop\Runtime\Cache\d0e2869ca24de4d4e2a6cf53fae21b39.php 第 596 行.
NOTIC: [8] Use of undefined constant id - assumed 'id' D:\www\core\shop\Runtime\Cache\d0e2869ca24de4d4e2a6cf53fae21b39.php 第 594 行.
NOTIC: [8] Use of undefined constant path - assumed 'path' D:\www\core\shop\Runtime\Cache\d0e2869ca24de4d4e2a6cf53fae21b39.php 第 594 行.
NOTIC: [8] Use of undefined constant pname - assumed 'pname' D:\www\core\shop\Runtime\Cache\d0e2869ca24de4d4e2a6cf53fae21b39.php 第 594 行.
NOTIC: [8] Use of undefined constant id - assumed 'id' D:\www\core\shop\Runtime\Cache\d0e2869ca24de4d4e2a6cf53fae21b39.php 第 595 行.
NOTIC: [8] Use of undefined constant pname - assumed 'pname' D:\www\core\shop\Runtime\Cache\d0e2869ca24de4d4e2a6cf53fae21b39.php 第 595 行.
NOTIC: [8] Use of undefined constant price - assumed 'price' D:\www\core\shop\Runtime\Cache\d0e2869ca24de4d4e2a6cf53fae21b39.php 第 596 行.
NOTIC: [8] Use of undefined constant id - assumed 'id' D:\www\core\shop\Runtime\Cache\d0e2869ca24de4d4e2a6cf53fae21b39.php 第 594 行.
NOTIC: [8] Use of undefined constant path - assumed 'path' D:\www\core\shop\Runtime\Cache\d0e2869ca24de4d4e2a6cf53fae21b39.php 第 594 行.
NOTIC: [8] Use of undefined constant pname - assumed 'pname' D:\www\core\shop\Runtime\Cache\d0e2869ca24de4d4e2a6cf53fae21b39.php 第 594 行.
NOTIC: [8] Use of undefined constant id - assumed 'id' D:\www\core\shop\Runtime\Cache\d0e2869ca24de4d4e2a6cf53fae21b39.php 第 595 行.
NOTIC: [8] Use of undefined constant pname - assumed 'pname' D:\www\core\shop\Runtime\Cache\d0e2869ca24de4d4e2a6cf53fae21b39.php 第 595 行.
NOTIC: [8] Use of undefined constant price - assumed 'price' D:\www\core\shop\Runtime\Cache\d0e2869ca24de4d4e2a6cf53fae21b39.php 第 596 行.
NOTIC: [8] Use of undefined constant id - assumed 'id' D:\www\core\shop\Runtime\Cache\d0e2869ca24de4d4e2a6cf53fae21b39.php 第 594 行.
NOTIC: [8] Use of undefined constant path - assumed 'path' D:\www\core\shop\Runtime\Cache\d0e2869ca24de4d4e2a6cf53fae21b39.php 第 594 行.
NOTIC: [8] Use of undefined constant pname - assumed 'pname' D:\www\core\shop\Runtime\Cache\d0e2869ca24de4d4e2a6cf53fae21b39.php 第 594 行.
NOTIC: [8] Use of undefined constant id - assumed 'id' D:\www\core\shop\Runtime\Cache\d0e2869ca24de4d4e2a6cf53fae21b39.php 第 595 行.
NOTIC: [8] Use of undefined constant pname - assumed 'pname' D:\www\core\shop\Runtime\Cache\d0e2869ca24de4d4e2a6cf53fae21b39.php 第 595 行.
NOTIC: [8] Use of undefined constant price - assumed 'price' D:\www\core\shop\Runtime\Cache\d0e2869ca24de4d4e2a6cf53fae21b39.php 第 596 行.
NOTIC: [8] Use of undefined constant id - assumed 'id' D:\www\core\shop\Runtime\Cache\d0e2869ca24de4d4e2a6cf53fae21b39.php 第 594 行.
NOTIC: [8] Use of undefined constant path - assumed 'path' D:\www\core\shop\Runtime\Cache\d0e2869ca24de4d4e2a6cf53fae21b39.php 第 594 行.
NOTIC: [8] Use of undefined constant pname - assumed 'pname' D:\www\core\shop\Runtime\Cache\d0e2869ca24de4d4e2a6cf53fae21b39.php 第 594 行.
NOTIC: [8] Use of undefined constant id - assumed 'id' D:\www\core\shop\Runtime\Cache\d0e2869ca24de4d4e2a6cf53fae21b39.php 第 595 行.
NOTIC: [8] Use of undefined constant pname - assumed 'pname' D:\www\core\shop\Runtime\Cache\d0e2869ca24de4d4e2a6cf53fae21b39.php 第 595 行.
NOTIC: [8] Use of undefined constant price - assumed 'price' D:\www\core\shop\Runtime\Cache\d0e2869ca24de4d4e2a6cf53fae21b39.php 第 596 行.
NOTIC: [8] Use of undefined constant id - assumed 'id' D:\www\core\shop\Runtime\Cache\d0e2869ca24de4d4e2a6cf53fae21b39.php 第 594 行.
NOTIC: [8] Use of undefined constant path - assumed 'path' D:\www\core\shop\Runtime\Cache\d0e2869ca24de4d4e2a6cf53fae21b39.php 第 594 行.
NOTIC: [8] Use of undefined constant pname - assumed 'pname' D:\www\core\shop\Runtime\Cache\d0e2869ca24de4d4e2a6cf53fae21b39.php 第 594 行.
NOTIC: [8] Use of undefined constant id - assumed 'id' D:\www\core\shop\Runtime\Cache\d0e2869ca24de4d4e2a6cf53fae21b39.php 第 595 行.
NOTIC: [8] Use of undefined constant pname - assumed 'pname' D:\www\core\shop\Runtime\Cache\d0e2869ca24de4d4e2a6cf53fae21b39.php 第 595 行.
NOTIC: [8] Use of undefined constant price - assumed 'price' D:\www\core\shop\Runtime\Cache\d0e2869ca24de4d4e2a6cf53fae21b39.php 第 596 行.
NOTIC: [8] Use of undefined constant pid - assumed 'pid' D:\www\core\shop\Runtime\Cache\d0e2869ca24de4d4e2a6cf53fae21b39.php 第 921 行.
NOTIC: [8] Use of undefined constant path - assumed 'path' D:\www\core\shop\Runtime\Cache\d0e2869ca24de4d4e2a6cf53fae21b39.php 第 921 行.
NOTIC: [8] Use of undefined constant pid - assumed 'pid' D:\www\core\shop\Runtime\Cache\d0e2869ca24de4d4e2a6cf53fae21b39.php 第 922 行.
NOTIC: [8] Use of undefined constant pname - assumed 'pname' D:\www\core\shop\Runtime\Cache\d0e2869ca24de4d4e2a6cf53fae21b39.php 第 922 行.
NOTIC: [8] Use of undefined constant buyprice - assumed 'buyprice' D:\www\core\shop\Runtime\Cache\d0e2869ca24de4d4e2a6cf53fae21b39.php 第 923 行.
NOTIC: [8] Use of undefined constant pid - assumed 'pid' D:\www\core\shop\Runtime\Cache\d0e2869ca24de4d4e2a6cf53fae21b39.php 第 921 行.
NOTIC: [8] Use of undefined constant path - assumed 'path' D:\www\core\shop\Runtime\Cache\d0e2869ca24de4d4e2a6cf53fae21b39.php 第 921 行.
NOTIC: [8] Use of undefined constant pid - assumed 'pid' D:\www\core\shop\Runtime\Cache\d0e2869ca24de4d4e2a6cf53fae21b39.php 第 922 行.
NOTIC: [8] Use of undefined constant pname - assumed 'pname' D:\www\core\shop\Runtime\Cache\d0e2869ca24de4d4e2a6cf53fae21b39.php 第 922 行.
NOTIC: [8] Use of undefined constant buyprice - assumed 'buyprice' D:\www\core\shop\Runtime\Cache\d0e2869ca24de4d4e2a6cf53fae21b39.php 第 923 行.
NOTIC: [8] Use of undefined constant pid - assumed 'pid' D:\www\core\shop\Runtime\Cache\d0e2869ca24de4d4e2a6cf53fae21b39.php 第 921 行.
NOTIC: [8] Use of undefined constant path - assumed 'path' D:\www\core\shop\Runtime\Cache\d0e2869ca24de4d4e2a6cf53fae21b39.php 第 921 行.
NOTIC: [8] Use of undefined constant pid - assumed 'pid' D:\www\core\shop\Runtime\Cache\d0e2869ca24de4d4e2a6cf53fae21b39.php 第 922 行.
NOTIC: [8] Use of undefined constant pname - assumed 'pname' D:\www\core\shop\Runtime\Cache\d0e2869ca24de4d4e2a6cf53fae21b39.php 第 922 行.
NOTIC: [8] Use of undefined constant buyprice - assumed 'buyprice' D:\www\core\shop\Runtime\Cache\d0e2869ca24de4d4e2a6cf53fae21b39.php 第 923 行.
NOTIC: [8] Use of undefined constant pid - assumed 'pid' D:\www\core\shop\Runtime\Cache\d0e2869ca24de4d4e2a6cf53fae21b39.php 第 921 行.
NOTIC: [8] Use of undefined constant path - assumed 'path' D:\www\core\shop\Runtime\Cache\d0e2869ca24de4d4e2a6cf53fae21b39.php 第 921 行.
NOTIC: [8] Use of undefined constant pid - assumed 'pid' D:\www\core\shop\Runtime\Cache\d0e2869ca24de4d4e2a6cf53fae21b39.php 第 922 行.
NOTIC: [8] Use of undefined constant pname - assumed 'pname' D:\www\core\shop\Runtime\Cache\d0e2869ca24de4d4e2a6cf53fae21b39.php 第 922 行.
NOTIC: [8] Use of undefined constant buyprice - assumed 'buyprice' D:\www\core\shop\Runtime\Cache\d0e2869ca24de4d4e2a6cf53fae21b39.php 第 923 行.
NOTIC: [8] Use of undefined constant pid - assumed 'pid' D:\www\core\shop\Runtime\Cache\d0e2869ca24de4d4e2a6cf53fae21b39.php 第 921 行.
NOTIC: [8] Use of undefined constant path - assumed 'path' D:\www\core\shop\Runtime\Cache\d0e2869ca24de4d4e2a6cf53fae21b39.php 第 921 行.
NOTIC: [8] Use of undefined constant pid - assumed 'pid' D:\www\core\shop\Runtime\Cache\d0e2869ca24de4d4e2a6cf53fae21b39.php 第 922 行.
NOTIC: [8] Use of undefined constant pname - assumed 'pname' D:\www\core\shop\Runtime\Cache\d0e2869ca24de4d4e2a6cf53fae21b39.php 第 922 行.
NOTIC: [8] Use of undefined constant buyprice - assumed 'buyprice' D:\www\core\shop\Runtime\Cache\d0e2869ca24de4d4e2a6cf53fae21b39.php 第 923 行.
NOTIC: [8] Use of undefined constant pid - assumed 'pid' D:\www\core\shop\Runtime\Cache\d0e2869ca24de4d4e2a6cf53fae21b39.php 第 921 行.
NOTIC: [8] Use of undefined constant path - assumed 'path' D:\www\core\shop\Runtime\Cache\d0e2869ca24de4d4e2a6cf53fae21b39.php 第 921 行.
NOTIC: [8] Use of undefined constant pid - assumed 'pid' D:\www\core\shop\Runtime\Cache\d0e2869ca24de4d4e2a6cf53fae21b39.php 第 922 行.
NOTIC: [8] Use of undefined constant pname - assumed 'pname' D:\www\core\shop\Runtime\Cache\d0e2869ca24de4d4e2a6cf53fae21b39.php 第 922 行.
NOTIC: [8] Use of undefined constant buyprice - assumed 'buyprice' D:\www\core\shop\Runtime\Cache\d0e2869ca24de4d4e2a6cf53fae21b39.php 第 923 行.
INFO: ParseTemplate Behavior ::run [ RunTime:0.024811s ]
INFO: [ view_parse ] --END-- [ RunTime:0.024857s ]
INFO: [ view_filter ] --START--
INFO: ContentReplace Behavior ::run [ RunTime:0.001259s ]
INFO: TokenBuild Behavior ::run [ RunTime:0.000615s ]
INFO: WriteHtmlCache Behavior ::run [ RunTime:0.000404s ]
INFO: ShowRuntime Behavior ::run [ RunTime:0.000629s ]
INFO: [ view_filter ] --END-- [ RunTime:0.003025s ]
INFO: [ view_end ] --START--
INFO: ShowPageTrace Behavior ::run [ RunTime:0.000768s ]
INFO: [ view_end ] --END-- [ RunTime:0.000823s ]

