[ 2015-12-29T18:31:45+08:00 ] 127.0.0.1 /core/
INFO: [ app_begin ] --START--
INFO: ReadHtmlCache Behavior ::run [ RunTime:0.156899s ]
INFO: [ app_begin ] --END-- [ RunTime:0.389734s ]
SQL: SHOW COLUMNS FROM `type` [ RunTime:0.504054s ]
SQL: SELECT * FROM `type` WHERE ( fid=0 )  [ RunTime:0.055721s ]
SQL: SELECT * FROM `type` WHERE ( fid=1 )  [ RunTime:0.001458s ]
SQL: SELECT * FROM `type` WHERE ( fid=3 )  [ RunTime:0.000724s ]
SQL: SELECT * FROM `type` WHERE ( fid=4 )  [ RunTime:0.001084s ]
NOTIC: [2] Invalid argument supplied for foreach() D:\www\core\shop\Common\common.php 第 31 行.
SQL: SELECT * FROM `type` WHERE ( fid=25 )  [ RunTime:0.000775s ]
NOTIC: [2] Invalid argument supplied for foreach() D:\www\core\shop\Common\common.php 第 31 行.
SQL: SELECT * FROM `type` WHERE ( fid=28 )  [ RunTime:0.001108s ]
NOTIC: [2] Invalid argument supplied for foreach() D:\www\core\shop\Common\common.php 第 31 行.
SQL: SELECT * FROM `type` WHERE ( fid=29 )  [ RunTime:0.001835s ]
NOTIC: [2] Invalid argument supplied for foreach() D:\www\core\shop\Common\common.php 第 31 行.
SQL: SELECT * FROM `type` WHERE ( fid=2 )  [ RunTime:0.000998s ]
SQL: SELECT * FROM `type` WHERE ( fid=5 )  [ RunTime:0.000839s ]
SQL: SELECT * FROM `type` WHERE ( fid=6 )  [ RunTime:0.000979s ]
SQL: SELECT * FROM `type` WHERE ( fid=10 )  [ RunTime:0.001250s ]
SQL: SELECT * FROM `type` WHERE ( fid=15 )  [ RunTime:0.002490s ]
NOTIC: [2] Invalid argument supplied for foreach() D:\www\core\shop\Common\common.php 第 31 行.
SQL: SELECT * FROM `type` WHERE ( fid=11 )  [ RunTime:0.000972s ]
SQL: SELECT * FROM `type` WHERE ( fid=16 )  [ RunTime:0.002151s ]
NOTIC: [2] Invalid argument supplied for foreach() D:\www\core\shop\Common\common.php 第 31 行.
SQL: SELECT * FROM `type` WHERE ( fid=12 )  [ RunTime:0.000564s ]
SQL: SELECT * FROM `type` WHERE ( fid=17 )  [ RunTime:0.001001s ]
SQL: SELECT * FROM `type` WHERE ( fid=18 )  [ RunTime:0.001056s ]
SQL: SELECT * FROM `type` WHERE ( fid=13 )  [ RunTime:0.000769s ]
SQL: SELECT * FROM `type` WHERE ( fid=19 )  [ RunTime:0.001380s ]
NOTIC: [2] Invalid argument supplied for foreach() D:\www\core\shop\Common\common.php 第 31 行.
SQL: SELECT * FROM `type` WHERE ( fid=20 )  [ RunTime:0.001309s ]
NOTIC: [2] Invalid argument supplied for foreach() D:\www\core\shop\Common\common.php 第 31 行.
SQL: SELECT * FROM `type` WHERE ( fid=14 )  [ RunTime:0.001964s ]
NOTIC: [2] Invalid argument supplied for foreach() D:\www\core\shop\Common\common.php 第 14 行.
SQL: SHOW COLUMNS FROM `type` [ RunTime:0.007234s ]
SQL: SELECT * FROM `type` WHERE ( fid=0 )  [ RunTime:0.000813s ]
SQL: SHOW COLUMNS FROM `cartinfo` [ RunTime:0.251456s ]
SQL: select pid from cartinfo group by pid desc limit 6 [ RunTime:0.016870s ]
SQL: SHOW COLUMNS FROM `product` [ RunTime:0.119601s ]
SQL: select * from product as a inner join pimage as b on b.pid=20 where a.id=20 [ RunTime:0.002628s ]
SQL: select * from product as a inner join pimage as b on b.pid=17 where a.id=17 [ RunTime:0.002238s ]
SQL: select * from product as a inner join pimage as b on b.pid=14 where a.id=14 [ RunTime:0.001876s ]
SQL: select * from product as a inner join pimage as b on b.pid=11 where a.id=11 [ RunTime:0.001881s ]
SQL: select * from product as a inner join pimage as b on b.pid=9 where a.id=9 [ RunTime:0.005733s ]
SQL: select * from product as a inner join pimage as b on b.pid=7 where a.id=7 [ RunTime:0.002052s ]
SQL: select * from product as a inner join pimage as b on b.pid=a.id order by a.id desc limit 6 [ RunTime:0.021670s ]
INFO: [ view_parse ] --START--
NOTIC: [8] Use of undefined constant pid - assumed 'pid' D:\www\core\shop\Runtime\Cache\d0e2869ca24de4d4e2a6cf53fae21b39.php 第 594 行.
NOTIC: [8] Use of undefined constant path - assumed 'path' D:\www\core\shop\Runtime\Cache\d0e2869ca24de4d4e2a6cf53fae21b39.php 第 594 行.
NOTIC: [8] Use of undefined constant pname - assumed 'pname' D:\www\core\shop\Runtime\Cache\d0e2869ca24de4d4e2a6cf53fae21b39.php 第 594 行.
NOTIC: [8] Use of undefined constant pid - assumed 'pid' D:\www\core\shop\Runtime\Cache\d0e2869ca24de4d4e2a6cf53fae21b39.php 第 595 行.
NOTIC: [8] Use of undefined constant pname - assumed 'pname' D:\www\core\shop\Runtime\Cache\d0e2869ca24de4d4e2a6cf53fae21b39.php 第 595 行.
NOTIC: [8] Use of undefined constant price - assumed 'price' D:\www\core\shop\Runtime\Cache\d0e2869ca24de4d4e2a6cf53fae21b39.php 第 596 行.
NOTIC: [8] Use of undefined constant pid - assumed 'pid' D:\www\core\shop\Runtime\Cache\d0e2869ca24de4d4e2a6cf53fae21b39.php 第 594 行.
NOTIC: [8] Use of undefined constant path - assumed 'path' D:\www\core\shop\Runtime\Cache\d0e2869ca24de4d4e2a6cf53fae21b39.php 第 594 行.
NOTIC: [8] Use of undefined constant pname - assumed 'pname' D:\www\core\shop\Runtime\Cache\d0e2869ca24de4d4e2a6cf53fae21b39.php 第 594 行.
NOTIC: [8] Use of undefined constant pid - assumed 'pid' D:\www\core\shop\Runtime\Cache\d0e2869ca24de4d4e2a6cf53fae21b39.php 第 595 行.
NOTIC: [8] Use of undefined constant pname - assumed 'pname' D:\www\core\shop\Runtime\Cache\d0e2869ca24de4d4e2a6cf53fae21b39.php 第 595 行.
NOTIC: [8] Use of undefined constant price - assumed 'price' D:\www\core\shop\Runtime\Cache\d0e2869ca24de4d4e2a6cf53fae21b39.php 第 596 行.
NOTIC: [8] Use of undefined constant pid - assumed 'pid' D:\www\core\shop\Runtime\Cache\d0e2869ca24de4d4e2a6cf53fae21b39.php 第 594 行.
NOTIC: [8] Use of undefined constant path - assumed 'path' D:\www\core\shop\Runtime\Cache\d0e2869ca24de4d4e2a6cf53fae21b39.php 第 594 行.
NOTIC: [8] Use of undefined constant pname - assumed 'pname' D:\www\core\shop\Runtime\Cache\d0e2869ca24de4d4e2a6cf53fae21b39.php 第 594 行.
NOTIC: [8] Use of undefined constant pid - assumed 'pid' D:\www\core\shop\Runtime\Cache\d0e2869ca24de4d4e2a6cf53fae21b39.php 第 595 行.
NOTIC: [8] Use of undefined constant pname - assumed 'pname' D:\www\core\shop\Runtime\Cache\d0e2869ca24de4d4e2a6cf53fae21b39.php 第 595 行.
NOTIC: [8] Use of undefined constant price - assumed 'price' D:\www\core\shop\Runtime\Cache\d0e2869ca24de4d4e2a6cf53fae21b39.php 第 596 行.
NOTIC: [8] Use of undefined constant pid - assumed 'pid' D:\www\core\shop\Runtime\Cache\d0e2869ca24de4d4e2a6cf53fae21b39.php 第 594 行.
NOTIC: [8] Use of undefined constant path - assumed 'path' D:\www\core\shop\Runtime\Cache\d0e2869ca24de4d4e2a6cf53fae21b39.php 第 594 行.
NOTIC: [8] Use of undefined constant pname - assumed 'pname' D:\www\core\shop\Runtime\Cache\d0e2869ca24de4d4e2a6cf53fae21b39.php 第 594 行.
NOTIC: [8] Use of undefined constant pid - assumed 'pid' D:\www\core\shop\Runtime\Cache\d0e2869ca24de4d4e2a6cf53fae21b39.php 第 595 行.
NOTIC: [8] Use of undefined constant pname - assumed 'pname' D:\www\core\shop\Runtime\Cache\d0e2869ca24de4d4e2a6cf53fae21b39.php 第 595 行.
NOTIC: [8] Use of undefined constant price - assumed 'price' D:\www\core\shop\Runtime\Cache\d0e2869ca24de4d4e2a6cf53fae21b39.php 第 596 行.
NOTIC: [8] Use of undefined constant pid - assumed 'pid' D:\www\core\shop\Runtime\Cache\d0e2869ca24de4d4e2a6cf53fae21b39.php 第 594 行.
NOTIC: [8] Use of undefined constant path - assumed 'path' D:\www\core\shop\Runtime\Cache\d0e2869ca24de4d4e2a6cf53fae21b39.php 第 594 行.
NOTIC: [8] Use of undefined constant pname - assumed 'pname' D:\www\core\shop\Runtime\Cache\d0e2869ca24de4d4e2a6cf53fae21b39.php 第 594 行.
NOTIC: [8] Use of undefined constant pid - assumed 'pid' D:\www\core\shop\Runtime\Cache\d0e2869ca24de4d4e2a6cf53fae21b39.php 第 595 行.
NOTIC: [8] Use of undefined constant pname - assumed 'pname' D:\www\core\shop\Runtime\Cache\d0e2869ca24de4d4e2a6cf53fae21b39.php 第 595 行.
NOTIC: [8] Use of undefined constant price - assumed 'price' D:\www\core\shop\Runtime\Cache\d0e2869ca24de4d4e2a6cf53fae21b39.php 第 596 行.
NOTIC: [8] Use of undefined constant pid - assumed 'pid' D:\www\core\shop\Runtime\Cache\d0e2869ca24de4d4e2a6cf53fae21b39.php 第 594 行.
NOTIC: [8] Use of undefined constant path - assumed 'path' D:\www\core\shop\Runtime\Cache\d0e2869ca24de4d4e2a6cf53fae21b39.php 第 594 行.
NOTIC: [8] Use of undefined constant pname - assumed 'pname' D:\www\core\shop\Runtime\Cache\d0e2869ca24de4d4e2a6cf53fae21b39.php 第 594 行.
NOTIC: [8] Use of undefined constant pid - assumed 'pid' D:\www\core\shop\Runtime\Cache\d0e2869ca24de4d4e2a6cf53fae21b39.php 第 595 行.
NOTIC: [8] Use of undefined constant pname - assumed 'pname' D:\www\core\shop\Runtime\Cache\d0e2869ca24de4d4e2a6cf53fae21b39.php 第 595 行.
NOTIC: [8] Use of undefined constant price - assumed 'price' D:\www\core\shop\Runtime\Cache\d0e2869ca24de4d4e2a6cf53fae21b39.php 第 596 行.
NOTIC: [8] Use of undefined constant pid - assumed 'pid' D:\www\core\shop\Runtime\Cache\d0e2869ca24de4d4e2a6cf53fae21b39.php 第 921 行.
NOTIC: [8] Use of undefined constant path - assumed 'path' D:\www\core\shop\Runtime\Cache\d0e2869ca24de4d4e2a6cf53fae21b39.php 第 921 行.
NOTIC: [8] Use of undefined constant pid - assumed 'pid' D:\www\core\shop\Runtime\Cache\d0e2869ca24de4d4e2a6cf53fae21b39.php 第 922 行.
NOTIC: [8] Use of undefined constant pname - assumed 'pname' D:\www\core\shop\Runtime\Cache\d0e2869ca24de4d4e2a6cf53fae21b39.php 第 922 行.
NOTIC: [8] Use of undefined constant buyprice - assumed 'buyprice' D:\www\core\shop\Runtime\Cache\d0e2869ca24de4d4e2a6cf53fae21b39.php 第 923 行.
NOTIC: [8] Use of undefined constant pid - assumed 'pid' D:\www\core\shop\Runtime\Cache\d0e2869ca24de4d4e2a6cf53fae21b39.php 第 921 行.
NOTIC: [8] Use of undefined constant path - assumed 'path' D:\www\core\shop\Runtime\Cache\d0e2869ca24de4d4e2a6cf53fae21b39.php 第 921 行.
NOTIC: [8] Use of undefined constant pid - assumed 'pid' D:\www\core\shop\Runtime\Cache\d0e2869ca24de4d4e2a6cf53fae21b39.php 第 922 行.
NOTIC: [8] Use of undefined constant pname - assumed 'pname' D:\www\core\shop\Runtime\Cache\d0e2869ca24de4d4e2a6cf53fae21b39.php 第 922 行.
NOTIC: [8] Use of undefined constant buyprice - assumed 'buyprice' D:\www\core\shop\Runtime\Cache\d0e2869ca24de4d4e2a6cf53fae21b39.php 第 923 行.
NOTIC: [8] Use of undefined constant pid - assumed 'pid' D:\www\core\shop\Runtime\Cache\d0e2869ca24de4d4e2a6cf53fae21b39.php 第 921 行.
NOTIC: [8] Use of undefined constant path - assumed 'path' D:\www\core\shop\Runtime\Cache\d0e2869ca24de4d4e2a6cf53fae21b39.php 第 921 行.
NOTIC: [8] Use of undefined constant pid - assumed 'pid' D:\www\core\shop\Runtime\Cache\d0e2869ca24de4d4e2a6cf53fae21b39.php 第 922 行.
NOTIC: [8] Use of undefined constant pname - assumed 'pname' D:\www\core\shop\Runtime\Cache\d0e2869ca24de4d4e2a6cf53fae21b39.php 第 922 行.
NOTIC: [8] Use of undefined constant buyprice - assumed 'buyprice' D:\www\core\shop\Runtime\Cache\d0e2869ca24de4d4e2a6cf53fae21b39.php 第 923 行.
NOTIC: [8] Use of undefined constant pid - assumed 'pid' D:\www\core\shop\Runtime\Cache\d0e2869ca24de4d4e2a6cf53fae21b39.php 第 921 行.
NOTIC: [8] Use of undefined constant path - assumed 'path' D:\www\core\shop\Runtime\Cache\d0e2869ca24de4d4e2a6cf53fae21b39.php 第 921 行.
NOTIC: [8] Use of undefined constant pid - assumed 'pid' D:\www\core\shop\Runtime\Cache\d0e2869ca24de4d4e2a6cf53fae21b39.php 第 922 行.
NOTIC: [8] Use of undefined constant pname - assumed 'pname' D:\www\core\shop\Runtime\Cache\d0e2869ca24de4d4e2a6cf53fae21b39.php 第 922 行.
NOTIC: [8] Use of undefined constant buyprice - assumed 'buyprice' D:\www\core\shop\Runtime\Cache\d0e2869ca24de4d4e2a6cf53fae21b39.php 第 923 行.
NOTIC: [8] Use of undefined constant pid - assumed 'pid' D:\www\core\shop\Runtime\Cache\d0e2869ca24de4d4e2a6cf53fae21b39.php 第 921 行.
NOTIC: [8] Use of undefined constant path - assumed 'path' D:\www\core\shop\Runtime\Cache\d0e2869ca24de4d4e2a6cf53fae21b39.php 第 921 行.
NOTIC: [8] Use of undefined constant pid - assumed 'pid' D:\www\core\shop\Runtime\Cache\d0e2869ca24de4d4e2a6cf53fae21b39.php 第 922 行.
NOTIC: [8] Use of undefined constant pname - assumed 'pname' D:\www\core\shop\Runtime\Cache\d0e2869ca24de4d4e2a6cf53fae21b39.php 第 922 行.
NOTIC: [8] Use of undefined constant buyprice - assumed 'buyprice' D:\www\core\shop\Runtime\Cache\d0e2869ca24de4d4e2a6cf53fae21b39.php 第 923 行.
NOTIC: [8] Use of undefined constant pid - assumed 'pid' D:\www\core\shop\Runtime\Cache\d0e2869ca24de4d4e2a6cf53fae21b39.php 第 921 行.
NOTIC: [8] Use of undefined constant path - assumed 'path' D:\www\core\shop\Runtime\Cache\d0e2869ca24de4d4e2a6cf53fae21b39.php 第 921 行.
NOTIC: [8] Use of undefined constant pid - assumed 'pid' D:\www\core\shop\Runtime\Cache\d0e2869ca24de4d4e2a6cf53fae21b39.php 第 922 行.
NOTIC: [8] Use of undefined constant pname - assumed 'pname' D:\www\core\shop\Runtime\Cache\d0e2869ca24de4d4e2a6cf53fae21b39.php 第 922 行.
NOTIC: [8] Use of undefined constant buyprice - assumed 'buyprice' D:\www\core\shop\Runtime\Cache\d0e2869ca24de4d4e2a6cf53fae21b39.php 第 923 行.
INFO: ParseTemplate Behavior ::run [ RunTime:0.428750s ]
INFO: [ view_parse ] --END-- [ RunTime:0.428816s ]
INFO: [ view_filter ] --START--
INFO: ContentReplace Behavior ::run [ RunTime:0.039283s ]
INFO: TokenBuild Behavior ::run [ RunTime:0.168560s ]
INFO: WriteHtmlCache Behavior ::run [ RunTime:0.040956s ]
INFO: ShowRuntime Behavior ::run [ RunTime:0.000937s ]
INFO: [ view_filter ] --END-- [ RunTime:0.249923s ]
INFO: [ view_end ] --START--
INFO: ShowPageTrace Behavior ::run [ RunTime:0.044384s ]
INFO: [ view_end ] --END-- [ RunTime:0.044451s ]

[ 2015-12-29T18:33:06+08:00 ] 127.0.0.1 /core/index.php/ProductList/productList/id/7
INFO: [ route_check ] --START--
INFO: CheckRoute Behavior ::run [ RunTime:0.011477s ]
INFO: [ route_check ] --END-- [ RunTime:0.011584s ]
INFO: [ app_begin ] --START--
INFO: ReadHtmlCache Behavior ::run [ RunTime:0.000918s ]
INFO: [ app_begin ] --END-- [ RunTime:0.000994s ]
SQL: SHOW COLUMNS FROM `type` [ RunTime:0.005017s ]
SQL: SELECT * FROM `type` WHERE ( fid=0 )  [ RunTime:0.002636s ]
SQL: SELECT * FROM `type` WHERE ( fid=1 )  [ RunTime:0.001385s ]
SQL: SELECT * FROM `type` WHERE ( fid=3 )  [ RunTime:0.001024s ]
SQL: SELECT * FROM `type` WHERE ( fid=4 )  [ RunTime:0.001248s ]
NOTIC: [2] Invalid argument supplied for foreach() D:\www\core\shop\Common\common.php 第 31 行.
SQL: SELECT * FROM `type` WHERE ( fid=25 )  [ RunTime:0.001213s ]
NOTIC: [2] Invalid argument supplied for foreach() D:\www\core\shop\Common\common.php 第 31 行.
SQL: SELECT * FROM `type` WHERE ( fid=28 )  [ RunTime:0.000503s ]
NOTIC: [2] Invalid argument supplied for foreach() D:\www\core\shop\Common\common.php 第 31 行.
SQL: SELECT * FROM `type` WHERE ( fid=29 )  [ RunTime:0.000428s ]
NOTIC: [2] Invalid argument supplied for foreach() D:\www\core\shop\Common\common.php 第 31 行.
SQL: SELECT * FROM `type` WHERE ( fid=2 )  [ RunTime:0.000639s ]
SQL: SELECT * FROM `type` WHERE ( fid=5 )  [ RunTime:0.000393s ]
SQL: SELECT * FROM `type` WHERE ( fid=6 )  [ RunTime:0.000330s ]
SQL: SELECT * FROM `type` WHERE ( fid=10 )  [ RunTime:0.000349s ]
SQL: SELECT * FROM `type` WHERE ( fid=15 )  [ RunTime:0.000306s ]
NOTIC: [2] Invalid argument supplied for foreach() D:\www\core\shop\Common\common.php 第 31 行.
SQL: SELECT * FROM `type` WHERE ( fid=11 )  [ RunTime:0.000307s ]
SQL: SELECT * FROM `type` WHERE ( fid=16 )  [ RunTime:0.000291s ]
NOTIC: [2] Invalid argument supplied for foreach() D:\www\core\shop\Common\common.php 第 31 行.
SQL: SELECT * FROM `type` WHERE ( fid=12 )  [ RunTime:0.000283s ]
SQL: SELECT * FROM `type` WHERE ( fid=17 )  [ RunTime:0.002295s ]
SQL: SELECT * FROM `type` WHERE ( fid=18 )  [ RunTime:0.000574s ]
SQL: SELECT * FROM `type` WHERE ( fid=13 )  [ RunTime:0.001027s ]
SQL: SELECT * FROM `type` WHERE ( fid=19 )  [ RunTime:0.000573s ]
NOTIC: [2] Invalid argument supplied for foreach() D:\www\core\shop\Common\common.php 第 31 行.
SQL: SELECT * FROM `type` WHERE ( fid=20 )  [ RunTime:0.000417s ]
NOTIC: [2] Invalid argument supplied for foreach() D:\www\core\shop\Common\common.php 第 31 行.
SQL: SELECT * FROM `type` WHERE ( fid=14 )  [ RunTime:0.000318s ]
NOTIC: [2] Invalid argument supplied for foreach() D:\www\core\shop\Common\common.php 第 14 行.
SQL: SHOW COLUMNS FROM `type` [ RunTime:0.005713s ]
SQL: SELECT * FROM `type` WHERE ( fid=0 )  [ RunTime:0.000468s ]
INFO: [ view_parse ] --START--
INFO: ParseTemplate Behavior ::run [ RunTime:0.031442s ]
INFO: [ view_parse ] --END-- [ RunTime:0.031512s ]
INFO: [ view_filter ] --START--
INFO: ContentReplace Behavior ::run [ RunTime:0.001352s ]
INFO: TokenBuild Behavior ::run [ RunTime:0.000381s ]
INFO: WriteHtmlCache Behavior ::run [ RunTime:0.000243s ]
INFO: ShowRuntime Behavior ::run [ RunTime:0.002630s ]
INFO: [ view_filter ] --END-- [ RunTime:0.004754s ]
INFO: [ view_end ] --START--
INFO: ShowPageTrace Behavior ::run [ RunTime:0.000957s ]
INFO: [ view_end ] --END-- [ RunTime:0.001022s ]

[ 2015-12-29T18:33:06+08:00 ] 127.0.0.1 /core/index.php/ProductList/productList/id/js/common.js
INFO: [ route_check ] --START--
INFO: CheckRoute Behavior ::run [ RunTime:0.000855s ]
INFO: [ route_check ] --END-- [ RunTime:0.000923s ]
INFO: [ app_begin ] --START--
INFO: ReadHtmlCache Behavior ::run [ RunTime:0.000466s ]
INFO: [ app_begin ] --END-- [ RunTime:0.000513s ]
SQL: SHOW COLUMNS FROM `type` [ RunTime:0.004841s ]
SQL: SELECT * FROM `type` WHERE ( fid=0 )  [ RunTime:0.001339s ]
SQL: SELECT * FROM `type` WHERE ( fid=1 )  [ RunTime:0.000900s ]
SQL: SELECT * FROM `type` WHERE ( fid=3 )  [ RunTime:0.001559s ]
SQL: SELECT * FROM `type` WHERE ( fid=4 )  [ RunTime:0.000875s ]
NOTIC: [2] Invalid argument supplied for foreach() D:\www\core\shop\Common\common.php 第 31 行.
SQL: SELECT * FROM `type` WHERE ( fid=25 )  [ RunTime:0.001204s ]
NOTIC: [2] Invalid argument supplied for foreach() D:\www\core\shop\Common\common.php 第 31 行.
SQL: SELECT * FROM `type` WHERE ( fid=28 )  [ RunTime:0.000768s ]
NOTIC: [2] Invalid argument supplied for foreach() D:\www\core\shop\Common\common.php 第 31 行.
SQL: SELECT * FROM `type` WHERE ( fid=29 )  [ RunTime:0.002460s ]
NOTIC: [2] Invalid argument supplied for foreach() D:\www\core\shop\Common\common.php 第 31 行.
SQL: SELECT * FROM `type` WHERE ( fid=2 )  [ RunTime:0.001066s ]
SQL: SELECT * FROM `type` WHERE ( fid=5 )  [ RunTime:0.001743s ]
SQL: SELECT * FROM `type` WHERE ( fid=6 )  [ RunTime:0.000997s ]
SQL: SELECT * FROM `type` WHERE ( fid=10 )  [ RunTime:0.000745s ]
SQL: SELECT * FROM `type` WHERE ( fid=15 )  [ RunTime:0.000666s ]
NOTIC: [2] Invalid argument supplied for foreach() D:\www\core\shop\Common\common.php 第 31 行.
SQL: SELECT * FROM `type` WHERE ( fid=11 )  [ RunTime:0.000713s ]
SQL: SELECT * FROM `type` WHERE ( fid=16 )  [ RunTime:0.000911s ]
NOTIC: [2] Invalid argument supplied for foreach() D:\www\core\shop\Common\common.php 第 31 行.
SQL: SELECT * FROM `type` WHERE ( fid=12 )  [ RunTime:0.000769s ]
SQL: SELECT * FROM `type` WHERE ( fid=17 )  [ RunTime:0.000969s ]
SQL: SELECT * FROM `type` WHERE ( fid=18 )  [ RunTime:0.000451s ]
SQL: SELECT * FROM `type` WHERE ( fid=13 )  [ RunTime:0.001333s ]
SQL: SELECT * FROM `type` WHERE ( fid=19 )  [ RunTime:0.000997s ]
NOTIC: [2] Invalid argument supplied for foreach() D:\www\core\shop\Common\common.php 第 31 行.
SQL: SELECT * FROM `type` WHERE ( fid=20 )  [ RunTime:0.001578s ]
NOTIC: [2] Invalid argument supplied for foreach() D:\www\core\shop\Common\common.php 第 31 行.
SQL: SELECT * FROM `type` WHERE ( fid=14 )  [ RunTime:0.001471s ]
NOTIC: [2] Invalid argument supplied for foreach() D:\www\core\shop\Common\common.php 第 14 行.
SQL: SHOW COLUMNS FROM `type` [ RunTime:0.005664s ]
SQL: SELECT * FROM `type` WHERE ( fid=0 )  [ RunTime:0.000796s ]
INFO: [ view_parse ] --START--
INFO: ParseTemplate Behavior ::run [ RunTime:0.021491s ]
INFO: [ view_parse ] --END-- [ RunTime:0.021627s ]
INFO: [ view_filter ] --START--
INFO: ContentReplace Behavior ::run [ RunTime:0.000814s ]
INFO: TokenBuild Behavior ::run [ RunTime:0.000676s ]
INFO: WriteHtmlCache Behavior ::run [ RunTime:0.000509s ]
INFO: ShowRuntime Behavior ::run [ RunTime:0.000407s ]
INFO: [ view_filter ] --END-- [ RunTime:0.002556s ]
INFO: [ view_end ] --START--
INFO: ShowPageTrace Behavior ::run [ RunTime:0.001463s ]
INFO: [ view_end ] --END-- [ RunTime:0.001630s ]

[ 2015-12-29T18:33:06+08:00 ] 127.0.0.1 /core/index.php/ProductList/productList/id/js/global.js
INFO: [ route_check ] --START--
INFO: CheckRoute Behavior ::run [ RunTime:0.002516s ]
INFO: [ route_check ] --END-- [ RunTime:0.002628s ]
INFO: [ app_begin ] --START--
INFO: ReadHtmlCache Behavior ::run [ RunTime:0.000650s ]
INFO: [ app_begin ] --END-- [ RunTime:0.000713s ]
SQL: SHOW COLUMNS FROM `type` [ RunTime:0.005466s ]
SQL: SELECT * FROM `type` WHERE ( fid=0 )  [ RunTime:0.000958s ]
SQL: SELECT * FROM `type` WHERE ( fid=1 )  [ RunTime:0.000612s ]
SQL: SELECT * FROM `type` WHERE ( fid=3 )  [ RunTime:0.000327s ]
SQL: SELECT * FROM `type` WHERE ( fid=4 )  [ RunTime:0.000383s ]
NOTIC: [2] Invalid argument supplied for foreach() D:\www\core\shop\Common\common.php 第 31 行.
SQL: SELECT * FROM `type` WHERE ( fid=25 )  [ RunTime:0.000469s ]
NOTIC: [2] Invalid argument supplied for foreach() D:\www\core\shop\Common\common.php 第 31 行.
SQL: SELECT * FROM `type` WHERE ( fid=28 )  [ RunTime:0.000400s ]
NOTIC: [2] Invalid argument supplied for foreach() D:\www\core\shop\Common\common.php 第 31 行.
SQL: SELECT * FROM `type` WHERE ( fid=29 )  [ RunTime:0.000442s ]
NOTIC: [2] Invalid argument supplied for foreach() D:\www\core\shop\Common\common.php 第 31 行.
SQL: SELECT * FROM `type` WHERE ( fid=2 )  [ RunTime:0.000403s ]
SQL: SELECT * FROM `type` WHERE ( fid=5 )  [ RunTime:0.000336s ]
SQL: SELECT * FROM `type` WHERE ( fid=6 )  [ RunTime:0.000420s ]
SQL: SELECT * FROM `type` WHERE ( fid=10 )  [ RunTime:0.000385s ]
SQL: SELECT * FROM `type` WHERE ( fid=15 )  [ RunTime:0.000319s ]
NOTIC: [2] Invalid argument supplied for foreach() D:\www\core\shop\Common\common.php 第 31 行.
SQL: SELECT * FROM `type` WHERE ( fid=11 )  [ RunTime:0.000300s ]
SQL: SELECT * FROM `type` WHERE ( fid=16 )  [ RunTime:0.000301s ]
NOTIC: [2] Invalid argument supplied for foreach() D:\www\core\shop\Common\common.php 第 31 行.
SQL: SELECT * FROM `type` WHERE ( fid=12 )  [ RunTime:0.000388s ]
SQL: SELECT * FROM `type` WHERE ( fid=17 )  [ RunTime:0.000410s ]
SQL: SELECT * FROM `type` WHERE ( fid=18 )  [ RunTime:0.000350s ]
SQL: SELECT * FROM `type` WHERE ( fid=13 )  [ RunTime:0.000523s ]
SQL: SELECT * FROM `type` WHERE ( fid=19 )  [ RunTime:0.000673s ]
NOTIC: [2] Invalid argument supplied for foreach() D:\www\core\shop\Common\common.php 第 31 行.
SQL: SELECT * FROM `type` WHERE ( fid=20 )  [ RunTime:0.000457s ]
NOTIC: [2] Invalid argument supplied for foreach() D:\www\core\shop\Common\common.php 第 31 行.
SQL: SELECT * FROM `type` WHERE ( fid=14 )  [ RunTime:0.000391s ]
NOTIC: [2] Invalid argument supplied for foreach() D:\www\core\shop\Common\common.php 第 14 行.
SQL: SHOW COLUMNS FROM `type` [ RunTime:0.004729s ]
SQL: SELECT * FROM `type` WHERE ( fid=0 )  [ RunTime:0.000809s ]
INFO: [ view_parse ] --START--
INFO: ParseTemplate Behavior ::run [ RunTime:0.018303s ]
INFO: [ view_parse ] --END-- [ RunTime:0.018408s ]
INFO: [ view_filter ] --START--
INFO: ContentReplace Behavior ::run [ RunTime:0.000781s ]
INFO: TokenBuild Behavior ::run [ RunTime:0.000512s ]
INFO: WriteHtmlCache Behavior ::run [ RunTime:0.000375s ]
INFO: ShowRuntime Behavior ::run [ RunTime:0.000739s ]
INFO: [ view_filter ] --END-- [ RunTime:0.002574s ]
INFO: [ view_end ] --START--
INFO: ShowPageTrace Behavior ::run [ RunTime:0.001147s ]
INFO: [ view_end ] --END-- [ RunTime:0.001249s ]

[ 2015-12-29T18:33:07+08:00 ] 127.0.0.1 /core/index.php/ProductList/productList/id/js/compare.js
INFO: [ route_check ] --START--
INFO: CheckRoute Behavior ::run [ RunTime:0.000703s ]
INFO: [ route_check ] --END-- [ RunTime:0.000789s ]
INFO: [ app_begin ] --START--
INFO: ReadHtmlCache Behavior ::run [ RunTime:0.000543s ]
INFO: [ app_begin ] --END-- [ RunTime:0.000615s ]
SQL: SHOW COLUMNS FROM `type` [ RunTime:0.007708s ]
SQL: SELECT * FROM `type` WHERE ( fid=0 )  [ RunTime:0.001331s ]
SQL: SELECT * FROM `type` WHERE ( fid=1 )  [ RunTime:0.001029s ]
SQL: SELECT * FROM `type` WHERE ( fid=3 )  [ RunTime:0.000789s ]
SQL: SELECT * FROM `type` WHERE ( fid=4 )  [ RunTime:0.000872s ]
NOTIC: [2] Invalid argument supplied for foreach() D:\www\core\shop\Common\common.php 第 31 行.
SQL: SELECT * FROM `type` WHERE ( fid=25 )  [ RunTime:0.001088s ]
NOTIC: [2] Invalid argument supplied for foreach() D:\www\core\shop\Common\common.php 第 31 行.
SQL: SELECT * FROM `type` WHERE ( fid=28 )  [ RunTime:0.000850s ]
NOTIC: [2] Invalid argument supplied for foreach() D:\www\core\shop\Common\common.php 第 31 行.
SQL: SELECT * FROM `type` WHERE ( fid=29 )  [ RunTime:0.001424s ]
NOTIC: [2] Invalid argument supplied for foreach() D:\www\core\shop\Common\common.php 第 31 行.
SQL: SELECT * FROM `type` WHERE ( fid=2 )  [ RunTime:0.000804s ]
SQL: SELECT * FROM `type` WHERE ( fid=5 )  [ RunTime:0.000894s ]
SQL: SELECT * FROM `type` WHERE ( fid=6 )  [ RunTime:0.000914s ]
SQL: SELECT * FROM `type` WHERE ( fid=10 )  [ RunTime:0.000811s ]
SQL: SELECT * FROM `type` WHERE ( fid=15 )  [ RunTime:0.001055s ]
NOTIC: [2] Invalid argument supplied for foreach() D:\www\core\shop\Common\common.php 第 31 行.
SQL: SELECT * FROM `type` WHERE ( fid=11 )  [ RunTime:0.001018s ]
SQL: SELECT * FROM `type` WHERE ( fid=16 )  [ RunTime:0.002138s ]
NOTIC: [2] Invalid argument supplied for foreach() D:\www\core\shop\Common\common.php 第 31 行.
SQL: SELECT * FROM `type` WHERE ( fid=12 )  [ RunTime:0.001877s ]
SQL: SELECT * FROM `type` WHERE ( fid=17 )  [ RunTime:0.001831s ]
SQL: SELECT * FROM `type` WHERE ( fid=18 )  [ RunTime:0.001509s ]
SQL: SELECT * FROM `type` WHERE ( fid=13 )  [ RunTime:0.001389s ]
SQL: SELECT * FROM `type` WHERE ( fid=19 )  [ RunTime:0.000759s ]
NOTIC: [2] Invalid argument supplied for foreach() D:\www\core\shop\Common\common.php 第 31 行.
SQL: SELECT * FROM `type` WHERE ( fid=20 )  [ RunTime:0.001241s ]
NOTIC: [2] Invalid argument supplied for foreach() D:\www\core\shop\Common\common.php 第 31 行.
SQL: SELECT * FROM `type` WHERE ( fid=14 )  [ RunTime:0.002199s ]
NOTIC: [2] Invalid argument supplied for foreach() D:\www\core\shop\Common\common.php 第 14 行.
SQL: SHOW COLUMNS FROM `type` [ RunTime:0.005306s ]
SQL: SELECT * FROM `type` WHERE ( fid=0 )  [ RunTime:0.001906s ]
INFO: [ view_parse ] --START--
INFO: ParseTemplate Behavior ::run [ RunTime:0.017096s ]
INFO: [ view_parse ] --END-- [ RunTime:0.017206s ]
INFO: [ view_filter ] --START--
INFO: ContentReplace Behavior ::run [ RunTime:0.000746s ]
INFO: TokenBuild Behavior ::run [ RunTime:0.000953s ]
INFO: WriteHtmlCache Behavior ::run [ RunTime:0.000260s ]
INFO: ShowRuntime Behavior ::run [ RunTime:0.000501s ]
INFO: [ view_filter ] --END-- [ RunTime:0.002665s ]
INFO: [ view_end ] --START--
INFO: ShowPageTrace Behavior ::run [ RunTime:0.000843s ]
INFO: [ view_end ] --END-- [ RunTime:0.000943s ]

[ 2015-12-29T18:33:07+08:00 ] 127.0.0.1 /core/index.php/ProductList/productList/id/js/transport.js
INFO: [ route_check ] --START--
INFO: CheckRoute Behavior ::run [ RunTime:0.000925s ]
INFO: [ route_check ] --END-- [ RunTime:0.001028s ]
INFO: [ app_begin ] --START--
INFO: ReadHtmlCache Behavior ::run [ RunTime:0.000725s ]
INFO: [ app_begin ] --END-- [ RunTime:0.000817s ]
SQL: SHOW COLUMNS FROM `type` [ RunTime:0.011942s ]
SQL: SELECT * FROM `type` WHERE ( fid=0 )  [ RunTime:0.002434s ]
SQL: SELECT * FROM `type` WHERE ( fid=1 )  [ RunTime:0.002072s ]
SQL: SELECT * FROM `type` WHERE ( fid=3 )  [ RunTime:0.003734s ]
SQL: SELECT * FROM `type` WHERE ( fid=4 )  [ RunTime:0.004341s ]
NOTIC: [2] Invalid argument supplied for foreach() D:\www\core\shop\Common\common.php 第 31 行.
SQL: SELECT * FROM `type` WHERE ( fid=25 )  [ RunTime:0.003088s ]
NOTIC: [2] Invalid argument supplied for foreach() D:\www\core\shop\Common\common.php 第 31 行.
SQL: SELECT * FROM `type` WHERE ( fid=28 )  [ RunTime:0.003008s ]
NOTIC: [2] Invalid argument supplied for foreach() D:\www\core\shop\Common\common.php 第 31 行.
SQL: SELECT * FROM `type` WHERE ( fid=29 )  [ RunTime:0.002125s ]
NOTIC: [2] Invalid argument supplied for foreach() D:\www\core\shop\Common\common.php 第 31 行.
SQL: SELECT * FROM `type` WHERE ( fid=2 )  [ RunTime:0.002801s ]
SQL: SELECT * FROM `type` WHERE ( fid=5 )  [ RunTime:0.004709s ]
SQL: SELECT * FROM `type` WHERE ( fid=6 )  [ RunTime:0.004221s ]
SQL: SELECT * FROM `type` WHERE ( fid=10 )  [ RunTime:0.002259s ]
SQL: SELECT * FROM `type` WHERE ( fid=15 )  [ RunTime:0.001871s ]
NOTIC: [2] Invalid argument supplied for foreach() D:\www\core\shop\Common\common.php 第 31 行.
SQL: SELECT * FROM `type` WHERE ( fid=11 )  [ RunTime:0.002949s ]
SQL: SELECT * FROM `type` WHERE ( fid=16 )  [ RunTime:0.004020s ]
NOTIC: [2] Invalid argument supplied for foreach() D:\www\core\shop\Common\common.php 第 31 行.
SQL: SELECT * FROM `type` WHERE ( fid=12 )  [ RunTime:0.003620s ]
SQL: SELECT * FROM `type` WHERE ( fid=17 )  [ RunTime:0.003118s ]
SQL: SELECT * FROM `type` WHERE ( fid=18 )  [ RunTime:0.002370s ]
SQL: SELECT * FROM `type` WHERE ( fid=13 )  [ RunTime:0.002607s ]
SQL: SELECT * FROM `type` WHERE ( fid=19 )  [ RunTime:0.001776s ]
NOTIC: [2] Invalid argument supplied for foreach() D:\www\core\shop\Common\common.php 第 31 行.
SQL: SELECT * FROM `type` WHERE ( fid=20 )  [ RunTime:0.002070s ]
NOTIC: [2] Invalid argument supplied for foreach() D:\www\core\shop\Common\common.php 第 31 行.
SQL: SELECT * FROM `type` WHERE ( fid=14 )  [ RunTime:0.001289s ]
NOTIC: [2] Invalid argument supplied for foreach() D:\www\core\shop\Common\common.php 第 14 行.
SQL: SHOW COLUMNS FROM `type` [ RunTime:0.006415s ]
SQL: SELECT * FROM `type` WHERE ( fid=0 )  [ RunTime:0.001570s ]
INFO: [ view_parse ] --START--
INFO: ParseTemplate Behavior ::run [ RunTime:0.018086s ]
INFO: [ view_parse ] --END-- [ RunTime:0.018172s ]
INFO: [ view_filter ] --START--
INFO: ContentReplace Behavior ::run [ RunTime:0.002051s ]
INFO: TokenBuild Behavior ::run [ RunTime:0.000640s ]
INFO: WriteHtmlCache Behavior ::run [ RunTime:0.000317s ]
INFO: ShowRuntime Behavior ::run [ RunTime:0.000514s ]
INFO: [ view_filter ] --END-- [ RunTime:0.003735s ]
INFO: [ view_end ] --START--
INFO: ShowPageTrace Behavior ::run [ RunTime:0.000943s ]
INFO: [ view_end ] --END-- [ RunTime:0.001045s ]

[ 2015-12-29T18:33:07+08:00 ] 127.0.0.1 /core/index.php/ProductList/productList/id/js/utils.js
INFO: [ route_check ] --START--
INFO: CheckRoute Behavior ::run [ RunTime:0.001211s ]
INFO: [ route_check ] --END-- [ RunTime:0.001324s ]
INFO: [ app_begin ] --START--
INFO: ReadHtmlCache Behavior ::run [ RunTime:0.000773s ]
INFO: [ app_begin ] --END-- [ RunTime:0.000896s ]
SQL: SHOW COLUMNS FROM `type` [ RunTime:0.008349s ]
SQL: SELECT * FROM `type` WHERE ( fid=0 )  [ RunTime:0.001180s ]
SQL: SELECT * FROM `type` WHERE ( fid=1 )  [ RunTime:0.002605s ]
SQL: SELECT * FROM `type` WHERE ( fid=3 )  [ RunTime:0.000903s ]
SQL: SELECT * FROM `type` WHERE ( fid=4 )  [ RunTime:0.000568s ]
NOTIC: [2] Invalid argument supplied for foreach() D:\www\core\shop\Common\common.php 第 31 行.
SQL: SELECT * FROM `type` WHERE ( fid=25 )  [ RunTime:0.000373s ]
NOTIC: [2] Invalid argument supplied for foreach() D:\www\core\shop\Common\common.php 第 31 行.
SQL: SELECT * FROM `type` WHERE ( fid=28 )  [ RunTime:0.000338s ]
NOTIC: [2] Invalid argument supplied for foreach() D:\www\core\shop\Common\common.php 第 31 行.
SQL: SELECT * FROM `type` WHERE ( fid=29 )  [ RunTime:0.000394s ]
NOTIC: [2] Invalid argument supplied for foreach() D:\www\core\shop\Common\common.php 第 31 行.
SQL: SELECT * FROM `type` WHERE ( fid=2 )  [ RunTime:0.000296s ]
SQL: SELECT * FROM `type` WHERE ( fid=5 )  [ RunTime:0.000323s ]
SQL: SELECT * FROM `type` WHERE ( fid=6 )  [ RunTime:0.000258s ]
SQL: SELECT * FROM `type` WHERE ( fid=10 )  [ RunTime:0.000224s ]
SQL: SELECT * FROM `type` WHERE ( fid=15 )  [ RunTime:0.000394s ]
NOTIC: [2] Invalid argument supplied for foreach() D:\www\core\shop\Common\common.php 第 31 行.
SQL: SELECT * FROM `type` WHERE ( fid=11 )  [ RunTime:0.000465s ]
SQL: SELECT * FROM `type` WHERE ( fid=16 )  [ RunTime:0.000309s ]
NOTIC: [2] Invalid argument supplied for foreach() D:\www\core\shop\Common\common.php 第 31 行.
SQL: SELECT * FROM `type` WHERE ( fid=12 )  [ RunTime:0.000290s ]
SQL: SELECT * FROM `type` WHERE ( fid=17 )  [ RunTime:0.000283s ]
SQL: SELECT * FROM `type` WHERE ( fid=18 )  [ RunTime:0.000235s ]
SQL: SELECT * FROM `type` WHERE ( fid=13 )  [ RunTime:0.000229s ]
SQL: SELECT * FROM `type` WHERE ( fid=19 )  [ RunTime:0.000214s ]
NOTIC: [2] Invalid argument supplied for foreach() D:\www\core\shop\Common\common.php 第 31 行.
SQL: SELECT * FROM `type` WHERE ( fid=20 )  [ RunTime:0.000209s ]
NOTIC: [2] Invalid argument supplied for foreach() D:\www\core\shop\Common\common.php 第 31 行.
SQL: SELECT * FROM `type` WHERE ( fid=14 )  [ RunTime:0.000258s ]
NOTIC: [2] Invalid argument supplied for foreach() D:\www\core\shop\Common\common.php 第 14 行.
SQL: SHOW COLUMNS FROM `type` [ RunTime:0.005040s ]
SQL: SELECT * FROM `type` WHERE ( fid=0 )  [ RunTime:0.000401s ]
INFO: [ view_parse ] --START--
INFO: ParseTemplate Behavior ::run [ RunTime:0.019623s ]
INFO: [ view_parse ] --END-- [ RunTime:0.019705s ]
INFO: [ view_filter ] --START--
INFO: ContentReplace Behavior ::run [ RunTime:0.000720s ]
INFO: TokenBuild Behavior ::run [ RunTime:0.000335s ]
INFO: WriteHtmlCache Behavior ::run [ RunTime:0.000191s ]
INFO: ShowRuntime Behavior ::run [ RunTime:0.000352s ]
INFO: [ view_filter ] --END-- [ RunTime:0.001719s ]
INFO: [ view_end ] --START--
INFO: ShowPageTrace Behavior ::run [ RunTime:0.000500s ]
INFO: [ view_end ] --END-- [ RunTime:0.000547s ]

[ 2015-12-29T18:33:07+08:00 ] 127.0.0.1 /core/index.php/ProductList/productList/id/js/dialog3.js
INFO: [ route_check ] --START--
INFO: CheckRoute Behavior ::run [ RunTime:0.001597s ]
INFO: [ route_check ] --END-- [ RunTime:0.001710s ]
INFO: [ app_begin ] --START--
INFO: ReadHtmlCache Behavior ::run [ RunTime:0.000943s ]
INFO: [ app_begin ] --END-- [ RunTime:0.001045s ]
SQL: SHOW COLUMNS FROM `type` [ RunTime:0.014493s ]
SQL: SELECT * FROM `type` WHERE ( fid=0 )  [ RunTime:0.002146s ]
SQL: SELECT * FROM `type` WHERE ( fid=1 )  [ RunTime:0.004763s ]
SQL: SELECT * FROM `type` WHERE ( fid=3 )  [ RunTime:0.004871s ]
SQL: SELECT * FROM `type` WHERE ( fid=4 )  [ RunTime:0.001797s ]
NOTIC: [2] Invalid argument supplied for foreach() D:\www\core\shop\Common\common.php 第 31 行.
SQL: SELECT * FROM `type` WHERE ( fid=25 )  [ RunTime:0.001911s ]
NOTIC: [2] Invalid argument supplied for foreach() D:\www\core\shop\Common\common.php 第 31 行.
SQL: SELECT * FROM `type` WHERE ( fid=28 )  [ RunTime:0.001408s ]
NOTIC: [2] Invalid argument supplied for foreach() D:\www\core\shop\Common\common.php 第 31 行.
SQL: SELECT * FROM `type` WHERE ( fid=29 )  [ RunTime:0.001527s ]
NOTIC: [2] Invalid argument supplied for foreach() D:\www\core\shop\Common\common.php 第 31 行.
SQL: SELECT * FROM `type` WHERE ( fid=2 )  [ RunTime:0.001488s ]
SQL: SELECT * FROM `type` WHERE ( fid=5 )  [ RunTime:0.001426s ]
SQL: SELECT * FROM `type` WHERE ( fid=6 )  [ RunTime:0.002295s ]
SQL: SELECT * FROM `type` WHERE ( fid=10 )  [ RunTime:0.002009s ]
SQL: SELECT * FROM `type` WHERE ( fid=15 )  [ RunTime:0.001849s ]
NOTIC: [2] Invalid argument supplied for foreach() D:\www\core\shop\Common\common.php 第 31 行.
SQL: SELECT * FROM `type` WHERE ( fid=11 )  [ RunTime:0.001171s ]
SQL: SELECT * FROM `type` WHERE ( fid=16 )  [ RunTime:0.000919s ]
NOTIC: [2] Invalid argument supplied for foreach() D:\www\core\shop\Common\common.php 第 31 行.
SQL: SELECT * FROM `type` WHERE ( fid=12 )  [ RunTime:0.001290s ]
SQL: SELECT * FROM `type` WHERE ( fid=17 )  [ RunTime:0.002218s ]
SQL: SELECT * FROM `type` WHERE ( fid=18 )  [ RunTime:0.001841s ]
SQL: SELECT * FROM `type` WHERE ( fid=13 )  [ RunTime:0.001344s ]
SQL: SELECT * FROM `type` WHERE ( fid=19 )  [ RunTime:0.001277s ]
NOTIC: [2] Invalid argument supplied for foreach() D:\www\core\shop\Common\common.php 第 31 行.
SQL: SELECT * FROM `type` WHERE ( fid=20 )  [ RunTime:0.001185s ]
NOTIC: [2] Invalid argument supplied for foreach() D:\www\core\shop\Common\common.php 第 31 行.
SQL: SELECT * FROM `type` WHERE ( fid=14 )  [ RunTime:0.000953s ]
NOTIC: [2] Invalid argument supplied for foreach() D:\www\core\shop\Common\common.php 第 14 行.
SQL: SHOW COLUMNS FROM `type` [ RunTime:0.006942s ]
SQL: SELECT * FROM `type` WHERE ( fid=0 )  [ RunTime:0.001604s ]
INFO: [ view_parse ] --START--
INFO: ParseTemplate Behavior ::run [ RunTime:0.019720s ]
INFO: [ view_parse ] --END-- [ RunTime:0.019784s ]
INFO: [ view_filter ] --START--
INFO: ContentReplace Behavior ::run [ RunTime:0.000877s ]
INFO: TokenBuild Behavior ::run [ RunTime:0.000539s ]
INFO: WriteHtmlCache Behavior ::run [ RunTime:0.000333s ]
INFO: ShowRuntime Behavior ::run [ RunTime:0.000519s ]
INFO: [ view_filter ] --END-- [ RunTime:0.002555s ]
INFO: [ view_end ] --START--
INFO: ShowPageTrace Behavior ::run [ RunTime:0.000906s ]
INFO: [ view_end ] --END-- [ RunTime:0.000996s ]

[ 2015-12-29T18:33:07+08:00 ] 127.0.0.1 /core/index.php/ProductList/productList/id/api/cron.php?t=1344195212
INFO: [ route_check ] --START--
INFO: CheckRoute Behavior ::run [ RunTime:0.001312s ]
INFO: [ route_check ] --END-- [ RunTime:0.001422s ]
INFO: [ app_begin ] --START--
INFO: ReadHtmlCache Behavior ::run [ RunTime:0.000855s ]
INFO: [ app_begin ] --END-- [ RunTime:0.000945s ]
SQL: SHOW COLUMNS FROM `type` [ RunTime:0.005304s ]
SQL: SELECT * FROM `type` WHERE ( fid=0 )  [ RunTime:0.000597s ]
SQL: SELECT * FROM `type` WHERE ( fid=1 )  [ RunTime:0.000333s ]
SQL: SELECT * FROM `type` WHERE ( fid=3 )  [ RunTime:0.000527s ]
SQL: SELECT * FROM `type` WHERE ( fid=4 )  [ RunTime:0.000708s ]
NOTIC: [2] Invalid argument supplied for foreach() D:\www\core\shop\Common\common.php 第 31 行.
SQL: SELECT * FROM `type` WHERE ( fid=25 )  [ RunTime:0.001010s ]
NOTIC: [2] Invalid argument supplied for foreach() D:\www\core\shop\Common\common.php 第 31 行.
SQL: SELECT * FROM `type` WHERE ( fid=28 )  [ RunTime:0.000554s ]
NOTIC: [2] Invalid argument supplied for foreach() D:\www\core\shop\Common\common.php 第 31 行.
SQL: SELECT * FROM `type` WHERE ( fid=29 )  [ RunTime:0.000439s ]
NOTIC: [2] Invalid argument supplied for foreach() D:\www\core\shop\Common\common.php 第 31 行.
SQL: SELECT * FROM `type` WHERE ( fid=2 )  [ RunTime:0.000728s ]
SQL: SELECT * FROM `type` WHERE ( fid=5 )  [ RunTime:0.000641s ]
SQL: SELECT * FROM `type` WHERE ( fid=6 )  [ RunTime:0.000757s ]
SQL: SELECT * FROM `type` WHERE ( fid=10 )  [ RunTime:0.000823s ]
SQL: SELECT * FROM `type` WHERE ( fid=15 )  [ RunTime:0.000787s ]
NOTIC: [2] Invalid argument supplied for foreach() D:\www\core\shop\Common\common.php 第 31 行.
SQL: SELECT * FROM `type` WHERE ( fid=11 )  [ RunTime:0.000846s ]
SQL: SELECT * FROM `type` WHERE ( fid=16 )  [ RunTime:0.000732s ]
NOTIC: [2] Invalid argument supplied for foreach() D:\www\core\shop\Common\common.php 第 31 行.
SQL: SELECT * FROM `type` WHERE ( fid=12 )  [ RunTime:0.000776s ]
SQL: SELECT * FROM `type` WHERE ( fid=17 )  [ RunTime:0.000633s ]
SQL: SELECT * FROM `type` WHERE ( fid=18 )  [ RunTime:0.000378s ]
SQL: SELECT * FROM `type` WHERE ( fid=13 )  [ RunTime:0.000339s ]
SQL: SELECT * FROM `type` WHERE ( fid=19 )  [ RunTime:0.000297s ]
NOTIC: [2] Invalid argument supplied for foreach() D:\www\core\shop\Common\common.php 第 31 行.
SQL: SELECT * FROM `type` WHERE ( fid=20 )  [ RunTime:0.000343s ]
NOTIC: [2] Invalid argument supplied for foreach() D:\www\core\shop\Common\common.php 第 31 行.
SQL: SELECT * FROM `type` WHERE ( fid=14 )  [ RunTime:0.000490s ]
NOTIC: [2] Invalid argument supplied for foreach() D:\www\core\shop\Common\common.php 第 14 行.
SQL: SHOW COLUMNS FROM `type` [ RunTime:0.005597s ]
SQL: SELECT * FROM `type` WHERE ( fid=0 )  [ RunTime:0.000895s ]
INFO: [ view_parse ] --START--
INFO: ParseTemplate Behavior ::run [ RunTime:0.017475s ]
INFO: [ view_parse ] --END-- [ RunTime:0.017542s ]
INFO: [ view_filter ] --START--
INFO: ContentReplace Behavior ::run [ RunTime:0.000721s ]
INFO: TokenBuild Behavior ::run [ RunTime:0.000428s ]
INFO: WriteHtmlCache Behavior ::run [ RunTime:0.000258s ]
INFO: ShowRuntime Behavior ::run [ RunTime:0.000694s ]
INFO: [ view_filter ] --END-- [ RunTime:0.002227s ]
INFO: [ view_end ] --START--
INFO: ShowPageTrace Behavior ::run [ RunTime:0.000784s ]
INFO: [ view_end ] --END-- [ RunTime:0.000847s ]

[ 2015-12-29T18:33:07+08:00 ] 127.0.0.1 /core/index.php/ProductList/productList/id/js/transport.js
INFO: [ route_check ] --START--
INFO: CheckRoute Behavior ::run [ RunTime:0.001381s ]
INFO: [ route_check ] --END-- [ RunTime:0.001490s ]
INFO: [ app_begin ] --START--
INFO: ReadHtmlCache Behavior ::run [ RunTime:0.001012s ]
INFO: [ app_begin ] --END-- [ RunTime:0.001159s ]
SQL: SHOW COLUMNS FROM `type` [ RunTime:0.005765s ]
SQL: SELECT * FROM `type` WHERE ( fid=0 )  [ RunTime:0.000772s ]
SQL: SELECT * FROM `type` WHERE ( fid=1 )  [ RunTime:0.000592s ]
SQL: SELECT * FROM `type` WHERE ( fid=3 )  [ RunTime:0.000623s ]
SQL: SELECT * FROM `type` WHERE ( fid=4 )  [ RunTime:0.000634s ]
NOTIC: [2] Invalid argument supplied for foreach() D:\www\core\shop\Common\common.php 第 31 行.
SQL: SELECT * FROM `type` WHERE ( fid=25 )  [ RunTime:0.000557s ]
NOTIC: [2] Invalid argument supplied for foreach() D:\www\core\shop\Common\common.php 第 31 行.
SQL: SELECT * FROM `type` WHERE ( fid=28 )  [ RunTime:0.001594s ]
NOTIC: [2] Invalid argument supplied for foreach() D:\www\core\shop\Common\common.php 第 31 行.
SQL: SELECT * FROM `type` WHERE ( fid=29 )  [ RunTime:0.000352s ]
NOTIC: [2] Invalid argument supplied for foreach() D:\www\core\shop\Common\common.php 第 31 行.
SQL: SELECT * FROM `type` WHERE ( fid=2 )  [ RunTime:0.000710s ]
SQL: SELECT * FROM `type` WHERE ( fid=5 )  [ RunTime:0.000461s ]
SQL: SELECT * FROM `type` WHERE ( fid=6 )  [ RunTime:0.000483s ]
SQL: SELECT * FROM `type` WHERE ( fid=10 )  [ RunTime:0.000618s ]
SQL: SELECT * FROM `type` WHERE ( fid=15 )  [ RunTime:0.000495s ]
NOTIC: [2] Invalid argument supplied for foreach() D:\www\core\shop\Common\common.php 第 31 行.
SQL: SELECT * FROM `type` WHERE ( fid=11 )  [ RunTime:0.000495s ]
SQL: SELECT * FROM `type` WHERE ( fid=16 )  [ RunTime:0.000454s ]
NOTIC: [2] Invalid argument supplied for foreach() D:\www\core\shop\Common\common.php 第 31 行.
SQL: SELECT * FROM `type` WHERE ( fid=12 )  [ RunTime:0.000625s ]
SQL: SELECT * FROM `type` WHERE ( fid=17 )  [ RunTime:0.000526s ]
SQL: SELECT * FROM `type` WHERE ( fid=18 )  [ RunTime:0.000414s ]
SQL: SELECT * FROM `type` WHERE ( fid=13 )  [ RunTime:0.000379s ]
SQL: SELECT * FROM `type` WHERE ( fid=19 )  [ RunTime:0.000416s ]
NOTIC: [2] Invalid argument supplied for foreach() D:\www\core\shop\Common\common.php 第 31 行.
SQL: SELECT * FROM `type` WHERE ( fid=20 )  [ RunTime:0.001474s ]
NOTIC: [2] Invalid argument supplied for foreach() D:\www\core\shop\Common\common.php 第 31 行.
SQL: SELECT * FROM `type` WHERE ( fid=14 )  [ RunTime:0.000250s ]
NOTIC: [2] Invalid argument supplied for foreach() D:\www\core\shop\Common\common.php 第 14 行.
SQL: SHOW COLUMNS FROM `type` [ RunTime:0.007312s ]
SQL: SELECT * FROM `type` WHERE ( fid=0 )  [ RunTime:0.000767s ]
INFO: [ view_parse ] --START--
INFO: ParseTemplate Behavior ::run [ RunTime:0.017413s ]
INFO: [ view_parse ] --END-- [ RunTime:0.017484s ]
INFO: [ view_filter ] --START--
INFO: ContentReplace Behavior ::run [ RunTime:0.000723s ]
INFO: TokenBuild Behavior ::run [ RunTime:0.000707s ]
INFO: WriteHtmlCache Behavior ::run [ RunTime:0.000284s ]
INFO: ShowRuntime Behavior ::run [ RunTime:0.000462s ]
INFO: [ view_filter ] --END-- [ RunTime:0.002359s ]
INFO: [ view_end ] --START--
INFO: ShowPageTrace Behavior ::run [ RunTime:0.001418s ]
INFO: [ view_end ] --END-- [ RunTime:0.001522s ]

[ 2015-12-29T18:33:07+08:00 ] 127.0.0.1 /core/index.php/ProductList/productList/id/js/dialog3.js
INFO: [ route_check ] --START--
INFO: CheckRoute Behavior ::run [ RunTime:0.001073s ]
INFO: [ route_check ] --END-- [ RunTime:0.001169s ]
INFO: [ app_begin ] --START--
INFO: ReadHtmlCache Behavior ::run [ RunTime:0.000808s ]
INFO: [ app_begin ] --END-- [ RunTime:0.000891s ]
SQL: SHOW COLUMNS FROM `type` [ RunTime:0.004479s ]
SQL: SELECT * FROM `type` WHERE ( fid=0 )  [ RunTime:0.009365s ]
SQL: SELECT * FROM `type` WHERE ( fid=1 )  [ RunTime:0.002126s ]
SQL: SELECT * FROM `type` WHERE ( fid=3 )  [ RunTime:0.001195s ]
SQL: SELECT * FROM `type` WHERE ( fid=4 )  [ RunTime:0.001175s ]
NOTIC: [2] Invalid argument supplied for foreach() D:\www\core\shop\Common\common.php 第 31 行.
SQL: SELECT * FROM `type` WHERE ( fid=25 )  [ RunTime:0.000554s ]
NOTIC: [2] Invalid argument supplied for foreach() D:\www\core\shop\Common\common.php 第 31 行.
SQL: SELECT * FROM `type` WHERE ( fid=28 )  [ RunTime:0.000725s ]
NOTIC: [2] Invalid argument supplied for foreach() D:\www\core\shop\Common\common.php 第 31 行.
SQL: SELECT * FROM `type` WHERE ( fid=29 )  [ RunTime:0.001132s ]
NOTIC: [2] Invalid argument supplied for foreach() D:\www\core\shop\Common\common.php 第 31 行.
SQL: SELECT * FROM `type` WHERE ( fid=2 )  [ RunTime:0.000597s ]
SQL: SELECT * FROM `type` WHERE ( fid=5 )  [ RunTime:0.001167s ]
SQL: SELECT * FROM `type` WHERE ( fid=6 )  [ RunTime:0.002175s ]
SQL: SELECT * FROM `type` WHERE ( fid=10 )  [ RunTime:0.001427s ]
SQL: SELECT * FROM `type` WHERE ( fid=15 )  [ RunTime:0.002741s ]
NOTIC: [2] Invalid argument supplied for foreach() D:\www\core\shop\Common\common.php 第 31 行.
SQL: SELECT * FROM `type` WHERE ( fid=11 )  [ RunTime:0.001308s ]
SQL: SELECT * FROM `type` WHERE ( fid=16 )  [ RunTime:0.001450s ]
NOTIC: [2] Invalid argument supplied for foreach() D:\www\core\shop\Common\common.php 第 31 行.
SQL: SELECT * FROM `type` WHERE ( fid=12 )  [ RunTime:0.000960s ]
SQL: SELECT * FROM `type` WHERE ( fid=17 )  [ RunTime:0.002449s ]
SQL: SELECT * FROM `type` WHERE ( fid=18 )  [ RunTime:0.001851s ]
SQL: SELECT * FROM `type` WHERE ( fid=13 )  [ RunTime:0.001207s ]
SQL: SELECT * FROM `type` WHERE ( fid=19 )  [ RunTime:0.001324s ]
NOTIC: [2] Invalid argument supplied for foreach() D:\www\core\shop\Common\common.php 第 31 行.
SQL: SELECT * FROM `type` WHERE ( fid=20 )  [ RunTime:0.003342s ]
NOTIC: [2] Invalid argument supplied for foreach() D:\www\core\shop\Common\common.php 第 31 行.
SQL: SELECT * FROM `type` WHERE ( fid=14 )  [ RunTime:0.001827s ]
NOTIC: [2] Invalid argument supplied for foreach() D:\www\core\shop\Common\common.php 第 14 行.
SQL: SHOW COLUMNS FROM `type` [ RunTime:0.006885s ]
SQL: SELECT * FROM `type` WHERE ( fid=0 )  [ RunTime:0.001172s ]
INFO: [ view_parse ] --START--
INFO: ParseTemplate Behavior ::run [ RunTime:0.039210s ]
INFO: [ view_parse ] --END-- [ RunTime:0.039280s ]
INFO: [ view_filter ] --START--
INFO: ContentReplace Behavior ::run [ RunTime:0.000782s ]
INFO: TokenBuild Behavior ::run [ RunTime:0.000424s ]
INFO: WriteHtmlCache Behavior ::run [ RunTime:0.000244s ]
INFO: ShowRuntime Behavior ::run [ RunTime:0.000408s ]
INFO: [ view_filter ] --END-- [ RunTime:0.001975s ]
INFO: [ view_end ] --START--
INFO: ShowPageTrace Behavior ::run [ RunTime:0.000817s ]
INFO: [ view_end ] --END-- [ RunTime:0.000886s ]

[ 2015-12-29T18:33:07+08:00 ] 127.0.0.1 /core/index.php/ProductList/productList/id/api/cron.php?t=1344195212
INFO: [ route_check ] --START--
INFO: CheckRoute Behavior ::run [ RunTime:0.000673s ]
INFO: [ route_check ] --END-- [ RunTime:0.000732s ]
INFO: [ app_begin ] --START--
INFO: ReadHtmlCache Behavior ::run [ RunTime:0.000424s ]
INFO: [ app_begin ] --END-- [ RunTime:0.000464s ]
SQL: SHOW COLUMNS FROM `type` [ RunTime:0.015651s ]
SQL: SELECT * FROM `type` WHERE ( fid=0 )  [ RunTime:0.000719s ]
SQL: SELECT * FROM `type` WHERE ( fid=1 )  [ RunTime:0.000315s ]
SQL: SELECT * FROM `type` WHERE ( fid=3 )  [ RunTime:0.000360s ]
SQL: SELECT * FROM `type` WHERE ( fid=4 )  [ RunTime:0.000409s ]
NOTIC: [2] Invalid argument supplied for foreach() D:\www\core\shop\Common\common.php 第 31 行.
SQL: SELECT * FROM `type` WHERE ( fid=25 )  [ RunTime:0.000349s ]
NOTIC: [2] Invalid argument supplied for foreach() D:\www\core\shop\Common\common.php 第 31 行.
SQL: SELECT * FROM `type` WHERE ( fid=28 )  [ RunTime:0.000272s ]
NOTIC: [2] Invalid argument supplied for foreach() D:\www\core\shop\Common\common.php 第 31 行.
SQL: SELECT * FROM `type` WHERE ( fid=29 )  [ RunTime:0.000253s ]
NOTIC: [2] Invalid argument supplied for foreach() D:\www\core\shop\Common\common.php 第 31 行.
SQL: SELECT * FROM `type` WHERE ( fid=2 )  [ RunTime:0.000242s ]
SQL: SELECT * FROM `type` WHERE ( fid=5 )  [ RunTime:0.000318s ]
SQL: SELECT * FROM `type` WHERE ( fid=6 )  [ RunTime:0.000317s ]
SQL: SELECT * FROM `type` WHERE ( fid=10 )  [ RunTime:0.000492s ]
SQL: SELECT * FROM `type` WHERE ( fid=15 )  [ RunTime:0.000357s ]
NOTIC: [2] Invalid argument supplied for foreach() D:\www\core\shop\Common\common.php 第 31 行.
SQL: SELECT * FROM `type` WHERE ( fid=11 )  [ RunTime:0.000331s ]
SQL: SELECT * FROM `type` WHERE ( fid=16 )  [ RunTime:0.000262s ]
NOTIC: [2] Invalid argument supplied for foreach() D:\www\core\shop\Common\common.php 第 31 行.
SQL: SELECT * FROM `type` WHERE ( fid=12 )  [ RunTime:0.000250s ]
SQL: SELECT * FROM `type` WHERE ( fid=17 )  [ RunTime:0.000301s ]
SQL: SELECT * FROM `type` WHERE ( fid=18 )  [ RunTime:0.000258s ]
SQL: SELECT * FROM `type` WHERE ( fid=13 )  [ RunTime:0.000280s ]
SQL: SELECT * FROM `type` WHERE ( fid=19 )  [ RunTime:0.000253s ]
NOTIC: [2] Invalid argument supplied for foreach() D:\www\core\shop\Common\common.php 第 31 行.
SQL: SELECT * FROM `type` WHERE ( fid=20 )  [ RunTime:0.000243s ]
NOTIC: [2] Invalid argument supplied for foreach() D:\www\core\shop\Common\common.php 第 31 行.
SQL: SELECT * FROM `type` WHERE ( fid=14 )  [ RunTime:0.001474s ]
NOTIC: [2] Invalid argument supplied for foreach() D:\www\core\shop\Common\common.php 第 14 行.
SQL: SHOW COLUMNS FROM `type` [ RunTime:0.007054s ]
SQL: SELECT * FROM `type` WHERE ( fid=0 )  [ RunTime:0.000454s ]
INFO: [ view_parse ] --START--
INFO: ParseTemplate Behavior ::run [ RunTime:0.017716s ]
INFO: [ view_parse ] --END-- [ RunTime:0.017790s ]
INFO: [ view_filter ] --START--
INFO: ContentReplace Behavior ::run [ RunTime:0.000989s ]
INFO: TokenBuild Behavior ::run [ RunTime:0.000316s ]
INFO: WriteHtmlCache Behavior ::run [ RunTime:0.000189s ]
INFO: ShowRuntime Behavior ::run [ RunTime:0.000351s ]
INFO: [ view_filter ] --END-- [ RunTime:0.001979s ]
INFO: [ view_end ] --START--
INFO: ShowPageTrace Behavior ::run [ RunTime:0.000598s ]
INFO: [ view_end ] --END-- [ RunTime:0.000701s ]

[ 2015-12-29T19:20:59+08:00 ] 127.0.0.1 /core/
INFO: [ app_begin ] --START--
INFO: ReadHtmlCache Behavior ::run [ RunTime:0.008188s ]
INFO: [ app_begin ] --END-- [ RunTime:0.008292s ]
SQL: SHOW COLUMNS FROM `type` [ RunTime:0.025221s ]
SQL: SELECT * FROM `type` WHERE ( fid=0 )  [ RunTime:0.002279s ]
SQL: SELECT * FROM `type` WHERE ( fid=1 )  [ RunTime:0.001156s ]
SQL: SELECT * FROM `type` WHERE ( fid=3 )  [ RunTime:0.000834s ]
SQL: SELECT * FROM `type` WHERE ( fid=4 )  [ RunTime:0.000796s ]
NOTIC: [2] Invalid argument supplied for foreach() D:\www\core\shop\Common\common.php 第 31 行.
SQL: SELECT * FROM `type` WHERE ( fid=25 )  [ RunTime:0.000848s ]
NOTIC: [2] Invalid argument supplied for foreach() D:\www\core\shop\Common\common.php 第 31 行.
SQL: SELECT * FROM `type` WHERE ( fid=28 )  [ RunTime:0.000946s ]
NOTIC: [2] Invalid argument supplied for foreach() D:\www\core\shop\Common\common.php 第 31 行.
SQL: SELECT * FROM `type` WHERE ( fid=29 )  [ RunTime:0.001293s ]
NOTIC: [2] Invalid argument supplied for foreach() D:\www\core\shop\Common\common.php 第 31 行.
SQL: SELECT * FROM `type` WHERE ( fid=2 )  [ RunTime:0.001247s ]
SQL: SELECT * FROM `type` WHERE ( fid=5 )  [ RunTime:0.000972s ]
SQL: SELECT * FROM `type` WHERE ( fid=6 )  [ RunTime:0.001354s ]
SQL: SELECT * FROM `type` WHERE ( fid=10 )  [ RunTime:0.001055s ]
SQL: SELECT * FROM `type` WHERE ( fid=15 )  [ RunTime:0.001002s ]
NOTIC: [2] Invalid argument supplied for foreach() D:\www\core\shop\Common\common.php 第 31 行.
SQL: SELECT * FROM `type` WHERE ( fid=11 )  [ RunTime:0.002603s ]
SQL: SELECT * FROM `type` WHERE ( fid=16 )  [ RunTime:0.003388s ]
NOTIC: [2] Invalid argument supplied for foreach() D:\www\core\shop\Common\common.php 第 31 行.
SQL: SELECT * FROM `type` WHERE ( fid=12 )  [ RunTime:0.002134s ]
SQL: SELECT * FROM `type` WHERE ( fid=17 )  [ RunTime:0.001162s ]
SQL: SELECT * FROM `type` WHERE ( fid=18 )  [ RunTime:0.001143s ]
SQL: SELECT * FROM `type` WHERE ( fid=13 )  [ RunTime:0.004344s ]
SQL: SELECT * FROM `type` WHERE ( fid=19 )  [ RunTime:0.001228s ]
NOTIC: [2] Invalid argument supplied for foreach() D:\www\core\shop\Common\common.php 第 31 行.
SQL: SELECT * FROM `type` WHERE ( fid=20 )  [ RunTime:0.001120s ]
NOTIC: [2] Invalid argument supplied for foreach() D:\www\core\shop\Common\common.php 第 31 行.
SQL: SELECT * FROM `type` WHERE ( fid=14 )  [ RunTime:0.001217s ]
NOTIC: [2] Invalid argument supplied for foreach() D:\www\core\shop\Common\common.php 第 14 行.
SQL: SHOW COLUMNS FROM `type` [ RunTime:0.005661s ]
SQL: SELECT * FROM `type` WHERE ( fid=0 )  [ RunTime:0.001208s ]
SQL: SHOW COLUMNS FROM `cartinfo` [ RunTime:0.004786s ]
SQL: select pid from cartinfo group by pid desc limit 6 [ RunTime:0.002030s ]
SQL: SHOW COLUMNS FROM `product` [ RunTime:0.006151s ]
SQL: select * from product as a inner join pimage as b on b.pid=20 where a.id=20 [ RunTime:0.001677s ]
SQL: select * from product as a inner join pimage as b on b.pid=17 where a.id=17 [ RunTime:0.001455s ]
SQL: select * from product as a inner join pimage as b on b.pid=14 where a.id=14 [ RunTime:0.002310s ]
SQL: select * from product as a inner join pimage as b on b.pid=11 where a.id=11 [ RunTime:0.001229s ]
SQL: select * from product as a inner join pimage as b on b.pid=9 where a.id=9 [ RunTime:0.001199s ]
SQL: select * from product as a inner join pimage as b on b.pid=7 where a.id=7 [ RunTime:0.000903s ]
SQL: select * from product as a inner join pimage as b on b.pid=a.id order by a.id desc limit 6 [ RunTime:0.005258s ]
INFO: [ view_parse ] --START--
NOTIC: [8] Use of undefined constant pid - assumed 'pid' D:\www\core\shop\Runtime\Cache\d0e2869ca24de4d4e2a6cf53fae21b39.php 第 594 行.
NOTIC: [8] Use of undefined constant path - assumed 'path' D:\www\core\shop\Runtime\Cache\d0e2869ca24de4d4e2a6cf53fae21b39.php 第 594 行.
NOTIC: [8] Use of undefined constant pname - assumed 'pname' D:\www\core\shop\Runtime\Cache\d0e2869ca24de4d4e2a6cf53fae21b39.php 第 594 行.
NOTIC: [8] Use of undefined constant pid - assumed 'pid' D:\www\core\shop\Runtime\Cache\d0e2869ca24de4d4e2a6cf53fae21b39.php 第 595 行.
NOTIC: [8] Use of undefined constant pname - assumed 'pname' D:\www\core\shop\Runtime\Cache\d0e2869ca24de4d4e2a6cf53fae21b39.php 第 595 行.
NOTIC: [8] Use of undefined constant price - assumed 'price' D:\www\core\shop\Runtime\Cache\d0e2869ca24de4d4e2a6cf53fae21b39.php 第 596 行.
NOTIC: [8] Use of undefined constant pid - assumed 'pid' D:\www\core\shop\Runtime\Cache\d0e2869ca24de4d4e2a6cf53fae21b39.php 第 594 行.
NOTIC: [8] Use of undefined constant path - assumed 'path' D:\www\core\shop\Runtime\Cache\d0e2869ca24de4d4e2a6cf53fae21b39.php 第 594 行.
NOTIC: [8] Use of undefined constant pname - assumed 'pname' D:\www\core\shop\Runtime\Cache\d0e2869ca24de4d4e2a6cf53fae21b39.php 第 594 行.
NOTIC: [8] Use of undefined constant pid - assumed 'pid' D:\www\core\shop\Runtime\Cache\d0e2869ca24de4d4e2a6cf53fae21b39.php 第 595 行.
NOTIC: [8] Use of undefined constant pname - assumed 'pname' D:\www\core\shop\Runtime\Cache\d0e2869ca24de4d4e2a6cf53fae21b39.php 第 595 行.
NOTIC: [8] Use of undefined constant price - assumed 'price' D:\www\core\shop\Runtime\Cache\d0e2869ca24de4d4e2a6cf53fae21b39.php 第 596 行.
NOTIC: [8] Use of undefined constant pid - assumed 'pid' D:\www\core\shop\Runtime\Cache\d0e2869ca24de4d4e2a6cf53fae21b39.php 第 594 行.
NOTIC: [8] Use of undefined constant path - assumed 'path' D:\www\core\shop\Runtime\Cache\d0e2869ca24de4d4e2a6cf53fae21b39.php 第 594 行.
NOTIC: [8] Use of undefined constant pname - assumed 'pname' D:\www\core\shop\Runtime\Cache\d0e2869ca24de4d4e2a6cf53fae21b39.php 第 594 行.
NOTIC: [8] Use of undefined constant pid - assumed 'pid' D:\www\core\shop\Runtime\Cache\d0e2869ca24de4d4e2a6cf53fae21b39.php 第 595 行.
NOTIC: [8] Use of undefined constant pname - assumed 'pname' D:\www\core\shop\Runtime\Cache\d0e2869ca24de4d4e2a6cf53fae21b39.php 第 595 行.
NOTIC: [8] Use of undefined constant price - assumed 'price' D:\www\core\shop\Runtime\Cache\d0e2869ca24de4d4e2a6cf53fae21b39.php 第 596 行.
NOTIC: [8] Use of undefined constant pid - assumed 'pid' D:\www\core\shop\Runtime\Cache\d0e2869ca24de4d4e2a6cf53fae21b39.php 第 594 行.
NOTIC: [8] Use of undefined constant path - assumed 'path' D:\www\core\shop\Runtime\Cache\d0e2869ca24de4d4e2a6cf53fae21b39.php 第 594 行.
NOTIC: [8] Use of undefined constant pname - assumed 'pname' D:\www\core\shop\Runtime\Cache\d0e2869ca24de4d4e2a6cf53fae21b39.php 第 594 行.
NOTIC: [8] Use of undefined constant pid - assumed 'pid' D:\www\core\shop\Runtime\Cache\d0e2869ca24de4d4e2a6cf53fae21b39.php 第 595 行.
NOTIC: [8] Use of undefined constant pname - assumed 'pname' D:\www\core\shop\Runtime\Cache\d0e2869ca24de4d4e2a6cf53fae21b39.php 第 595 行.
NOTIC: [8] Use of undefined constant price - assumed 'price' D:\www\core\shop\Runtime\Cache\d0e2869ca24de4d4e2a6cf53fae21b39.php 第 596 行.
NOTIC: [8] Use of undefined constant pid - assumed 'pid' D:\www\core\shop\Runtime\Cache\d0e2869ca24de4d4e2a6cf53fae21b39.php 第 594 行.
NOTIC: [8] Use of undefined constant path - assumed 'path' D:\www\core\shop\Runtime\Cache\d0e2869ca24de4d4e2a6cf53fae21b39.php 第 594 行.
NOTIC: [8] Use of undefined constant pname - assumed 'pname' D:\www\core\shop\Runtime\Cache\d0e2869ca24de4d4e2a6cf53fae21b39.php 第 594 行.
NOTIC: [8] Use of undefined constant pid - assumed 'pid' D:\www\core\shop\Runtime\Cache\d0e2869ca24de4d4e2a6cf53fae21b39.php 第 595 行.
NOTIC: [8] Use of undefined constant pname - assumed 'pname' D:\www\core\shop\Runtime\Cache\d0e2869ca24de4d4e2a6cf53fae21b39.php 第 595 行.
NOTIC: [8] Use of undefined constant price - assumed 'price' D:\www\core\shop\Runtime\Cache\d0e2869ca24de4d4e2a6cf53fae21b39.php 第 596 行.
NOTIC: [8] Use of undefined constant pid - assumed 'pid' D:\www\core\shop\Runtime\Cache\d0e2869ca24de4d4e2a6cf53fae21b39.php 第 594 行.
NOTIC: [8] Use of undefined constant path - assumed 'path' D:\www\core\shop\Runtime\Cache\d0e2869ca24de4d4e2a6cf53fae21b39.php 第 594 行.
NOTIC: [8] Use of undefined constant pname - assumed 'pname' D:\www\core\shop\Runtime\Cache\d0e2869ca24de4d4e2a6cf53fae21b39.php 第 594 行.
NOTIC: [8] Use of undefined constant pid - assumed 'pid' D:\www\core\shop\Runtime\Cache\d0e2869ca24de4d4e2a6cf53fae21b39.php 第 595 行.
NOTIC: [8] Use of undefined constant pname - assumed 'pname' D:\www\core\shop\Runtime\Cache\d0e2869ca24de4d4e2a6cf53fae21b39.php 第 595 行.
NOTIC: [8] Use of undefined constant price - assumed 'price' D:\www\core\shop\Runtime\Cache\d0e2869ca24de4d4e2a6cf53fae21b39.php 第 596 行.
NOTIC: [8] Use of undefined constant pid - assumed 'pid' D:\www\core\shop\Runtime\Cache\d0e2869ca24de4d4e2a6cf53fae21b39.php 第 921 行.
NOTIC: [8] Use of undefined constant path - assumed 'path' D:\www\core\shop\Runtime\Cache\d0e2869ca24de4d4e2a6cf53fae21b39.php 第 921 行.
NOTIC: [8] Use of undefined constant pid - assumed 'pid' D:\www\core\shop\Runtime\Cache\d0e2869ca24de4d4e2a6cf53fae21b39.php 第 922 行.
NOTIC: [8] Use of undefined constant pname - assumed 'pname' D:\www\core\shop\Runtime\Cache\d0e2869ca24de4d4e2a6cf53fae21b39.php 第 922 行.
NOTIC: [8] Use of undefined constant buyprice - assumed 'buyprice' D:\www\core\shop\Runtime\Cache\d0e2869ca24de4d4e2a6cf53fae21b39.php 第 923 行.
NOTIC: [8] Use of undefined constant pid - assumed 'pid' D:\www\core\shop\Runtime\Cache\d0e2869ca24de4d4e2a6cf53fae21b39.php 第 921 行.
NOTIC: [8] Use of undefined constant path - assumed 'path' D:\www\core\shop\Runtime\Cache\d0e2869ca24de4d4e2a6cf53fae21b39.php 第 921 行.
NOTIC: [8] Use of undefined constant pid - assumed 'pid' D:\www\core\shop\Runtime\Cache\d0e2869ca24de4d4e2a6cf53fae21b39.php 第 922 行.
NOTIC: [8] Use of undefined constant pname - assumed 'pname' D:\www\core\shop\Runtime\Cache\d0e2869ca24de4d4e2a6cf53fae21b39.php 第 922 行.
NOTIC: [8] Use of undefined constant buyprice - assumed 'buyprice' D:\www\core\shop\Runtime\Cache\d0e2869ca24de4d4e2a6cf53fae21b39.php 第 923 行.
NOTIC: [8] Use of undefined constant pid - assumed 'pid' D:\www\core\shop\Runtime\Cache\d0e2869ca24de4d4e2a6cf53fae21b39.php 第 921 行.
NOTIC: [8] Use of undefined constant path - assumed 'path' D:\www\core\shop\Runtime\Cache\d0e2869ca24de4d4e2a6cf53fae21b39.php 第 921 行.
NOTIC: [8] Use of undefined constant pid - assumed 'pid' D:\www\core\shop\Runtime\Cache\d0e2869ca24de4d4e2a6cf53fae21b39.php 第 922 行.
NOTIC: [8] Use of undefined constant pname - assumed 'pname' D:\www\core\shop\Runtime\Cache\d0e2869ca24de4d4e2a6cf53fae21b39.php 第 922 行.
NOTIC: [8] Use of undefined constant buyprice - assumed 'buyprice' D:\www\core\shop\Runtime\Cache\d0e2869ca24de4d4e2a6cf53fae21b39.php 第 923 行.
NOTIC: [8] Use of undefined constant pid - assumed 'pid' D:\www\core\shop\Runtime\Cache\d0e2869ca24de4d4e2a6cf53fae21b39.php 第 921 行.
NOTIC: [8] Use of undefined constant path - assumed 'path' D:\www\core\shop\Runtime\Cache\d0e2869ca24de4d4e2a6cf53fae21b39.php 第 921 行.
NOTIC: [8] Use of undefined constant pid - assumed 'pid' D:\www\core\shop\Runtime\Cache\d0e2869ca24de4d4e2a6cf53fae21b39.php 第 922 行.
NOTIC: [8] Use of undefined constant pname - assumed 'pname' D:\www\core\shop\Runtime\Cache\d0e2869ca24de4d4e2a6cf53fae21b39.php 第 922 行.
NOTIC: [8] Use of undefined constant buyprice - assumed 'buyprice' D:\www\core\shop\Runtime\Cache\d0e2869ca24de4d4e2a6cf53fae21b39.php 第 923 行.
NOTIC: [8] Use of undefined constant pid - assumed 'pid' D:\www\core\shop\Runtime\Cache\d0e2869ca24de4d4e2a6cf53fae21b39.php 第 921 行.
NOTIC: [8] Use of undefined constant path - assumed 'path' D:\www\core\shop\Runtime\Cache\d0e2869ca24de4d4e2a6cf53fae21b39.php 第 921 行.
NOTIC: [8] Use of undefined constant pid - assumed 'pid' D:\www\core\shop\Runtime\Cache\d0e2869ca24de4d4e2a6cf53fae21b39.php 第 922 行.
NOTIC: [8] Use of undefined constant pname - assumed 'pname' D:\www\core\shop\Runtime\Cache\d0e2869ca24de4d4e2a6cf53fae21b39.php 第 922 行.
NOTIC: [8] Use of undefined constant buyprice - assumed 'buyprice' D:\www\core\shop\Runtime\Cache\d0e2869ca24de4d4e2a6cf53fae21b39.php 第 923 行.
NOTIC: [8] Use of undefined constant pid - assumed 'pid' D:\www\core\shop\Runtime\Cache\d0e2869ca24de4d4e2a6cf53fae21b39.php 第 921 行.
NOTIC: [8] Use of undefined constant path - assumed 'path' D:\www\core\shop\Runtime\Cache\d0e2869ca24de4d4e2a6cf53fae21b39.php 第 921 行.
NOTIC: [8] Use of undefined constant pid - assumed 'pid' D:\www\core\shop\Runtime\Cache\d0e2869ca24de4d4e2a6cf53fae21b39.php 第 922 行.
NOTIC: [8] Use of undefined constant pname - assumed 'pname' D:\www\core\shop\Runtime\Cache\d0e2869ca24de4d4e2a6cf53fae21b39.php 第 922 行.
NOTIC: [8] Use of undefined constant buyprice - assumed 'buyprice' D:\www\core\shop\Runtime\Cache\d0e2869ca24de4d4e2a6cf53fae21b39.php 第 923 行.
INFO: ParseTemplate Behavior ::run [ RunTime:0.089437s ]
INFO: [ view_parse ] --END-- [ RunTime:0.089504s ]
INFO: [ view_filter ] --START--
INFO: ContentReplace Behavior ::run [ RunTime:0.001868s ]
INFO: TokenBuild Behavior ::run [ RunTime:0.000549s ]
INFO: WriteHtmlCache Behavior ::run [ RunTime:0.000293s ]
INFO: ShowRuntime Behavior ::run [ RunTime:0.000650s ]
INFO: [ view_filter ] --END-- [ RunTime:0.003531s ]
INFO: [ view_end ] --START--
INFO: ShowPageTrace Behavior ::run [ RunTime:0.000626s ]
INFO: [ view_end ] --END-- [ RunTime:0.000683s ]

