[ 2015-12-20T10:32:44+08:00 ] 127.0.0.1 /core/
INFO: [ app_begin ] --START--
INFO: ReadHtmlCache Behavior ::run [ RunTime:0.014490s ]
INFO: [ app_begin ] --END-- [ RunTime:0.033367s ]
SQL: SHOW COLUMNS FROM `type` [ RunTime:0.076720s ]
SQL: SELECT * FROM `type` WHERE ( fid=0 )  [ RunTime:0.001355s ]
SQL: SELECT * FROM `type` WHERE ( fid=1 )  [ RunTime:0.002235s ]
SQL: SELECT * FROM `type` WHERE ( fid=3 )  [ RunTime:0.001678s ]
SQL: SELECT * FROM `type` WHERE ( fid=4 )  [ RunTime:0.000945s ]
NOTIC: [2] Invalid argument supplied for foreach() D:\www\core\shop\Common\common.php 第 31 行.
SQL: SELECT * FROM `type` WHERE ( fid=25 )  [ RunTime:0.000933s ]
NOTIC: [2] Invalid argument supplied for foreach() D:\www\core\shop\Common\common.php 第 31 行.
SQL: SELECT * FROM `type` WHERE ( fid=28 )  [ RunTime:0.000889s ]
NOTIC: [2] Invalid argument supplied for foreach() D:\www\core\shop\Common\common.php 第 31 行.
SQL: SELECT * FROM `type` WHERE ( fid=29 )  [ RunTime:0.000874s ]
NOTIC: [2] Invalid argument supplied for foreach() D:\www\core\shop\Common\common.php 第 31 行.
SQL: SELECT * FROM `type` WHERE ( fid=2 )  [ RunTime:0.001251s ]
SQL: SELECT * FROM `type` WHERE ( fid=5 )  [ RunTime:0.001099s ]
SQL: SELECT * FROM `type` WHERE ( fid=6 )  [ RunTime:0.001084s ]
SQL: SELECT * FROM `type` WHERE ( fid=10 )  [ RunTime:0.000880s ]
SQL: SELECT * FROM `type` WHERE ( fid=15 )  [ RunTime:0.001252s ]
NOTIC: [2] Invalid argument supplied for foreach() D:\www\core\shop\Common\common.php 第 31 行.
SQL: SELECT * FROM `type` WHERE ( fid=11 )  [ RunTime:0.000913s ]
SQL: SELECT * FROM `type` WHERE ( fid=16 )  [ RunTime:0.000904s ]
NOTIC: [2] Invalid argument supplied for foreach() D:\www\core\shop\Common\common.php 第 31 行.
SQL: SELECT * FROM `type` WHERE ( fid=12 )  [ RunTime:0.000899s ]
SQL: SELECT * FROM `type` WHERE ( fid=17 )  [ RunTime:0.000919s ]
SQL: SELECT * FROM `type` WHERE ( fid=18 )  [ RunTime:0.001015s ]
SQL: SELECT * FROM `type` WHERE ( fid=13 )  [ RunTime:0.001080s ]
SQL: SELECT * FROM `type` WHERE ( fid=19 )  [ RunTime:0.000966s ]
NOTIC: [2] Invalid argument supplied for foreach() D:\www\core\shop\Common\common.php 第 31 行.
SQL: SELECT * FROM `type` WHERE ( fid=20 )  [ RunTime:0.000692s ]
NOTIC: [2] Invalid argument supplied for foreach() D:\www\core\shop\Common\common.php 第 31 行.
SQL: SELECT * FROM `type` WHERE ( fid=14 )  [ RunTime:0.001512s ]
NOTIC: [2] Invalid argument supplied for foreach() D:\www\core\shop\Common\common.php 第 14 行.
SQL: SHOW COLUMNS FROM `type` [ RunTime:0.011433s ]
SQL: SELECT * FROM `type` WHERE ( fid=0 )  [ RunTime:0.001092s ]
SQL: SHOW COLUMNS FROM `cartinfo` [ RunTime:0.010510s ]
SQL: select pid from cartinfo group by pid desc limit 6 [ RunTime:0.023114s ]
SQL: SHOW COLUMNS FROM `product` [ RunTime:0.012236s ]
SQL: select * from product as a inner join pimage as b on b.pid=20 where a.id=20 [ RunTime:0.004705s ]
SQL: select * from product as a inner join pimage as b on b.pid=17 where a.id=17 [ RunTime:0.001932s ]
SQL: select * from product as a inner join pimage as b on b.pid=14 where a.id=14 [ RunTime:0.002814s ]
SQL: select * from product as a inner join pimage as b on b.pid=11 where a.id=11 [ RunTime:0.002515s ]
SQL: select * from product as a inner join pimage as b on b.pid=9 where a.id=9 [ RunTime:0.002242s ]
SQL: select * from product as a inner join pimage as b on b.pid=7 where a.id=7 [ RunTime:0.001278s ]
SQL: select * from product as a inner join pimage as b on b.pid=a.id order by a.id desc limit 6 [ RunTime:0.011588s ]
INFO: [ view_parse ] --START--
NOTIC: [8] Use of undefined constant pid - assumed 'pid' D:\www\core\shop\Runtime\Cache\d0e2869ca24de4d4e2a6cf53fae21b39.php 第 594 行.
NOTIC: [8] Use of undefined constant path - assumed 'path' D:\www\core\shop\Runtime\Cache\d0e2869ca24de4d4e2a6cf53fae21b39.php 第 594 行.
NOTIC: [8] Use of undefined constant pname - assumed 'pname' D:\www\core\shop\Runtime\Cache\d0e2869ca24de4d4e2a6cf53fae21b39.php 第 594 行.
NOTIC: [8] Use of undefined constant pid - assumed 'pid' D:\www\core\shop\Runtime\Cache\d0e2869ca24de4d4e2a6cf53fae21b39.php 第 595 行.
NOTIC: [8] Use of undefined constant pname - assumed 'pname' D:\www\core\shop\Runtime\Cache\d0e2869ca24de4d4e2a6cf53fae21b39.php 第 595 行.
NOTIC: [8] Use of undefined constant price - assumed 'price' D:\www\core\shop\Runtime\Cache\d0e2869ca24de4d4e2a6cf53fae21b39.php 第 596 行.
NOTIC: [8] Use of undefined constant pid - assumed 'pid' D:\www\core\shop\Runtime\Cache\d0e2869ca24de4d4e2a6cf53fae21b39.php 第 594 行.
NOTIC: [8] Use of undefined constant path - assumed 'path' D:\www\core\shop\Runtime\Cache\d0e2869ca24de4d4e2a6cf53fae21b39.php 第 594 行.
NOTIC: [8] Use of undefined constant pname - assumed 'pname' D:\www\core\shop\Runtime\Cache\d0e2869ca24de4d4e2a6cf53fae21b39.php 第 594 行.
NOTIC: [8] Use of undefined constant pid - assumed 'pid' D:\www\core\shop\Runtime\Cache\d0e2869ca24de4d4e2a6cf53fae21b39.php 第 595 行.
NOTIC: [8] Use of undefined constant pname - assumed 'pname' D:\www\core\shop\Runtime\Cache\d0e2869ca24de4d4e2a6cf53fae21b39.php 第 595 行.
NOTIC: [8] Use of undefined constant price - assumed 'price' D:\www\core\shop\Runtime\Cache\d0e2869ca24de4d4e2a6cf53fae21b39.php 第 596 行.
NOTIC: [8] Use of undefined constant pid - assumed 'pid' D:\www\core\shop\Runtime\Cache\d0e2869ca24de4d4e2a6cf53fae21b39.php 第 594 行.
NOTIC: [8] Use of undefined constant path - assumed 'path' D:\www\core\shop\Runtime\Cache\d0e2869ca24de4d4e2a6cf53fae21b39.php 第 594 行.
NOTIC: [8] Use of undefined constant pname - assumed 'pname' D:\www\core\shop\Runtime\Cache\d0e2869ca24de4d4e2a6cf53fae21b39.php 第 594 行.
NOTIC: [8] Use of undefined constant pid - assumed 'pid' D:\www\core\shop\Runtime\Cache\d0e2869ca24de4d4e2a6cf53fae21b39.php 第 595 行.
NOTIC: [8] Use of undefined constant pname - assumed 'pname' D:\www\core\shop\Runtime\Cache\d0e2869ca24de4d4e2a6cf53fae21b39.php 第 595 行.
NOTIC: [8] Use of undefined constant price - assumed 'price' D:\www\core\shop\Runtime\Cache\d0e2869ca24de4d4e2a6cf53fae21b39.php 第 596 行.
NOTIC: [8] Use of undefined constant pid - assumed 'pid' D:\www\core\shop\Runtime\Cache\d0e2869ca24de4d4e2a6cf53fae21b39.php 第 594 行.
NOTIC: [8] Use of undefined constant path - assumed 'path' D:\www\core\shop\Runtime\Cache\d0e2869ca24de4d4e2a6cf53fae21b39.php 第 594 行.
NOTIC: [8] Use of undefined constant pname - assumed 'pname' D:\www\core\shop\Runtime\Cache\d0e2869ca24de4d4e2a6cf53fae21b39.php 第 594 行.
NOTIC: [8] Use of undefined constant pid - assumed 'pid' D:\www\core\shop\Runtime\Cache\d0e2869ca24de4d4e2a6cf53fae21b39.php 第 595 行.
NOTIC: [8] Use of undefined constant pname - assumed 'pname' D:\www\core\shop\Runtime\Cache\d0e2869ca24de4d4e2a6cf53fae21b39.php 第 595 行.
NOTIC: [8] Use of undefined constant price - assumed 'price' D:\www\core\shop\Runtime\Cache\d0e2869ca24de4d4e2a6cf53fae21b39.php 第 596 行.
NOTIC: [8] Use of undefined constant pid - assumed 'pid' D:\www\core\shop\Runtime\Cache\d0e2869ca24de4d4e2a6cf53fae21b39.php 第 594 行.
NOTIC: [8] Use of undefined constant path - assumed 'path' D:\www\core\shop\Runtime\Cache\d0e2869ca24de4d4e2a6cf53fae21b39.php 第 594 行.
NOTIC: [8] Use of undefined constant pname - assumed 'pname' D:\www\core\shop\Runtime\Cache\d0e2869ca24de4d4e2a6cf53fae21b39.php 第 594 行.
NOTIC: [8] Use of undefined constant pid - assumed 'pid' D:\www\core\shop\Runtime\Cache\d0e2869ca24de4d4e2a6cf53fae21b39.php 第 595 行.
NOTIC: [8] Use of undefined constant pname - assumed 'pname' D:\www\core\shop\Runtime\Cache\d0e2869ca24de4d4e2a6cf53fae21b39.php 第 595 行.
NOTIC: [8] Use of undefined constant price - assumed 'price' D:\www\core\shop\Runtime\Cache\d0e2869ca24de4d4e2a6cf53fae21b39.php 第 596 行.
NOTIC: [8] Use of undefined constant pid - assumed 'pid' D:\www\core\shop\Runtime\Cache\d0e2869ca24de4d4e2a6cf53fae21b39.php 第 594 行.
NOTIC: [8] Use of undefined constant path - assumed 'path' D:\www\core\shop\Runtime\Cache\d0e2869ca24de4d4e2a6cf53fae21b39.php 第 594 行.
NOTIC: [8] Use of undefined constant pname - assumed 'pname' D:\www\core\shop\Runtime\Cache\d0e2869ca24de4d4e2a6cf53fae21b39.php 第 594 行.
NOTIC: [8] Use of undefined constant pid - assumed 'pid' D:\www\core\shop\Runtime\Cache\d0e2869ca24de4d4e2a6cf53fae21b39.php 第 595 行.
NOTIC: [8] Use of undefined constant pname - assumed 'pname' D:\www\core\shop\Runtime\Cache\d0e2869ca24de4d4e2a6cf53fae21b39.php 第 595 行.
NOTIC: [8] Use of undefined constant price - assumed 'price' D:\www\core\shop\Runtime\Cache\d0e2869ca24de4d4e2a6cf53fae21b39.php 第 596 行.
NOTIC: [8] Use of undefined constant pid - assumed 'pid' D:\www\core\shop\Runtime\Cache\d0e2869ca24de4d4e2a6cf53fae21b39.php 第 921 行.
NOTIC: [8] Use of undefined constant path - assumed 'path' D:\www\core\shop\Runtime\Cache\d0e2869ca24de4d4e2a6cf53fae21b39.php 第 921 行.
NOTIC: [8] Use of undefined constant pid - assumed 'pid' D:\www\core\shop\Runtime\Cache\d0e2869ca24de4d4e2a6cf53fae21b39.php 第 922 行.
NOTIC: [8] Use of undefined constant pname - assumed 'pname' D:\www\core\shop\Runtime\Cache\d0e2869ca24de4d4e2a6cf53fae21b39.php 第 922 行.
NOTIC: [8] Use of undefined constant buyprice - assumed 'buyprice' D:\www\core\shop\Runtime\Cache\d0e2869ca24de4d4e2a6cf53fae21b39.php 第 923 行.
NOTIC: [8] Use of undefined constant pid - assumed 'pid' D:\www\core\shop\Runtime\Cache\d0e2869ca24de4d4e2a6cf53fae21b39.php 第 921 行.
NOTIC: [8] Use of undefined constant path - assumed 'path' D:\www\core\shop\Runtime\Cache\d0e2869ca24de4d4e2a6cf53fae21b39.php 第 921 行.
NOTIC: [8] Use of undefined constant pid - assumed 'pid' D:\www\core\shop\Runtime\Cache\d0e2869ca24de4d4e2a6cf53fae21b39.php 第 922 行.
NOTIC: [8] Use of undefined constant pname - assumed 'pname' D:\www\core\shop\Runtime\Cache\d0e2869ca24de4d4e2a6cf53fae21b39.php 第 922 行.
NOTIC: [8] Use of undefined constant buyprice - assumed 'buyprice' D:\www\core\shop\Runtime\Cache\d0e2869ca24de4d4e2a6cf53fae21b39.php 第 923 行.
NOTIC: [8] Use of undefined constant pid - assumed 'pid' D:\www\core\shop\Runtime\Cache\d0e2869ca24de4d4e2a6cf53fae21b39.php 第 921 行.
NOTIC: [8] Use of undefined constant path - assumed 'path' D:\www\core\shop\Runtime\Cache\d0e2869ca24de4d4e2a6cf53fae21b39.php 第 921 行.
NOTIC: [8] Use of undefined constant pid - assumed 'pid' D:\www\core\shop\Runtime\Cache\d0e2869ca24de4d4e2a6cf53fae21b39.php 第 922 行.
NOTIC: [8] Use of undefined constant pname - assumed 'pname' D:\www\core\shop\Runtime\Cache\d0e2869ca24de4d4e2a6cf53fae21b39.php 第 922 行.
NOTIC: [8] Use of undefined constant buyprice - assumed 'buyprice' D:\www\core\shop\Runtime\Cache\d0e2869ca24de4d4e2a6cf53fae21b39.php 第 923 行.
NOTIC: [8] Use of undefined constant pid - assumed 'pid' D:\www\core\shop\Runtime\Cache\d0e2869ca24de4d4e2a6cf53fae21b39.php 第 921 行.
NOTIC: [8] Use of undefined constant path - assumed 'path' D:\www\core\shop\Runtime\Cache\d0e2869ca24de4d4e2a6cf53fae21b39.php 第 921 行.
NOTIC: [8] Use of undefined constant pid - assumed 'pid' D:\www\core\shop\Runtime\Cache\d0e2869ca24de4d4e2a6cf53fae21b39.php 第 922 行.
NOTIC: [8] Use of undefined constant pname - assumed 'pname' D:\www\core\shop\Runtime\Cache\d0e2869ca24de4d4e2a6cf53fae21b39.php 第 922 行.
NOTIC: [8] Use of undefined constant buyprice - assumed 'buyprice' D:\www\core\shop\Runtime\Cache\d0e2869ca24de4d4e2a6cf53fae21b39.php 第 923 行.
NOTIC: [8] Use of undefined constant pid - assumed 'pid' D:\www\core\shop\Runtime\Cache\d0e2869ca24de4d4e2a6cf53fae21b39.php 第 921 行.
NOTIC: [8] Use of undefined constant path - assumed 'path' D:\www\core\shop\Runtime\Cache\d0e2869ca24de4d4e2a6cf53fae21b39.php 第 921 行.
NOTIC: [8] Use of undefined constant pid - assumed 'pid' D:\www\core\shop\Runtime\Cache\d0e2869ca24de4d4e2a6cf53fae21b39.php 第 922 行.
NOTIC: [8] Use of undefined constant pname - assumed 'pname' D:\www\core\shop\Runtime\Cache\d0e2869ca24de4d4e2a6cf53fae21b39.php 第 922 行.
NOTIC: [8] Use of undefined constant buyprice - assumed 'buyprice' D:\www\core\shop\Runtime\Cache\d0e2869ca24de4d4e2a6cf53fae21b39.php 第 923 行.
NOTIC: [8] Use of undefined constant pid - assumed 'pid' D:\www\core\shop\Runtime\Cache\d0e2869ca24de4d4e2a6cf53fae21b39.php 第 921 行.
NOTIC: [8] Use of undefined constant path - assumed 'path' D:\www\core\shop\Runtime\Cache\d0e2869ca24de4d4e2a6cf53fae21b39.php 第 921 行.
NOTIC: [8] Use of undefined constant pid - assumed 'pid' D:\www\core\shop\Runtime\Cache\d0e2869ca24de4d4e2a6cf53fae21b39.php 第 922 行.
NOTIC: [8] Use of undefined constant pname - assumed 'pname' D:\www\core\shop\Runtime\Cache\d0e2869ca24de4d4e2a6cf53fae21b39.php 第 922 行.
NOTIC: [8] Use of undefined constant buyprice - assumed 'buyprice' D:\www\core\shop\Runtime\Cache\d0e2869ca24de4d4e2a6cf53fae21b39.php 第 923 行.
INFO: ParseTemplate Behavior ::run [ RunTime:0.157091s ]
INFO: [ view_parse ] --END-- [ RunTime:0.157214s ]
INFO: [ view_filter ] --START--
INFO: ContentReplace Behavior ::run [ RunTime:0.016811s ]
INFO: TokenBuild Behavior ::run [ RunTime:0.001859s ]
INFO: WriteHtmlCache Behavior ::run [ RunTime:0.006403s ]
INFO: ShowRuntime Behavior ::run [ RunTime:0.001804s ]
INFO: [ view_filter ] --END-- [ RunTime:0.027311s ]
INFO: [ view_end ] --START--
INFO: ShowPageTrace Behavior ::run [ RunTime:0.022779s ]
INFO: [ view_end ] --END-- [ RunTime:0.022926s ]

