[ 2015-12-23T18:59:42+08:00 ] 127.0.0.1 /core/index.php/Product/detail/id/3
INFO: [ route_check ] --START--
INFO: CheckRoute Behavior ::run [ RunTime:0.010817s ]
INFO: [ route_check ] --END-- [ RunTime:0.025171s ]
INFO: [ app_begin ] --START--
INFO: ReadHtmlCache Behavior ::run [ RunTime:0.013618s ]
INFO: [ app_begin ] --END-- [ RunTime:0.013683s ]
SQL: SHOW COLUMNS FROM `pimage` [ RunTime:0.142067s ]
SQL: SELECT * FROM `pimage` WHERE ( pid=3 )  [ RunTime:0.001911s ]
SQL: SHOW COLUMNS FROM `product` [ RunTime:0.009799s ]
SQL: SELECT * FROM `product` WHERE ( id=3 )  [ RunTime:0.001068s ]
SQL: SHOW COLUMNS FROM `type` [ RunTime:0.020757s ]
SQL: SELECT * FROM `type` WHERE ( id=2 )  [ RunTime:0.001758s ]
SQL: SELECT * FROM `type` WHERE ( fid=0 )  [ RunTime:0.001241s ]
SQL: SELECT * FROM `type` WHERE ( fid=1 )  [ RunTime:0.000897s ]
SQL: SELECT * FROM `type` WHERE ( fid=3 )  [ RunTime:0.001087s ]
SQL: SELECT * FROM `type` WHERE ( fid=4 )  [ RunTime:0.001067s ]
NOTIC: [2] Invalid argument supplied for foreach() D:\www\core\shop\Common\common.php 第 31 行.
SQL: SELECT * FROM `type` WHERE ( fid=25 )  [ RunTime:0.001462s ]
NOTIC: [2] Invalid argument supplied for foreach() D:\www\core\shop\Common\common.php 第 31 行.
SQL: SELECT * FROM `type` WHERE ( fid=28 )  [ RunTime:0.000500s ]
NOTIC: [2] Invalid argument supplied for foreach() D:\www\core\shop\Common\common.php 第 31 行.
SQL: SELECT * FROM `type` WHERE ( fid=29 )  [ RunTime:0.001816s ]
NOTIC: [2] Invalid argument supplied for foreach() D:\www\core\shop\Common\common.php 第 31 行.
SQL: SELECT * FROM `type` WHERE ( fid=2 )  [ RunTime:0.000658s ]
SQL: SELECT * FROM `type` WHERE ( fid=5 )  [ RunTime:0.001327s ]
SQL: SELECT * FROM `type` WHERE ( fid=6 )  [ RunTime:0.001529s ]
SQL: SELECT * FROM `type` WHERE ( fid=10 )  [ RunTime:0.000514s ]
SQL: SELECT * FROM `type` WHERE ( fid=15 )  [ RunTime:0.001155s ]
NOTIC: [2] Invalid argument supplied for foreach() D:\www\core\shop\Common\common.php 第 31 行.
SQL: SELECT * FROM `type` WHERE ( fid=11 )  [ RunTime:0.000967s ]
SQL: SELECT * FROM `type` WHERE ( fid=16 )  [ RunTime:0.002020s ]
NOTIC: [2] Invalid argument supplied for foreach() D:\www\core\shop\Common\common.php 第 31 行.
SQL: SELECT * FROM `type` WHERE ( fid=12 )  [ RunTime:0.000816s ]
SQL: SELECT * FROM `type` WHERE ( fid=17 )  [ RunTime:0.001255s ]
SQL: SELECT * FROM `type` WHERE ( fid=18 )  [ RunTime:0.001844s ]
SQL: SELECT * FROM `type` WHERE ( fid=13 )  [ RunTime:0.000512s ]
SQL: SELECT * FROM `type` WHERE ( fid=19 )  [ RunTime:0.000765s ]
NOTIC: [2] Invalid argument supplied for foreach() D:\www\core\shop\Common\common.php 第 31 行.
SQL: SELECT * FROM `type` WHERE ( fid=20 )  [ RunTime:0.000888s ]
NOTIC: [2] Invalid argument supplied for foreach() D:\www\core\shop\Common\common.php 第 31 行.
SQL: SELECT * FROM `type` WHERE ( fid=14 )  [ RunTime:0.001063s ]
NOTIC: [2] Invalid argument supplied for foreach() D:\www\core\shop\Common\common.php 第 14 行.
INFO: [ view_parse ] --START--
INFO: ParseTemplate Behavior ::run [ RunTime:0.125174s ]
INFO: [ view_parse ] --END-- [ RunTime:0.125248s ]
INFO: [ view_filter ] --START--
INFO: ContentReplace Behavior ::run [ RunTime:0.011472s ]
INFO: TokenBuild Behavior ::run [ RunTime:0.002720s ]
INFO: WriteHtmlCache Behavior ::run [ RunTime:0.007669s ]
INFO: ShowRuntime Behavior ::run [ RunTime:0.000899s ]
INFO: [ view_filter ] --END-- [ RunTime:0.022925s ]
INFO: [ view_end ] --START--
INFO: ShowPageTrace Behavior ::run [ RunTime:0.014653s ]
INFO: [ view_end ] --END-- [ RunTime:0.014725s ]

[ 2015-12-23T18:59:42+08:00 ] 127.0.0.1 /core/index.php/Product/detail/id/js/utils.js
INFO: [ route_check ] --START--
INFO: CheckRoute Behavior ::run [ RunTime:0.001254s ]
INFO: [ route_check ] --END-- [ RunTime:0.001340s ]
INFO: [ app_begin ] --START--
INFO: ReadHtmlCache Behavior ::run [ RunTime:0.000878s ]
INFO: [ app_begin ] --END-- [ RunTime:0.000952s ]
SQL: SHOW COLUMNS FROM `pimage` [ RunTime:0.005835s ]
SQL: SELECT * FROM `pimage` WHERE ( pid=js )  [ RunTime:0.001680s ]
ERR: 1054:Unknown column 'js' in 'where clause'
 [ SQL语句 ] : SELECT * FROM `pimage` WHERE ( pid=js ) 
SQL: SHOW COLUMNS FROM `product` [ RunTime:0.006284s ]
SQL: SELECT * FROM `product` WHERE ( id=js )  [ RunTime:0.001704s ]
ERR: 1054:Unknown column 'js' in 'where clause'
 [ SQL语句 ] : SELECT * FROM `product` WHERE ( id=js ) 
SQL: SHOW COLUMNS FROM `type` [ RunTime:0.007351s ]
SQL: SELECT * FROM `type` WHERE ( id= )  [ RunTime:0.002324s ]
ERR: 1064:You have an error in your SQL syntax; check the manual that corresponds to your MySQL server version for the right syntax to use near ')' at line 1
 [ SQL语句 ] : SELECT * FROM `type` WHERE ( id= ) 
SQL: SELECT * FROM `type` WHERE ( fid=0 )  [ RunTime:0.000714s ]
SQL: SELECT * FROM `type` WHERE ( fid=1 )  [ RunTime:0.001146s ]
SQL: SELECT * FROM `type` WHERE ( fid=3 )  [ RunTime:0.001780s ]
SQL: SELECT * FROM `type` WHERE ( fid=4 )  [ RunTime:0.001504s ]
NOTIC: [2] Invalid argument supplied for foreach() D:\www\core\shop\Common\common.php 第 31 行.
SQL: SELECT * FROM `type` WHERE ( fid=25 )  [ RunTime:0.001475s ]
NOTIC: [2] Invalid argument supplied for foreach() D:\www\core\shop\Common\common.php 第 31 行.
SQL: SELECT * FROM `type` WHERE ( fid=28 )  [ RunTime:0.001496s ]
NOTIC: [2] Invalid argument supplied for foreach() D:\www\core\shop\Common\common.php 第 31 行.
SQL: SELECT * FROM `type` WHERE ( fid=29 )  [ RunTime:0.001624s ]
NOTIC: [2] Invalid argument supplied for foreach() D:\www\core\shop\Common\common.php 第 31 行.
SQL: SELECT * FROM `type` WHERE ( fid=2 )  [ RunTime:0.002529s ]
SQL: SELECT * FROM `type` WHERE ( fid=5 )  [ RunTime:0.004422s ]
SQL: SELECT * FROM `type` WHERE ( fid=6 )  [ RunTime:0.001721s ]
SQL: SELECT * FROM `type` WHERE ( fid=10 )  [ RunTime:0.001717s ]
SQL: SELECT * FROM `type` WHERE ( fid=15 )  [ RunTime:0.002013s ]
NOTIC: [2] Invalid argument supplied for foreach() D:\www\core\shop\Common\common.php 第 31 行.
SQL: SELECT * FROM `type` WHERE ( fid=11 )  [ RunTime:0.001675s ]
SQL: SELECT * FROM `type` WHERE ( fid=16 )  [ RunTime:0.001427s ]
NOTIC: [2] Invalid argument supplied for foreach() D:\www\core\shop\Common\common.php 第 31 行.
SQL: SELECT * FROM `type` WHERE ( fid=12 )  [ RunTime:0.001372s ]
SQL: SELECT * FROM `type` WHERE ( fid=17 )  [ RunTime:0.001065s ]
SQL: SELECT * FROM `type` WHERE ( fid=18 )  [ RunTime:0.000904s ]
SQL: SELECT * FROM `type` WHERE ( fid=13 )  [ RunTime:0.000936s ]
SQL: SELECT * FROM `type` WHERE ( fid=19 )  [ RunTime:0.000935s ]
NOTIC: [2] Invalid argument supplied for foreach() D:\www\core\shop\Common\common.php 第 31 行.
SQL: SELECT * FROM `type` WHERE ( fid=20 )  [ RunTime:0.001121s ]
NOTIC: [2] Invalid argument supplied for foreach() D:\www\core\shop\Common\common.php 第 31 行.
SQL: SELECT * FROM `type` WHERE ( fid=14 )  [ RunTime:0.001049s ]
NOTIC: [2] Invalid argument supplied for foreach() D:\www\core\shop\Common\common.php 第 14 行.
INFO: [ view_parse ] --START--
INFO: ParseTemplate Behavior ::run [ RunTime:0.014532s ]
INFO: [ view_parse ] --END-- [ RunTime:0.014605s ]
INFO: [ view_filter ] --START--
INFO: ContentReplace Behavior ::run [ RunTime:0.000776s ]
INFO: TokenBuild Behavior ::run [ RunTime:0.000482s ]
INFO: WriteHtmlCache Behavior ::run [ RunTime:0.000367s ]
INFO: ShowRuntime Behavior ::run [ RunTime:0.000524s ]
INFO: [ view_filter ] --END-- [ RunTime:0.002260s ]
INFO: [ view_end ] --START--
INFO: ShowPageTrace Behavior ::run [ RunTime:0.001370s ]
INFO: [ view_end ] --END-- [ RunTime:0.001453s ]

[ 2015-12-23T18:59:42+08:00 ] 127.0.0.1 /core/index.php/Product/detail/id/js/transport.js
INFO: [ route_check ] --START--
INFO: CheckRoute Behavior ::run [ RunTime:0.001186s ]
INFO: [ route_check ] --END-- [ RunTime:0.001276s ]
INFO: [ app_begin ] --START--
INFO: ReadHtmlCache Behavior ::run [ RunTime:0.000864s ]
INFO: [ app_begin ] --END-- [ RunTime:0.000939s ]
SQL: SHOW COLUMNS FROM `pimage` [ RunTime:0.004833s ]
SQL: SELECT * FROM `pimage` WHERE ( pid=js )  [ RunTime:0.000470s ]
ERR: 1054:Unknown column 'js' in 'where clause'
 [ SQL语句 ] : SELECT * FROM `pimage` WHERE ( pid=js ) 
SQL: SHOW COLUMNS FROM `product` [ RunTime:0.005104s ]
SQL: SELECT * FROM `product` WHERE ( id=js )  [ RunTime:0.003640s ]
ERR: 1054:Unknown column 'js' in 'where clause'
 [ SQL语句 ] : SELECT * FROM `product` WHERE ( id=js ) 
SQL: SHOW COLUMNS FROM `type` [ RunTime:0.006493s ]
SQL: SELECT * FROM `type` WHERE ( id= )  [ RunTime:0.002857s ]
ERR: 1064:You have an error in your SQL syntax; check the manual that corresponds to your MySQL server version for the right syntax to use near ')' at line 1
 [ SQL语句 ] : SELECT * FROM `type` WHERE ( id= ) 
SQL: SELECT * FROM `type` WHERE ( fid=0 )  [ RunTime:0.002953s ]
SQL: SELECT * FROM `type` WHERE ( fid=1 )  [ RunTime:0.002396s ]
SQL: SELECT * FROM `type` WHERE ( fid=3 )  [ RunTime:0.001794s ]
SQL: SELECT * FROM `type` WHERE ( fid=4 )  [ RunTime:0.000571s ]
NOTIC: [2] Invalid argument supplied for foreach() D:\www\core\shop\Common\common.php 第 31 行.
SQL: SELECT * FROM `type` WHERE ( fid=25 )  [ RunTime:0.000980s ]
NOTIC: [2] Invalid argument supplied for foreach() D:\www\core\shop\Common\common.php 第 31 行.
SQL: SELECT * FROM `type` WHERE ( fid=28 )  [ RunTime:0.000486s ]
NOTIC: [2] Invalid argument supplied for foreach() D:\www\core\shop\Common\common.php 第 31 行.
SQL: SELECT * FROM `type` WHERE ( fid=29 )  [ RunTime:0.000317s ]
NOTIC: [2] Invalid argument supplied for foreach() D:\www\core\shop\Common\common.php 第 31 行.
SQL: SELECT * FROM `type` WHERE ( fid=2 )  [ RunTime:0.000257s ]
SQL: SELECT * FROM `type` WHERE ( fid=5 )  [ RunTime:0.000260s ]
SQL: SELECT * FROM `type` WHERE ( fid=6 )  [ RunTime:0.000278s ]
SQL: SELECT * FROM `type` WHERE ( fid=10 )  [ RunTime:0.000506s ]
SQL: SELECT * FROM `type` WHERE ( fid=15 )  [ RunTime:0.000178s ]
NOTIC: [2] Invalid argument supplied for foreach() D:\www\core\shop\Common\common.php 第 31 行.
SQL: SELECT * FROM `type` WHERE ( fid=11 )  [ RunTime:0.000270s ]
SQL: SELECT * FROM `type` WHERE ( fid=16 )  [ RunTime:0.000260s ]
NOTIC: [2] Invalid argument supplied for foreach() D:\www\core\shop\Common\common.php 第 31 行.
SQL: SELECT * FROM `type` WHERE ( fid=12 )  [ RunTime:0.000432s ]
SQL: SELECT * FROM `type` WHERE ( fid=17 )  [ RunTime:0.000323s ]
SQL: SELECT * FROM `type` WHERE ( fid=18 )  [ RunTime:0.000259s ]
SQL: SELECT * FROM `type` WHERE ( fid=13 )  [ RunTime:0.000459s ]
SQL: SELECT * FROM `type` WHERE ( fid=19 )  [ RunTime:0.000333s ]
NOTIC: [2] Invalid argument supplied for foreach() D:\www\core\shop\Common\common.php 第 31 行.
SQL: SELECT * FROM `type` WHERE ( fid=20 )  [ RunTime:0.000781s ]
NOTIC: [2] Invalid argument supplied for foreach() D:\www\core\shop\Common\common.php 第 31 行.
SQL: SELECT * FROM `type` WHERE ( fid=14 )  [ RunTime:0.000270s ]
NOTIC: [2] Invalid argument supplied for foreach() D:\www\core\shop\Common\common.php 第 14 行.
INFO: [ view_parse ] --START--
INFO: ParseTemplate Behavior ::run [ RunTime:0.014050s ]
INFO: [ view_parse ] --END-- [ RunTime:0.014119s ]
INFO: [ view_filter ] --START--
INFO: ContentReplace Behavior ::run [ RunTime:0.000734s ]
INFO: TokenBuild Behavior ::run [ RunTime:0.000505s ]
INFO: WriteHtmlCache Behavior ::run [ RunTime:0.000317s ]
INFO: ShowRuntime Behavior ::run [ RunTime:0.000798s ]
INFO: [ view_filter ] --END-- [ RunTime:0.002488s ]
INFO: [ view_end ] --START--
INFO: ShowPageTrace Behavior ::run [ RunTime:0.000694s ]
INFO: [ view_end ] --END-- [ RunTime:0.000755s ]

[ 2015-12-23T18:59:42+08:00 ] 127.0.0.1 /core/index.php/Product/detail/id/js/dialog3.js
INFO: [ route_check ] --START--
INFO: CheckRoute Behavior ::run [ RunTime:0.001795s ]
INFO: [ route_check ] --END-- [ RunTime:0.001891s ]
INFO: [ app_begin ] --START--
INFO: ReadHtmlCache Behavior ::run [ RunTime:0.000714s ]
INFO: [ app_begin ] --END-- [ RunTime:0.000788s ]
SQL: SHOW COLUMNS FROM `pimage` [ RunTime:0.003999s ]
SQL: SELECT * FROM `pimage` WHERE ( pid=js )  [ RunTime:0.000460s ]
ERR: 1054:Unknown column 'js' in 'where clause'
 [ SQL语句 ] : SELECT * FROM `pimage` WHERE ( pid=js ) 
SQL: SHOW COLUMNS FROM `product` [ RunTime:0.004119s ]
SQL: SELECT * FROM `product` WHERE ( id=js )  [ RunTime:0.000429s ]
ERR: 1054:Unknown column 'js' in 'where clause'
 [ SQL语句 ] : SELECT * FROM `product` WHERE ( id=js ) 
SQL: SHOW COLUMNS FROM `type` [ RunTime:0.004429s ]
SQL: SELECT * FROM `type` WHERE ( id= )  [ RunTime:0.000425s ]
ERR: 1064:You have an error in your SQL syntax; check the manual that corresponds to your MySQL server version for the right syntax to use near ')' at line 1
 [ SQL语句 ] : SELECT * FROM `type` WHERE ( id= ) 
SQL: SELECT * FROM `type` WHERE ( fid=0 )  [ RunTime:0.000398s ]
SQL: SELECT * FROM `type` WHERE ( fid=1 )  [ RunTime:0.000315s ]
SQL: SELECT * FROM `type` WHERE ( fid=3 )  [ RunTime:0.000273s ]
SQL: SELECT * FROM `type` WHERE ( fid=4 )  [ RunTime:0.000277s ]
NOTIC: [2] Invalid argument supplied for foreach() D:\www\core\shop\Common\common.php 第 31 行.
SQL: SELECT * FROM `type` WHERE ( fid=25 )  [ RunTime:0.000265s ]
NOTIC: [2] Invalid argument supplied for foreach() D:\www\core\shop\Common\common.php 第 31 行.
SQL: SELECT * FROM `type` WHERE ( fid=28 )  [ RunTime:0.000256s ]
NOTIC: [2] Invalid argument supplied for foreach() D:\www\core\shop\Common\common.php 第 31 行.
SQL: SELECT * FROM `type` WHERE ( fid=29 )  [ RunTime:0.000291s ]
NOTIC: [2] Invalid argument supplied for foreach() D:\www\core\shop\Common\common.php 第 31 行.
SQL: SELECT * FROM `type` WHERE ( fid=2 )  [ RunTime:0.000273s ]
SQL: SELECT * FROM `type` WHERE ( fid=5 )  [ RunTime:0.000367s ]
SQL: SELECT * FROM `type` WHERE ( fid=6 )  [ RunTime:0.000717s ]
SQL: SELECT * FROM `type` WHERE ( fid=10 )  [ RunTime:0.000917s ]
SQL: SELECT * FROM `type` WHERE ( fid=15 )  [ RunTime:0.000710s ]
NOTIC: [2] Invalid argument supplied for foreach() D:\www\core\shop\Common\common.php 第 31 行.
SQL: SELECT * FROM `type` WHERE ( fid=11 )  [ RunTime:0.000443s ]
SQL: SELECT * FROM `type` WHERE ( fid=16 )  [ RunTime:0.000300s ]
NOTIC: [2] Invalid argument supplied for foreach() D:\www\core\shop\Common\common.php 第 31 行.
SQL: SELECT * FROM `type` WHERE ( fid=12 )  [ RunTime:0.000276s ]
SQL: SELECT * FROM `type` WHERE ( fid=17 )  [ RunTime:0.000268s ]
SQL: SELECT * FROM `type` WHERE ( fid=18 )  [ RunTime:0.000282s ]
SQL: SELECT * FROM `type` WHERE ( fid=13 )  [ RunTime:0.000295s ]
SQL: SELECT * FROM `type` WHERE ( fid=19 )  [ RunTime:0.000286s ]
NOTIC: [2] Invalid argument supplied for foreach() D:\www\core\shop\Common\common.php 第 31 行.
SQL: SELECT * FROM `type` WHERE ( fid=20 )  [ RunTime:0.000278s ]
NOTIC: [2] Invalid argument supplied for foreach() D:\www\core\shop\Common\common.php 第 31 行.
SQL: SELECT * FROM `type` WHERE ( fid=14 )  [ RunTime:0.000260s ]
NOTIC: [2] Invalid argument supplied for foreach() D:\www\core\shop\Common\common.php 第 14 行.
INFO: [ view_parse ] --START--
INFO: ParseTemplate Behavior ::run [ RunTime:0.013466s ]
INFO: [ view_parse ] --END-- [ RunTime:0.013518s ]
INFO: [ view_filter ] --START--
INFO: ContentReplace Behavior ::run [ RunTime:0.000647s ]
INFO: TokenBuild Behavior ::run [ RunTime:0.000357s ]
INFO: WriteHtmlCache Behavior ::run [ RunTime:0.000251s ]
INFO: ShowRuntime Behavior ::run [ RunTime:0.000422s ]
INFO: [ view_filter ] --END-- [ RunTime:0.001812s ]
INFO: [ view_end ] --START--
INFO: ShowPageTrace Behavior ::run [ RunTime:0.000739s ]
INFO: [ view_end ] --END-- [ RunTime:0.000853s ]

[ 2015-12-23T18:59:42+08:00 ] 127.0.0.1 /core/index.php/Product/detail/id/themes/jindong/stye.css
INFO: [ route_check ] --START--
INFO: CheckRoute Behavior ::run [ RunTime:0.001413s ]
INFO: [ route_check ] --END-- [ RunTime:0.001500s ]
INFO: [ app_begin ] --START--
INFO: ReadHtmlCache Behavior ::run [ RunTime:0.000733s ]
INFO: [ app_begin ] --END-- [ RunTime:0.000812s ]
SQL: SHOW COLUMNS FROM `pimage` [ RunTime:0.004415s ]
SQL: SELECT * FROM `pimage` WHERE ( pid=themes )  [ RunTime:0.001288s ]
ERR: 1054:Unknown column 'themes' in 'where clause'
 [ SQL语句 ] : SELECT * FROM `pimage` WHERE ( pid=themes ) 
SQL: SHOW COLUMNS FROM `product` [ RunTime:0.004647s ]
SQL: SELECT * FROM `product` WHERE ( id=themes )  [ RunTime:0.001555s ]
ERR: 1054:Unknown column 'themes' in 'where clause'
 [ SQL语句 ] : SELECT * FROM `product` WHERE ( id=themes ) 
SQL: SHOW COLUMNS FROM `type` [ RunTime:0.005190s ]
SQL: SELECT * FROM `type` WHERE ( id= )  [ RunTime:0.001051s ]
ERR: 1064:You have an error in your SQL syntax; check the manual that corresponds to your MySQL server version for the right syntax to use near ')' at line 1
 [ SQL语句 ] : SELECT * FROM `type` WHERE ( id= ) 
SQL: SELECT * FROM `type` WHERE ( fid=0 )  [ RunTime:0.000994s ]
SQL: SELECT * FROM `type` WHERE ( fid=1 )  [ RunTime:0.001062s ]
SQL: SELECT * FROM `type` WHERE ( fid=3 )  [ RunTime:0.001895s ]
SQL: SELECT * FROM `type` WHERE ( fid=4 )  [ RunTime:0.001379s ]
NOTIC: [2] Invalid argument supplied for foreach() D:\www\core\shop\Common\common.php 第 31 行.
SQL: SELECT * FROM `type` WHERE ( fid=25 )  [ RunTime:0.000825s ]
NOTIC: [2] Invalid argument supplied for foreach() D:\www\core\shop\Common\common.php 第 31 行.
SQL: SELECT * FROM `type` WHERE ( fid=28 )  [ RunTime:0.000812s ]
NOTIC: [2] Invalid argument supplied for foreach() D:\www\core\shop\Common\common.php 第 31 行.
SQL: SELECT * FROM `type` WHERE ( fid=29 )  [ RunTime:0.000926s ]
NOTIC: [2] Invalid argument supplied for foreach() D:\www\core\shop\Common\common.php 第 31 行.
SQL: SELECT * FROM `type` WHERE ( fid=2 )  [ RunTime:0.000843s ]
SQL: SELECT * FROM `type` WHERE ( fid=5 )  [ RunTime:0.000926s ]
SQL: SELECT * FROM `type` WHERE ( fid=6 )  [ RunTime:0.001082s ]
SQL: SELECT * FROM `type` WHERE ( fid=10 )  [ RunTime:0.001040s ]
SQL: SELECT * FROM `type` WHERE ( fid=15 )  [ RunTime:0.001171s ]
NOTIC: [2] Invalid argument supplied for foreach() D:\www\core\shop\Common\common.php 第 31 行.
SQL: SELECT * FROM `type` WHERE ( fid=11 )  [ RunTime:0.001296s ]
SQL: SELECT * FROM `type` WHERE ( fid=16 )  [ RunTime:0.001442s ]
NOTIC: [2] Invalid argument supplied for foreach() D:\www\core\shop\Common\common.php 第 31 行.
SQL: SELECT * FROM `type` WHERE ( fid=12 )  [ RunTime:0.001103s ]
SQL: SELECT * FROM `type` WHERE ( fid=17 )  [ RunTime:0.000796s ]
SQL: SELECT * FROM `type` WHERE ( fid=18 )  [ RunTime:0.000853s ]
SQL: SELECT * FROM `type` WHERE ( fid=13 )  [ RunTime:0.001270s ]
SQL: SELECT * FROM `type` WHERE ( fid=19 )  [ RunTime:0.000951s ]
NOTIC: [2] Invalid argument supplied for foreach() D:\www\core\shop\Common\common.php 第 31 行.
SQL: SELECT * FROM `type` WHERE ( fid=20 )  [ RunTime:0.000839s ]
NOTIC: [2] Invalid argument supplied for foreach() D:\www\core\shop\Common\common.php 第 31 行.
SQL: SELECT * FROM `type` WHERE ( fid=14 )  [ RunTime:0.000878s ]
NOTIC: [2] Invalid argument supplied for foreach() D:\www\core\shop\Common\common.php 第 14 行.
INFO: [ view_parse ] --START--
INFO: ParseTemplate Behavior ::run [ RunTime:0.013809s ]
INFO: [ view_parse ] --END-- [ RunTime:0.013866s ]
INFO: [ view_filter ] --START--
INFO: ContentReplace Behavior ::run [ RunTime:0.000635s ]
INFO: TokenBuild Behavior ::run [ RunTime:0.000418s ]
INFO: WriteHtmlCache Behavior ::run [ RunTime:0.000261s ]
INFO: ShowRuntime Behavior ::run [ RunTime:0.000560s ]
INFO: [ view_filter ] --END-- [ RunTime:0.002019s ]
INFO: [ view_end ] --START--
INFO: ShowPageTrace Behavior ::run [ RunTime:0.000659s ]
INFO: [ view_end ] --END-- [ RunTime:0.000726s ]

[ 2015-12-23T18:59:43+08:00 ] 127.0.0.1 /core/index.php/Product/detail/id/captcha.php?39466540
INFO: [ route_check ] --START--
INFO: CheckRoute Behavior ::run [ RunTime:0.001217s ]
INFO: [ route_check ] --END-- [ RunTime:0.001301s ]
INFO: [ app_begin ] --START--
INFO: ReadHtmlCache Behavior ::run [ RunTime:0.000907s ]
INFO: [ app_begin ] --END-- [ RunTime:0.000979s ]
SQL: SHOW COLUMNS FROM `pimage` [ RunTime:0.006115s ]
SQL: SELECT * FROM `pimage` WHERE ( pid=captcha.php )  [ RunTime:0.006754s ]
ERR: 1054:Unknown column 'captcha.php' in 'where clause'
 [ SQL语句 ] : SELECT * FROM `pimage` WHERE ( pid=captcha.php ) 
SQL: SHOW COLUMNS FROM `product` [ RunTime:0.009826s ]
SQL: SELECT * FROM `product` WHERE ( id=captcha.php )  [ RunTime:0.003725s ]
ERR: 1054:Unknown column 'captcha.php' in 'where clause'
 [ SQL语句 ] : SELECT * FROM `product` WHERE ( id=captcha.php ) 
SQL: SHOW COLUMNS FROM `type` [ RunTime:0.011353s ]
SQL: SELECT * FROM `type` WHERE ( id= )  [ RunTime:0.002720s ]
ERR: 1064:You have an error in your SQL syntax; check the manual that corresponds to your MySQL server version for the right syntax to use near ')' at line 1
 [ SQL语句 ] : SELECT * FROM `type` WHERE ( id= ) 
SQL: SELECT * FROM `type` WHERE ( fid=0 )  [ RunTime:0.002903s ]
SQL: SELECT * FROM `type` WHERE ( fid=1 )  [ RunTime:0.004771s ]
SQL: SELECT * FROM `type` WHERE ( fid=3 )  [ RunTime:0.002357s ]
SQL: SELECT * FROM `type` WHERE ( fid=4 )  [ RunTime:0.002270s ]
NOTIC: [2] Invalid argument supplied for foreach() D:\www\core\shop\Common\common.php 第 31 行.
SQL: SELECT * FROM `type` WHERE ( fid=25 )  [ RunTime:0.002816s ]
NOTIC: [2] Invalid argument supplied for foreach() D:\www\core\shop\Common\common.php 第 31 行.
SQL: SELECT * FROM `type` WHERE ( fid=28 )  [ RunTime:0.001495s ]
NOTIC: [2] Invalid argument supplied for foreach() D:\www\core\shop\Common\common.php 第 31 行.
SQL: SELECT * FROM `type` WHERE ( fid=29 )  [ RunTime:0.001565s ]
NOTIC: [2] Invalid argument supplied for foreach() D:\www\core\shop\Common\common.php 第 31 行.
SQL: SELECT * FROM `type` WHERE ( fid=2 )  [ RunTime:0.003755s ]
SQL: SELECT * FROM `type` WHERE ( fid=5 )  [ RunTime:0.003621s ]
SQL: SELECT * FROM `type` WHERE ( fid=6 )  [ RunTime:0.003898s ]
SQL: SELECT * FROM `type` WHERE ( fid=10 )  [ RunTime:0.001726s ]
SQL: SELECT * FROM `type` WHERE ( fid=15 )  [ RunTime:0.003334s ]
NOTIC: [2] Invalid argument supplied for foreach() D:\www\core\shop\Common\common.php 第 31 行.
SQL: SELECT * FROM `type` WHERE ( fid=11 )  [ RunTime:0.002055s ]
SQL: SELECT * FROM `type` WHERE ( fid=16 )  [ RunTime:0.002142s ]
NOTIC: [2] Invalid argument supplied for foreach() D:\www\core\shop\Common\common.php 第 31 行.
SQL: SELECT * FROM `type` WHERE ( fid=12 )  [ RunTime:0.000638s ]
SQL: SELECT * FROM `type` WHERE ( fid=17 )  [ RunTime:0.001324s ]
SQL: SELECT * FROM `type` WHERE ( fid=18 )  [ RunTime:0.002151s ]
SQL: SELECT * FROM `type` WHERE ( fid=13 )  [ RunTime:0.000955s ]
SQL: SELECT * FROM `type` WHERE ( fid=19 )  [ RunTime:0.001513s ]
NOTIC: [2] Invalid argument supplied for foreach() D:\www\core\shop\Common\common.php 第 31 行.
SQL: SELECT * FROM `type` WHERE ( fid=20 )  [ RunTime:0.001476s ]
NOTIC: [2] Invalid argument supplied for foreach() D:\www\core\shop\Common\common.php 第 31 行.
SQL: SELECT * FROM `type` WHERE ( fid=14 )  [ RunTime:0.001208s ]
NOTIC: [2] Invalid argument supplied for foreach() D:\www\core\shop\Common\common.php 第 14 行.
INFO: [ view_parse ] --START--
INFO: ParseTemplate Behavior ::run [ RunTime:0.015165s ]
INFO: [ view_parse ] --END-- [ RunTime:0.015221s ]
INFO: [ view_filter ] --START--
INFO: ContentReplace Behavior ::run [ RunTime:0.000754s ]
INFO: TokenBuild Behavior ::run [ RunTime:0.000483s ]
INFO: WriteHtmlCache Behavior ::run [ RunTime:0.000368s ]
INFO: ShowRuntime Behavior ::run [ RunTime:0.000531s ]
INFO: [ view_filter ] --END-- [ RunTime:0.002248s ]
INFO: [ view_end ] --START--
INFO: ShowPageTrace Behavior ::run [ RunTime:0.000711s ]
INFO: [ view_end ] --END-- [ RunTime:0.000758s ]

[ 2015-12-23T18:59:43+08:00 ] 127.0.0.1 /core/index.php/Product/detail/id/api/cron.php?t=1344195518
INFO: [ route_check ] --START--
INFO: CheckRoute Behavior ::run [ RunTime:0.001071s ]
INFO: [ route_check ] --END-- [ RunTime:0.001161s ]
INFO: [ app_begin ] --START--
INFO: ReadHtmlCache Behavior ::run [ RunTime:0.001093s ]
INFO: [ app_begin ] --END-- [ RunTime:0.001213s ]
SQL: SHOW COLUMNS FROM `pimage` [ RunTime:0.004519s ]
SQL: SELECT * FROM `pimage` WHERE ( pid=api )  [ RunTime:0.000926s ]
ERR: 1054:Unknown column 'api' in 'where clause'
 [ SQL语句 ] : SELECT * FROM `pimage` WHERE ( pid=api ) 
SQL: SHOW COLUMNS FROM `product` [ RunTime:0.004848s ]
SQL: SELECT * FROM `product` WHERE ( id=api )  [ RunTime:0.000778s ]
ERR: 1054:Unknown column 'api' in 'where clause'
 [ SQL语句 ] : SELECT * FROM `product` WHERE ( id=api ) 
SQL: SHOW COLUMNS FROM `type` [ RunTime:0.004400s ]
SQL: SELECT * FROM `type` WHERE ( id= )  [ RunTime:0.000727s ]
ERR: 1064:You have an error in your SQL syntax; check the manual that corresponds to your MySQL server version for the right syntax to use near ')' at line 1
 [ SQL语句 ] : SELECT * FROM `type` WHERE ( id= ) 
SQL: SELECT * FROM `type` WHERE ( fid=0 )  [ RunTime:0.000536s ]
SQL: SELECT * FROM `type` WHERE ( fid=1 )  [ RunTime:0.000498s ]
SQL: SELECT * FROM `type` WHERE ( fid=3 )  [ RunTime:0.000463s ]
SQL: SELECT * FROM `type` WHERE ( fid=4 )  [ RunTime:0.000627s ]
NOTIC: [2] Invalid argument supplied for foreach() D:\www\core\shop\Common\common.php 第 31 行.
SQL: SELECT * FROM `type` WHERE ( fid=25 )  [ RunTime:0.000746s ]
NOTIC: [2] Invalid argument supplied for foreach() D:\www\core\shop\Common\common.php 第 31 行.
SQL: SELECT * FROM `type` WHERE ( fid=28 )  [ RunTime:0.000604s ]
NOTIC: [2] Invalid argument supplied for foreach() D:\www\core\shop\Common\common.php 第 31 行.
SQL: SELECT * FROM `type` WHERE ( fid=29 )  [ RunTime:0.000516s ]
NOTIC: [2] Invalid argument supplied for foreach() D:\www\core\shop\Common\common.php 第 31 行.
SQL: SELECT * FROM `type` WHERE ( fid=2 )  [ RunTime:0.000625s ]
SQL: SELECT * FROM `type` WHERE ( fid=5 )  [ RunTime:0.000549s ]
SQL: SELECT * FROM `type` WHERE ( fid=6 )  [ RunTime:0.000510s ]
SQL: SELECT * FROM `type` WHERE ( fid=10 )  [ RunTime:0.000477s ]
SQL: SELECT * FROM `type` WHERE ( fid=15 )  [ RunTime:0.000437s ]
NOTIC: [2] Invalid argument supplied for foreach() D:\www\core\shop\Common\common.php 第 31 行.
SQL: SELECT * FROM `type` WHERE ( fid=11 )  [ RunTime:0.000481s ]
SQL: SELECT * FROM `type` WHERE ( fid=16 )  [ RunTime:0.000570s ]
NOTIC: [2] Invalid argument supplied for foreach() D:\www\core\shop\Common\common.php 第 31 行.
SQL: SELECT * FROM `type` WHERE ( fid=12 )  [ RunTime:0.001139s ]
SQL: SELECT * FROM `type` WHERE ( fid=17 )  [ RunTime:0.001294s ]
SQL: SELECT * FROM `type` WHERE ( fid=18 )  [ RunTime:0.002049s ]
SQL: SELECT * FROM `type` WHERE ( fid=13 )  [ RunTime:0.001920s ]
SQL: SELECT * FROM `type` WHERE ( fid=19 )  [ RunTime:0.001422s ]
NOTIC: [2] Invalid argument supplied for foreach() D:\www\core\shop\Common\common.php 第 31 行.
SQL: SELECT * FROM `type` WHERE ( fid=20 )  [ RunTime:0.000966s ]
NOTIC: [2] Invalid argument supplied for foreach() D:\www\core\shop\Common\common.php 第 31 行.
SQL: SELECT * FROM `type` WHERE ( fid=14 )  [ RunTime:0.000705s ]
NOTIC: [2] Invalid argument supplied for foreach() D:\www\core\shop\Common\common.php 第 14 行.
INFO: [ view_parse ] --START--
INFO: ParseTemplate Behavior ::run [ RunTime:0.017816s ]
INFO: [ view_parse ] --END-- [ RunTime:0.017893s ]
INFO: [ view_filter ] --START--
INFO: ContentReplace Behavior ::run [ RunTime:0.000593s ]
INFO: TokenBuild Behavior ::run [ RunTime:0.000362s ]
INFO: WriteHtmlCache Behavior ::run [ RunTime:0.000236s ]
INFO: ShowRuntime Behavior ::run [ RunTime:0.000379s ]
INFO: [ view_filter ] --END-- [ RunTime:0.001671s ]
INFO: [ view_end ] --START--
INFO: ShowPageTrace Behavior ::run [ RunTime:0.002098s ]
INFO: [ view_end ] --END-- [ RunTime:0.002303s ]

