[ 2015-11-20T11:50:30+08:00 ] 127.0.0.1 /JD/admin.php
INFO: [ app_begin ] --START--
INFO: ReadHtmlCache Behavior ::run [ RunTime:0.001158s ]
INFO: [ app_begin ] --END-- [ RunTime:0.001268s ]
INFO: [ view_parse ] --START--
NOTIC: [8] Undefined variable: role D:\apache\htdocs\JD\admin\Runtime\Cache\4c18d5952d0dbf1eedb8a1ec796fa788.php 第 38 行.
NOTIC: [8] Undefined variable: role D:\apache\htdocs\JD\admin\Runtime\Cache\4c18d5952d0dbf1eedb8a1ec796fa788.php 第 38 行.
NOTIC: [8] Undefined variable: role D:\apache\htdocs\JD\admin\Runtime\Cache\4c18d5952d0dbf1eedb8a1ec796fa788.php 第 58 行.
INFO: ParseTemplate Behavior ::run [ RunTime:0.028939s ]
INFO: [ view_parse ] --END-- [ RunTime:0.029019s ]
INFO: [ view_filter ] --START--
INFO: ContentReplace Behavior ::run [ RunTime:0.000944s ]
INFO: TokenBuild Behavior ::run [ RunTime:0.000891s ]
INFO: WriteHtmlCache Behavior ::run [ RunTime:0.000731s ]
INFO: ShowRuntime Behavior ::run [ RunTime:0.001009s ]
INFO: [ view_filter ] --END-- [ RunTime:0.003787s ]
INFO: [ view_end ] --START--
INFO: ShowPageTrace Behavior ::run [ RunTime:0.001249s ]
INFO: [ view_end ] --END-- [ RunTime:0.001322s ]

[ 2015-11-20T11:51:04+08:00 ] 127.0.0.1 /JD/admin.php/Product/add
INFO: [ route_check ] --START--
INFO: CheckRoute Behavior ::run [ RunTime:0.001866s ]
INFO: [ route_check ] --END-- [ RunTime:0.001974s ]
INFO: [ app_begin ] --START--
INFO: ReadHtmlCache Behavior ::run [ RunTime:0.001351s ]
INFO: [ app_begin ] --END-- [ RunTime:0.001438s ]
INFO: [ view_parse ] --START--
NOTIC: [8] Undefined variable: role D:\apache\htdocs\JD\admin\Runtime\Cache\6367679e35b8e369ce7b2704a2200e57.php 第 38 行.
NOTIC: [8] Undefined variable: role D:\apache\htdocs\JD\admin\Runtime\Cache\6367679e35b8e369ce7b2704a2200e57.php 第 38 行.
NOTIC: [8] Undefined index: cid D:\apache\htdocs\JD\admin\Runtime\Cache\6367679e35b8e369ce7b2704a2200e57.php 第 61 行.
INFO: ParseTemplate Behavior ::run [ RunTime:0.015185s ]
INFO: [ view_parse ] --END-- [ RunTime:0.015271s ]
INFO: [ view_filter ] --START--
INFO: ContentReplace Behavior ::run [ RunTime:0.001167s ]
INFO: TokenBuild Behavior ::run [ RunTime:0.001043s ]
INFO: WriteHtmlCache Behavior ::run [ RunTime:0.000697s ]
INFO: ShowRuntime Behavior ::run [ RunTime:0.000958s ]
INFO: [ view_filter ] --END-- [ RunTime:0.004073s ]
INFO: [ view_end ] --START--
INFO: ShowPageTrace Behavior ::run [ RunTime:0.001126s ]
INFO: [ view_end ] --END-- [ RunTime:0.001185s ]

