[ 2015-08-11T14:04:54+08:00 ] 127.0.0.1 /jd/
INFO: [ app_begin ] --START--
INFO: ReadHtmlCache Behavior ::run [ RunTime:0.005258s ]
INFO: [ app_begin ] --END-- [ RunTime:0.005339s ]
SQL: SHOW COLUMNS FROM `goodstype` [ RunTime:0.337704s ]
SQL: SELECT * FROM `goodstype` WHERE ( parentId=0 )  [ RunTime:0.047535s ]
SQL: SELECT * FROM `goodstype` WHERE ( parentId=1 )  [ RunTime:0.000214s ]
SQL: SELECT * FROM `goodstype` WHERE ( parentId=2 )  [ RunTime:0.000194s ]
SQL: SELECT * FROM `goodstype` WHERE ( parentId=6 )  [ RunTime:0.000189s ]
SQL: SELECT * FROM `goodstype` WHERE ( parentId=10 )  [ RunTime:0.000182s ]
SQL: SELECT * FROM `goodstype` WHERE ( parentId=11 )  [ RunTime:0.000190s ]
SQL: SELECT * FROM `goodstype` WHERE ( parentId=14 )  [ RunTime:0.000188s ]
SQL: SELECT * FROM `goodstype` WHERE ( parentId=17 )  [ RunTime:0.000184s ]
NOTIC: [2] Invalid argument supplied for foreach() F:\www\jd\application\default\Lib\Action\IndexAction.class.php 第 12 行.
SQL: SELECT * FROM `goodstype` WHERE ( parentId=18 )  [ RunTime:0.000310s ]
NOTIC: [2] Invalid argument supplied for foreach() F:\www\jd\application\default\Lib\Action\IndexAction.class.php 第 12 行.
INFO: [ view_parse ] --START--
NOTIC: [8] Use of undefined constant index - assumed 'index' F:\www\jd\application\default\Runtime\Cache\33af4b837747d1d7905dbdd00c63e095.php 第 256 行.
NOTIC: [8] Use of undefined constant category1 - assumed 'category1' F:\www\jd\application\default\Runtime\Cache\33af4b837747d1d7905dbdd00c63e095.php 第 259 行.
NOTIC: [8] Use of undefined constant auction - assumed 'auction' F:\www\jd\application\default\Runtime\Cache\33af4b837747d1d7905dbdd00c63e095.php 第 262 行.
NOTIC: [8] Use of undefined constant Diy - assumed 'Diy' F:\www\jd\application\default\Runtime\Cache\33af4b837747d1d7905dbdd00c63e095.php 第 265 行.
NOTIC: [8] Use of undefined constant Message - assumed 'Message' F:\www\jd\application\default\Runtime\Cache\33af4b837747d1d7905dbdd00c63e095.php 第 268 行.
NOTIC: [8] Use of undefined constant category2 - assumed 'category2' F:\www\jd\application\default\Runtime\Cache\33af4b837747d1d7905dbdd00c63e095.php 第 271 行.
NOTIC: [8] Use of undefined constant category3 - assumed 'category3' F:\www\jd\application\default\Runtime\Cache\33af4b837747d1d7905dbdd00c63e095.php 第 274 行.
INFO: ParseTemplate Behavior ::run [ RunTime:0.196822s ]
INFO: [ view_parse ] --END-- [ RunTime:0.196862s ]
INFO: [ view_filter ] --START--
INFO: ContentReplace Behavior ::run [ RunTime:0.024331s ]
INFO: TokenBuild Behavior ::run [ RunTime:0.010645s ]
INFO: WriteHtmlCache Behavior ::run [ RunTime:0.004639s ]
INFO: ShowRuntime Behavior ::run [ RunTime:0.005282s ]
INFO: [ view_filter ] --END-- [ RunTime:0.045096s ]
INFO: [ view_end ] --START--
INFO: ShowPageTrace Behavior ::run [ RunTime:0.012717s ]
INFO: [ view_end ] --END-- [ RunTime:0.012809s ]

[ 2015-08-11T14:14:47+08:00 ] 127.0.0.1 /jd/
INFO: [ app_begin ] --START--
INFO: ReadHtmlCache Behavior ::run [ RunTime:0.000606s ]
INFO: [ app_begin ] --END-- [ RunTime:0.000665s ]

[ 2015-08-11T14:15:25+08:00 ] 127.0.0.1 /jd/
INFO: [ app_begin ] --START--
INFO: ReadHtmlCache Behavior ::run [ RunTime:0.000606s ]
INFO: [ app_begin ] --END-- [ RunTime:0.000654s ]
SQL: SHOW COLUMNS FROM `goodstype` [ RunTime:0.015798s ]
SQL: SELECT * FROM `goodstype` WHERE ( parentId=0 )  [ RunTime:0.000326s ]
SQL: SELECT * FROM `goodstype` WHERE ( parentId=1 )  [ RunTime:0.000205s ]
SQL: SELECT * FROM `goodstype` WHERE ( parentId=2 )  [ RunTime:0.000215s ]
SQL: SELECT * FROM `goodstype` WHERE ( parentId=6 )  [ RunTime:0.000239s ]
SQL: SELECT * FROM `goodstype` WHERE ( parentId=10 )  [ RunTime:0.000235s ]
SQL: SELECT * FROM `goodstype` WHERE ( parentId=11 )  [ RunTime:0.000254s ]
SQL: SELECT * FROM `goodstype` WHERE ( parentId=14 )  [ RunTime:0.000252s ]
SQL: SELECT * FROM `goodstype` WHERE ( parentId=17 )  [ RunTime:0.000191s ]
NOTIC: [2] Invalid argument supplied for foreach() F:\www\jd\application\default\Lib\Action\IndexAction.class.php 第 12 行.
SQL: SELECT * FROM `goodstype` WHERE ( parentId=18 )  [ RunTime:0.000187s ]
NOTIC: [2] Invalid argument supplied for foreach() F:\www\jd\application\default\Lib\Action\IndexAction.class.php 第 12 行.
INFO: [ view_parse ] --START--
NOTIC: [8] Use of undefined constant index - assumed 'index' F:\www\jd\application\default\Runtime\Cache\33af4b837747d1d7905dbdd00c63e095.php 第 256 行.
NOTIC: [8] Use of undefined constant category1 - assumed 'category1' F:\www\jd\application\default\Runtime\Cache\33af4b837747d1d7905dbdd00c63e095.php 第 259 行.
NOTIC: [8] Use of undefined constant auction - assumed 'auction' F:\www\jd\application\default\Runtime\Cache\33af4b837747d1d7905dbdd00c63e095.php 第 262 行.
NOTIC: [8] Use of undefined constant Diy - assumed 'Diy' F:\www\jd\application\default\Runtime\Cache\33af4b837747d1d7905dbdd00c63e095.php 第 265 行.
NOTIC: [8] Use of undefined constant Message - assumed 'Message' F:\www\jd\application\default\Runtime\Cache\33af4b837747d1d7905dbdd00c63e095.php 第 268 行.
NOTIC: [8] Use of undefined constant category2 - assumed 'category2' F:\www\jd\application\default\Runtime\Cache\33af4b837747d1d7905dbdd00c63e095.php 第 271 行.
NOTIC: [8] Use of undefined constant category3 - assumed 'category3' F:\www\jd\application\default\Runtime\Cache\33af4b837747d1d7905dbdd00c63e095.php 第 274 行.
INFO: ParseTemplate Behavior ::run [ RunTime:0.038557s ]
INFO: [ view_parse ] --END-- [ RunTime:0.038604s ]
INFO: [ view_filter ] --START--
INFO: ContentReplace Behavior ::run [ RunTime:0.000907s ]
INFO: TokenBuild Behavior ::run [ RunTime:0.000518s ]
INFO: WriteHtmlCache Behavior ::run [ RunTime:0.000430s ]
INFO: ShowRuntime Behavior ::run [ RunTime:0.000588s ]
INFO: [ view_filter ] --END-- [ RunTime:0.002538s ]
INFO: [ view_end ] --START--
INFO: ShowPageTrace Behavior ::run [ RunTime:0.000973s ]
INFO: [ view_end ] --END-- [ RunTime:0.001093s ]

[ 2015-08-11T14:16:33+08:00 ] 127.0.0.1 /jd/
INFO: [ app_begin ] --START--
INFO: ReadHtmlCache Behavior ::run [ RunTime:0.000478s ]
INFO: [ app_begin ] --END-- [ RunTime:0.000559s ]
SQL: SHOW COLUMNS FROM `goodstype` [ RunTime:0.013650s ]
SQL: SELECT * FROM `goodstype` WHERE ( parentId=0 )  [ RunTime:0.000324s ]
SQL: SELECT * FROM `goodstype` WHERE ( parentId=1 )  [ RunTime:0.000190s ]
SQL: SELECT * FROM `goodstype` WHERE ( parentId=2 )  [ RunTime:0.000189s ]
SQL: SELECT * FROM `goodstype` WHERE ( parentId=6 )  [ RunTime:0.000216s ]
SQL: SELECT * FROM `goodstype` WHERE ( parentId=10 )  [ RunTime:0.000188s ]
SQL: SELECT * FROM `goodstype` WHERE ( parentId=11 )  [ RunTime:0.000188s ]
SQL: SELECT * FROM `goodstype` WHERE ( parentId=14 )  [ RunTime:0.000188s ]
SQL: SELECT * FROM `goodstype` WHERE ( parentId=17 )  [ RunTime:0.000184s ]
NOTIC: [2] Invalid argument supplied for foreach() F:\www\jd\application\default\Lib\Action\IndexAction.class.php 第 12 行.
SQL: SELECT * FROM `goodstype` WHERE ( parentId=18 )  [ RunTime:0.000158s ]
NOTIC: [2] Invalid argument supplied for foreach() F:\www\jd\application\default\Lib\Action\IndexAction.class.php 第 12 行.
INFO: [ view_parse ] --START--
NOTIC: [8] Use of undefined constant index - assumed 'index' F:\www\jd\application\default\Runtime\Cache\33af4b837747d1d7905dbdd00c63e095.php 第 256 行.
NOTIC: [8] Use of undefined constant category1 - assumed 'category1' F:\www\jd\application\default\Runtime\Cache\33af4b837747d1d7905dbdd00c63e095.php 第 259 行.
NOTIC: [8] Use of undefined constant auction - assumed 'auction' F:\www\jd\application\default\Runtime\Cache\33af4b837747d1d7905dbdd00c63e095.php 第 262 行.
NOTIC: [8] Use of undefined constant Diy - assumed 'Diy' F:\www\jd\application\default\Runtime\Cache\33af4b837747d1d7905dbdd00c63e095.php 第 265 行.
NOTIC: [8] Use of undefined constant Message - assumed 'Message' F:\www\jd\application\default\Runtime\Cache\33af4b837747d1d7905dbdd00c63e095.php 第 268 行.
NOTIC: [8] Use of undefined constant category2 - assumed 'category2' F:\www\jd\application\default\Runtime\Cache\33af4b837747d1d7905dbdd00c63e095.php 第 271 行.
NOTIC: [8] Use of undefined constant category3 - assumed 'category3' F:\www\jd\application\default\Runtime\Cache\33af4b837747d1d7905dbdd00c63e095.php 第 274 行.
INFO: ParseTemplate Behavior ::run [ RunTime:0.035683s ]
INFO: [ view_parse ] --END-- [ RunTime:0.035722s ]
INFO: [ view_filter ] --START--
INFO: ContentReplace Behavior ::run [ RunTime:0.000772s ]
INFO: TokenBuild Behavior ::run [ RunTime:0.000536s ]
INFO: WriteHtmlCache Behavior ::run [ RunTime:0.000334s ]
INFO: ShowRuntime Behavior ::run [ RunTime:0.000501s ]
INFO: [ view_filter ] --END-- [ RunTime:0.002255s ]
INFO: [ view_end ] --START--
INFO: ShowPageTrace Behavior ::run [ RunTime:0.001064s ]
INFO: [ view_end ] --END-- [ RunTime:0.001156s ]

[ 2015-08-11T14:16:41+08:00 ] 127.0.0.1 /jd/
INFO: [ app_begin ] --START--
INFO: ReadHtmlCache Behavior ::run [ RunTime:0.000488s ]
INFO: [ app_begin ] --END-- [ RunTime:0.000535s ]
SQL: SHOW COLUMNS FROM `goodstype` [ RunTime:0.012104s ]
SQL: SELECT * FROM `goodstype` WHERE ( parentId=0 )  [ RunTime:0.000325s ]
SQL: SELECT * FROM `goodstype` WHERE ( parentId=1 )  [ RunTime:0.000228s ]
SQL: SELECT * FROM `goodstype` WHERE ( parentId=2 )  [ RunTime:0.000199s ]
SQL: SELECT * FROM `goodstype` WHERE ( parentId=6 )  [ RunTime:0.000193s ]
SQL: SELECT * FROM `goodstype` WHERE ( parentId=10 )  [ RunTime:0.000191s ]
SQL: SELECT * FROM `goodstype` WHERE ( parentId=11 )  [ RunTime:0.000249s ]
SQL: SELECT * FROM `goodstype` WHERE ( parentId=14 )  [ RunTime:0.000192s ]
SQL: SELECT * FROM `goodstype` WHERE ( parentId=17 )  [ RunTime:0.000186s ]
NOTIC: [2] Invalid argument supplied for foreach() F:\www\jd\application\default\Lib\Action\IndexAction.class.php 第 12 行.
SQL: SELECT * FROM `goodstype` WHERE ( parentId=18 )  [ RunTime:0.000196s ]
NOTIC: [2] Invalid argument supplied for foreach() F:\www\jd\application\default\Lib\Action\IndexAction.class.php 第 12 行.
INFO: [ view_parse ] --START--
NOTIC: [8] Use of undefined constant index - assumed 'index' F:\www\jd\application\default\Runtime\Cache\33af4b837747d1d7905dbdd00c63e095.php 第 256 行.
NOTIC: [8] Use of undefined constant category1 - assumed 'category1' F:\www\jd\application\default\Runtime\Cache\33af4b837747d1d7905dbdd00c63e095.php 第 259 行.
NOTIC: [8] Use of undefined constant auction - assumed 'auction' F:\www\jd\application\default\Runtime\Cache\33af4b837747d1d7905dbdd00c63e095.php 第 262 行.
NOTIC: [8] Use of undefined constant Diy - assumed 'Diy' F:\www\jd\application\default\Runtime\Cache\33af4b837747d1d7905dbdd00c63e095.php 第 265 行.
NOTIC: [8] Use of undefined constant Message - assumed 'Message' F:\www\jd\application\default\Runtime\Cache\33af4b837747d1d7905dbdd00c63e095.php 第 268 行.
NOTIC: [8] Use of undefined constant category2 - assumed 'category2' F:\www\jd\application\default\Runtime\Cache\33af4b837747d1d7905dbdd00c63e095.php 第 271 行.
NOTIC: [8] Use of undefined constant category3 - assumed 'category3' F:\www\jd\application\default\Runtime\Cache\33af4b837747d1d7905dbdd00c63e095.php 第 274 行.
INFO: ParseTemplate Behavior ::run [ RunTime:0.037103s ]
INFO: [ view_parse ] --END-- [ RunTime:0.037145s ]
INFO: [ view_filter ] --START--
INFO: ContentReplace Behavior ::run [ RunTime:0.000842s ]
INFO: TokenBuild Behavior ::run [ RunTime:0.000514s ]
INFO: WriteHtmlCache Behavior ::run [ RunTime:0.000385s ]
INFO: ShowRuntime Behavior ::run [ RunTime:0.000541s ]
INFO: [ view_filter ] --END-- [ RunTime:0.002427s ]
INFO: [ view_end ] --START--
INFO: ShowPageTrace Behavior ::run [ RunTime:0.000888s ]
INFO: [ view_end ] --END-- [ RunTime:0.000967s ]

[ 2015-08-11T14:17:47+08:00 ] 127.0.0.1 /jd/
INFO: [ app_begin ] --START--
INFO: ReadHtmlCache Behavior ::run [ RunTime:0.000665s ]
INFO: [ app_begin ] --END-- [ RunTime:0.000719s ]
SQL: SHOW COLUMNS FROM `goodstype` [ RunTime:0.016069s ]
SQL: SELECT * FROM `goodstype` WHERE ( parentId=0 )  [ RunTime:0.000359s ]
SQL: SELECT * FROM `goodstype` WHERE ( parentId=1 )  [ RunTime:0.000199s ]
SQL: SELECT * FROM `goodstype` WHERE ( parentId=2 )  [ RunTime:0.000218s ]
SQL: SELECT * FROM `goodstype` WHERE ( parentId=6 )  [ RunTime:0.000193s ]
SQL: SELECT * FROM `goodstype` WHERE ( parentId=10 )  [ RunTime:0.000189s ]
SQL: SELECT * FROM `goodstype` WHERE ( parentId=11 )  [ RunTime:0.000189s ]
SQL: SELECT * FROM `goodstype` WHERE ( parentId=14 )  [ RunTime:0.000191s ]
SQL: SELECT * FROM `goodstype` WHERE ( parentId=17 )  [ RunTime:0.000184s ]
NOTIC: [2] Invalid argument supplied for foreach() F:\www\jd\application\default\Lib\Action\IndexAction.class.php 第 12 行.
SQL: SELECT * FROM `goodstype` WHERE ( parentId=18 )  [ RunTime:0.000186s ]
NOTIC: [2] Invalid argument supplied for foreach() F:\www\jd\application\default\Lib\Action\IndexAction.class.php 第 12 行.
SQL: SHOW COLUMNS FROM `brandinfo` [ RunTime:0.013066s ]
SQL: SELECT * FROM `brandinfo`  [ RunTime:0.000271s ]
INFO: [ view_parse ] --START--
NOTIC: [8] Use of undefined constant index - assumed 'index' F:\www\jd\application\default\Runtime\Cache\33af4b837747d1d7905dbdd00c63e095.php 第 256 行.
NOTIC: [8] Use of undefined constant category1 - assumed 'category1' F:\www\jd\application\default\Runtime\Cache\33af4b837747d1d7905dbdd00c63e095.php 第 259 行.
NOTIC: [8] Use of undefined constant auction - assumed 'auction' F:\www\jd\application\default\Runtime\Cache\33af4b837747d1d7905dbdd00c63e095.php 第 262 行.
NOTIC: [8] Use of undefined constant Diy - assumed 'Diy' F:\www\jd\application\default\Runtime\Cache\33af4b837747d1d7905dbdd00c63e095.php 第 265 行.
NOTIC: [8] Use of undefined constant Message - assumed 'Message' F:\www\jd\application\default\Runtime\Cache\33af4b837747d1d7905dbdd00c63e095.php 第 268 行.
NOTIC: [8] Use of undefined constant category2 - assumed 'category2' F:\www\jd\application\default\Runtime\Cache\33af4b837747d1d7905dbdd00c63e095.php 第 271 行.
NOTIC: [8] Use of undefined constant category3 - assumed 'category3' F:\www\jd\application\default\Runtime\Cache\33af4b837747d1d7905dbdd00c63e095.php 第 274 行.
INFO: ParseTemplate Behavior ::run [ RunTime:0.037839s ]
INFO: [ view_parse ] --END-- [ RunTime:0.037888s ]
INFO: [ view_filter ] --START--
INFO: ContentReplace Behavior ::run [ RunTime:0.000948s ]
INFO: TokenBuild Behavior ::run [ RunTime:0.000513s ]
INFO: WriteHtmlCache Behavior ::run [ RunTime:0.000377s ]
INFO: ShowRuntime Behavior ::run [ RunTime:0.000576s ]
INFO: [ view_filter ] --END-- [ RunTime:0.002532s ]
INFO: [ view_end ] --START--
INFO: ShowPageTrace Behavior ::run [ RunTime:0.000977s ]
INFO: [ view_end ] --END-- [ RunTime:0.001058s ]

[ 2015-08-11T14:19:56+08:00 ] 127.0.0.1 /jd/
INFO: [ app_begin ] --START--
INFO: ReadHtmlCache Behavior ::run [ RunTime:0.000654s ]
INFO: [ app_begin ] --END-- [ RunTime:0.000706s ]
SQL: SHOW COLUMNS FROM `goodstype` [ RunTime:0.016387s ]
SQL: SELECT * FROM `goodstype` WHERE ( parentId=0 )  [ RunTime:0.000312s ]
SQL: SELECT * FROM `goodstype` WHERE ( parentId=1 )  [ RunTime:0.000182s ]
SQL: SELECT * FROM `goodstype` WHERE ( parentId=2 )  [ RunTime:0.000176s ]
SQL: SELECT * FROM `goodstype` WHERE ( parentId=6 )  [ RunTime:0.000167s ]
SQL: SELECT * FROM `goodstype` WHERE ( parentId=10 )  [ RunTime:0.000175s ]
SQL: SELECT * FROM `goodstype` WHERE ( parentId=11 )  [ RunTime:0.000170s ]
SQL: SELECT * FROM `goodstype` WHERE ( parentId=14 )  [ RunTime:0.000142s ]
SQL: SELECT * FROM `goodstype` WHERE ( parentId=17 )  [ RunTime:0.000135s ]
NOTIC: [2] Invalid argument supplied for foreach() F:\www\jd\application\default\Lib\Action\IndexAction.class.php 第 12 行.
SQL: SELECT * FROM `goodstype` WHERE ( parentId=18 )  [ RunTime:0.000132s ]
NOTIC: [2] Invalid argument supplied for foreach() F:\www\jd\application\default\Lib\Action\IndexAction.class.php 第 12 行.
INFO: [ view_parse ] --START--
NOTIC: [8] Use of undefined constant index - assumed 'index' F:\www\jd\application\default\Runtime\Cache\33af4b837747d1d7905dbdd00c63e095.php 第 256 行.
NOTIC: [8] Use of undefined constant category1 - assumed 'category1' F:\www\jd\application\default\Runtime\Cache\33af4b837747d1d7905dbdd00c63e095.php 第 259 行.
NOTIC: [8] Use of undefined constant auction - assumed 'auction' F:\www\jd\application\default\Runtime\Cache\33af4b837747d1d7905dbdd00c63e095.php 第 262 行.
NOTIC: [8] Use of undefined constant Diy - assumed 'Diy' F:\www\jd\application\default\Runtime\Cache\33af4b837747d1d7905dbdd00c63e095.php 第 265 行.
NOTIC: [8] Use of undefined constant Message - assumed 'Message' F:\www\jd\application\default\Runtime\Cache\33af4b837747d1d7905dbdd00c63e095.php 第 268 行.
NOTIC: [8] Use of undefined constant category2 - assumed 'category2' F:\www\jd\application\default\Runtime\Cache\33af4b837747d1d7905dbdd00c63e095.php 第 271 行.
NOTIC: [8] Use of undefined constant category3 - assumed 'category3' F:\www\jd\application\default\Runtime\Cache\33af4b837747d1d7905dbdd00c63e095.php 第 274 行.
INFO: ParseTemplate Behavior ::run [ RunTime:0.041154s ]
INFO: [ view_parse ] --END-- [ RunTime:0.041195s ]
INFO: [ view_filter ] --START--
INFO: ContentReplace Behavior ::run [ RunTime:0.000843s ]
INFO: TokenBuild Behavior ::run [ RunTime:0.000527s ]
INFO: WriteHtmlCache Behavior ::run [ RunTime:0.000364s ]
INFO: ShowRuntime Behavior ::run [ RunTime:0.000596s ]
INFO: [ view_filter ] --END-- [ RunTime:0.002423s ]
INFO: [ view_end ] --START--
INFO: ShowPageTrace Behavior ::run [ RunTime:0.001028s ]
INFO: [ view_end ] --END-- [ RunTime:0.001216s ]

[ 2015-08-11T14:19:57+08:00 ] 127.0.0.1 /jd/
INFO: [ app_begin ] --START--
INFO: ReadHtmlCache Behavior ::run [ RunTime:0.000511s ]
INFO: [ app_begin ] --END-- [ RunTime:0.000572s ]
SQL: SHOW COLUMNS FROM `goodstype` [ RunTime:0.012677s ]
SQL: SELECT * FROM `goodstype` WHERE ( parentId=0 )  [ RunTime:0.000273s ]
SQL: SELECT * FROM `goodstype` WHERE ( parentId=1 )  [ RunTime:0.000182s ]
SQL: SELECT * FROM `goodstype` WHERE ( parentId=2 )  [ RunTime:0.000193s ]
SQL: SELECT * FROM `goodstype` WHERE ( parentId=6 )  [ RunTime:0.000189s ]
SQL: SELECT * FROM `goodstype` WHERE ( parentId=10 )  [ RunTime:0.000190s ]
SQL: SELECT * FROM `goodstype` WHERE ( parentId=11 )  [ RunTime:0.000189s ]
SQL: SELECT * FROM `goodstype` WHERE ( parentId=14 )  [ RunTime:0.000178s ]
SQL: SELECT * FROM `goodstype` WHERE ( parentId=17 )  [ RunTime:0.000191s ]
NOTIC: [2] Invalid argument supplied for foreach() F:\www\jd\application\default\Lib\Action\IndexAction.class.php 第 12 行.
SQL: SELECT * FROM `goodstype` WHERE ( parentId=18 )  [ RunTime:0.000193s ]
NOTIC: [2] Invalid argument supplied for foreach() F:\www\jd\application\default\Lib\Action\IndexAction.class.php 第 12 行.
INFO: [ view_parse ] --START--
NOTIC: [8] Use of undefined constant index - assumed 'index' F:\www\jd\application\default\Runtime\Cache\33af4b837747d1d7905dbdd00c63e095.php 第 256 行.
NOTIC: [8] Use of undefined constant category1 - assumed 'category1' F:\www\jd\application\default\Runtime\Cache\33af4b837747d1d7905dbdd00c63e095.php 第 259 行.
NOTIC: [8] Use of undefined constant auction - assumed 'auction' F:\www\jd\application\default\Runtime\Cache\33af4b837747d1d7905dbdd00c63e095.php 第 262 行.
NOTIC: [8] Use of undefined constant Diy - assumed 'Diy' F:\www\jd\application\default\Runtime\Cache\33af4b837747d1d7905dbdd00c63e095.php 第 265 行.
NOTIC: [8] Use of undefined constant Message - assumed 'Message' F:\www\jd\application\default\Runtime\Cache\33af4b837747d1d7905dbdd00c63e095.php 第 268 行.
NOTIC: [8] Use of undefined constant category2 - assumed 'category2' F:\www\jd\application\default\Runtime\Cache\33af4b837747d1d7905dbdd00c63e095.php 第 271 行.
NOTIC: [8] Use of undefined constant category3 - assumed 'category3' F:\www\jd\application\default\Runtime\Cache\33af4b837747d1d7905dbdd00c63e095.php 第 274 行.
INFO: ParseTemplate Behavior ::run [ RunTime:0.035786s ]
INFO: [ view_parse ] --END-- [ RunTime:0.035825s ]
INFO: [ view_filter ] --START--
INFO: ContentReplace Behavior ::run [ RunTime:0.000903s ]
INFO: TokenBuild Behavior ::run [ RunTime:0.000666s ]
INFO: WriteHtmlCache Behavior ::run [ RunTime:0.000324s ]
INFO: ShowRuntime Behavior ::run [ RunTime:0.000563s ]
INFO: [ view_filter ] --END-- [ RunTime:0.002586s ]
INFO: [ view_end ] --START--
INFO: ShowPageTrace Behavior ::run [ RunTime:0.000774s ]
INFO: [ view_end ] --END-- [ RunTime:0.000847s ]

[ 2015-08-11T14:21:16+08:00 ] 127.0.0.1 /jd/
INFO: [ app_begin ] --START--
INFO: ReadHtmlCache Behavior ::run [ RunTime:0.001077s ]
INFO: [ app_begin ] --END-- [ RunTime:0.001167s ]
SQL: SHOW COLUMNS FROM `goodstype` [ RunTime:0.015823s ]
SQL: SELECT * FROM `goodstype` WHERE ( parentId=0 )  [ RunTime:0.000313s ]
SQL: SELECT * FROM `goodstype` WHERE ( parentId=1 )  [ RunTime:0.000199s ]
SQL: SELECT * FROM `goodstype` WHERE ( parentId=2 )  [ RunTime:0.000197s ]
SQL: SELECT * FROM `goodstype` WHERE ( parentId=6 )  [ RunTime:0.000198s ]
SQL: SELECT * FROM `goodstype` WHERE ( parentId=10 )  [ RunTime:0.000160s ]
SQL: SELECT * FROM `goodstype` WHERE ( parentId=11 )  [ RunTime:0.000188s ]
SQL: SELECT * FROM `goodstype` WHERE ( parentId=14 )  [ RunTime:0.000167s ]
SQL: SELECT * FROM `goodstype` WHERE ( parentId=17 )  [ RunTime:0.000177s ]
NOTIC: [2] Invalid argument supplied for foreach() F:\www\jd\application\default\Lib\Action\IndexAction.class.php 第 12 行.
SQL: SELECT * FROM `goodstype` WHERE ( parentId=18 )  [ RunTime:0.000185s ]
NOTIC: [2] Invalid argument supplied for foreach() F:\www\jd\application\default\Lib\Action\IndexAction.class.php 第 12 行.
INFO: [ view_parse ] --START--
NOTIC: [8] Use of undefined constant index - assumed 'index' F:\www\jd\application\default\Runtime\Cache\33af4b837747d1d7905dbdd00c63e095.php 第 256 行.
NOTIC: [8] Use of undefined constant category1 - assumed 'category1' F:\www\jd\application\default\Runtime\Cache\33af4b837747d1d7905dbdd00c63e095.php 第 259 行.
NOTIC: [8] Use of undefined constant auction - assumed 'auction' F:\www\jd\application\default\Runtime\Cache\33af4b837747d1d7905dbdd00c63e095.php 第 262 行.
NOTIC: [8] Use of undefined constant Diy - assumed 'Diy' F:\www\jd\application\default\Runtime\Cache\33af4b837747d1d7905dbdd00c63e095.php 第 265 行.
NOTIC: [8] Use of undefined constant Message - assumed 'Message' F:\www\jd\application\default\Runtime\Cache\33af4b837747d1d7905dbdd00c63e095.php 第 268 行.
NOTIC: [8] Use of undefined constant category2 - assumed 'category2' F:\www\jd\application\default\Runtime\Cache\33af4b837747d1d7905dbdd00c63e095.php 第 271 行.
NOTIC: [8] Use of undefined constant category3 - assumed 'category3' F:\www\jd\application\default\Runtime\Cache\33af4b837747d1d7905dbdd00c63e095.php 第 274 行.
INFO: ParseTemplate Behavior ::run [ RunTime:0.042611s ]
INFO: [ view_parse ] --END-- [ RunTime:0.042683s ]
INFO: [ view_filter ] --START--
INFO: ContentReplace Behavior ::run [ RunTime:0.000799s ]
INFO: TokenBuild Behavior ::run [ RunTime:0.000447s ]
INFO: WriteHtmlCache Behavior ::run [ RunTime:0.000297s ]
INFO: ShowRuntime Behavior ::run [ RunTime:0.000478s ]
INFO: [ view_filter ] --END-- [ RunTime:0.002119s ]
INFO: [ view_end ] --START--
INFO: ShowPageTrace Behavior ::run [ RunTime:0.001260s ]
INFO: [ view_end ] --END-- [ RunTime:0.001342s ]

[ 2015-08-11T14:23:05+08:00 ] 127.0.0.1 /jd/
INFO: [ app_begin ] --START--
INFO: ReadHtmlCache Behavior ::run [ RunTime:0.000610s ]
INFO: [ app_begin ] --END-- [ RunTime:0.000663s ]
SQL: SHOW COLUMNS FROM `goodstype` [ RunTime:0.012326s ]
SQL: SELECT * FROM `goodstype` WHERE ( parentId=0 )  [ RunTime:0.000329s ]
SQL: SELECT * FROM `goodstype` WHERE ( parentId=1 )  [ RunTime:0.000191s ]
SQL: SELECT * FROM `goodstype` WHERE ( parentId=2 )  [ RunTime:0.000192s ]
SQL: SELECT * FROM `goodstype` WHERE ( parentId=6 )  [ RunTime:0.000208s ]
SQL: SELECT * FROM `goodstype` WHERE ( parentId=10 )  [ RunTime:0.000191s ]
SQL: SELECT * FROM `goodstype` WHERE ( parentId=11 )  [ RunTime:0.000193s ]
SQL: SELECT * FROM `goodstype` WHERE ( parentId=14 )  [ RunTime:0.000194s ]
SQL: SELECT * FROM `goodstype` WHERE ( parentId=17 )  [ RunTime:0.000186s ]
NOTIC: [2] Invalid argument supplied for foreach() F:\www\jd\application\default\Lib\Action\IndexAction.class.php 第 12 行.
SQL: SELECT * FROM `goodstype` WHERE ( parentId=18 )  [ RunTime:0.000187s ]
NOTIC: [2] Invalid argument supplied for foreach() F:\www\jd\application\default\Lib\Action\IndexAction.class.php 第 12 行.
SQL: SHOW COLUMNS FROM `brandinfo` [ RunTime:0.008265s ]
NOTIC: [8] Undefined offset: 0 F:\www\jd\application\default\Lib\Action\IndexAction.class.php 第 21 行.
SQL: SELECT * FROM `brandinfo` WHERE ( typeId= )  [ RunTime:0.010492s ]
ERR: 1064:You have an error in your SQL syntax; check the manual that corresponds to your MySQL server version for the right syntax to use near ')' at line 1
 [ SQL语句 ] : SELECT * FROM `brandinfo` WHERE ( typeId= ) 
INFO: [ view_parse ] --START--
NOTIC: [8] Use of undefined constant index - assumed 'index' F:\www\jd\application\default\Runtime\Cache\33af4b837747d1d7905dbdd00c63e095.php 第 256 行.
NOTIC: [8] Use of undefined constant category1 - assumed 'category1' F:\www\jd\application\default\Runtime\Cache\33af4b837747d1d7905dbdd00c63e095.php 第 259 行.
NOTIC: [8] Use of undefined constant auction - assumed 'auction' F:\www\jd\application\default\Runtime\Cache\33af4b837747d1d7905dbdd00c63e095.php 第 262 行.
NOTIC: [8] Use of undefined constant Diy - assumed 'Diy' F:\www\jd\application\default\Runtime\Cache\33af4b837747d1d7905dbdd00c63e095.php 第 265 行.
NOTIC: [8] Use of undefined constant Message - assumed 'Message' F:\www\jd\application\default\Runtime\Cache\33af4b837747d1d7905dbdd00c63e095.php 第 268 行.
NOTIC: [8] Use of undefined constant category2 - assumed 'category2' F:\www\jd\application\default\Runtime\Cache\33af4b837747d1d7905dbdd00c63e095.php 第 271 行.
NOTIC: [8] Use of undefined constant category3 - assumed 'category3' F:\www\jd\application\default\Runtime\Cache\33af4b837747d1d7905dbdd00c63e095.php 第 274 行.
INFO: ParseTemplate Behavior ::run [ RunTime:0.038869s ]
INFO: [ view_parse ] --END-- [ RunTime:0.038912s ]
INFO: [ view_filter ] --START--
INFO: ContentReplace Behavior ::run [ RunTime:0.000899s ]
INFO: TokenBuild Behavior ::run [ RunTime:0.000665s ]
INFO: WriteHtmlCache Behavior ::run [ RunTime:0.000373s ]
INFO: ShowRuntime Behavior ::run [ RunTime:0.000637s ]
INFO: [ view_filter ] --END-- [ RunTime:0.002685s ]
INFO: [ view_end ] --START--
INFO: ShowPageTrace Behavior ::run [ RunTime:0.000978s ]
INFO: [ view_end ] --END-- [ RunTime:0.001061s ]

[ 2015-08-11T14:23:31+08:00 ] 127.0.0.1 /jd/
INFO: [ app_begin ] --START--
INFO: ReadHtmlCache Behavior ::run [ RunTime:0.000696s ]
INFO: [ app_begin ] --END-- [ RunTime:0.000750s ]
SQL: SHOW COLUMNS FROM `goodstype` [ RunTime:0.027761s ]
SQL: SELECT * FROM `goodstype` WHERE ( parentId=0 )  [ RunTime:0.000364s ]
SQL: SELECT * FROM `goodstype` WHERE ( parentId=1 )  [ RunTime:0.000193s ]
SQL: SELECT * FROM `goodstype` WHERE ( parentId=2 )  [ RunTime:0.000189s ]
SQL: SELECT * FROM `goodstype` WHERE ( parentId=6 )  [ RunTime:0.000193s ]
SQL: SELECT * FROM `goodstype` WHERE ( parentId=10 )  [ RunTime:0.000190s ]
SQL: SELECT * FROM `goodstype` WHERE ( parentId=11 )  [ RunTime:0.000190s ]
SQL: SELECT * FROM `goodstype` WHERE ( parentId=14 )  [ RunTime:0.000189s ]
SQL: SELECT * FROM `goodstype` WHERE ( parentId=17 )  [ RunTime:0.000184s ]
NOTIC: [2] Invalid argument supplied for foreach() F:\www\jd\application\default\Lib\Action\IndexAction.class.php 第 12 行.
SQL: SELECT * FROM `goodstype` WHERE ( parentId=18 )  [ RunTime:0.000197s ]
NOTIC: [2] Invalid argument supplied for foreach() F:\www\jd\application\default\Lib\Action\IndexAction.class.php 第 12 行.
NOTIC: [8] Undefined offset: 0 F:\www\jd\application\default\Lib\Action\IndexAction.class.php 第 21 行.
SQL: SHOW COLUMNS FROM `brandinfo` [ RunTime:0.007138s ]
NOTIC: [8] Undefined offset: 0 F:\www\jd\application\default\Lib\Action\IndexAction.class.php 第 22 行.
SQL: SELECT * FROM `brandinfo` WHERE ( typeId= )  [ RunTime:0.000160s ]
ERR: 1064:You have an error in your SQL syntax; check the manual that corresponds to your MySQL server version for the right syntax to use near ')' at line 1
 [ SQL语句 ] : SELECT * FROM `brandinfo` WHERE ( typeId= ) 
INFO: [ view_parse ] --START--
NOTIC: [8] Use of undefined constant index - assumed 'index' F:\www\jd\application\default\Runtime\Cache\33af4b837747d1d7905dbdd00c63e095.php 第 256 行.
NOTIC: [8] Use of undefined constant category1 - assumed 'category1' F:\www\jd\application\default\Runtime\Cache\33af4b837747d1d7905dbdd00c63e095.php 第 259 行.
NOTIC: [8] Use of undefined constant auction - assumed 'auction' F:\www\jd\application\default\Runtime\Cache\33af4b837747d1d7905dbdd00c63e095.php 第 262 行.
NOTIC: [8] Use of undefined constant Diy - assumed 'Diy' F:\www\jd\application\default\Runtime\Cache\33af4b837747d1d7905dbdd00c63e095.php 第 265 行.
NOTIC: [8] Use of undefined constant Message - assumed 'Message' F:\www\jd\application\default\Runtime\Cache\33af4b837747d1d7905dbdd00c63e095.php 第 268 行.
NOTIC: [8] Use of undefined constant category2 - assumed 'category2' F:\www\jd\application\default\Runtime\Cache\33af4b837747d1d7905dbdd00c63e095.php 第 271 行.
NOTIC: [8] Use of undefined constant category3 - assumed 'category3' F:\www\jd\application\default\Runtime\Cache\33af4b837747d1d7905dbdd00c63e095.php 第 274 行.
INFO: ParseTemplate Behavior ::run [ RunTime:0.036214s ]
INFO: [ view_parse ] --END-- [ RunTime:0.036255s ]
INFO: [ view_filter ] --START--
INFO: ContentReplace Behavior ::run [ RunTime:0.000956s ]
INFO: TokenBuild Behavior ::run [ RunTime:0.000702s ]
INFO: WriteHtmlCache Behavior ::run [ RunTime:0.000586s ]
INFO: ShowRuntime Behavior ::run [ RunTime:0.000629s ]
INFO: [ view_filter ] --END-- [ RunTime:0.003023s ]
INFO: [ view_end ] --START--
INFO: ShowPageTrace Behavior ::run [ RunTime:0.000964s ]
INFO: [ view_end ] --END-- [ RunTime:0.001047s ]

[ 2015-08-11T14:23:48+08:00 ] 127.0.0.1 /jd/
INFO: [ app_begin ] --START--
INFO: ReadHtmlCache Behavior ::run [ RunTime:0.000624s ]
INFO: [ app_begin ] --END-- [ RunTime:0.000674s ]
SQL: SHOW COLUMNS FROM `goodstype` [ RunTime:0.012552s ]
SQL: SELECT * FROM `goodstype` WHERE ( parentId=0 )  [ RunTime:0.000349s ]
SQL: SELECT * FROM `goodstype` WHERE ( parentId=1 )  [ RunTime:0.000210s ]
SQL: SELECT * FROM `goodstype` WHERE ( parentId=2 )  [ RunTime:0.000198s ]
SQL: SELECT * FROM `goodstype` WHERE ( parentId=6 )  [ RunTime:0.000190s ]
SQL: SELECT * FROM `goodstype` WHERE ( parentId=10 )  [ RunTime:0.000254s ]
SQL: SELECT * FROM `goodstype` WHERE ( parentId=11 )  [ RunTime:0.000164s ]
SQL: SELECT * FROM `goodstype` WHERE ( parentId=14 )  [ RunTime:0.000192s ]
SQL: SELECT * FROM `goodstype` WHERE ( parentId=17 )  [ RunTime:0.000182s ]
NOTIC: [2] Invalid argument supplied for foreach() F:\www\jd\application\default\Lib\Action\IndexAction.class.php 第 12 行.
SQL: SELECT * FROM `goodstype` WHERE ( parentId=18 )  [ RunTime:0.000191s ]
NOTIC: [2] Invalid argument supplied for foreach() F:\www\jd\application\default\Lib\Action\IndexAction.class.php 第 12 行.
SQL: SHOW COLUMNS FROM `brandinfo` [ RunTime:0.007739s ]
NOTIC: [8] Undefined offset: 0 F:\www\jd\application\default\Lib\Action\IndexAction.class.php 第 22 行.
SQL: SELECT * FROM `brandinfo` WHERE ( typeId= )  [ RunTime:0.000158s ]
ERR: 1064:You have an error in your SQL syntax; check the manual that corresponds to your MySQL server version for the right syntax to use near ')' at line 1
 [ SQL语句 ] : SELECT * FROM `brandinfo` WHERE ( typeId= ) 
INFO: [ view_parse ] --START--
NOTIC: [8] Use of undefined constant index - assumed 'index' F:\www\jd\application\default\Runtime\Cache\33af4b837747d1d7905dbdd00c63e095.php 第 256 行.
NOTIC: [8] Use of undefined constant category1 - assumed 'category1' F:\www\jd\application\default\Runtime\Cache\33af4b837747d1d7905dbdd00c63e095.php 第 259 行.
NOTIC: [8] Use of undefined constant auction - assumed 'auction' F:\www\jd\application\default\Runtime\Cache\33af4b837747d1d7905dbdd00c63e095.php 第 262 行.
NOTIC: [8] Use of undefined constant Diy - assumed 'Diy' F:\www\jd\application\default\Runtime\Cache\33af4b837747d1d7905dbdd00c63e095.php 第 265 行.
NOTIC: [8] Use of undefined constant Message - assumed 'Message' F:\www\jd\application\default\Runtime\Cache\33af4b837747d1d7905dbdd00c63e095.php 第 268 行.
NOTIC: [8] Use of undefined constant category2 - assumed 'category2' F:\www\jd\application\default\Runtime\Cache\33af4b837747d1d7905dbdd00c63e095.php 第 271 行.
NOTIC: [8] Use of undefined constant category3 - assumed 'category3' F:\www\jd\application\default\Runtime\Cache\33af4b837747d1d7905dbdd00c63e095.php 第 274 行.
INFO: ParseTemplate Behavior ::run [ RunTime:0.036541s ]
INFO: [ view_parse ] --END-- [ RunTime:0.036592s ]
INFO: [ view_filter ] --START--
INFO: ContentReplace Behavior ::run [ RunTime:0.000880s ]
INFO: TokenBuild Behavior ::run [ RunTime:0.000564s ]
INFO: WriteHtmlCache Behavior ::run [ RunTime:0.000395s ]
INFO: ShowRuntime Behavior ::run [ RunTime:0.000585s ]
INFO: [ view_filter ] --END-- [ RunTime:0.002572s ]
INFO: [ view_end ] --START--
INFO: ShowPageTrace Behavior ::run [ RunTime:0.001066s ]
INFO: [ view_end ] --END-- [ RunTime:0.001157s ]

[ 2015-08-11T14:24:12+08:00 ] 127.0.0.1 /jd/
INFO: [ app_begin ] --START--
INFO: ReadHtmlCache Behavior ::run [ RunTime:0.000603s ]
INFO: [ app_begin ] --END-- [ RunTime:0.000651s ]

[ 2015-08-11T14:24:42+08:00 ] 127.0.0.1 /jd/
INFO: [ app_begin ] --START--
INFO: ReadHtmlCache Behavior ::run [ RunTime:0.000530s ]
INFO: [ app_begin ] --END-- [ RunTime:0.000585s ]
SQL: SHOW COLUMNS FROM `goodstype` [ RunTime:0.012467s ]
SQL: SELECT * FROM `goodstype` WHERE ( parentId=0 )  [ RunTime:0.000322s ]
SQL: SELECT * FROM `goodstype` WHERE ( parentId=1 )  [ RunTime:0.000216s ]
SQL: SELECT * FROM `goodstype` WHERE ( parentId=2 )  [ RunTime:0.000195s ]
SQL: SELECT * FROM `goodstype` WHERE ( parentId=6 )  [ RunTime:0.000191s ]
SQL: SELECT * FROM `goodstype` WHERE ( parentId=10 )  [ RunTime:0.000195s ]
SQL: SELECT * FROM `goodstype` WHERE ( parentId=11 )  [ RunTime:0.000190s ]
SQL: SELECT * FROM `goodstype` WHERE ( parentId=14 )  [ RunTime:0.000191s ]
SQL: SELECT * FROM `goodstype` WHERE ( parentId=17 )  [ RunTime:0.000185s ]
NOTIC: [2] Invalid argument supplied for foreach() F:\www\jd\application\default\Lib\Action\IndexAction.class.php 第 12 行.
SQL: SELECT * FROM `goodstype` WHERE ( parentId=18 )  [ RunTime:0.000183s ]
NOTIC: [2] Invalid argument supplied for foreach() F:\www\jd\application\default\Lib\Action\IndexAction.class.php 第 12 行.
SQL: SHOW COLUMNS FROM `brandinfo` [ RunTime:0.007563s ]
NOTIC: [8] Undefined offset: 0 F:\www\jd\application\default\Lib\Action\IndexAction.class.php 第 22 行.
SQL: SELECT * FROM `brandinfo` WHERE ( typeId= )  [ RunTime:0.000130s ]
ERR: 1064:You have an error in your SQL syntax; check the manual that corresponds to your MySQL server version for the right syntax to use near ')' at line 1
 [ SQL语句 ] : SELECT * FROM `brandinfo` WHERE ( typeId= ) 
INFO: [ view_parse ] --START--
NOTIC: [8] Use of undefined constant index - assumed 'index' F:\www\jd\application\default\Runtime\Cache\33af4b837747d1d7905dbdd00c63e095.php 第 256 行.
NOTIC: [8] Use of undefined constant category1 - assumed 'category1' F:\www\jd\application\default\Runtime\Cache\33af4b837747d1d7905dbdd00c63e095.php 第 259 行.
NOTIC: [8] Use of undefined constant auction - assumed 'auction' F:\www\jd\application\default\Runtime\Cache\33af4b837747d1d7905dbdd00c63e095.php 第 262 行.
NOTIC: [8] Use of undefined constant Diy - assumed 'Diy' F:\www\jd\application\default\Runtime\Cache\33af4b837747d1d7905dbdd00c63e095.php 第 265 行.
NOTIC: [8] Use of undefined constant Message - assumed 'Message' F:\www\jd\application\default\Runtime\Cache\33af4b837747d1d7905dbdd00c63e095.php 第 268 行.
NOTIC: [8] Use of undefined constant category2 - assumed 'category2' F:\www\jd\application\default\Runtime\Cache\33af4b837747d1d7905dbdd00c63e095.php 第 271 行.
NOTIC: [8] Use of undefined constant category3 - assumed 'category3' F:\www\jd\application\default\Runtime\Cache\33af4b837747d1d7905dbdd00c63e095.php 第 274 行.
INFO: ParseTemplate Behavior ::run [ RunTime:0.036613s ]
INFO: [ view_parse ] --END-- [ RunTime:0.036667s ]
INFO: [ view_filter ] --START--
INFO: ContentReplace Behavior ::run [ RunTime:0.000850s ]
INFO: TokenBuild Behavior ::run [ RunTime:0.000518s ]
INFO: WriteHtmlCache Behavior ::run [ RunTime:0.000319s ]
INFO: ShowRuntime Behavior ::run [ RunTime:0.000496s ]
INFO: [ view_filter ] --END-- [ RunTime:0.002293s ]
INFO: [ view_end ] --START--
INFO: ShowPageTrace Behavior ::run [ RunTime:0.000876s ]
INFO: [ view_end ] --END-- [ RunTime:0.000952s ]

[ 2015-08-11T14:25:31+08:00 ] 127.0.0.1 /jd/
INFO: [ app_begin ] --START--
INFO: ReadHtmlCache Behavior ::run [ RunTime:0.000606s ]
INFO: [ app_begin ] --END-- [ RunTime:0.000656s ]
SQL: SHOW COLUMNS FROM `goodstype` [ RunTime:0.017008s ]
SQL: SELECT * FROM `goodstype` WHERE ( parentId=0 )  [ RunTime:0.000310s ]
SQL: SELECT * FROM `goodstype` WHERE ( parentId=1 )  [ RunTime:0.000195s ]
SQL: SELECT * FROM `goodstype` WHERE ( parentId=2 )  [ RunTime:0.000191s ]
SQL: SELECT * FROM `goodstype` WHERE ( parentId=6 )  [ RunTime:0.000194s ]
SQL: SELECT * FROM `goodstype` WHERE ( parentId=10 )  [ RunTime:0.000189s ]
SQL: SELECT * FROM `goodstype` WHERE ( parentId=11 )  [ RunTime:0.000189s ]
SQL: SELECT * FROM `goodstype` WHERE ( parentId=14 )  [ RunTime:0.000191s ]
SQL: SELECT * FROM `goodstype` WHERE ( parentId=17 )  [ RunTime:0.000186s ]
NOTIC: [2] Invalid argument supplied for foreach() F:\www\jd\application\default\Lib\Action\IndexAction.class.php 第 12 行.
SQL: SELECT * FROM `goodstype` WHERE ( parentId=18 )  [ RunTime:0.000190s ]
NOTIC: [2] Invalid argument supplied for foreach() F:\www\jd\application\default\Lib\Action\IndexAction.class.php 第 12 行.
INFO: [ view_parse ] --START--
NOTIC: [8] Use of undefined constant index - assumed 'index' F:\www\jd\application\default\Runtime\Cache\33af4b837747d1d7905dbdd00c63e095.php 第 256 行.
NOTIC: [8] Use of undefined constant category1 - assumed 'category1' F:\www\jd\application\default\Runtime\Cache\33af4b837747d1d7905dbdd00c63e095.php 第 259 行.
NOTIC: [8] Use of undefined constant auction - assumed 'auction' F:\www\jd\application\default\Runtime\Cache\33af4b837747d1d7905dbdd00c63e095.php 第 262 行.
NOTIC: [8] Use of undefined constant Diy - assumed 'Diy' F:\www\jd\application\default\Runtime\Cache\33af4b837747d1d7905dbdd00c63e095.php 第 265 行.
NOTIC: [8] Use of undefined constant Message - assumed 'Message' F:\www\jd\application\default\Runtime\Cache\33af4b837747d1d7905dbdd00c63e095.php 第 268 行.
NOTIC: [8] Use of undefined constant category2 - assumed 'category2' F:\www\jd\application\default\Runtime\Cache\33af4b837747d1d7905dbdd00c63e095.php 第 271 行.
NOTIC: [8] Use of undefined constant category3 - assumed 'category3' F:\www\jd\application\default\Runtime\Cache\33af4b837747d1d7905dbdd00c63e095.php 第 274 行.
INFO: ParseTemplate Behavior ::run [ RunTime:0.035893s ]
INFO: [ view_parse ] --END-- [ RunTime:0.035935s ]
INFO: [ view_filter ] --START--
INFO: ContentReplace Behavior ::run [ RunTime:0.000800s ]
INFO: TokenBuild Behavior ::run [ RunTime:0.000495s ]
INFO: WriteHtmlCache Behavior ::run [ RunTime:0.000315s ]
INFO: ShowRuntime Behavior ::run [ RunTime:0.000512s ]
INFO: [ view_filter ] --END-- [ RunTime:0.002232s ]
INFO: [ view_end ] --START--
INFO: ShowPageTrace Behavior ::run [ RunTime:0.001011s ]
INFO: [ view_end ] --END-- [ RunTime:0.001090s ]

[ 2015-08-11T14:25:44+08:00 ] 127.0.0.1 /jd/index.php/Register/index
INFO: [ route_check ] --START--
INFO: CheckRoute Behavior ::run [ RunTime:0.096726s ]
INFO: [ route_check ] --END-- [ RunTime:0.096791s ]
INFO: [ app_begin ] --START--
INFO: ReadHtmlCache Behavior ::run [ RunTime:0.000548s ]
INFO: [ app_begin ] --END-- [ RunTime:0.000583s ]
INFO: [ view_parse ] --START--
NOTIC: [8] Use of undefined constant index - assumed 'index' F:\www\jd\application\default\Runtime\Cache\59d4b9ec34f555c312a4cb8a5ee8d6a1.php 第 144 行.
NOTIC: [8] Undefined variable: pageName F:\www\jd\application\default\Runtime\Cache\59d4b9ec34f555c312a4cb8a5ee8d6a1.php 第 144 行.
NOTIC: [8] Use of undefined constant category1 - assumed 'category1' F:\www\jd\application\default\Runtime\Cache\59d4b9ec34f555c312a4cb8a5ee8d6a1.php 第 147 行.
NOTIC: [8] Undefined variable: pageName F:\www\jd\application\default\Runtime\Cache\59d4b9ec34f555c312a4cb8a5ee8d6a1.php 第 147 行.
NOTIC: [8] Use of undefined constant auction - assumed 'auction' F:\www\jd\application\default\Runtime\Cache\59d4b9ec34f555c312a4cb8a5ee8d6a1.php 第 150 行.
NOTIC: [8] Undefined variable: pageName F:\www\jd\application\default\Runtime\Cache\59d4b9ec34f555c312a4cb8a5ee8d6a1.php 第 150 行.
NOTIC: [8] Use of undefined constant Diy - assumed 'Diy' F:\www\jd\application\default\Runtime\Cache\59d4b9ec34f555c312a4cb8a5ee8d6a1.php 第 153 行.
NOTIC: [8] Undefined variable: pageName F:\www\jd\application\default\Runtime\Cache\59d4b9ec34f555c312a4cb8a5ee8d6a1.php 第 153 行.
NOTIC: [8] Use of undefined constant Message - assumed 'Message' F:\www\jd\application\default\Runtime\Cache\59d4b9ec34f555c312a4cb8a5ee8d6a1.php 第 156 行.
NOTIC: [8] Undefined variable: pageName F:\www\jd\application\default\Runtime\Cache\59d4b9ec34f555c312a4cb8a5ee8d6a1.php 第 156 行.
NOTIC: [8] Use of undefined constant category2 - assumed 'category2' F:\www\jd\application\default\Runtime\Cache\59d4b9ec34f555c312a4cb8a5ee8d6a1.php 第 159 行.
NOTIC: [8] Undefined variable: pageName F:\www\jd\application\default\Runtime\Cache\59d4b9ec34f555c312a4cb8a5ee8d6a1.php 第 159 行.
NOTIC: [8] Use of undefined constant category3 - assumed 'category3' F:\www\jd\application\default\Runtime\Cache\59d4b9ec34f555c312a4cb8a5ee8d6a1.php 第 162 行.
NOTIC: [8] Undefined variable: pageName F:\www\jd\application\default\Runtime\Cache\59d4b9ec34f555c312a4cb8a5ee8d6a1.php 第 162 行.
INFO: ParseTemplate Behavior ::run [ RunTime:0.040233s ]
INFO: [ view_parse ] --END-- [ RunTime:0.040277s ]
INFO: [ view_filter ] --START--
INFO: ContentReplace Behavior ::run [ RunTime:0.000577s ]
INFO: TokenBuild Behavior ::run [ RunTime:0.000434s ]
INFO: WriteHtmlCache Behavior ::run [ RunTime:0.000398s ]
INFO: ShowRuntime Behavior ::run [ RunTime:0.000478s ]
INFO: [ view_filter ] --END-- [ RunTime:0.001987s ]
INFO: [ view_end ] --START--
INFO: ShowPageTrace Behavior ::run [ RunTime:0.001018s ]
INFO: [ view_end ] --END-- [ RunTime:0.001091s ]

[ 2015-08-11T14:26:37+08:00 ] 127.0.0.1 /jd/index.php/Register/user.php
INFO: [ route_check ] --START--
INFO: CheckRoute Behavior ::run [ RunTime:0.000829s ]
INFO: [ route_check ] --END-- [ RunTime:0.000885s ]
INFO: [ app_begin ] --START--
INFO: ReadHtmlCache Behavior ::run [ RunTime:0.000553s ]
INFO: [ app_begin ] --END-- [ RunTime:0.000591s ]
ERR: 非法操作:user.php

