[ 2015-08-20T09:10:48+08:00 ] 127.0.0.1 /jd/
INFO: [ app_begin ] --START--
INFO: ReadHtmlCache Behavior ::run [ RunTime:0.002033s ]
INFO: [ app_begin ] --END-- [ RunTime:0.034105s ]
SQL: SHOW COLUMNS FROM `goodstype` [ RunTime:0.146751s ]
SQL: SELECT * FROM `goodstype` WHERE ( parentId=0 )  [ RunTime:0.007563s ]
SQL: SELECT * FROM `goodstype` WHERE ( parentId=1 )  [ RunTime:0.000204s ]
SQL: SELECT * FROM `goodstype` WHERE ( parentId=2 )  [ RunTime:0.000213s ]
SQL: SELECT * FROM `goodstype` WHERE ( parentId=6 )  [ RunTime:0.000175s ]
SQL: SELECT * FROM `goodstype` WHERE ( parentId=10 )  [ RunTime:0.000319s ]
SQL: SELECT * FROM `goodstype` WHERE ( parentId=11 )  [ RunTime:0.000194s ]
SQL: SELECT * FROM `goodstype` WHERE ( parentId=14 )  [ RunTime:0.000190s ]
SQL: SELECT * FROM `goodstype` WHERE ( parentId=17 )  [ RunTime:0.000184s ]
NOTIC: [2] Invalid argument supplied for foreach() F:\www\jd\application\default\Lib\Action\IndexAction.class.php 第 13 行.
SQL: SELECT * FROM `goodstype` WHERE ( parentId=18 )  [ RunTime:0.000291s ]
NOTIC: [2] Invalid argument supplied for foreach() F:\www\jd\application\default\Lib\Action\IndexAction.class.php 第 13 行.
SQL: SHOW COLUMNS FROM `brandinfo` [ RunTime:0.045330s ]
NOTIC: [8] Undefined offset: 0 F:\www\jd\application\default\Lib\Action\IndexAction.class.php 第 23 行.
SQL: SELECT * FROM `brandinfo` WHERE ( typeId= )  [ RunTime:0.026064s ]
ERR: 1064:You have an error in your SQL syntax; check the manual that corresponds to your MySQL server version for the right syntax to use near ')' at line 1
 [ SQL语句 ] : SELECT * FROM `brandinfo` WHERE ( typeId= ) 
SQL: SHOW COLUMNS FROM `goodsinfo` [ RunTime:0.032516s ]
SQL: SELECT * FROM `goodsinfo`  [ RunTime:0.000272s ]
INFO: [ view_parse ] --START--
NOTIC: [8] Undefined index: userMsg F:\www\jd\application\default\Runtime\Cache\33af4b837747d1d7905dbdd00c63e095.php 第 247 行.
NOTIC: [8] Use of undefined constant index - assumed 'index' F:\www\jd\application\default\Runtime\Cache\33af4b837747d1d7905dbdd00c63e095.php 第 261 行.
NOTIC: [8] Use of undefined constant category1 - assumed 'category1' F:\www\jd\application\default\Runtime\Cache\33af4b837747d1d7905dbdd00c63e095.php 第 264 行.
NOTIC: [8] Use of undefined constant auction - assumed 'auction' F:\www\jd\application\default\Runtime\Cache\33af4b837747d1d7905dbdd00c63e095.php 第 267 行.
NOTIC: [8] Use of undefined constant Diy - assumed 'Diy' F:\www\jd\application\default\Runtime\Cache\33af4b837747d1d7905dbdd00c63e095.php 第 270 行.
NOTIC: [8] Use of undefined constant Message - assumed 'Message' F:\www\jd\application\default\Runtime\Cache\33af4b837747d1d7905dbdd00c63e095.php 第 273 行.
NOTIC: [8] Use of undefined constant category2 - assumed 'category2' F:\www\jd\application\default\Runtime\Cache\33af4b837747d1d7905dbdd00c63e095.php 第 276 行.
NOTIC: [8] Use of undefined constant category3 - assumed 'category3' F:\www\jd\application\default\Runtime\Cache\33af4b837747d1d7905dbdd00c63e095.php 第 279 行.
INFO: ParseTemplate Behavior ::run [ RunTime:0.214938s ]
INFO: [ view_parse ] --END-- [ RunTime:0.214990s ]
INFO: [ view_filter ] --START--
INFO: ContentReplace Behavior ::run [ RunTime:0.007849s ]
INFO: TokenBuild Behavior ::run [ RunTime:0.000948s ]
INFO: WriteHtmlCache Behavior ::run [ RunTime:0.000704s ]
INFO: ShowRuntime Behavior ::run [ RunTime:0.000914s ]
INFO: [ view_filter ] --END-- [ RunTime:0.010561s ]
INFO: [ view_end ] --START--
INFO: ShowPageTrace Behavior ::run [ RunTime:0.002187s ]
INFO: [ view_end ] --END-- [ RunTime:0.002236s ]

[ 2015-08-20T09:10:54+08:00 ] 127.0.0.1 /jd/index.php/Goods/index/id/1
INFO: [ route_check ] --START--
INFO: CheckRoute Behavior ::run [ RunTime:0.061052s ]
INFO: [ route_check ] --END-- [ RunTime:0.061157s ]
INFO: [ app_begin ] --START--
INFO: ReadHtmlCache Behavior ::run [ RunTime:0.000557s ]
INFO: [ app_begin ] --END-- [ RunTime:0.000591s ]
SQL: SHOW COLUMNS FROM `goodsinfo` [ RunTime:0.002615s ]
SQL: SELECT * FROM `goodsinfo` WHERE ( goodsId=1 ) LIMIT 1   [ RunTime:0.000289s ]
INFO: [ view_parse ] --START--
NOTIC: [8] Undefined index: userMsg F:\www\jd\application\default\Runtime\Cache\2b9ceab0863e0aa2a5f9e0bef3e78664.php 第 244 行.
NOTIC: [8] Use of undefined constant index - assumed 'index' F:\www\jd\application\default\Runtime\Cache\2b9ceab0863e0aa2a5f9e0bef3e78664.php 第 258 行.
NOTIC: [8] Undefined variable: pageName F:\www\jd\application\default\Runtime\Cache\2b9ceab0863e0aa2a5f9e0bef3e78664.php 第 258 行.
NOTIC: [8] Use of undefined constant category1 - assumed 'category1' F:\www\jd\application\default\Runtime\Cache\2b9ceab0863e0aa2a5f9e0bef3e78664.php 第 261 行.
NOTIC: [8] Undefined variable: pageName F:\www\jd\application\default\Runtime\Cache\2b9ceab0863e0aa2a5f9e0bef3e78664.php 第 261 行.
NOTIC: [8] Use of undefined constant auction - assumed 'auction' F:\www\jd\application\default\Runtime\Cache\2b9ceab0863e0aa2a5f9e0bef3e78664.php 第 264 行.
NOTIC: [8] Undefined variable: pageName F:\www\jd\application\default\Runtime\Cache\2b9ceab0863e0aa2a5f9e0bef3e78664.php 第 264 行.
NOTIC: [8] Use of undefined constant Diy - assumed 'Diy' F:\www\jd\application\default\Runtime\Cache\2b9ceab0863e0aa2a5f9e0bef3e78664.php 第 267 行.
NOTIC: [8] Undefined variable: pageName F:\www\jd\application\default\Runtime\Cache\2b9ceab0863e0aa2a5f9e0bef3e78664.php 第 267 行.
NOTIC: [8] Use of undefined constant Message - assumed 'Message' F:\www\jd\application\default\Runtime\Cache\2b9ceab0863e0aa2a5f9e0bef3e78664.php 第 270 行.
NOTIC: [8] Undefined variable: pageName F:\www\jd\application\default\Runtime\Cache\2b9ceab0863e0aa2a5f9e0bef3e78664.php 第 270 行.
NOTIC: [8] Use of undefined constant category2 - assumed 'category2' F:\www\jd\application\default\Runtime\Cache\2b9ceab0863e0aa2a5f9e0bef3e78664.php 第 273 行.
NOTIC: [8] Undefined variable: pageName F:\www\jd\application\default\Runtime\Cache\2b9ceab0863e0aa2a5f9e0bef3e78664.php 第 273 行.
NOTIC: [8] Use of undefined constant category3 - assumed 'category3' F:\www\jd\application\default\Runtime\Cache\2b9ceab0863e0aa2a5f9e0bef3e78664.php 第 276 行.
NOTIC: [8] Undefined variable: pageName F:\www\jd\application\default\Runtime\Cache\2b9ceab0863e0aa2a5f9e0bef3e78664.php 第 276 行.
INFO: ParseTemplate Behavior ::run [ RunTime:0.039643s ]
INFO: [ view_parse ] --END-- [ RunTime:0.039684s ]
INFO: [ view_filter ] --START--
INFO: ContentReplace Behavior ::run [ RunTime:0.000617s ]
INFO: TokenBuild Behavior ::run [ RunTime:0.000361s ]
INFO: WriteHtmlCache Behavior ::run [ RunTime:0.000273s ]
INFO: ShowRuntime Behavior ::run [ RunTime:0.000483s ]
INFO: [ view_filter ] --END-- [ RunTime:0.001830s ]
INFO: [ view_end ] --START--
INFO: ShowPageTrace Behavior ::run [ RunTime:0.000887s ]
INFO: [ view_end ] --END-- [ RunTime:0.000976s ]

[ 2015-08-20T09:10:57+08:00 ] 127.0.0.1 /jd/index.php/Action/index
INFO: [ route_check ] --START--
INFO: CheckRoute Behavior ::run [ RunTime:0.000525s ]
INFO: [ route_check ] --END-- [ RunTime:0.000575s ]
INFO: [ app_begin ] --START--
INFO: ReadHtmlCache Behavior ::run [ RunTime:0.000376s ]
INFO: [ app_begin ] --END-- [ RunTime:0.000408s ]
NOTIC: [8] Undefined index: bookId F:\www\jd\application\default\Lib\Action\ActionAction.class.php 第 55 行.
NOTIC: [8] Undefined index: bookCount F:\www\jd\application\default\Lib\Action\ActionAction.class.php 第 56 行.
NOTIC: [8] Undefined index: userMsg F:\www\jd\application\default\Lib\Action\ActionAction.class.php 第 57 行.
SQL: SHOW COLUMNS FROM `carinfo` [ RunTime:0.052786s ]
SQL: SELECT * FROM `carinfo` WHERE ( bookId= and userId= ) LIMIT 1   [ RunTime:0.000139s ]
ERR: 1064:You have an error in your SQL syntax; check the manual that corresponds to your MySQL server version for the right syntax to use near 'and userId= ) LIMIT 1' at line 1
 [ SQL语句 ] : SELECT * FROM `carinfo` WHERE ( bookId= and userId= ) LIMIT 1  
SQL: INSERT INTO `carinfo` (`userId`) VALUES (null) [ RunTime:0.234203s ]
ERR: 1048:Column 'userId' cannot be null
 [ SQL语句 ] : INSERT INTO `carinfo` (`userId`) VALUES (null)

[ 2015-08-20T09:10:57+08:00 ] 127.0.0.1 /jd/index.php/Cart/index.html
INFO: [ route_check ] --START--
INFO: CheckRoute Behavior ::run [ RunTime:0.000602s ]
INFO: [ route_check ] --END-- [ RunTime:0.000651s ]
INFO: [ app_begin ] --START--
INFO: ReadHtmlCache Behavior ::run [ RunTime:0.000422s ]
INFO: [ app_begin ] --END-- [ RunTime:0.000454s ]
INFO: [ view_parse ] --START--
NOTIC: [8] Undefined index: userMsg F:\www\jd\application\default\Runtime\Cache\731ca5e0427d3d96fea3cdcfd561c48b.php 第 156 行.
NOTIC: [8] Use of undefined constant index - assumed 'index' F:\www\jd\application\default\Runtime\Cache\731ca5e0427d3d96fea3cdcfd561c48b.php 第 170 行.
NOTIC: [8] Undefined variable: pageName F:\www\jd\application\default\Runtime\Cache\731ca5e0427d3d96fea3cdcfd561c48b.php 第 170 行.
NOTIC: [8] Use of undefined constant category1 - assumed 'category1' F:\www\jd\application\default\Runtime\Cache\731ca5e0427d3d96fea3cdcfd561c48b.php 第 173 行.
NOTIC: [8] Undefined variable: pageName F:\www\jd\application\default\Runtime\Cache\731ca5e0427d3d96fea3cdcfd561c48b.php 第 173 行.
NOTIC: [8] Use of undefined constant auction - assumed 'auction' F:\www\jd\application\default\Runtime\Cache\731ca5e0427d3d96fea3cdcfd561c48b.php 第 176 行.
NOTIC: [8] Undefined variable: pageName F:\www\jd\application\default\Runtime\Cache\731ca5e0427d3d96fea3cdcfd561c48b.php 第 176 行.
NOTIC: [8] Use of undefined constant Diy - assumed 'Diy' F:\www\jd\application\default\Runtime\Cache\731ca5e0427d3d96fea3cdcfd561c48b.php 第 179 行.
NOTIC: [8] Undefined variable: pageName F:\www\jd\application\default\Runtime\Cache\731ca5e0427d3d96fea3cdcfd561c48b.php 第 179 行.
NOTIC: [8] Use of undefined constant Message - assumed 'Message' F:\www\jd\application\default\Runtime\Cache\731ca5e0427d3d96fea3cdcfd561c48b.php 第 182 行.
NOTIC: [8] Undefined variable: pageName F:\www\jd\application\default\Runtime\Cache\731ca5e0427d3d96fea3cdcfd561c48b.php 第 182 行.
NOTIC: [8] Use of undefined constant category2 - assumed 'category2' F:\www\jd\application\default\Runtime\Cache\731ca5e0427d3d96fea3cdcfd561c48b.php 第 185 行.
NOTIC: [8] Undefined variable: pageName F:\www\jd\application\default\Runtime\Cache\731ca5e0427d3d96fea3cdcfd561c48b.php 第 185 行.
NOTIC: [8] Use of undefined constant category3 - assumed 'category3' F:\www\jd\application\default\Runtime\Cache\731ca5e0427d3d96fea3cdcfd561c48b.php 第 188 行.
NOTIC: [8] Undefined variable: pageName F:\www\jd\application\default\Runtime\Cache\731ca5e0427d3d96fea3cdcfd561c48b.php 第 188 行.
INFO: ParseTemplate Behavior ::run [ RunTime:0.072641s ]
INFO: [ view_parse ] --END-- [ RunTime:0.072689s ]
INFO: [ view_filter ] --START--
INFO: ContentReplace Behavior ::run [ RunTime:0.000425s ]
INFO: TokenBuild Behavior ::run [ RunTime:0.000330s ]
INFO: WriteHtmlCache Behavior ::run [ RunTime:0.000214s ]
INFO: ShowRuntime Behavior ::run [ RunTime:0.000330s ]
INFO: [ view_filter ] --END-- [ RunTime:0.001390s ]
INFO: [ view_end ] --START--
INFO: ShowPageTrace Behavior ::run [ RunTime:0.000493s ]
INFO: [ view_end ] --END-- [ RunTime:0.000535s ]

[ 2015-08-20T09:11:07+08:00 ] 127.0.0.1 /jd/index.php/Index/index
INFO: [ route_check ] --START--
INFO: CheckRoute Behavior ::run [ RunTime:0.000955s ]
INFO: [ route_check ] --END-- [ RunTime:0.001079s ]
INFO: [ app_begin ] --START--
INFO: ReadHtmlCache Behavior ::run [ RunTime:0.000509s ]
INFO: [ app_begin ] --END-- [ RunTime:0.000542s ]
SQL: SHOW COLUMNS FROM `goodstype` [ RunTime:0.002450s ]
SQL: SELECT * FROM `goodstype` WHERE ( parentId=0 )  [ RunTime:0.000277s ]
SQL: SELECT * FROM `goodstype` WHERE ( parentId=1 )  [ RunTime:0.000182s ]
SQL: SELECT * FROM `goodstype` WHERE ( parentId=2 )  [ RunTime:0.000182s ]
SQL: SELECT * FROM `goodstype` WHERE ( parentId=6 )  [ RunTime:0.000178s ]
SQL: SELECT * FROM `goodstype` WHERE ( parentId=10 )  [ RunTime:0.000177s ]
SQL: SELECT * FROM `goodstype` WHERE ( parentId=11 )  [ RunTime:0.000177s ]
SQL: SELECT * FROM `goodstype` WHERE ( parentId=14 )  [ RunTime:0.000187s ]
SQL: SELECT * FROM `goodstype` WHERE ( parentId=17 )  [ RunTime:0.000172s ]
NOTIC: [2] Invalid argument supplied for foreach() F:\www\jd\application\default\Lib\Action\IndexAction.class.php 第 13 行.
SQL: SELECT * FROM `goodstype` WHERE ( parentId=18 )  [ RunTime:0.000170s ]
NOTIC: [2] Invalid argument supplied for foreach() F:\www\jd\application\default\Lib\Action\IndexAction.class.php 第 13 行.
SQL: SHOW COLUMNS FROM `brandinfo` [ RunTime:0.002517s ]
NOTIC: [8] Undefined offset: 0 F:\www\jd\application\default\Lib\Action\IndexAction.class.php 第 23 行.
SQL: SELECT * FROM `brandinfo` WHERE ( typeId= )  [ RunTime:0.000122s ]
ERR: 1064:You have an error in your SQL syntax; check the manual that corresponds to your MySQL server version for the right syntax to use near ')' at line 1
 [ SQL语句 ] : SELECT * FROM `brandinfo` WHERE ( typeId= ) 
SQL: SHOW COLUMNS FROM `goodsinfo` [ RunTime:0.002784s ]
SQL: SELECT * FROM `goodsinfo`  [ RunTime:0.000255s ]
INFO: [ view_parse ] --START--
NOTIC: [8] Undefined index: userMsg F:\www\jd\application\default\Runtime\Cache\33af4b837747d1d7905dbdd00c63e095.php 第 247 行.
NOTIC: [8] Use of undefined constant index - assumed 'index' F:\www\jd\application\default\Runtime\Cache\33af4b837747d1d7905dbdd00c63e095.php 第 261 行.
NOTIC: [8] Use of undefined constant category1 - assumed 'category1' F:\www\jd\application\default\Runtime\Cache\33af4b837747d1d7905dbdd00c63e095.php 第 264 行.
NOTIC: [8] Use of undefined constant auction - assumed 'auction' F:\www\jd\application\default\Runtime\Cache\33af4b837747d1d7905dbdd00c63e095.php 第 267 行.
NOTIC: [8] Use of undefined constant Diy - assumed 'Diy' F:\www\jd\application\default\Runtime\Cache\33af4b837747d1d7905dbdd00c63e095.php 第 270 行.
NOTIC: [8] Use of undefined constant Message - assumed 'Message' F:\www\jd\application\default\Runtime\Cache\33af4b837747d1d7905dbdd00c63e095.php 第 273 行.
NOTIC: [8] Use of undefined constant category2 - assumed 'category2' F:\www\jd\application\default\Runtime\Cache\33af4b837747d1d7905dbdd00c63e095.php 第 276 行.
NOTIC: [8] Use of undefined constant category3 - assumed 'category3' F:\www\jd\application\default\Runtime\Cache\33af4b837747d1d7905dbdd00c63e095.php 第 279 行.
INFO: ParseTemplate Behavior ::run [ RunTime:0.021037s ]
INFO: [ view_parse ] --END-- [ RunTime:0.021078s ]
INFO: [ view_filter ] --START--
INFO: ContentReplace Behavior ::run [ RunTime:0.000791s ]
INFO: TokenBuild Behavior ::run [ RunTime:0.000435s ]
INFO: WriteHtmlCache Behavior ::run [ RunTime:0.000343s ]
INFO: ShowRuntime Behavior ::run [ RunTime:0.000512s ]
INFO: [ view_filter ] --END-- [ RunTime:0.002170s ]
INFO: [ view_end ] --START--
INFO: ShowPageTrace Behavior ::run [ RunTime:0.000585s ]
INFO: [ view_end ] --END-- [ RunTime:0.000623s ]

[ 2015-08-20T09:25:03+08:00 ] 127.0.0.1 /jd/index.php/Goods/index/id/1
INFO: [ route_check ] --START--
INFO: CheckRoute Behavior ::run [ RunTime:0.000717s ]
INFO: [ route_check ] --END-- [ RunTime:0.000769s ]
INFO: [ app_begin ] --START--
INFO: ReadHtmlCache Behavior ::run [ RunTime:0.000497s ]
INFO: [ app_begin ] --END-- [ RunTime:0.000530s ]
SQL: SHOW COLUMNS FROM `goodsinfo` [ RunTime:0.002709s ]
SQL: SELECT * FROM `goodsinfo` WHERE ( goodsId=1 ) LIMIT 1   [ RunTime:0.000309s ]
INFO: [ view_parse ] --START--
NOTIC: [8] Undefined index: userMsg F:\www\jd\application\default\Runtime\Cache\2b9ceab0863e0aa2a5f9e0bef3e78664.php 第 244 行.
NOTIC: [8] Use of undefined constant index - assumed 'index' F:\www\jd\application\default\Runtime\Cache\2b9ceab0863e0aa2a5f9e0bef3e78664.php 第 258 行.
NOTIC: [8] Undefined variable: pageName F:\www\jd\application\default\Runtime\Cache\2b9ceab0863e0aa2a5f9e0bef3e78664.php 第 258 行.
NOTIC: [8] Use of undefined constant category1 - assumed 'category1' F:\www\jd\application\default\Runtime\Cache\2b9ceab0863e0aa2a5f9e0bef3e78664.php 第 261 行.
NOTIC: [8] Undefined variable: pageName F:\www\jd\application\default\Runtime\Cache\2b9ceab0863e0aa2a5f9e0bef3e78664.php 第 261 行.
NOTIC: [8] Use of undefined constant auction - assumed 'auction' F:\www\jd\application\default\Runtime\Cache\2b9ceab0863e0aa2a5f9e0bef3e78664.php 第 264 行.
NOTIC: [8] Undefined variable: pageName F:\www\jd\application\default\Runtime\Cache\2b9ceab0863e0aa2a5f9e0bef3e78664.php 第 264 行.
NOTIC: [8] Use of undefined constant Diy - assumed 'Diy' F:\www\jd\application\default\Runtime\Cache\2b9ceab0863e0aa2a5f9e0bef3e78664.php 第 267 行.
NOTIC: [8] Undefined variable: pageName F:\www\jd\application\default\Runtime\Cache\2b9ceab0863e0aa2a5f9e0bef3e78664.php 第 267 行.
NOTIC: [8] Use of undefined constant Message - assumed 'Message' F:\www\jd\application\default\Runtime\Cache\2b9ceab0863e0aa2a5f9e0bef3e78664.php 第 270 行.
NOTIC: [8] Undefined variable: pageName F:\www\jd\application\default\Runtime\Cache\2b9ceab0863e0aa2a5f9e0bef3e78664.php 第 270 行.
NOTIC: [8] Use of undefined constant category2 - assumed 'category2' F:\www\jd\application\default\Runtime\Cache\2b9ceab0863e0aa2a5f9e0bef3e78664.php 第 273 行.
NOTIC: [8] Undefined variable: pageName F:\www\jd\application\default\Runtime\Cache\2b9ceab0863e0aa2a5f9e0bef3e78664.php 第 273 行.
NOTIC: [8] Use of undefined constant category3 - assumed 'category3' F:\www\jd\application\default\Runtime\Cache\2b9ceab0863e0aa2a5f9e0bef3e78664.php 第 276 行.
NOTIC: [8] Undefined variable: pageName F:\www\jd\application\default\Runtime\Cache\2b9ceab0863e0aa2a5f9e0bef3e78664.php 第 276 行.
INFO: ParseTemplate Behavior ::run [ RunTime:0.016703s ]
INFO: [ view_parse ] --END-- [ RunTime:0.016742s ]
INFO: [ view_filter ] --START--
INFO: ContentReplace Behavior ::run [ RunTime:0.000744s ]
INFO: TokenBuild Behavior ::run [ RunTime:0.000561s ]
INFO: WriteHtmlCache Behavior ::run [ RunTime:0.000378s ]
INFO: ShowRuntime Behavior ::run [ RunTime:0.000526s ]
INFO: [ view_filter ] --END-- [ RunTime:0.002313s ]
INFO: [ view_end ] --START--
INFO: ShowPageTrace Behavior ::run [ RunTime:0.000692s ]
INFO: [ view_end ] --END-- [ RunTime:0.000756s ]

[ 2015-08-20T09:25:07+08:00 ] 127.0.0.1 /jd/index.php/Action/index
INFO: [ route_check ] --START--
INFO: CheckRoute Behavior ::run [ RunTime:0.000581s ]
INFO: [ route_check ] --END-- [ RunTime:0.000626s ]
INFO: [ app_begin ] --START--
INFO: ReadHtmlCache Behavior ::run [ RunTime:0.000442s ]
INFO: [ app_begin ] --END-- [ RunTime:0.000486s ]
NOTIC: [8] Undefined index: bookId F:\www\jd\application\default\Lib\Action\ActionAction.class.php 第 55 行.
NOTIC: [8] Undefined index: bookCount F:\www\jd\application\default\Lib\Action\ActionAction.class.php 第 56 行.
NOTIC: [8] Undefined index: userMsg F:\www\jd\application\default\Lib\Action\ActionAction.class.php 第 57 行.
SQL: SHOW COLUMNS FROM `carinfo` [ RunTime:0.002559s ]
SQL: SELECT * FROM `carinfo` WHERE ( bookId= and userId= ) LIMIT 1   [ RunTime:0.000120s ]
ERR: 1064:You have an error in your SQL syntax; check the manual that corresponds to your MySQL server version for the right syntax to use near 'and userId= ) LIMIT 1' at line 1
 [ SQL语句 ] : SELECT * FROM `carinfo` WHERE ( bookId= and userId= ) LIMIT 1  
SQL: INSERT INTO `carinfo` (`userId`) VALUES (null) [ RunTime:0.000131s ]
ERR: 1048:Column 'userId' cannot be null
 [ SQL语句 ] : INSERT INTO `carinfo` (`userId`) VALUES (null)

[ 2015-08-20T09:25:07+08:00 ] 127.0.0.1 /jd/index.php/Cart/index.html
INFO: [ route_check ] --START--
INFO: CheckRoute Behavior ::run [ RunTime:0.000615s ]
INFO: [ route_check ] --END-- [ RunTime:0.000660s ]
INFO: [ app_begin ] --START--
INFO: ReadHtmlCache Behavior ::run [ RunTime:0.000487s ]
INFO: [ app_begin ] --END-- [ RunTime:0.000518s ]
INFO: [ view_parse ] --START--
NOTIC: [8] Undefined index: userMsg F:\www\jd\application\default\Runtime\Cache\731ca5e0427d3d96fea3cdcfd561c48b.php 第 156 行.
NOTIC: [8] Use of undefined constant index - assumed 'index' F:\www\jd\application\default\Runtime\Cache\731ca5e0427d3d96fea3cdcfd561c48b.php 第 170 行.
NOTIC: [8] Undefined variable: pageName F:\www\jd\application\default\Runtime\Cache\731ca5e0427d3d96fea3cdcfd561c48b.php 第 170 行.
NOTIC: [8] Use of undefined constant category1 - assumed 'category1' F:\www\jd\application\default\Runtime\Cache\731ca5e0427d3d96fea3cdcfd561c48b.php 第 173 行.
NOTIC: [8] Undefined variable: pageName F:\www\jd\application\default\Runtime\Cache\731ca5e0427d3d96fea3cdcfd561c48b.php 第 173 行.
NOTIC: [8] Use of undefined constant auction - assumed 'auction' F:\www\jd\application\default\Runtime\Cache\731ca5e0427d3d96fea3cdcfd561c48b.php 第 176 行.
NOTIC: [8] Undefined variable: pageName F:\www\jd\application\default\Runtime\Cache\731ca5e0427d3d96fea3cdcfd561c48b.php 第 176 行.
NOTIC: [8] Use of undefined constant Diy - assumed 'Diy' F:\www\jd\application\default\Runtime\Cache\731ca5e0427d3d96fea3cdcfd561c48b.php 第 179 行.
NOTIC: [8] Undefined variable: pageName F:\www\jd\application\default\Runtime\Cache\731ca5e0427d3d96fea3cdcfd561c48b.php 第 179 行.
NOTIC: [8] Use of undefined constant Message - assumed 'Message' F:\www\jd\application\default\Runtime\Cache\731ca5e0427d3d96fea3cdcfd561c48b.php 第 182 行.
NOTIC: [8] Undefined variable: pageName F:\www\jd\application\default\Runtime\Cache\731ca5e0427d3d96fea3cdcfd561c48b.php 第 182 行.
NOTIC: [8] Use of undefined constant category2 - assumed 'category2' F:\www\jd\application\default\Runtime\Cache\731ca5e0427d3d96fea3cdcfd561c48b.php 第 185 行.
NOTIC: [8] Undefined variable: pageName F:\www\jd\application\default\Runtime\Cache\731ca5e0427d3d96fea3cdcfd561c48b.php 第 185 行.
NOTIC: [8] Use of undefined constant category3 - assumed 'category3' F:\www\jd\application\default\Runtime\Cache\731ca5e0427d3d96fea3cdcfd561c48b.php 第 188 行.
NOTIC: [8] Undefined variable: pageName F:\www\jd\application\default\Runtime\Cache\731ca5e0427d3d96fea3cdcfd561c48b.php 第 188 行.
INFO: ParseTemplate Behavior ::run [ RunTime:0.009296s ]
INFO: [ view_parse ] --END-- [ RunTime:0.009344s ]
INFO: [ view_filter ] --START--
INFO: ContentReplace Behavior ::run [ RunTime:0.000784s ]
INFO: TokenBuild Behavior ::run [ RunTime:0.000446s ]
INFO: WriteHtmlCache Behavior ::run [ RunTime:0.000265s ]
INFO: ShowRuntime Behavior ::run [ RunTime:0.000427s ]
INFO: [ view_filter ] --END-- [ RunTime:0.002029s ]
INFO: [ view_end ] --START--
INFO: ShowPageTrace Behavior ::run [ RunTime:0.000497s ]
INFO: [ view_end ] --END-- [ RunTime:0.000536s ]

[ 2015-08-20T09:41:36+08:00 ] 127.0.0.1 /jd/index.php/Goods/index/id/1
INFO: [ route_check ] --START--
INFO: CheckRoute Behavior ::run [ RunTime:0.000769s ]
INFO: [ route_check ] --END-- [ RunTime:0.000826s ]
INFO: [ app_begin ] --START--
INFO: ReadHtmlCache Behavior ::run [ RunTime:0.000473s ]
INFO: [ app_begin ] --END-- [ RunTime:0.000507s ]
SQL: SHOW COLUMNS FROM `goodsinfo` [ RunTime:0.003638s ]
SQL: SELECT * FROM `goodsinfo` WHERE ( goodsId=1 ) LIMIT 1   [ RunTime:0.000351s ]
INFO: [ view_parse ] --START--
NOTIC: [8] Undefined index: userMsg F:\www\jd\application\default\Runtime\Cache\2b9ceab0863e0aa2a5f9e0bef3e78664.php 第 244 行.
NOTIC: [8] Use of undefined constant index - assumed 'index' F:\www\jd\application\default\Runtime\Cache\2b9ceab0863e0aa2a5f9e0bef3e78664.php 第 258 行.
NOTIC: [8] Undefined variable: pageName F:\www\jd\application\default\Runtime\Cache\2b9ceab0863e0aa2a5f9e0bef3e78664.php 第 258 行.
NOTIC: [8] Use of undefined constant category1 - assumed 'category1' F:\www\jd\application\default\Runtime\Cache\2b9ceab0863e0aa2a5f9e0bef3e78664.php 第 261 行.
NOTIC: [8] Undefined variable: pageName F:\www\jd\application\default\Runtime\Cache\2b9ceab0863e0aa2a5f9e0bef3e78664.php 第 261 行.
NOTIC: [8] Use of undefined constant auction - assumed 'auction' F:\www\jd\application\default\Runtime\Cache\2b9ceab0863e0aa2a5f9e0bef3e78664.php 第 264 行.
NOTIC: [8] Undefined variable: pageName F:\www\jd\application\default\Runtime\Cache\2b9ceab0863e0aa2a5f9e0bef3e78664.php 第 264 行.
NOTIC: [8] Use of undefined constant Diy - assumed 'Diy' F:\www\jd\application\default\Runtime\Cache\2b9ceab0863e0aa2a5f9e0bef3e78664.php 第 267 行.
NOTIC: [8] Undefined variable: pageName F:\www\jd\application\default\Runtime\Cache\2b9ceab0863e0aa2a5f9e0bef3e78664.php 第 267 行.
NOTIC: [8] Use of undefined constant Message - assumed 'Message' F:\www\jd\application\default\Runtime\Cache\2b9ceab0863e0aa2a5f9e0bef3e78664.php 第 270 行.
NOTIC: [8] Undefined variable: pageName F:\www\jd\application\default\Runtime\Cache\2b9ceab0863e0aa2a5f9e0bef3e78664.php 第 270 行.
NOTIC: [8] Use of undefined constant category2 - assumed 'category2' F:\www\jd\application\default\Runtime\Cache\2b9ceab0863e0aa2a5f9e0bef3e78664.php 第 273 行.
NOTIC: [8] Undefined variable: pageName F:\www\jd\application\default\Runtime\Cache\2b9ceab0863e0aa2a5f9e0bef3e78664.php 第 273 行.
NOTIC: [8] Use of undefined constant category3 - assumed 'category3' F:\www\jd\application\default\Runtime\Cache\2b9ceab0863e0aa2a5f9e0bef3e78664.php 第 276 行.
NOTIC: [8] Undefined variable: pageName F:\www\jd\application\default\Runtime\Cache\2b9ceab0863e0aa2a5f9e0bef3e78664.php 第 276 行.
NOTIC: [8] Undefined variable: id F:\www\jd\application\default\Runtime\Cache\2b9ceab0863e0aa2a5f9e0bef3e78664.php 第 632 行.
INFO: ParseTemplate Behavior ::run [ RunTime:0.017133s ]
INFO: [ view_parse ] --END-- [ RunTime:0.017173s ]
INFO: [ view_filter ] --START--
INFO: ContentReplace Behavior ::run [ RunTime:0.000649s ]
INFO: TokenBuild Behavior ::run [ RunTime:0.000413s ]
INFO: WriteHtmlCache Behavior ::run [ RunTime:0.000322s ]
INFO: ShowRuntime Behavior ::run [ RunTime:0.000442s ]
INFO: [ view_filter ] --END-- [ RunTime:0.001925s ]
INFO: [ view_end ] --START--
INFO: ShowPageTrace Behavior ::run [ RunTime:0.000713s ]
INFO: [ view_end ] --END-- [ RunTime:0.000775s ]

[ 2015-08-20T09:41:43+08:00 ] 127.0.0.1 /jd/index.php/Action/index
INFO: [ route_check ] --START--
INFO: CheckRoute Behavior ::run [ RunTime:0.000524s ]
INFO: [ route_check ] --END-- [ RunTime:0.000570s ]
INFO: [ app_begin ] --START--
INFO: ReadHtmlCache Behavior ::run [ RunTime:0.000373s ]
INFO: [ app_begin ] --END-- [ RunTime:0.000406s ]
NOTIC: [8] Undefined index: bookId F:\www\jd\application\default\Lib\Action\ActionAction.class.php 第 55 行.
NOTIC: [8] Undefined index: bookCount F:\www\jd\application\default\Lib\Action\ActionAction.class.php 第 56 行.
NOTIC: [8] Undefined index: userMsg F:\www\jd\application\default\Lib\Action\ActionAction.class.php 第 57 行.
SQL: SHOW COLUMNS FROM `carinfo` [ RunTime:0.002968s ]
SQL: SELECT * FROM `carinfo` WHERE ( bookId= and userId= ) LIMIT 1   [ RunTime:0.000164s ]
ERR: 1064:You have an error in your SQL syntax; check the manual that corresponds to your MySQL server version for the right syntax to use near 'and userId= ) LIMIT 1' at line 1
 [ SQL语句 ] : SELECT * FROM `carinfo` WHERE ( bookId= and userId= ) LIMIT 1  
SQL: INSERT INTO `carinfo` (`userId`) VALUES (null) [ RunTime:0.000166s ]
ERR: 1048:Column 'userId' cannot be null
 [ SQL语句 ] : INSERT INTO `carinfo` (`userId`) VALUES (null)

[ 2015-08-20T09:41:43+08:00 ] 127.0.0.1 /jd/index.php/Cart/index.html
INFO: [ route_check ] --START--
INFO: CheckRoute Behavior ::run [ RunTime:0.000615s ]
INFO: [ route_check ] --END-- [ RunTime:0.000664s ]
INFO: [ app_begin ] --START--
INFO: ReadHtmlCache Behavior ::run [ RunTime:0.000487s ]
INFO: [ app_begin ] --END-- [ RunTime:0.000531s ]
INFO: [ view_parse ] --START--
NOTIC: [8] Undefined index: userMsg F:\www\jd\application\default\Runtime\Cache\731ca5e0427d3d96fea3cdcfd561c48b.php 第 156 行.
NOTIC: [8] Use of undefined constant index - assumed 'index' F:\www\jd\application\default\Runtime\Cache\731ca5e0427d3d96fea3cdcfd561c48b.php 第 170 行.
NOTIC: [8] Undefined variable: pageName F:\www\jd\application\default\Runtime\Cache\731ca5e0427d3d96fea3cdcfd561c48b.php 第 170 行.
NOTIC: [8] Use of undefined constant category1 - assumed 'category1' F:\www\jd\application\default\Runtime\Cache\731ca5e0427d3d96fea3cdcfd561c48b.php 第 173 行.
NOTIC: [8] Undefined variable: pageName F:\www\jd\application\default\Runtime\Cache\731ca5e0427d3d96fea3cdcfd561c48b.php 第 173 行.
NOTIC: [8] Use of undefined constant auction - assumed 'auction' F:\www\jd\application\default\Runtime\Cache\731ca5e0427d3d96fea3cdcfd561c48b.php 第 176 行.
NOTIC: [8] Undefined variable: pageName F:\www\jd\application\default\Runtime\Cache\731ca5e0427d3d96fea3cdcfd561c48b.php 第 176 行.
NOTIC: [8] Use of undefined constant Diy - assumed 'Diy' F:\www\jd\application\default\Runtime\Cache\731ca5e0427d3d96fea3cdcfd561c48b.php 第 179 行.
NOTIC: [8] Undefined variable: pageName F:\www\jd\application\default\Runtime\Cache\731ca5e0427d3d96fea3cdcfd561c48b.php 第 179 行.
NOTIC: [8] Use of undefined constant Message - assumed 'Message' F:\www\jd\application\default\Runtime\Cache\731ca5e0427d3d96fea3cdcfd561c48b.php 第 182 行.
NOTIC: [8] Undefined variable: pageName F:\www\jd\application\default\Runtime\Cache\731ca5e0427d3d96fea3cdcfd561c48b.php 第 182 行.
NOTIC: [8] Use of undefined constant category2 - assumed 'category2' F:\www\jd\application\default\Runtime\Cache\731ca5e0427d3d96fea3cdcfd561c48b.php 第 185 行.
NOTIC: [8] Undefined variable: pageName F:\www\jd\application\default\Runtime\Cache\731ca5e0427d3d96fea3cdcfd561c48b.php 第 185 行.
NOTIC: [8] Use of undefined constant category3 - assumed 'category3' F:\www\jd\application\default\Runtime\Cache\731ca5e0427d3d96fea3cdcfd561c48b.php 第 188 行.
NOTIC: [8] Undefined variable: pageName F:\www\jd\application\default\Runtime\Cache\731ca5e0427d3d96fea3cdcfd561c48b.php 第 188 行.
INFO: ParseTemplate Behavior ::run [ RunTime:0.010144s ]
INFO: [ view_parse ] --END-- [ RunTime:0.010184s ]
INFO: [ view_filter ] --START--
INFO: ContentReplace Behavior ::run [ RunTime:0.000542s ]
INFO: TokenBuild Behavior ::run [ RunTime:0.000437s ]
INFO: WriteHtmlCache Behavior ::run [ RunTime:0.000303s ]
INFO: ShowRuntime Behavior ::run [ RunTime:0.000458s ]
INFO: [ view_filter ] --END-- [ RunTime:0.001836s ]
INFO: [ view_end ] --START--
INFO: ShowPageTrace Behavior ::run [ RunTime:0.000519s ]
INFO: [ view_end ] --END-- [ RunTime:0.000576s ]

[ 2015-08-20T09:48:52+08:00 ] 127.0.0.1 /jd/index.php/Goods/index/id/1
INFO: [ route_check ] --START--
INFO: CheckRoute Behavior ::run [ RunTime:0.000853s ]
INFO: [ route_check ] --END-- [ RunTime:0.000924s ]
INFO: [ app_begin ] --START--
INFO: ReadHtmlCache Behavior ::run [ RunTime:0.000587s ]
INFO: [ app_begin ] --END-- [ RunTime:0.000628s ]
SQL: SHOW COLUMNS FROM `goodsinfo` [ RunTime:0.002773s ]
SQL: SELECT * FROM `goodsinfo` WHERE ( goodsId=1 ) LIMIT 1   [ RunTime:0.000296s ]
INFO: [ view_parse ] --START--
NOTIC: [8] Undefined index: userMsg F:\www\jd\application\default\Runtime\Cache\2b9ceab0863e0aa2a5f9e0bef3e78664.php 第 244 行.
NOTIC: [8] Use of undefined constant index - assumed 'index' F:\www\jd\application\default\Runtime\Cache\2b9ceab0863e0aa2a5f9e0bef3e78664.php 第 258 行.
NOTIC: [8] Undefined variable: pageName F:\www\jd\application\default\Runtime\Cache\2b9ceab0863e0aa2a5f9e0bef3e78664.php 第 258 行.
NOTIC: [8] Use of undefined constant category1 - assumed 'category1' F:\www\jd\application\default\Runtime\Cache\2b9ceab0863e0aa2a5f9e0bef3e78664.php 第 261 行.
NOTIC: [8] Undefined variable: pageName F:\www\jd\application\default\Runtime\Cache\2b9ceab0863e0aa2a5f9e0bef3e78664.php 第 261 行.
NOTIC: [8] Use of undefined constant auction - assumed 'auction' F:\www\jd\application\default\Runtime\Cache\2b9ceab0863e0aa2a5f9e0bef3e78664.php 第 264 行.
NOTIC: [8] Undefined variable: pageName F:\www\jd\application\default\Runtime\Cache\2b9ceab0863e0aa2a5f9e0bef3e78664.php 第 264 行.
NOTIC: [8] Use of undefined constant Diy - assumed 'Diy' F:\www\jd\application\default\Runtime\Cache\2b9ceab0863e0aa2a5f9e0bef3e78664.php 第 267 行.
NOTIC: [8] Undefined variable: pageName F:\www\jd\application\default\Runtime\Cache\2b9ceab0863e0aa2a5f9e0bef3e78664.php 第 267 行.
NOTIC: [8] Use of undefined constant Message - assumed 'Message' F:\www\jd\application\default\Runtime\Cache\2b9ceab0863e0aa2a5f9e0bef3e78664.php 第 270 行.
NOTIC: [8] Undefined variable: pageName F:\www\jd\application\default\Runtime\Cache\2b9ceab0863e0aa2a5f9e0bef3e78664.php 第 270 行.
NOTIC: [8] Use of undefined constant category2 - assumed 'category2' F:\www\jd\application\default\Runtime\Cache\2b9ceab0863e0aa2a5f9e0bef3e78664.php 第 273 行.
NOTIC: [8] Undefined variable: pageName F:\www\jd\application\default\Runtime\Cache\2b9ceab0863e0aa2a5f9e0bef3e78664.php 第 273 行.
NOTIC: [8] Use of undefined constant category3 - assumed 'category3' F:\www\jd\application\default\Runtime\Cache\2b9ceab0863e0aa2a5f9e0bef3e78664.php 第 276 行.
NOTIC: [8] Undefined variable: pageName F:\www\jd\application\default\Runtime\Cache\2b9ceab0863e0aa2a5f9e0bef3e78664.php 第 276 行.
NOTIC: [8] Undefined variable: id F:\www\jd\application\default\Runtime\Cache\2b9ceab0863e0aa2a5f9e0bef3e78664.php 第 637 行.
NOTIC: [8] Undefined variable: id F:\www\jd\application\default\Runtime\Cache\2b9ceab0863e0aa2a5f9e0bef3e78664.php 第 643 行.
INFO: ParseTemplate Behavior ::run [ RunTime:0.017041s ]
INFO: [ view_parse ] --END-- [ RunTime:0.017082s ]
INFO: [ view_filter ] --START--
INFO: ContentReplace Behavior ::run [ RunTime:0.000650s ]
INFO: TokenBuild Behavior ::run [ RunTime:0.000437s ]
INFO: WriteHtmlCache Behavior ::run [ RunTime:0.000313s ]
INFO: ShowRuntime Behavior ::run [ RunTime:0.000554s ]
INFO: [ view_filter ] --END-- [ RunTime:0.002078s ]
INFO: [ view_end ] --START--
INFO: ShowPageTrace Behavior ::run [ RunTime:0.000947s ]
INFO: [ view_end ] --END-- [ RunTime:0.001035s ]

[ 2015-08-20T09:49:15+08:00 ] 127.0.0.1 /jd/index.php/Action/index
INFO: [ route_check ] --START--
INFO: CheckRoute Behavior ::run [ RunTime:0.000678s ]
INFO: [ route_check ] --END-- [ RunTime:0.000725s ]
INFO: [ app_begin ] --START--
INFO: ReadHtmlCache Behavior ::run [ RunTime:0.000493s ]
INFO: [ app_begin ] --END-- [ RunTime:0.000527s ]
NOTIC: [8] Undefined index: bookId F:\www\jd\application\default\Lib\Action\ActionAction.class.php 第 55 行.
NOTIC: [8] Undefined index: bookCount F:\www\jd\application\default\Lib\Action\ActionAction.class.php 第 56 行.
NOTIC: [8] Undefined index: userMsg F:\www\jd\application\default\Lib\Action\ActionAction.class.php 第 57 行.
SQL: SHOW COLUMNS FROM `carinfo` [ RunTime:0.002576s ]
SQL: SELECT * FROM `carinfo` WHERE ( bookId= and userId= ) LIMIT 1   [ RunTime:0.000157s ]
ERR: 1064:You have an error in your SQL syntax; check the manual that corresponds to your MySQL server version for the right syntax to use near 'and userId= ) LIMIT 1' at line 1
 [ SQL语句 ] : SELECT * FROM `carinfo` WHERE ( bookId= and userId= ) LIMIT 1  
SQL: INSERT INTO `carinfo` (`userId`) VALUES (null) [ RunTime:0.000157s ]
ERR: 1048:Column 'userId' cannot be null
 [ SQL语句 ] : INSERT INTO `carinfo` (`userId`) VALUES (null)

[ 2015-08-20T09:49:15+08:00 ] 127.0.0.1 /jd/index.php/Cart/index.html
INFO: [ route_check ] --START--
INFO: CheckRoute Behavior ::run [ RunTime:0.000610s ]
INFO: [ route_check ] --END-- [ RunTime:0.000659s ]
INFO: [ app_begin ] --START--
INFO: ReadHtmlCache Behavior ::run [ RunTime:0.000465s ]
INFO: [ app_begin ] --END-- [ RunTime:0.000497s ]
INFO: [ view_parse ] --START--
NOTIC: [8] Undefined index: userMsg F:\www\jd\application\default\Runtime\Cache\731ca5e0427d3d96fea3cdcfd561c48b.php 第 156 行.
NOTIC: [8] Use of undefined constant index - assumed 'index' F:\www\jd\application\default\Runtime\Cache\731ca5e0427d3d96fea3cdcfd561c48b.php 第 170 行.
NOTIC: [8] Undefined variable: pageName F:\www\jd\application\default\Runtime\Cache\731ca5e0427d3d96fea3cdcfd561c48b.php 第 170 行.
NOTIC: [8] Use of undefined constant category1 - assumed 'category1' F:\www\jd\application\default\Runtime\Cache\731ca5e0427d3d96fea3cdcfd561c48b.php 第 173 行.
NOTIC: [8] Undefined variable: pageName F:\www\jd\application\default\Runtime\Cache\731ca5e0427d3d96fea3cdcfd561c48b.php 第 173 行.
NOTIC: [8] Use of undefined constant auction - assumed 'auction' F:\www\jd\application\default\Runtime\Cache\731ca5e0427d3d96fea3cdcfd561c48b.php 第 176 行.
NOTIC: [8] Undefined variable: pageName F:\www\jd\application\default\Runtime\Cache\731ca5e0427d3d96fea3cdcfd561c48b.php 第 176 行.
NOTIC: [8] Use of undefined constant Diy - assumed 'Diy' F:\www\jd\application\default\Runtime\Cache\731ca5e0427d3d96fea3cdcfd561c48b.php 第 179 行.
NOTIC: [8] Undefined variable: pageName F:\www\jd\application\default\Runtime\Cache\731ca5e0427d3d96fea3cdcfd561c48b.php 第 179 行.
NOTIC: [8] Use of undefined constant Message - assumed 'Message' F:\www\jd\application\default\Runtime\Cache\731ca5e0427d3d96fea3cdcfd561c48b.php 第 182 行.
NOTIC: [8] Undefined variable: pageName F:\www\jd\application\default\Runtime\Cache\731ca5e0427d3d96fea3cdcfd561c48b.php 第 182 行.
NOTIC: [8] Use of undefined constant category2 - assumed 'category2' F:\www\jd\application\default\Runtime\Cache\731ca5e0427d3d96fea3cdcfd561c48b.php 第 185 行.
NOTIC: [8] Undefined variable: pageName F:\www\jd\application\default\Runtime\Cache\731ca5e0427d3d96fea3cdcfd561c48b.php 第 185 行.
NOTIC: [8] Use of undefined constant category3 - assumed 'category3' F:\www\jd\application\default\Runtime\Cache\731ca5e0427d3d96fea3cdcfd561c48b.php 第 188 行.
NOTIC: [8] Undefined variable: pageName F:\www\jd\application\default\Runtime\Cache\731ca5e0427d3d96fea3cdcfd561c48b.php 第 188 行.
INFO: ParseTemplate Behavior ::run [ RunTime:0.009691s ]
INFO: [ view_parse ] --END-- [ RunTime:0.009726s ]
INFO: [ view_filter ] --START--
INFO: ContentReplace Behavior ::run [ RunTime:0.000551s ]
INFO: TokenBuild Behavior ::run [ RunTime:0.000440s ]
INFO: WriteHtmlCache Behavior ::run [ RunTime:0.000364s ]
INFO: ShowRuntime Behavior ::run [ RunTime:0.000461s ]
INFO: [ view_filter ] --END-- [ RunTime:0.001924s ]
INFO: [ view_end ] --START--
INFO: ShowPageTrace Behavior ::run [ RunTime:0.000993s ]
INFO: [ view_end ] --END-- [ RunTime:0.001065s ]

[ 2015-08-20T09:49:23+08:00 ] 127.0.0.1 /jd/index.php/Cart/flow
INFO: [ route_check ] --START--
INFO: CheckRoute Behavior ::run [ RunTime:0.000741s ]
INFO: [ route_check ] --END-- [ RunTime:0.000786s ]
INFO: [ app_begin ] --START--
INFO: ReadHtmlCache Behavior ::run [ RunTime:0.000553s ]
INFO: [ app_begin ] --END-- [ RunTime:0.000598s ]
INFO: [ view_parse ] --START--
NOTIC: [8] Undefined index: userMsg F:\www\jd\application\default\Runtime\Cache\30301ff7edb8db65c628a3bb05bb491e.php 第 131 行.
NOTIC: [8] Use of undefined constant index - assumed 'index' F:\www\jd\application\default\Runtime\Cache\30301ff7edb8db65c628a3bb05bb491e.php 第 145 行.
NOTIC: [8] Undefined variable: pageName F:\www\jd\application\default\Runtime\Cache\30301ff7edb8db65c628a3bb05bb491e.php 第 145 行.
NOTIC: [8] Use of undefined constant category1 - assumed 'category1' F:\www\jd\application\default\Runtime\Cache\30301ff7edb8db65c628a3bb05bb491e.php 第 148 行.
NOTIC: [8] Undefined variable: pageName F:\www\jd\application\default\Runtime\Cache\30301ff7edb8db65c628a3bb05bb491e.php 第 148 行.
NOTIC: [8] Use of undefined constant auction - assumed 'auction' F:\www\jd\application\default\Runtime\Cache\30301ff7edb8db65c628a3bb05bb491e.php 第 151 行.
NOTIC: [8] Undefined variable: pageName F:\www\jd\application\default\Runtime\Cache\30301ff7edb8db65c628a3bb05bb491e.php 第 151 行.
NOTIC: [8] Use of undefined constant Diy - assumed 'Diy' F:\www\jd\application\default\Runtime\Cache\30301ff7edb8db65c628a3bb05bb491e.php 第 154 行.
NOTIC: [8] Undefined variable: pageName F:\www\jd\application\default\Runtime\Cache\30301ff7edb8db65c628a3bb05bb491e.php 第 154 行.
NOTIC: [8] Use of undefined constant Message - assumed 'Message' F:\www\jd\application\default\Runtime\Cache\30301ff7edb8db65c628a3bb05bb491e.php 第 157 行.
NOTIC: [8] Undefined variable: pageName F:\www\jd\application\default\Runtime\Cache\30301ff7edb8db65c628a3bb05bb491e.php 第 157 行.
NOTIC: [8] Use of undefined constant category2 - assumed 'category2' F:\www\jd\application\default\Runtime\Cache\30301ff7edb8db65c628a3bb05bb491e.php 第 160 行.
NOTIC: [8] Undefined variable: pageName F:\www\jd\application\default\Runtime\Cache\30301ff7edb8db65c628a3bb05bb491e.php 第 160 行.
NOTIC: [8] Use of undefined constant category3 - assumed 'category3' F:\www\jd\application\default\Runtime\Cache\30301ff7edb8db65c628a3bb05bb491e.php 第 163 行.
NOTIC: [8] Undefined variable: pageName F:\www\jd\application\default\Runtime\Cache\30301ff7edb8db65c628a3bb05bb491e.php 第 163 行.
INFO: ParseTemplate Behavior ::run [ RunTime:0.099087s ]
INFO: [ view_parse ] --END-- [ RunTime:0.099129s ]
INFO: [ view_filter ] --START--
INFO: ContentReplace Behavior ::run [ RunTime:0.000619s ]
INFO: TokenBuild Behavior ::run [ RunTime:0.000440s ]
INFO: WriteHtmlCache Behavior ::run [ RunTime:0.000375s ]
INFO: ShowRuntime Behavior ::run [ RunTime:0.000579s ]
INFO: [ view_filter ] --END-- [ RunTime:0.002116s ]
INFO: [ view_end ] --START--
INFO: ShowPageTrace Behavior ::run [ RunTime:0.000598s ]
INFO: [ view_end ] --END-- [ RunTime:0.000649s ]

[ 2015-08-20T14:16:02+08:00 ] 127.0.0.1 /jd/
INFO: [ app_begin ] --START--
INFO: ReadHtmlCache Behavior ::run [ RunTime:0.000610s ]
INFO: [ app_begin ] --END-- [ RunTime:0.000663s ]
SQL: SHOW COLUMNS FROM `goodstype` [ RunTime:0.002648s ]
SQL: SELECT * FROM `goodstype` WHERE ( parentId=0 )  [ RunTime:0.000247s ]
SQL: SELECT * FROM `goodstype` WHERE ( parentId=1 )  [ RunTime:0.000144s ]
SQL: SELECT * FROM `goodstype` WHERE ( parentId=2 )  [ RunTime:0.000142s ]
SQL: SELECT * FROM `goodstype` WHERE ( parentId=6 )  [ RunTime:0.000140s ]
SQL: SELECT * FROM `goodstype` WHERE ( parentId=10 )  [ RunTime:0.000136s ]
SQL: SELECT * FROM `goodstype` WHERE ( parentId=11 )  [ RunTime:0.000135s ]
SQL: SELECT * FROM `goodstype` WHERE ( parentId=14 )  [ RunTime:0.000200s ]
SQL: SELECT * FROM `goodstype` WHERE ( parentId=17 )  [ RunTime:0.000148s ]
NOTIC: [2] Invalid argument supplied for foreach() F:\www\jd\application\default\Lib\Action\IndexAction.class.php 第 13 行.
SQL: SELECT * FROM `goodstype` WHERE ( parentId=18 )  [ RunTime:0.000138s ]
NOTIC: [2] Invalid argument supplied for foreach() F:\www\jd\application\default\Lib\Action\IndexAction.class.php 第 13 行.
SQL: SHOW COLUMNS FROM `brandinfo` [ RunTime:0.002395s ]
NOTIC: [8] Undefined offset: 0 F:\www\jd\application\default\Lib\Action\IndexAction.class.php 第 23 行.
SQL: SELECT * FROM `brandinfo` WHERE ( typeId= )  [ RunTime:0.000109s ]
ERR: 1064:You have an error in your SQL syntax; check the manual that corresponds to your MySQL server version for the right syntax to use near ')' at line 1
 [ SQL语句 ] : SELECT * FROM `brandinfo` WHERE ( typeId= ) 
SQL: SHOW COLUMNS FROM `goodsinfo` [ RunTime:0.003268s ]
SQL: SELECT * FROM `goodsinfo`  [ RunTime:0.000330s ]
INFO: [ view_parse ] --START--
NOTIC: [8] Undefined index: userMsg F:\www\jd\application\default\Runtime\Cache\33af4b837747d1d7905dbdd00c63e095.php 第 247 行.
NOTIC: [8] Use of undefined constant index - assumed 'index' F:\www\jd\application\default\Runtime\Cache\33af4b837747d1d7905dbdd00c63e095.php 第 261 行.
NOTIC: [8] Use of undefined constant category1 - assumed 'category1' F:\www\jd\application\default\Runtime\Cache\33af4b837747d1d7905dbdd00c63e095.php 第 264 行.
NOTIC: [8] Use of undefined constant auction - assumed 'auction' F:\www\jd\application\default\Runtime\Cache\33af4b837747d1d7905dbdd00c63e095.php 第 267 行.
NOTIC: [8] Use of undefined constant Diy - assumed 'Diy' F:\www\jd\application\default\Runtime\Cache\33af4b837747d1d7905dbdd00c63e095.php 第 270 行.
NOTIC: [8] Use of undefined constant Message - assumed 'Message' F:\www\jd\application\default\Runtime\Cache\33af4b837747d1d7905dbdd00c63e095.php 第 273 行.
NOTIC: [8] Use of undefined constant category2 - assumed 'category2' F:\www\jd\application\default\Runtime\Cache\33af4b837747d1d7905dbdd00c63e095.php 第 276 行.
NOTIC: [8] Use of undefined constant category3 - assumed 'category3' F:\www\jd\application\default\Runtime\Cache\33af4b837747d1d7905dbdd00c63e095.php 第 279 行.
INFO: ParseTemplate Behavior ::run [ RunTime:0.020148s ]
INFO: [ view_parse ] --END-- [ RunTime:0.020190s ]
INFO: [ view_filter ] --START--
INFO: ContentReplace Behavior ::run [ RunTime:0.000855s ]
INFO: TokenBuild Behavior ::run [ RunTime:0.000470s ]
INFO: WriteHtmlCache Behavior ::run [ RunTime:0.000360s ]
INFO: ShowRuntime Behavior ::run [ RunTime:0.000522s ]
INFO: [ view_filter ] --END-- [ RunTime:0.002318s ]
INFO: [ view_end ] --START--
INFO: ShowPageTrace Behavior ::run [ RunTime:0.000790s ]
INFO: [ view_end ] --END-- [ RunTime:0.000850s ]

[ 2015-08-20T14:16:07+08:00 ] 127.0.0.1 /jd/index.php/Goods/index/id/6
INFO: [ route_check ] --START--
INFO: CheckRoute Behavior ::run [ RunTime:0.000736s ]
INFO: [ route_check ] --END-- [ RunTime:0.000786s ]
INFO: [ app_begin ] --START--
INFO: ReadHtmlCache Behavior ::run [ RunTime:0.000573s ]
INFO: [ app_begin ] --END-- [ RunTime:0.000627s ]
SQL: SHOW COLUMNS FROM `goodsinfo` [ RunTime:0.002740s ]
SQL: SELECT * FROM `goodsinfo` WHERE ( goodsId=6 ) LIMIT 1   [ RunTime:0.000274s ]
INFO: [ view_parse ] --START--
NOTIC: [8] Undefined index: userMsg F:\www\jd\application\default\Runtime\Cache\2b9ceab0863e0aa2a5f9e0bef3e78664.php 第 244 行.
NOTIC: [8] Use of undefined constant index - assumed 'index' F:\www\jd\application\default\Runtime\Cache\2b9ceab0863e0aa2a5f9e0bef3e78664.php 第 258 行.
NOTIC: [8] Undefined variable: pageName F:\www\jd\application\default\Runtime\Cache\2b9ceab0863e0aa2a5f9e0bef3e78664.php 第 258 行.
NOTIC: [8] Use of undefined constant category1 - assumed 'category1' F:\www\jd\application\default\Runtime\Cache\2b9ceab0863e0aa2a5f9e0bef3e78664.php 第 261 行.
NOTIC: [8] Undefined variable: pageName F:\www\jd\application\default\Runtime\Cache\2b9ceab0863e0aa2a5f9e0bef3e78664.php 第 261 行.
NOTIC: [8] Use of undefined constant auction - assumed 'auction' F:\www\jd\application\default\Runtime\Cache\2b9ceab0863e0aa2a5f9e0bef3e78664.php 第 264 行.
NOTIC: [8] Undefined variable: pageName F:\www\jd\application\default\Runtime\Cache\2b9ceab0863e0aa2a5f9e0bef3e78664.php 第 264 行.
NOTIC: [8] Use of undefined constant Diy - assumed 'Diy' F:\www\jd\application\default\Runtime\Cache\2b9ceab0863e0aa2a5f9e0bef3e78664.php 第 267 行.
NOTIC: [8] Undefined variable: pageName F:\www\jd\application\default\Runtime\Cache\2b9ceab0863e0aa2a5f9e0bef3e78664.php 第 267 行.
NOTIC: [8] Use of undefined constant Message - assumed 'Message' F:\www\jd\application\default\Runtime\Cache\2b9ceab0863e0aa2a5f9e0bef3e78664.php 第 270 行.
NOTIC: [8] Undefined variable: pageName F:\www\jd\application\default\Runtime\Cache\2b9ceab0863e0aa2a5f9e0bef3e78664.php 第 270 行.
NOTIC: [8] Use of undefined constant category2 - assumed 'category2' F:\www\jd\application\default\Runtime\Cache\2b9ceab0863e0aa2a5f9e0bef3e78664.php 第 273 行.
NOTIC: [8] Undefined variable: pageName F:\www\jd\application\default\Runtime\Cache\2b9ceab0863e0aa2a5f9e0bef3e78664.php 第 273 行.
NOTIC: [8] Use of undefined constant category3 - assumed 'category3' F:\www\jd\application\default\Runtime\Cache\2b9ceab0863e0aa2a5f9e0bef3e78664.php 第 276 行.
NOTIC: [8] Undefined variable: pageName F:\www\jd\application\default\Runtime\Cache\2b9ceab0863e0aa2a5f9e0bef3e78664.php 第 276 行.
NOTIC: [8] Undefined variable: id F:\www\jd\application\default\Runtime\Cache\2b9ceab0863e0aa2a5f9e0bef3e78664.php 第 637 行.
NOTIC: [8] Undefined variable: id F:\www\jd\application\default\Runtime\Cache\2b9ceab0863e0aa2a5f9e0bef3e78664.php 第 643 行.
INFO: ParseTemplate Behavior ::run [ RunTime:0.098168s ]
INFO: [ view_parse ] --END-- [ RunTime:0.098207s ]
INFO: [ view_filter ] --START--
INFO: ContentReplace Behavior ::run [ RunTime:0.000743s ]
INFO: TokenBuild Behavior ::run [ RunTime:0.000506s ]
INFO: WriteHtmlCache Behavior ::run [ RunTime:0.000378s ]
INFO: ShowRuntime Behavior ::run [ RunTime:0.000520s ]
INFO: [ view_filter ] --END-- [ RunTime:0.002239s ]
INFO: [ view_end ] --START--
INFO: ShowPageTrace Behavior ::run [ RunTime:0.003695s ]
INFO: [ view_end ] --END-- [ RunTime:0.003810s ]

[ 2015-08-20T14:18:31+08:00 ] 127.0.0.1 /jd/index.php/Action/index
INFO: [ route_check ] --START--
INFO: CheckRoute Behavior ::run [ RunTime:0.000817s ]
INFO: [ route_check ] --END-- [ RunTime:0.000911s ]
INFO: [ app_begin ] --START--
INFO: ReadHtmlCache Behavior ::run [ RunTime:0.000551s ]
INFO: [ app_begin ] --END-- [ RunTime:0.000585s ]
NOTIC: [8] Undefined index: bookId F:\www\jd\application\default\Lib\Action\ActionAction.class.php 第 55 行.
NOTIC: [8] Undefined index: bookCount F:\www\jd\application\default\Lib\Action\ActionAction.class.php 第 56 行.
NOTIC: [8] Undefined index: userMsg F:\www\jd\application\default\Lib\Action\ActionAction.class.php 第 57 行.
SQL: SHOW COLUMNS FROM `carinfo` [ RunTime:0.003355s ]
SQL: SELECT * FROM `carinfo` WHERE ( bookId= and userId= ) LIMIT 1   [ RunTime:0.000178s ]
ERR: 1064:You have an error in your SQL syntax; check the manual that corresponds to your MySQL server version for the right syntax to use near 'and userId= ) LIMIT 1' at line 1
 [ SQL语句 ] : SELECT * FROM `carinfo` WHERE ( bookId= and userId= ) LIMIT 1  
SQL: INSERT INTO `carinfo` (`userId`) VALUES (null) [ RunTime:0.000233s ]
ERR: 1048:Column 'userId' cannot be null
 [ SQL语句 ] : INSERT INTO `carinfo` (`userId`) VALUES (null)

[ 2015-08-20T14:18:31+08:00 ] 127.0.0.1 /jd/index.php/Cart/index.html
INFO: [ route_check ] --START--
INFO: CheckRoute Behavior ::run [ RunTime:0.000654s ]
INFO: [ route_check ] --END-- [ RunTime:0.000705s ]
INFO: [ app_begin ] --START--
INFO: ReadHtmlCache Behavior ::run [ RunTime:0.000439s ]
INFO: [ app_begin ] --END-- [ RunTime:0.000471s ]
INFO: [ view_parse ] --START--
NOTIC: [8] Undefined index: userMsg F:\www\jd\application\default\Runtime\Cache\731ca5e0427d3d96fea3cdcfd561c48b.php 第 156 行.
NOTIC: [8] Use of undefined constant index - assumed 'index' F:\www\jd\application\default\Runtime\Cache\731ca5e0427d3d96fea3cdcfd561c48b.php 第 170 行.
NOTIC: [8] Undefined variable: pageName F:\www\jd\application\default\Runtime\Cache\731ca5e0427d3d96fea3cdcfd561c48b.php 第 170 行.
NOTIC: [8] Use of undefined constant category1 - assumed 'category1' F:\www\jd\application\default\Runtime\Cache\731ca5e0427d3d96fea3cdcfd561c48b.php 第 173 行.
NOTIC: [8] Undefined variable: pageName F:\www\jd\application\default\Runtime\Cache\731ca5e0427d3d96fea3cdcfd561c48b.php 第 173 行.
NOTIC: [8] Use of undefined constant auction - assumed 'auction' F:\www\jd\application\default\Runtime\Cache\731ca5e0427d3d96fea3cdcfd561c48b.php 第 176 行.
NOTIC: [8] Undefined variable: pageName F:\www\jd\application\default\Runtime\Cache\731ca5e0427d3d96fea3cdcfd561c48b.php 第 176 行.
NOTIC: [8] Use of undefined constant Diy - assumed 'Diy' F:\www\jd\application\default\Runtime\Cache\731ca5e0427d3d96fea3cdcfd561c48b.php 第 179 行.
NOTIC: [8] Undefined variable: pageName F:\www\jd\application\default\Runtime\Cache\731ca5e0427d3d96fea3cdcfd561c48b.php 第 179 行.
NOTIC: [8] Use of undefined constant Message - assumed 'Message' F:\www\jd\application\default\Runtime\Cache\731ca5e0427d3d96fea3cdcfd561c48b.php 第 182 行.
NOTIC: [8] Undefined variable: pageName F:\www\jd\application\default\Runtime\Cache\731ca5e0427d3d96fea3cdcfd561c48b.php 第 182 行.
NOTIC: [8] Use of undefined constant category2 - assumed 'category2' F:\www\jd\application\default\Runtime\Cache\731ca5e0427d3d96fea3cdcfd561c48b.php 第 185 行.
NOTIC: [8] Undefined variable: pageName F:\www\jd\application\default\Runtime\Cache\731ca5e0427d3d96fea3cdcfd561c48b.php 第 185 行.
NOTIC: [8] Use of undefined constant category3 - assumed 'category3' F:\www\jd\application\default\Runtime\Cache\731ca5e0427d3d96fea3cdcfd561c48b.php 第 188 行.
NOTIC: [8] Undefined variable: pageName F:\www\jd\application\default\Runtime\Cache\731ca5e0427d3d96fea3cdcfd561c48b.php 第 188 行.
INFO: ParseTemplate Behavior ::run [ RunTime:0.010264s ]
INFO: [ view_parse ] --END-- [ RunTime:0.010346s ]
INFO: [ view_filter ] --START--
INFO: ContentReplace Behavior ::run [ RunTime:0.000556s ]
INFO: TokenBuild Behavior ::run [ RunTime:0.000486s ]
INFO: WriteHtmlCache Behavior ::run [ RunTime:0.000301s ]
INFO: ShowRuntime Behavior ::run [ RunTime:0.000527s ]
INFO: [ view_filter ] --END-- [ RunTime:0.001963s ]
INFO: [ view_end ] --START--
INFO: ShowPageTrace Behavior ::run [ RunTime:0.000636s ]
INFO: [ view_end ] --END-- [ RunTime:0.000684s ]

