[ 2015-11-13T14:38:15+08:00 ] 127.0.0.1 /jd/
INFO: [ app_begin ] --START--
INFO: ReadHtmlCache Behavior ::run [ RunTime:0.000908s ]
INFO: [ app_begin ] --END-- [ RunTime:0.015820s ]
SQL: SHOW COLUMNS FROM `goodstype` [ RunTime:0.334907s ]
SQL: SELECT * FROM `goodstype` WHERE ( parentId=0 )  [ RunTime:0.011819s ]
SQL: SELECT * FROM `goodstype` WHERE ( parentId=1 )  [ RunTime:0.000255s ]
SQL: SELECT * FROM `goodstype` WHERE ( parentId=2 )  [ RunTime:0.000288s ]
SQL: SELECT * FROM `goodstype` WHERE ( parentId=6 )  [ RunTime:0.000230s ]
SQL: SELECT * FROM `goodstype` WHERE ( parentId=10 )  [ RunTime:0.000201s ]
SQL: SELECT * FROM `goodstype` WHERE ( parentId=11 )  [ RunTime:0.000191s ]
SQL: SELECT * FROM `goodstype` WHERE ( parentId=14 )  [ RunTime:0.000208s ]
SQL: SELECT * FROM `goodstype` WHERE ( parentId=17 )  [ RunTime:0.000204s ]
NOTIC: [2] Invalid argument supplied for foreach() F:\www\jd\application\default\Lib\Action\IndexAction.class.php 第 13 行.
SQL: SELECT * FROM `goodstype` WHERE ( parentId=18 )  [ RunTime:0.000201s ]
NOTIC: [2] Invalid argument supplied for foreach() F:\www\jd\application\default\Lib\Action\IndexAction.class.php 第 13 行.
SQL: SHOW COLUMNS FROM `brandinfo` [ RunTime:0.028854s ]
NOTIC: [8] Undefined offset: 0 F:\www\jd\application\default\Lib\Action\IndexAction.class.php 第 23 行.
SQL: SELECT * FROM `brandinfo` WHERE ( typeId= )  [ RunTime:0.000184s ]
ERR: 1064:You have an error in your SQL syntax; check the manual that corresponds to your MySQL server version for the right syntax to use near ')' at line 1
 [ SQL语句 ] : SELECT * FROM `brandinfo` WHERE ( typeId= ) 
SQL: SHOW COLUMNS FROM `goodsinfo` [ RunTime:0.005342s ]
SQL: SELECT * FROM `goodsinfo`  [ RunTime:0.000271s ]
INFO: [ view_parse ] --START--
NOTIC: [8] Undefined index: userMsg F:\www\jd\application\default\Runtime\Cache\33af4b837747d1d7905dbdd00c63e095.php 第 247 行.
NOTIC: [8] Use of undefined constant index - assumed 'index' F:\www\jd\application\default\Runtime\Cache\33af4b837747d1d7905dbdd00c63e095.php 第 261 行.
NOTIC: [8] Use of undefined constant category1 - assumed 'category1' F:\www\jd\application\default\Runtime\Cache\33af4b837747d1d7905dbdd00c63e095.php 第 264 行.
NOTIC: [8] Use of undefined constant auction - assumed 'auction' F:\www\jd\application\default\Runtime\Cache\33af4b837747d1d7905dbdd00c63e095.php 第 267 行.
NOTIC: [8] Use of undefined constant Diy - assumed 'Diy' F:\www\jd\application\default\Runtime\Cache\33af4b837747d1d7905dbdd00c63e095.php 第 270 行.
NOTIC: [8] Use of undefined constant Message - assumed 'Message' F:\www\jd\application\default\Runtime\Cache\33af4b837747d1d7905dbdd00c63e095.php 第 273 行.
NOTIC: [8] Use of undefined constant category2 - assumed 'category2' F:\www\jd\application\default\Runtime\Cache\33af4b837747d1d7905dbdd00c63e095.php 第 276 行.
NOTIC: [8] Use of undefined constant category3 - assumed 'category3' F:\www\jd\application\default\Runtime\Cache\33af4b837747d1d7905dbdd00c63e095.php 第 279 行.
INFO: ParseTemplate Behavior ::run [ RunTime:0.130669s ]
INFO: [ view_parse ] --END-- [ RunTime:0.130723s ]
INFO: [ view_filter ] --START--
INFO: ContentReplace Behavior ::run [ RunTime:0.001296s ]
INFO: TokenBuild Behavior ::run [ RunTime:0.000720s ]
INFO: WriteHtmlCache Behavior ::run [ RunTime:0.000561s ]
INFO: ShowRuntime Behavior ::run [ RunTime:0.000808s ]
INFO: [ view_filter ] --END-- [ RunTime:0.003526s ]
INFO: [ view_end ] --START--
INFO: ShowPageTrace Behavior ::run [ RunTime:0.000996s ]
INFO: [ view_end ] --END-- [ RunTime:0.001079s ]

[ 2015-11-13T14:38:29+08:00 ] 127.0.0.1 /jd/index.php/Login/index
INFO: [ route_check ] --START--
INFO: CheckRoute Behavior ::run [ RunTime:0.000926s ]
INFO: [ route_check ] --END-- [ RunTime:0.000983s ]
INFO: [ app_begin ] --START--
INFO: ReadHtmlCache Behavior ::run [ RunTime:0.002267s ]
INFO: [ app_begin ] --END-- [ RunTime:0.002409s ]
INFO: [ view_parse ] --START--
NOTIC: [8] Undefined index: userMsg F:\www\jd\application\default\Runtime\Cache\f2b90c6db23de04500c5a2e42ebff9b8.php 第 108 行.
NOTIC: [8] Use of undefined constant index - assumed 'index' F:\www\jd\application\default\Runtime\Cache\f2b90c6db23de04500c5a2e42ebff9b8.php 第 122 行.
NOTIC: [8] Undefined variable: pageName F:\www\jd\application\default\Runtime\Cache\f2b90c6db23de04500c5a2e42ebff9b8.php 第 122 行.
NOTIC: [8] Use of undefined constant category1 - assumed 'category1' F:\www\jd\application\default\Runtime\Cache\f2b90c6db23de04500c5a2e42ebff9b8.php 第 125 行.
NOTIC: [8] Undefined variable: pageName F:\www\jd\application\default\Runtime\Cache\f2b90c6db23de04500c5a2e42ebff9b8.php 第 125 行.
NOTIC: [8] Use of undefined constant auction - assumed 'auction' F:\www\jd\application\default\Runtime\Cache\f2b90c6db23de04500c5a2e42ebff9b8.php 第 128 行.
NOTIC: [8] Undefined variable: pageName F:\www\jd\application\default\Runtime\Cache\f2b90c6db23de04500c5a2e42ebff9b8.php 第 128 行.
NOTIC: [8] Use of undefined constant Diy - assumed 'Diy' F:\www\jd\application\default\Runtime\Cache\f2b90c6db23de04500c5a2e42ebff9b8.php 第 131 行.
NOTIC: [8] Undefined variable: pageName F:\www\jd\application\default\Runtime\Cache\f2b90c6db23de04500c5a2e42ebff9b8.php 第 131 行.
NOTIC: [8] Use of undefined constant Message - assumed 'Message' F:\www\jd\application\default\Runtime\Cache\f2b90c6db23de04500c5a2e42ebff9b8.php 第 134 行.
NOTIC: [8] Undefined variable: pageName F:\www\jd\application\default\Runtime\Cache\f2b90c6db23de04500c5a2e42ebff9b8.php 第 134 行.
NOTIC: [8] Use of undefined constant category2 - assumed 'category2' F:\www\jd\application\default\Runtime\Cache\f2b90c6db23de04500c5a2e42ebff9b8.php 第 137 行.
NOTIC: [8] Undefined variable: pageName F:\www\jd\application\default\Runtime\Cache\f2b90c6db23de04500c5a2e42ebff9b8.php 第 137 行.
NOTIC: [8] Use of undefined constant category3 - assumed 'category3' F:\www\jd\application\default\Runtime\Cache\f2b90c6db23de04500c5a2e42ebff9b8.php 第 140 行.
NOTIC: [8] Undefined variable: pageName F:\www\jd\application\default\Runtime\Cache\f2b90c6db23de04500c5a2e42ebff9b8.php 第 140 行.
INFO: ParseTemplate Behavior ::run [ RunTime:0.027798s ]
INFO: [ view_parse ] --END-- [ RunTime:0.027896s ]
INFO: [ view_filter ] --START--
INFO: ContentReplace Behavior ::run [ RunTime:0.001129s ]
INFO: TokenBuild Behavior ::run [ RunTime:0.000934s ]
INFO: WriteHtmlCache Behavior ::run [ RunTime:0.000694s ]
INFO: ShowRuntime Behavior ::run [ RunTime:0.000959s ]
INFO: [ view_filter ] --END-- [ RunTime:0.003895s ]
INFO: [ view_end ] --START--
INFO: ShowPageTrace Behavior ::run [ RunTime:0.001844s ]
INFO: [ view_end ] --END-- [ RunTime:0.001988s ]

[ 2015-11-13T14:38:43+08:00 ] 127.0.0.1 /jd/index.php/Login/login
INFO: [ route_check ] --START--
INFO: CheckRoute Behavior ::run [ RunTime:0.000990s ]
INFO: [ route_check ] --END-- [ RunTime:0.001048s ]
INFO: [ app_begin ] --START--
INFO: ReadHtmlCache Behavior ::run [ RunTime:0.000753s ]
INFO: [ app_begin ] --END-- [ RunTime:0.000795s ]
SQL: SHOW COLUMNS FROM `userinfo` [ RunTime:0.090462s ]
SQL: SELECT * FROM `userinfo` WHERE ( userName='admin' and passWord='123456' ) LIMIT 1   [ RunTime:0.000798s ]
INFO: [ view_parse ] --START--
INFO: ParseTemplate Behavior ::run [ RunTime:0.045965s ]
INFO: [ view_parse ] --END-- [ RunTime:0.046145s ]
INFO: [ view_filter ] --START--
INFO: ContentReplace Behavior ::run [ RunTime:0.001951s ]
INFO: TokenBuild Behavior ::run [ RunTime:0.001930s ]
INFO: WriteHtmlCache Behavior ::run [ RunTime:0.001637s ]
INFO: ShowRuntime Behavior ::run [ RunTime:0.002123s ]
INFO: [ view_filter ] --END-- [ RunTime:0.007996s ]
INFO: [ view_end ] --START--
INFO: ShowPageTrace Behavior ::run [ RunTime:0.003061s ]
INFO: [ view_end ] --END-- [ RunTime:0.003192s ]

[ 2015-11-13T14:38:44+08:00 ] 127.0.0.1 /jd/index.php/Login/index
INFO: [ route_check ] --START--
INFO: CheckRoute Behavior ::run [ RunTime:0.003096s ]
INFO: [ route_check ] --END-- [ RunTime:0.003285s ]
INFO: [ app_begin ] --START--
INFO: ReadHtmlCache Behavior ::run [ RunTime:0.001545s ]
INFO: [ app_begin ] --END-- [ RunTime:0.001662s ]
INFO: [ view_parse ] --START--
NOTIC: [8] Undefined index: userMsg F:\www\jd\application\default\Runtime\Cache\f2b90c6db23de04500c5a2e42ebff9b8.php 第 108 行.
NOTIC: [8] Use of undefined constant index - assumed 'index' F:\www\jd\application\default\Runtime\Cache\f2b90c6db23de04500c5a2e42ebff9b8.php 第 122 行.
NOTIC: [8] Undefined variable: pageName F:\www\jd\application\default\Runtime\Cache\f2b90c6db23de04500c5a2e42ebff9b8.php 第 122 行.
NOTIC: [8] Use of undefined constant category1 - assumed 'category1' F:\www\jd\application\default\Runtime\Cache\f2b90c6db23de04500c5a2e42ebff9b8.php 第 125 行.
NOTIC: [8] Undefined variable: pageName F:\www\jd\application\default\Runtime\Cache\f2b90c6db23de04500c5a2e42ebff9b8.php 第 125 行.
NOTIC: [8] Use of undefined constant auction - assumed 'auction' F:\www\jd\application\default\Runtime\Cache\f2b90c6db23de04500c5a2e42ebff9b8.php 第 128 行.
NOTIC: [8] Undefined variable: pageName F:\www\jd\application\default\Runtime\Cache\f2b90c6db23de04500c5a2e42ebff9b8.php 第 128 行.
NOTIC: [8] Use of undefined constant Diy - assumed 'Diy' F:\www\jd\application\default\Runtime\Cache\f2b90c6db23de04500c5a2e42ebff9b8.php 第 131 行.
NOTIC: [8] Undefined variable: pageName F:\www\jd\application\default\Runtime\Cache\f2b90c6db23de04500c5a2e42ebff9b8.php 第 131 行.
NOTIC: [8] Use of undefined constant Message - assumed 'Message' F:\www\jd\application\default\Runtime\Cache\f2b90c6db23de04500c5a2e42ebff9b8.php 第 134 行.
NOTIC: [8] Undefined variable: pageName F:\www\jd\application\default\Runtime\Cache\f2b90c6db23de04500c5a2e42ebff9b8.php 第 134 行.
NOTIC: [8] Use of undefined constant category2 - assumed 'category2' F:\www\jd\application\default\Runtime\Cache\f2b90c6db23de04500c5a2e42ebff9b8.php 第 137 行.
NOTIC: [8] Undefined variable: pageName F:\www\jd\application\default\Runtime\Cache\f2b90c6db23de04500c5a2e42ebff9b8.php 第 137 行.
NOTIC: [8] Use of undefined constant category3 - assumed 'category3' F:\www\jd\application\default\Runtime\Cache\f2b90c6db23de04500c5a2e42ebff9b8.php 第 140 行.
NOTIC: [8] Undefined variable: pageName F:\www\jd\application\default\Runtime\Cache\f2b90c6db23de04500c5a2e42ebff9b8.php 第 140 行.
INFO: ParseTemplate Behavior ::run [ RunTime:0.015586s ]
INFO: [ view_parse ] --END-- [ RunTime:0.015634s ]
INFO: [ view_filter ] --START--
INFO: ContentReplace Behavior ::run [ RunTime:0.000743s ]
INFO: TokenBuild Behavior ::run [ RunTime:0.000625s ]
INFO: WriteHtmlCache Behavior ::run [ RunTime:0.000561s ]
INFO: ShowRuntime Behavior ::run [ RunTime:0.000634s ]
INFO: [ view_filter ] --END-- [ RunTime:0.002680s ]
INFO: [ view_end ] --START--
INFO: ShowPageTrace Behavior ::run [ RunTime:0.001252s ]
INFO: [ view_end ] --END-- [ RunTime:0.001325s ]

[ 2015-11-13T14:38:48+08:00 ] 127.0.0.1 /jd/index.php/Login/login
INFO: [ route_check ] --START--
INFO: CheckRoute Behavior ::run [ RunTime:0.001194s ]
INFO: [ route_check ] --END-- [ RunTime:0.001276s ]
INFO: [ app_begin ] --START--
INFO: ReadHtmlCache Behavior ::run [ RunTime:0.000798s ]
INFO: [ app_begin ] --END-- [ RunTime:0.000849s ]
SQL: SHOW COLUMNS FROM `userinfo` [ RunTime:0.002699s ]
SQL: SELECT * FROM `userinfo` WHERE ( userName='admin' and passWord='admin' ) LIMIT 1   [ RunTime:0.000255s ]
INFO: [ view_parse ] --START--
INFO: ParseTemplate Behavior ::run [ RunTime:0.007031s ]
INFO: [ view_parse ] --END-- [ RunTime:0.007132s ]
INFO: [ view_filter ] --START--
INFO: ContentReplace Behavior ::run [ RunTime:0.000553s ]
INFO: TokenBuild Behavior ::run [ RunTime:0.000561s ]
INFO: WriteHtmlCache Behavior ::run [ RunTime:0.000464s ]
INFO: ShowRuntime Behavior ::run [ RunTime:0.000639s ]
INFO: [ view_filter ] --END-- [ RunTime:0.002326s ]
INFO: [ view_end ] --START--
INFO: ShowPageTrace Behavior ::run [ RunTime:0.000732s ]
INFO: [ view_end ] --END-- [ RunTime:0.000769s ]

[ 2015-11-13T14:38:49+08:00 ] 127.0.0.1 /jd/index.php/Login/index
INFO: [ route_check ] --START--
INFO: CheckRoute Behavior ::run [ RunTime:0.001830s ]
INFO: [ route_check ] --END-- [ RunTime:0.001955s ]
INFO: [ app_begin ] --START--
INFO: ReadHtmlCache Behavior ::run [ RunTime:0.001711s ]
INFO: [ app_begin ] --END-- [ RunTime:0.001828s ]
INFO: [ view_parse ] --START--
NOTIC: [8] Undefined index: userMsg F:\www\jd\application\default\Runtime\Cache\f2b90c6db23de04500c5a2e42ebff9b8.php 第 108 行.
NOTIC: [8] Use of undefined constant index - assumed 'index' F:\www\jd\application\default\Runtime\Cache\f2b90c6db23de04500c5a2e42ebff9b8.php 第 122 行.
NOTIC: [8] Undefined variable: pageName F:\www\jd\application\default\Runtime\Cache\f2b90c6db23de04500c5a2e42ebff9b8.php 第 122 行.
NOTIC: [8] Use of undefined constant category1 - assumed 'category1' F:\www\jd\application\default\Runtime\Cache\f2b90c6db23de04500c5a2e42ebff9b8.php 第 125 行.
NOTIC: [8] Undefined variable: pageName F:\www\jd\application\default\Runtime\Cache\f2b90c6db23de04500c5a2e42ebff9b8.php 第 125 行.
NOTIC: [8] Use of undefined constant auction - assumed 'auction' F:\www\jd\application\default\Runtime\Cache\f2b90c6db23de04500c5a2e42ebff9b8.php 第 128 行.
NOTIC: [8] Undefined variable: pageName F:\www\jd\application\default\Runtime\Cache\f2b90c6db23de04500c5a2e42ebff9b8.php 第 128 行.
NOTIC: [8] Use of undefined constant Diy - assumed 'Diy' F:\www\jd\application\default\Runtime\Cache\f2b90c6db23de04500c5a2e42ebff9b8.php 第 131 行.
NOTIC: [8] Undefined variable: pageName F:\www\jd\application\default\Runtime\Cache\f2b90c6db23de04500c5a2e42ebff9b8.php 第 131 行.
NOTIC: [8] Use of undefined constant Message - assumed 'Message' F:\www\jd\application\default\Runtime\Cache\f2b90c6db23de04500c5a2e42ebff9b8.php 第 134 行.
NOTIC: [8] Undefined variable: pageName F:\www\jd\application\default\Runtime\Cache\f2b90c6db23de04500c5a2e42ebff9b8.php 第 134 行.
NOTIC: [8] Use of undefined constant category2 - assumed 'category2' F:\www\jd\application\default\Runtime\Cache\f2b90c6db23de04500c5a2e42ebff9b8.php 第 137 行.
NOTIC: [8] Undefined variable: pageName F:\www\jd\application\default\Runtime\Cache\f2b90c6db23de04500c5a2e42ebff9b8.php 第 137 行.
NOTIC: [8] Use of undefined constant category3 - assumed 'category3' F:\www\jd\application\default\Runtime\Cache\f2b90c6db23de04500c5a2e42ebff9b8.php 第 140 行.
NOTIC: [8] Undefined variable: pageName F:\www\jd\application\default\Runtime\Cache\f2b90c6db23de04500c5a2e42ebff9b8.php 第 140 行.
INFO: ParseTemplate Behavior ::run [ RunTime:0.013994s ]
INFO: [ view_parse ] --END-- [ RunTime:0.014056s ]
INFO: [ view_filter ] --START--
INFO: ContentReplace Behavior ::run [ RunTime:0.001087s ]
INFO: TokenBuild Behavior ::run [ RunTime:0.000932s ]
INFO: WriteHtmlCache Behavior ::run [ RunTime:0.000631s ]
INFO: ShowRuntime Behavior ::run [ RunTime:0.000629s ]
INFO: [ view_filter ] --END-- [ RunTime:0.003427s ]
INFO: [ view_end ] --START--
INFO: ShowPageTrace Behavior ::run [ RunTime:0.001245s ]
INFO: [ view_end ] --END-- [ RunTime:0.001319s ]

[ 2015-11-13T14:38:53+08:00 ] 127.0.0.1 /jd/index.php/Login/login
INFO: [ route_check ] --START--
INFO: CheckRoute Behavior ::run [ RunTime:0.000956s ]
INFO: [ route_check ] --END-- [ RunTime:0.001019s ]
INFO: [ app_begin ] --START--
INFO: ReadHtmlCache Behavior ::run [ RunTime:0.000782s ]
INFO: [ app_begin ] --END-- [ RunTime:0.000825s ]
SQL: SHOW COLUMNS FROM `userinfo` [ RunTime:0.003326s ]
SQL: SELECT * FROM `userinfo` WHERE ( userName='admin' and passWord='123' ) LIMIT 1   [ RunTime:0.000272s ]
INFO: [ view_parse ] --START--
INFO: ParseTemplate Behavior ::run [ RunTime:0.006746s ]
INFO: [ view_parse ] --END-- [ RunTime:0.006818s ]
INFO: [ view_filter ] --START--
INFO: ContentReplace Behavior ::run [ RunTime:0.000677s ]
INFO: TokenBuild Behavior ::run [ RunTime:0.000645s ]
INFO: WriteHtmlCache Behavior ::run [ RunTime:0.000553s ]
INFO: ShowRuntime Behavior ::run [ RunTime:0.000683s ]
INFO: [ view_filter ] --END-- [ RunTime:0.002675s ]
INFO: [ view_end ] --START--
INFO: ShowPageTrace Behavior ::run [ RunTime:0.000908s ]
INFO: [ view_end ] --END-- [ RunTime:0.000945s ]

[ 2015-11-13T14:38:54+08:00 ] 127.0.0.1 /jd/index.php/Index/index
INFO: [ route_check ] --START--
INFO: CheckRoute Behavior ::run [ RunTime:0.001237s ]
INFO: [ route_check ] --END-- [ RunTime:0.001332s ]
INFO: [ app_begin ] --START--
INFO: ReadHtmlCache Behavior ::run [ RunTime:0.001263s ]
INFO: [ app_begin ] --END-- [ RunTime:0.001339s ]
SQL: SHOW COLUMNS FROM `goodstype` [ RunTime:0.004973s ]
SQL: SELECT * FROM `goodstype` WHERE ( parentId=0 )  [ RunTime:0.000319s ]
SQL: SELECT * FROM `goodstype` WHERE ( parentId=1 )  [ RunTime:0.000208s ]
SQL: SELECT * FROM `goodstype` WHERE ( parentId=2 )  [ RunTime:0.000190s ]
SQL: SELECT * FROM `goodstype` WHERE ( parentId=6 )  [ RunTime:0.000194s ]
SQL: SELECT * FROM `goodstype` WHERE ( parentId=10 )  [ RunTime:0.000175s ]
SQL: SELECT * FROM `goodstype` WHERE ( parentId=11 )  [ RunTime:0.000172s ]
SQL: SELECT * FROM `goodstype` WHERE ( parentId=14 )  [ RunTime:0.000187s ]
SQL: SELECT * FROM `goodstype` WHERE ( parentId=17 )  [ RunTime:0.000170s ]
NOTIC: [2] Invalid argument supplied for foreach() F:\www\jd\application\default\Lib\Action\IndexAction.class.php 第 13 行.
SQL: SELECT * FROM `goodstype` WHERE ( parentId=18 )  [ RunTime:0.000168s ]
NOTIC: [2] Invalid argument supplied for foreach() F:\www\jd\application\default\Lib\Action\IndexAction.class.php 第 13 行.
SQL: SHOW COLUMNS FROM `brandinfo` [ RunTime:0.003163s ]
NOTIC: [8] Undefined offset: 0 F:\www\jd\application\default\Lib\Action\IndexAction.class.php 第 23 行.
SQL: SELECT * FROM `brandinfo` WHERE ( typeId= )  [ RunTime:0.000169s ]
ERR: 1064:You have an error in your SQL syntax; check the manual that corresponds to your MySQL server version for the right syntax to use near ')' at line 1
 [ SQL语句 ] : SELECT * FROM `brandinfo` WHERE ( typeId= ) 
SQL: SHOW COLUMNS FROM `goodsinfo` [ RunTime:0.003285s ]
SQL: SELECT * FROM `goodsinfo`  [ RunTime:0.000304s ]
INFO: [ view_parse ] --START--
NOTIC: [8] Use of undefined constant index - assumed 'index' F:\www\jd\application\default\Runtime\Cache\33af4b837747d1d7905dbdd00c63e095.php 第 261 行.
NOTIC: [8] Use of undefined constant category1 - assumed 'category1' F:\www\jd\application\default\Runtime\Cache\33af4b837747d1d7905dbdd00c63e095.php 第 264 行.
NOTIC: [8] Use of undefined constant auction - assumed 'auction' F:\www\jd\application\default\Runtime\Cache\33af4b837747d1d7905dbdd00c63e095.php 第 267 行.
NOTIC: [8] Use of undefined constant Diy - assumed 'Diy' F:\www\jd\application\default\Runtime\Cache\33af4b837747d1d7905dbdd00c63e095.php 第 270 行.
NOTIC: [8] Use of undefined constant Message - assumed 'Message' F:\www\jd\application\default\Runtime\Cache\33af4b837747d1d7905dbdd00c63e095.php 第 273 行.
NOTIC: [8] Use of undefined constant category2 - assumed 'category2' F:\www\jd\application\default\Runtime\Cache\33af4b837747d1d7905dbdd00c63e095.php 第 276 行.
NOTIC: [8] Use of undefined constant category3 - assumed 'category3' F:\www\jd\application\default\Runtime\Cache\33af4b837747d1d7905dbdd00c63e095.php 第 279 行.
INFO: ParseTemplate Behavior ::run [ RunTime:0.031499s ]
INFO: [ view_parse ] --END-- [ RunTime:0.031558s ]
INFO: [ view_filter ] --START--
INFO: ContentReplace Behavior ::run [ RunTime:0.001778s ]
INFO: TokenBuild Behavior ::run [ RunTime:0.001054s ]
INFO: WriteHtmlCache Behavior ::run [ RunTime:0.000883s ]
INFO: ShowRuntime Behavior ::run [ RunTime:0.001377s ]
INFO: [ view_filter ] --END-- [ RunTime:0.005317s ]
INFO: [ view_end ] --START--
INFO: ShowPageTrace Behavior ::run [ RunTime:0.001579s ]
INFO: [ view_end ] --END-- [ RunTime:0.001686s ]

[ 2015-11-13T14:38:58+08:00 ] 127.0.0.1 /jd/index.php/Goods/index/id/1
INFO: [ route_check ] --START--
INFO: CheckRoute Behavior ::run [ RunTime:0.002205s ]
INFO: [ route_check ] --END-- [ RunTime:0.002550s ]
INFO: [ app_begin ] --START--
INFO: ReadHtmlCache Behavior ::run [ RunTime:0.000781s ]
INFO: [ app_begin ] --END-- [ RunTime:0.000825s ]
SQL: SHOW COLUMNS FROM `goodsinfo` [ RunTime:0.009917s ]
SQL: SELECT * FROM `goodsinfo` WHERE ( goodsId=1 ) LIMIT 1   [ RunTime:0.000329s ]
INFO: [ view_parse ] --START--
NOTIC: [8] Use of undefined constant index - assumed 'index' F:\www\jd\application\default\Runtime\Cache\2b9ceab0863e0aa2a5f9e0bef3e78664.php 第 258 行.
NOTIC: [8] Undefined variable: pageName F:\www\jd\application\default\Runtime\Cache\2b9ceab0863e0aa2a5f9e0bef3e78664.php 第 258 行.
NOTIC: [8] Use of undefined constant category1 - assumed 'category1' F:\www\jd\application\default\Runtime\Cache\2b9ceab0863e0aa2a5f9e0bef3e78664.php 第 261 行.
NOTIC: [8] Undefined variable: pageName F:\www\jd\application\default\Runtime\Cache\2b9ceab0863e0aa2a5f9e0bef3e78664.php 第 261 行.
NOTIC: [8] Use of undefined constant auction - assumed 'auction' F:\www\jd\application\default\Runtime\Cache\2b9ceab0863e0aa2a5f9e0bef3e78664.php 第 264 行.
NOTIC: [8] Undefined variable: pageName F:\www\jd\application\default\Runtime\Cache\2b9ceab0863e0aa2a5f9e0bef3e78664.php 第 264 行.
NOTIC: [8] Use of undefined constant Diy - assumed 'Diy' F:\www\jd\application\default\Runtime\Cache\2b9ceab0863e0aa2a5f9e0bef3e78664.php 第 267 行.
NOTIC: [8] Undefined variable: pageName F:\www\jd\application\default\Runtime\Cache\2b9ceab0863e0aa2a5f9e0bef3e78664.php 第 267 行.
NOTIC: [8] Use of undefined constant Message - assumed 'Message' F:\www\jd\application\default\Runtime\Cache\2b9ceab0863e0aa2a5f9e0bef3e78664.php 第 270 行.
NOTIC: [8] Undefined variable: pageName F:\www\jd\application\default\Runtime\Cache\2b9ceab0863e0aa2a5f9e0bef3e78664.php 第 270 行.
NOTIC: [8] Use of undefined constant category2 - assumed 'category2' F:\www\jd\application\default\Runtime\Cache\2b9ceab0863e0aa2a5f9e0bef3e78664.php 第 273 行.
NOTIC: [8] Undefined variable: pageName F:\www\jd\application\default\Runtime\Cache\2b9ceab0863e0aa2a5f9e0bef3e78664.php 第 273 行.
NOTIC: [8] Use of undefined constant category3 - assumed 'category3' F:\www\jd\application\default\Runtime\Cache\2b9ceab0863e0aa2a5f9e0bef3e78664.php 第 276 行.
NOTIC: [8] Undefined variable: pageName F:\www\jd\application\default\Runtime\Cache\2b9ceab0863e0aa2a5f9e0bef3e78664.php 第 276 行.
INFO: ParseTemplate Behavior ::run [ RunTime:0.031605s ]
INFO: [ view_parse ] --END-- [ RunTime:0.031659s ]
INFO: [ view_filter ] --START--
INFO: ContentReplace Behavior ::run [ RunTime:0.001008s ]
INFO: TokenBuild Behavior ::run [ RunTime:0.000789s ]
INFO: WriteHtmlCache Behavior ::run [ RunTime:0.000528s ]
INFO: ShowRuntime Behavior ::run [ RunTime:0.000707s ]
INFO: [ view_filter ] --END-- [ RunTime:0.003158s ]
INFO: [ view_end ] --START--
INFO: ShowPageTrace Behavior ::run [ RunTime:0.002703s ]
INFO: [ view_end ] --END-- [ RunTime:0.002935s ]

[ 2015-11-13T14:39:02+08:00 ] 127.0.0.1 /jd/index.php/Goods/index/id/gallery.php?id=4710
INFO: [ route_check ] --START--
INFO: CheckRoute Behavior ::run [ RunTime:0.000876s ]
INFO: [ route_check ] --END-- [ RunTime:0.000935s ]
INFO: [ app_begin ] --START--
INFO: ReadHtmlCache Behavior ::run [ RunTime:0.000727s ]
INFO: [ app_begin ] --END-- [ RunTime:0.000785s ]
SQL: SHOW COLUMNS FROM `goodsinfo` [ RunTime:0.004218s ]
SQL: SELECT * FROM `goodsinfo` WHERE ( goodsId=4710 ) LIMIT 1   [ RunTime:0.000327s ]
INFO: [ view_parse ] --START--
NOTIC: [8] Use of undefined constant index - assumed 'index' F:\www\jd\application\default\Runtime\Cache\2b9ceab0863e0aa2a5f9e0bef3e78664.php 第 258 行.
NOTIC: [8] Undefined variable: pageName F:\www\jd\application\default\Runtime\Cache\2b9ceab0863e0aa2a5f9e0bef3e78664.php 第 258 行.
NOTIC: [8] Use of undefined constant category1 - assumed 'category1' F:\www\jd\application\default\Runtime\Cache\2b9ceab0863e0aa2a5f9e0bef3e78664.php 第 261 行.
NOTIC: [8] Undefined variable: pageName F:\www\jd\application\default\Runtime\Cache\2b9ceab0863e0aa2a5f9e0bef3e78664.php 第 261 行.
NOTIC: [8] Use of undefined constant auction - assumed 'auction' F:\www\jd\application\default\Runtime\Cache\2b9ceab0863e0aa2a5f9e0bef3e78664.php 第 264 行.
NOTIC: [8] Undefined variable: pageName F:\www\jd\application\default\Runtime\Cache\2b9ceab0863e0aa2a5f9e0bef3e78664.php 第 264 行.
NOTIC: [8] Use of undefined constant Diy - assumed 'Diy' F:\www\jd\application\default\Runtime\Cache\2b9ceab0863e0aa2a5f9e0bef3e78664.php 第 267 行.
NOTIC: [8] Undefined variable: pageName F:\www\jd\application\default\Runtime\Cache\2b9ceab0863e0aa2a5f9e0bef3e78664.php 第 267 行.
NOTIC: [8] Use of undefined constant Message - assumed 'Message' F:\www\jd\application\default\Runtime\Cache\2b9ceab0863e0aa2a5f9e0bef3e78664.php 第 270 行.
NOTIC: [8] Undefined variable: pageName F:\www\jd\application\default\Runtime\Cache\2b9ceab0863e0aa2a5f9e0bef3e78664.php 第 270 行.
NOTIC: [8] Use of undefined constant category2 - assumed 'category2' F:\www\jd\application\default\Runtime\Cache\2b9ceab0863e0aa2a5f9e0bef3e78664.php 第 273 行.
NOTIC: [8] Undefined variable: pageName F:\www\jd\application\default\Runtime\Cache\2b9ceab0863e0aa2a5f9e0bef3e78664.php 第 273 行.
NOTIC: [8] Use of undefined constant category3 - assumed 'category3' F:\www\jd\application\default\Runtime\Cache\2b9ceab0863e0aa2a5f9e0bef3e78664.php 第 276 行.
NOTIC: [8] Undefined variable: pageName F:\www\jd\application\default\Runtime\Cache\2b9ceab0863e0aa2a5f9e0bef3e78664.php 第 276 行.
INFO: ParseTemplate Behavior ::run [ RunTime:0.032195s ]
INFO: [ view_parse ] --END-- [ RunTime:0.032250s ]
INFO: [ view_filter ] --START--
INFO: ContentReplace Behavior ::run [ RunTime:0.001121s ]
INFO: TokenBuild Behavior ::run [ RunTime:0.001081s ]
INFO: WriteHtmlCache Behavior ::run [ RunTime:0.002911s ]
INFO: ShowRuntime Behavior ::run [ RunTime:0.001604s ]
INFO: [ view_filter ] --END-- [ RunTime:0.006925s ]
INFO: [ view_end ] --START--
INFO: ShowPageTrace Behavior ::run [ RunTime:0.001012s ]
INFO: [ view_end ] --END-- [ RunTime:0.001094s ]

[ 2015-11-13T14:39:05+08:00 ] 127.0.0.1 /jd/index.php/Goods/index/id/gallery.php?id=4710
INFO: [ route_check ] --START--
INFO: CheckRoute Behavior ::run [ RunTime:0.001398s ]
INFO: [ route_check ] --END-- [ RunTime:0.001496s ]
INFO: [ app_begin ] --START--
INFO: ReadHtmlCache Behavior ::run [ RunTime:0.001119s ]
INFO: [ app_begin ] --END-- [ RunTime:0.001193s ]
SQL: SHOW COLUMNS FROM `goodsinfo` [ RunTime:0.007165s ]
SQL: SELECT * FROM `goodsinfo` WHERE ( goodsId=4710 ) LIMIT 1   [ RunTime:0.000436s ]
INFO: [ view_parse ] --START--
NOTIC: [8] Use of undefined constant index - assumed 'index' F:\www\jd\application\default\Runtime\Cache\2b9ceab0863e0aa2a5f9e0bef3e78664.php 第 258 行.
NOTIC: [8] Undefined variable: pageName F:\www\jd\application\default\Runtime\Cache\2b9ceab0863e0aa2a5f9e0bef3e78664.php 第 258 行.
NOTIC: [8] Use of undefined constant category1 - assumed 'category1' F:\www\jd\application\default\Runtime\Cache\2b9ceab0863e0aa2a5f9e0bef3e78664.php 第 261 行.
NOTIC: [8] Undefined variable: pageName F:\www\jd\application\default\Runtime\Cache\2b9ceab0863e0aa2a5f9e0bef3e78664.php 第 261 行.
NOTIC: [8] Use of undefined constant auction - assumed 'auction' F:\www\jd\application\default\Runtime\Cache\2b9ceab0863e0aa2a5f9e0bef3e78664.php 第 264 行.
NOTIC: [8] Undefined variable: pageName F:\www\jd\application\default\Runtime\Cache\2b9ceab0863e0aa2a5f9e0bef3e78664.php 第 264 行.
NOTIC: [8] Use of undefined constant Diy - assumed 'Diy' F:\www\jd\application\default\Runtime\Cache\2b9ceab0863e0aa2a5f9e0bef3e78664.php 第 267 行.
NOTIC: [8] Undefined variable: pageName F:\www\jd\application\default\Runtime\Cache\2b9ceab0863e0aa2a5f9e0bef3e78664.php 第 267 行.
NOTIC: [8] Use of undefined constant Message - assumed 'Message' F:\www\jd\application\default\Runtime\Cache\2b9ceab0863e0aa2a5f9e0bef3e78664.php 第 270 行.
NOTIC: [8] Undefined variable: pageName F:\www\jd\application\default\Runtime\Cache\2b9ceab0863e0aa2a5f9e0bef3e78664.php 第 270 行.
NOTIC: [8] Use of undefined constant category2 - assumed 'category2' F:\www\jd\application\default\Runtime\Cache\2b9ceab0863e0aa2a5f9e0bef3e78664.php 第 273 行.
NOTIC: [8] Undefined variable: pageName F:\www\jd\application\default\Runtime\Cache\2b9ceab0863e0aa2a5f9e0bef3e78664.php 第 273 行.
NOTIC: [8] Use of undefined constant category3 - assumed 'category3' F:\www\jd\application\default\Runtime\Cache\2b9ceab0863e0aa2a5f9e0bef3e78664.php 第 276 行.
NOTIC: [8] Undefined variable: pageName F:\www\jd\application\default\Runtime\Cache\2b9ceab0863e0aa2a5f9e0bef3e78664.php 第 276 行.
INFO: ParseTemplate Behavior ::run [ RunTime:0.039487s ]
INFO: [ view_parse ] --END-- [ RunTime:0.039554s ]
INFO: [ view_filter ] --START--
INFO: ContentReplace Behavior ::run [ RunTime:0.001308s ]
INFO: TokenBuild Behavior ::run [ RunTime:0.000953s ]
INFO: WriteHtmlCache Behavior ::run [ RunTime:0.000834s ]
INFO: ShowRuntime Behavior ::run [ RunTime:0.002860s ]
INFO: [ view_filter ] --END-- [ RunTime:0.006422s ]
INFO: [ view_end ] --START--
INFO: ShowPageTrace Behavior ::run [ RunTime:0.002457s ]
INFO: [ view_end ] --END-- [ RunTime:0.002686s ]

[ 2015-11-13T14:39:09+08:00 ] 127.0.0.1 /jd/index.php/Message/index
INFO: [ route_check ] --START--
INFO: CheckRoute Behavior ::run [ RunTime:0.000883s ]
INFO: [ route_check ] --END-- [ RunTime:0.000941s ]
INFO: [ app_begin ] --START--
INFO: ReadHtmlCache Behavior ::run [ RunTime:0.000792s ]
INFO: [ app_begin ] --END-- [ RunTime:0.000839s ]
INFO: [ view_parse ] --START--
NOTIC: [8] Use of undefined constant index - assumed 'index' F:\www\jd\application\default\Runtime\Cache\990875e8215c9bb0a7138997dd096c87.php 第 159 行.
NOTIC: [8] Use of undefined constant category1 - assumed 'category1' F:\www\jd\application\default\Runtime\Cache\990875e8215c9bb0a7138997dd096c87.php 第 162 行.
NOTIC: [8] Use of undefined constant auction - assumed 'auction' F:\www\jd\application\default\Runtime\Cache\990875e8215c9bb0a7138997dd096c87.php 第 165 行.
NOTIC: [8] Use of undefined constant Diy - assumed 'Diy' F:\www\jd\application\default\Runtime\Cache\990875e8215c9bb0a7138997dd096c87.php 第 168 行.
NOTIC: [8] Use of undefined constant Message - assumed 'Message' F:\www\jd\application\default\Runtime\Cache\990875e8215c9bb0a7138997dd096c87.php 第 171 行.
NOTIC: [8] Use of undefined constant category2 - assumed 'category2' F:\www\jd\application\default\Runtime\Cache\990875e8215c9bb0a7138997dd096c87.php 第 174 行.
NOTIC: [8] Use of undefined constant category3 - assumed 'category3' F:\www\jd\application\default\Runtime\Cache\990875e8215c9bb0a7138997dd096c87.php 第 177 行.
INFO: ParseTemplate Behavior ::run [ RunTime:0.022182s ]
INFO: [ view_parse ] --END-- [ RunTime:0.022282s ]
INFO: [ view_filter ] --START--
INFO: ContentReplace Behavior ::run [ RunTime:0.000970s ]
INFO: TokenBuild Behavior ::run [ RunTime:0.000625s ]
INFO: WriteHtmlCache Behavior ::run [ RunTime:0.000502s ]
INFO: ShowRuntime Behavior ::run [ RunTime:0.000641s ]
INFO: [ view_filter ] --END-- [ RunTime:0.002856s ]
INFO: [ view_end ] --START--
INFO: ShowPageTrace Behavior ::run [ RunTime:0.001311s ]
INFO: [ view_end ] --END-- [ RunTime:0.001424s ]

[ 2015-11-13T14:39:09+08:00 ] 127.0.0.1 /jd/index.php/Message/js/common.js
INFO: [ route_check ] --START--
INFO: CheckRoute Behavior ::run [ RunTime:0.000924s ]
INFO: [ route_check ] --END-- [ RunTime:0.001001s ]
INFO: [ app_begin ] --START--
INFO: ReadHtmlCache Behavior ::run [ RunTime:0.001527s ]
INFO: [ app_begin ] --END-- [ RunTime:0.001603s ]
ERR: 非法操作:js

[ 2015-11-13T14:39:11+08:00 ] 127.0.0.1 /jd/index.php/Diy/index
INFO: [ route_check ] --START--
INFO: CheckRoute Behavior ::run [ RunTime:0.001086s ]
INFO: [ route_check ] --END-- [ RunTime:0.001157s ]
INFO: [ app_begin ] --START--
INFO: ReadHtmlCache Behavior ::run [ RunTime:0.000905s ]
INFO: [ app_begin ] --END-- [ RunTime:0.000959s ]
INFO: [ view_parse ] --START--
NOTIC: [8] Use of undefined constant index - assumed 'index' F:\www\jd\application\default\Runtime\Cache\5e2a81650325cc2fe395bf2e06622bc6.php 第 126 行.
NOTIC: [8] Use of undefined constant category1 - assumed 'category1' F:\www\jd\application\default\Runtime\Cache\5e2a81650325cc2fe395bf2e06622bc6.php 第 129 行.
NOTIC: [8] Use of undefined constant auction - assumed 'auction' F:\www\jd\application\default\Runtime\Cache\5e2a81650325cc2fe395bf2e06622bc6.php 第 132 行.
NOTIC: [8] Use of undefined constant Diy - assumed 'Diy' F:\www\jd\application\default\Runtime\Cache\5e2a81650325cc2fe395bf2e06622bc6.php 第 135 行.
NOTIC: [8] Use of undefined constant Message - assumed 'Message' F:\www\jd\application\default\Runtime\Cache\5e2a81650325cc2fe395bf2e06622bc6.php 第 138 行.
NOTIC: [8] Use of undefined constant category2 - assumed 'category2' F:\www\jd\application\default\Runtime\Cache\5e2a81650325cc2fe395bf2e06622bc6.php 第 141 行.
NOTIC: [8] Use of undefined constant category3 - assumed 'category3' F:\www\jd\application\default\Runtime\Cache\5e2a81650325cc2fe395bf2e06622bc6.php 第 144 行.
INFO: ParseTemplate Behavior ::run [ RunTime:0.014999s ]
INFO: [ view_parse ] --END-- [ RunTime:0.015062s ]
INFO: [ view_filter ] --START--
INFO: ContentReplace Behavior ::run [ RunTime:0.001219s ]
INFO: TokenBuild Behavior ::run [ RunTime:0.001157s ]
INFO: WriteHtmlCache Behavior ::run [ RunTime:0.000933s ]
INFO: ShowRuntime Behavior ::run [ RunTime:0.001182s ]
INFO: [ view_filter ] --END-- [ RunTime:0.004702s ]
INFO: [ view_end ] --START--
INFO: ShowPageTrace Behavior ::run [ RunTime:0.001469s ]
INFO: [ view_end ] --END-- [ RunTime:0.001562s ]

[ 2015-11-13T14:39:11+08:00 ] 127.0.0.1 /jd/index.php/Diy/themes/jindong/stye.css
INFO: [ route_check ] --START--
INFO: CheckRoute Behavior ::run [ RunTime:0.000928s ]
INFO: [ route_check ] --END-- [ RunTime:0.000993s ]
INFO: [ app_begin ] --START--
INFO: ReadHtmlCache Behavior ::run [ RunTime:0.000696s ]
INFO: [ app_begin ] --END-- [ RunTime:0.000739s ]
ERR: 非法操作:themes

[ 2015-11-13T14:39:11+08:00 ] 127.0.0.1 /jd/index.php/Diy/diy
INFO: [ route_check ] --START--
INFO: CheckRoute Behavior ::run [ RunTime:0.000988s ]
INFO: [ route_check ] --END-- [ RunTime:0.001065s ]
INFO: [ app_begin ] --START--
INFO: ReadHtmlCache Behavior ::run [ RunTime:0.001257s ]
INFO: [ app_begin ] --END-- [ RunTime:0.001351s ]
INFO: [ view_parse ] --START--
INFO: ParseTemplate Behavior ::run [ RunTime:0.048153s ]
INFO: [ view_parse ] --END-- [ RunTime:0.048253s ]
INFO: [ view_filter ] --START--
INFO: ContentReplace Behavior ::run [ RunTime:0.001243s ]
INFO: TokenBuild Behavior ::run [ RunTime:0.001414s ]
INFO: WriteHtmlCache Behavior ::run [ RunTime:0.001025s ]
INFO: ShowRuntime Behavior ::run [ RunTime:0.000950s ]
INFO: [ view_filter ] --END-- [ RunTime:0.004904s ]
INFO: [ view_end ] --START--
INFO: ShowPageTrace Behavior ::run [ RunTime:0.001369s ]
INFO: [ view_end ] --END-- [ RunTime:0.001459s ]

[ 2015-11-13T14:39:12+08:00 ] 127.0.0.1 /jd/index.php/Auction/index
INFO: [ route_check ] --START--
INFO: CheckRoute Behavior ::run [ RunTime:0.001571s ]
INFO: [ route_check ] --END-- [ RunTime:0.001693s ]
INFO: [ app_begin ] --START--
INFO: ReadHtmlCache Behavior ::run [ RunTime:0.004356s ]
INFO: [ app_begin ] --END-- [ RunTime:0.004755s ]
INFO: [ view_parse ] --START--
NOTIC: [8] Use of undefined constant index - assumed 'index' F:\www\jd\application\default\Runtime\Cache\b612bf771dd2177ed098219f3598b830.php 第 191 行.
NOTIC: [8] Use of undefined constant category1 - assumed 'category1' F:\www\jd\application\default\Runtime\Cache\b612bf771dd2177ed098219f3598b830.php 第 194 行.
NOTIC: [8] Use of undefined constant auction - assumed 'auction' F:\www\jd\application\default\Runtime\Cache\b612bf771dd2177ed098219f3598b830.php 第 197 行.
NOTIC: [8] Use of undefined constant Diy - assumed 'Diy' F:\www\jd\application\default\Runtime\Cache\b612bf771dd2177ed098219f3598b830.php 第 200 行.
NOTIC: [8] Use of undefined constant Message - assumed 'Message' F:\www\jd\application\default\Runtime\Cache\b612bf771dd2177ed098219f3598b830.php 第 203 行.
NOTIC: [8] Use of undefined constant category2 - assumed 'category2' F:\www\jd\application\default\Runtime\Cache\b612bf771dd2177ed098219f3598b830.php 第 206 行.
NOTIC: [8] Use of undefined constant category3 - assumed 'category3' F:\www\jd\application\default\Runtime\Cache\b612bf771dd2177ed098219f3598b830.php 第 209 行.
INFO: ParseTemplate Behavior ::run [ RunTime:0.066307s ]
INFO: [ view_parse ] --END-- [ RunTime:0.066390s ]
INFO: [ view_filter ] --START--
INFO: ContentReplace Behavior ::run [ RunTime:0.001130s ]
INFO: TokenBuild Behavior ::run [ RunTime:0.000897s ]
INFO: WriteHtmlCache Behavior ::run [ RunTime:0.000769s ]
INFO: ShowRuntime Behavior ::run [ RunTime:0.001195s ]
INFO: [ view_filter ] --END-- [ RunTime:0.004205s ]
INFO: [ view_end ] --START--
INFO: ShowPageTrace Behavior ::run [ RunTime:0.002460s ]
INFO: [ view_end ] --END-- [ RunTime:0.002697s ]

[ 2015-11-13T14:39:14+08:00 ] 127.0.0.1 /jd/index.php/Category/index/id/3
INFO: [ route_check ] --START--
INFO: CheckRoute Behavior ::run [ RunTime:0.000813s ]
INFO: [ route_check ] --END-- [ RunTime:0.000867s ]
INFO: [ app_begin ] --START--
INFO: ReadHtmlCache Behavior ::run [ RunTime:0.000626s ]
INFO: [ app_begin ] --END-- [ RunTime:0.000666s ]
INFO: [ view_parse ] --START--
NOTIC: [8] Use of undefined constant index - assumed 'index' F:\www\jd\application\default\Runtime\Cache\82f3734cd25cc8745a3763392f2b40d7.php 第 133 行.
NOTIC: [8] Use of undefined constant category1 - assumed 'category1' F:\www\jd\application\default\Runtime\Cache\82f3734cd25cc8745a3763392f2b40d7.php 第 136 行.
NOTIC: [8] Use of undefined constant auction - assumed 'auction' F:\www\jd\application\default\Runtime\Cache\82f3734cd25cc8745a3763392f2b40d7.php 第 139 行.
NOTIC: [8] Use of undefined constant Diy - assumed 'Diy' F:\www\jd\application\default\Runtime\Cache\82f3734cd25cc8745a3763392f2b40d7.php 第 142 行.
NOTIC: [8] Use of undefined constant Message - assumed 'Message' F:\www\jd\application\default\Runtime\Cache\82f3734cd25cc8745a3763392f2b40d7.php 第 145 行.
NOTIC: [8] Use of undefined constant category2 - assumed 'category2' F:\www\jd\application\default\Runtime\Cache\82f3734cd25cc8745a3763392f2b40d7.php 第 148 行.
NOTIC: [8] Use of undefined constant category3 - assumed 'category3' F:\www\jd\application\default\Runtime\Cache\82f3734cd25cc8745a3763392f2b40d7.php 第 151 行.
INFO: ParseTemplate Behavior ::run [ RunTime:0.016365s ]
INFO: [ view_parse ] --END-- [ RunTime:0.016409s ]
INFO: [ view_filter ] --START--
INFO: ContentReplace Behavior ::run [ RunTime:0.000638s ]
INFO: TokenBuild Behavior ::run [ RunTime:0.000487s ]
INFO: WriteHtmlCache Behavior ::run [ RunTime:0.000376s ]
INFO: ShowRuntime Behavior ::run [ RunTime:0.000514s ]
INFO: [ view_filter ] --END-- [ RunTime:0.002124s ]
INFO: [ view_end ] --START--
INFO: ShowPageTrace Behavior ::run [ RunTime:0.002251s ]
INFO: [ view_end ] --END-- [ RunTime:0.002400s ]

[ 2015-11-13T15:11:49+08:00 ] 127.0.0.1 /jd/
INFO: [ app_begin ] --START--
INFO: ReadHtmlCache Behavior ::run [ RunTime:0.002172s ]
INFO: [ app_begin ] --END-- [ RunTime:0.002276s ]
SQL: SHOW COLUMNS FROM `goodstype` [ RunTime:0.003829s ]
SQL: SELECT * FROM `goodstype` WHERE ( parentId=0 )  [ RunTime:0.000324s ]
SQL: SELECT * FROM `goodstype` WHERE ( parentId=1 )  [ RunTime:0.000226s ]
SQL: SELECT * FROM `goodstype` WHERE ( parentId=2 )  [ RunTime:0.000244s ]
SQL: SELECT * FROM `goodstype` WHERE ( parentId=6 )  [ RunTime:0.000237s ]
SQL: SELECT * FROM `goodstype` WHERE ( parentId=10 )  [ RunTime:0.000240s ]
SQL: SELECT * FROM `goodstype` WHERE ( parentId=11 )  [ RunTime:0.000271s ]
SQL: SELECT * FROM `goodstype` WHERE ( parentId=14 )  [ RunTime:0.000199s ]
SQL: SELECT * FROM `goodstype` WHERE ( parentId=17 )  [ RunTime:0.000161s ]
NOTIC: [2] Invalid argument supplied for foreach() F:\www\jd\application\default\Lib\Action\IndexAction.class.php 第 13 行.
SQL: SELECT * FROM `goodstype` WHERE ( parentId=18 )  [ RunTime:0.000224s ]
NOTIC: [2] Invalid argument supplied for foreach() F:\www\jd\application\default\Lib\Action\IndexAction.class.php 第 13 行.
SQL: SHOW COLUMNS FROM `brandinfo` [ RunTime:0.002732s ]
NOTIC: [8] Undefined offset: 0 F:\www\jd\application\default\Lib\Action\IndexAction.class.php 第 23 行.
SQL: SELECT * FROM `brandinfo` WHERE ( typeId= )  [ RunTime:0.000186s ]
ERR: 1064:You have an error in your SQL syntax; check the manual that corresponds to your MySQL server version for the right syntax to use near ')' at line 1
 [ SQL语句 ] : SELECT * FROM `brandinfo` WHERE ( typeId= ) 
SQL: SHOW COLUMNS FROM `goodsinfo` [ RunTime:0.002844s ]
SQL: SELECT * FROM `goodsinfo`  [ RunTime:0.000222s ]
INFO: [ view_parse ] --START--
NOTIC: [8] Undefined index: userMsg F:\www\jd\application\default\Runtime\Cache\33af4b837747d1d7905dbdd00c63e095.php 第 247 行.
NOTIC: [8] Use of undefined constant index - assumed 'index' F:\www\jd\application\default\Runtime\Cache\33af4b837747d1d7905dbdd00c63e095.php 第 261 行.
NOTIC: [8] Use of undefined constant category1 - assumed 'category1' F:\www\jd\application\default\Runtime\Cache\33af4b837747d1d7905dbdd00c63e095.php 第 264 行.
NOTIC: [8] Use of undefined constant auction - assumed 'auction' F:\www\jd\application\default\Runtime\Cache\33af4b837747d1d7905dbdd00c63e095.php 第 267 行.
NOTIC: [8] Use of undefined constant Diy - assumed 'Diy' F:\www\jd\application\default\Runtime\Cache\33af4b837747d1d7905dbdd00c63e095.php 第 270 行.
NOTIC: [8] Use of undefined constant Message - assumed 'Message' F:\www\jd\application\default\Runtime\Cache\33af4b837747d1d7905dbdd00c63e095.php 第 273 行.
NOTIC: [8] Use of undefined constant category2 - assumed 'category2' F:\www\jd\application\default\Runtime\Cache\33af4b837747d1d7905dbdd00c63e095.php 第 276 行.
NOTIC: [8] Use of undefined constant category3 - assumed 'category3' F:\www\jd\application\default\Runtime\Cache\33af4b837747d1d7905dbdd00c63e095.php 第 279 行.
INFO: ParseTemplate Behavior ::run [ RunTime:0.025417s ]
INFO: [ view_parse ] --END-- [ RunTime:0.025467s ]
INFO: [ view_filter ] --START--
INFO: ContentReplace Behavior ::run [ RunTime:0.001158s ]
INFO: TokenBuild Behavior ::run [ RunTime:0.000569s ]
INFO: WriteHtmlCache Behavior ::run [ RunTime:0.000407s ]
INFO: ShowRuntime Behavior ::run [ RunTime:0.000700s ]
INFO: [ view_filter ] --END-- [ RunTime:0.002949s ]
INFO: [ view_end ] --START--
INFO: ShowPageTrace Behavior ::run [ RunTime:0.001052s ]
INFO: [ view_end ] --END-- [ RunTime:0.001121s ]

[ 2015-11-13T15:12:21+08:00 ] 127.0.0.1 /jd/index.php/Goods/index/id/1
INFO: [ route_check ] --START--
INFO: CheckRoute Behavior ::run [ RunTime:0.002005s ]
INFO: [ route_check ] --END-- [ RunTime:0.002137s ]
INFO: [ app_begin ] --START--
INFO: ReadHtmlCache Behavior ::run [ RunTime:0.001225s ]
INFO: [ app_begin ] --END-- [ RunTime:0.001315s ]
SQL: SHOW COLUMNS FROM `goodsinfo` [ RunTime:0.003731s ]
SQL: SELECT * FROM `goodsinfo` WHERE ( goodsId=1 ) LIMIT 1   [ RunTime:0.000414s ]
INFO: [ view_parse ] --START--
NOTIC: [8] Undefined index: userMsg F:\www\jd\application\default\Runtime\Cache\2b9ceab0863e0aa2a5f9e0bef3e78664.php 第 244 行.
NOTIC: [8] Use of undefined constant index - assumed 'index' F:\www\jd\application\default\Runtime\Cache\2b9ceab0863e0aa2a5f9e0bef3e78664.php 第 258 行.
NOTIC: [8] Undefined variable: pageName F:\www\jd\application\default\Runtime\Cache\2b9ceab0863e0aa2a5f9e0bef3e78664.php 第 258 行.
NOTIC: [8] Use of undefined constant category1 - assumed 'category1' F:\www\jd\application\default\Runtime\Cache\2b9ceab0863e0aa2a5f9e0bef3e78664.php 第 261 行.
NOTIC: [8] Undefined variable: pageName F:\www\jd\application\default\Runtime\Cache\2b9ceab0863e0aa2a5f9e0bef3e78664.php 第 261 行.
NOTIC: [8] Use of undefined constant auction - assumed 'auction' F:\www\jd\application\default\Runtime\Cache\2b9ceab0863e0aa2a5f9e0bef3e78664.php 第 264 行.
NOTIC: [8] Undefined variable: pageName F:\www\jd\application\default\Runtime\Cache\2b9ceab0863e0aa2a5f9e0bef3e78664.php 第 264 行.
NOTIC: [8] Use of undefined constant Diy - assumed 'Diy' F:\www\jd\application\default\Runtime\Cache\2b9ceab0863e0aa2a5f9e0bef3e78664.php 第 267 行.
NOTIC: [8] Undefined variable: pageName F:\www\jd\application\default\Runtime\Cache\2b9ceab0863e0aa2a5f9e0bef3e78664.php 第 267 行.
NOTIC: [8] Use of undefined constant Message - assumed 'Message' F:\www\jd\application\default\Runtime\Cache\2b9ceab0863e0aa2a5f9e0bef3e78664.php 第 270 行.
NOTIC: [8] Undefined variable: pageName F:\www\jd\application\default\Runtime\Cache\2b9ceab0863e0aa2a5f9e0bef3e78664.php 第 270 行.
NOTIC: [8] Use of undefined constant category2 - assumed 'category2' F:\www\jd\application\default\Runtime\Cache\2b9ceab0863e0aa2a5f9e0bef3e78664.php 第 273 行.
NOTIC: [8] Undefined variable: pageName F:\www\jd\application\default\Runtime\Cache\2b9ceab0863e0aa2a5f9e0bef3e78664.php 第 273 行.
NOTIC: [8] Use of undefined constant category3 - assumed 'category3' F:\www\jd\application\default\Runtime\Cache\2b9ceab0863e0aa2a5f9e0bef3e78664.php 第 276 行.
NOTIC: [8] Undefined variable: pageName F:\www\jd\application\default\Runtime\Cache\2b9ceab0863e0aa2a5f9e0bef3e78664.php 第 276 行.
INFO: ParseTemplate Behavior ::run [ RunTime:0.036921s ]
INFO: [ view_parse ] --END-- [ RunTime:0.036980s ]
INFO: [ view_filter ] --START--
INFO: ContentReplace Behavior ::run [ RunTime:0.000961s ]
INFO: TokenBuild Behavior ::run [ RunTime:0.000802s ]
INFO: WriteHtmlCache Behavior ::run [ RunTime:0.000651s ]
INFO: ShowRuntime Behavior ::run [ RunTime:0.007814s ]
INFO: [ view_filter ] --END-- [ RunTime:0.010664s ]
INFO: [ view_end ] --START--
INFO: ShowPageTrace Behavior ::run [ RunTime:0.001536s ]
INFO: [ view_end ] --END-- [ RunTime:0.001667s ]

[ 2015-11-13T15:15:22+08:00 ] 127.0.0.1 /jd/index.php/Goods/index/id/1
INFO: [ route_check ] --START--
INFO: CheckRoute Behavior ::run [ RunTime:0.004526s ]
INFO: [ route_check ] --END-- [ RunTime:0.004943s ]
INFO: [ app_begin ] --START--
INFO: ReadHtmlCache Behavior ::run [ RunTime:0.002264s ]
INFO: [ app_begin ] --END-- [ RunTime:0.002460s ]
SQL: SHOW COLUMNS FROM `goodsinfo` [ RunTime:0.011713s ]
SQL: SELECT * FROM `goodsinfo` WHERE ( goodsId=1 ) LIMIT 1   [ RunTime:0.000664s ]
INFO: [ view_parse ] --START--
NOTIC: [8] Undefined index: userMsg F:\www\jd\application\default\Runtime\Cache\2b9ceab0863e0aa2a5f9e0bef3e78664.php 第 244 行.
NOTIC: [8] Use of undefined constant index - assumed 'index' F:\www\jd\application\default\Runtime\Cache\2b9ceab0863e0aa2a5f9e0bef3e78664.php 第 258 行.
NOTIC: [8] Undefined variable: pageName F:\www\jd\application\default\Runtime\Cache\2b9ceab0863e0aa2a5f9e0bef3e78664.php 第 258 行.
NOTIC: [8] Use of undefined constant category1 - assumed 'category1' F:\www\jd\application\default\Runtime\Cache\2b9ceab0863e0aa2a5f9e0bef3e78664.php 第 261 行.
NOTIC: [8] Undefined variable: pageName F:\www\jd\application\default\Runtime\Cache\2b9ceab0863e0aa2a5f9e0bef3e78664.php 第 261 行.
NOTIC: [8] Use of undefined constant auction - assumed 'auction' F:\www\jd\application\default\Runtime\Cache\2b9ceab0863e0aa2a5f9e0bef3e78664.php 第 264 行.
NOTIC: [8] Undefined variable: pageName F:\www\jd\application\default\Runtime\Cache\2b9ceab0863e0aa2a5f9e0bef3e78664.php 第 264 行.
NOTIC: [8] Use of undefined constant Diy - assumed 'Diy' F:\www\jd\application\default\Runtime\Cache\2b9ceab0863e0aa2a5f9e0bef3e78664.php 第 267 行.
NOTIC: [8] Undefined variable: pageName F:\www\jd\application\default\Runtime\Cache\2b9ceab0863e0aa2a5f9e0bef3e78664.php 第 267 行.
NOTIC: [8] Use of undefined constant Message - assumed 'Message' F:\www\jd\application\default\Runtime\Cache\2b9ceab0863e0aa2a5f9e0bef3e78664.php 第 270 行.
NOTIC: [8] Undefined variable: pageName F:\www\jd\application\default\Runtime\Cache\2b9ceab0863e0aa2a5f9e0bef3e78664.php 第 270 行.
NOTIC: [8] Use of undefined constant category2 - assumed 'category2' F:\www\jd\application\default\Runtime\Cache\2b9ceab0863e0aa2a5f9e0bef3e78664.php 第 273 行.
NOTIC: [8] Undefined variable: pageName F:\www\jd\application\default\Runtime\Cache\2b9ceab0863e0aa2a5f9e0bef3e78664.php 第 273 行.
NOTIC: [8] Use of undefined constant category3 - assumed 'category3' F:\www\jd\application\default\Runtime\Cache\2b9ceab0863e0aa2a5f9e0bef3e78664.php 第 276 行.
NOTIC: [8] Undefined variable: pageName F:\www\jd\application\default\Runtime\Cache\2b9ceab0863e0aa2a5f9e0bef3e78664.php 第 276 行.
INFO: ParseTemplate Behavior ::run [ RunTime:0.033418s ]
INFO: [ view_parse ] --END-- [ RunTime:0.033479s ]
INFO: [ view_filter ] --START--
INFO: ContentReplace Behavior ::run [ RunTime:0.000943s ]
INFO: TokenBuild Behavior ::run [ RunTime:0.000691s ]
INFO: WriteHtmlCache Behavior ::run [ RunTime:0.000496s ]
INFO: ShowRuntime Behavior ::run [ RunTime:0.000662s ]
INFO: [ view_filter ] --END-- [ RunTime:0.002907s ]
INFO: [ view_end ] --START--
INFO: ShowPageTrace Behavior ::run [ RunTime:0.003453s ]
INFO: [ view_end ] --END-- [ RunTime:0.003555s ]

