[ 2015-11-05T15:21:40+08:00 ] 127.0.0.1 /jd/
INFO: [ app_begin ] --START--
INFO: ReadHtmlCache Behavior ::run [ RunTime:0.001910s ]
INFO: [ app_begin ] --END-- [ RunTime:0.043036s ]
SQL: SHOW COLUMNS FROM `goodstype` [ RunTime:0.124534s ]
SQL: SELECT * FROM `goodstype` WHERE ( parentId=0 )  [ RunTime:0.002939s ]
SQL: SELECT * FROM `goodstype` WHERE ( parentId=1 )  [ RunTime:0.000562s ]
SQL: SELECT * FROM `goodstype` WHERE ( parentId=2 )  [ RunTime:0.000544s ]
SQL: SELECT * FROM `goodstype` WHERE ( parentId=6 )  [ RunTime:0.000540s ]
SQL: SELECT * FROM `goodstype` WHERE ( parentId=10 )  [ RunTime:0.000533s ]
SQL: SELECT * FROM `goodstype` WHERE ( parentId=11 )  [ RunTime:0.000538s ]
SQL: SELECT * FROM `goodstype` WHERE ( parentId=14 )  [ RunTime:0.000582s ]
SQL: SELECT * FROM `goodstype` WHERE ( parentId=17 )  [ RunTime:0.000533s ]
NOTIC: [2] Invalid argument supplied for foreach() F:\www\jd\application\default\Lib\Action\IndexAction.class.php 第 13 行.
SQL: SELECT * FROM `goodstype` WHERE ( parentId=18 )  [ RunTime:0.000545s ]
NOTIC: [2] Invalid argument supplied for foreach() F:\www\jd\application\default\Lib\Action\IndexAction.class.php 第 13 行.
SQL: SHOW COLUMNS FROM `brandinfo` [ RunTime:0.035954s ]
NOTIC: [8] Undefined offset: 0 F:\www\jd\application\default\Lib\Action\IndexAction.class.php 第 23 行.
SQL: SELECT * FROM `brandinfo` WHERE ( typeId= )  [ RunTime:0.000444s ]
ERR: 1064:You have an error in your SQL syntax; check the manual that corresponds to your MySQL server version for the right syntax to use near ')' at line 1
 [ SQL语句 ] : SELECT * FROM `brandinfo` WHERE ( typeId= ) 
SQL: SHOW COLUMNS FROM `goodsinfo` [ RunTime:0.024565s ]
SQL: SELECT * FROM `goodsinfo`  [ RunTime:0.000784s ]
INFO: [ view_parse ] --START--
NOTIC: [8] Undefined index: userMsg F:\www\jd\application\default\Runtime\Cache\33af4b837747d1d7905dbdd00c63e095.php 第 247 行.
NOTIC: [8] Use of undefined constant index - assumed 'index' F:\www\jd\application\default\Runtime\Cache\33af4b837747d1d7905dbdd00c63e095.php 第 261 行.
NOTIC: [8] Use of undefined constant category1 - assumed 'category1' F:\www\jd\application\default\Runtime\Cache\33af4b837747d1d7905dbdd00c63e095.php 第 264 行.
NOTIC: [8] Use of undefined constant auction - assumed 'auction' F:\www\jd\application\default\Runtime\Cache\33af4b837747d1d7905dbdd00c63e095.php 第 267 行.
NOTIC: [8] Use of undefined constant Diy - assumed 'Diy' F:\www\jd\application\default\Runtime\Cache\33af4b837747d1d7905dbdd00c63e095.php 第 270 行.
NOTIC: [8] Use of undefined constant Message - assumed 'Message' F:\www\jd\application\default\Runtime\Cache\33af4b837747d1d7905dbdd00c63e095.php 第 273 行.
NOTIC: [8] Use of undefined constant category2 - assumed 'category2' F:\www\jd\application\default\Runtime\Cache\33af4b837747d1d7905dbdd00c63e095.php 第 276 行.
NOTIC: [8] Use of undefined constant category3 - assumed 'category3' F:\www\jd\application\default\Runtime\Cache\33af4b837747d1d7905dbdd00c63e095.php 第 279 行.
INFO: ParseTemplate Behavior ::run [ RunTime:0.203381s ]
INFO: [ view_parse ] --END-- [ RunTime:0.203517s ]
INFO: [ view_filter ] --START--
INFO: ContentReplace Behavior ::run [ RunTime:0.003433s ]
INFO: TokenBuild Behavior ::run [ RunTime:0.001851s ]
INFO: WriteHtmlCache Behavior ::run [ RunTime:0.001491s ]
INFO: ShowRuntime Behavior ::run [ RunTime:0.002793s ]
INFO: [ view_filter ] --END-- [ RunTime:0.009917s ]
INFO: [ view_end ] --START--
INFO: ShowPageTrace Behavior ::run [ RunTime:0.003423s ]
INFO: [ view_end ] --END-- [ RunTime:0.003851s ]

[ 2015-11-05T15:21:44+08:00 ] 127.0.0.1 /jd/index.php/Goods/index/id/1
INFO: [ route_check ] --START--
INFO: CheckRoute Behavior ::run [ RunTime:0.036013s ]
INFO: [ route_check ] --END-- [ RunTime:0.036080s ]
INFO: [ app_begin ] --START--
INFO: ReadHtmlCache Behavior ::run [ RunTime:0.000524s ]
INFO: [ app_begin ] --END-- [ RunTime:0.000560s ]
SQL: SHOW COLUMNS FROM `goodsinfo` [ RunTime:0.002500s ]
SQL: SELECT * FROM `goodsinfo` WHERE ( goodsId=1 ) LIMIT 1   [ RunTime:0.000615s ]
INFO: [ view_parse ] --START--
NOTIC: [8] Undefined index: userMsg F:\www\jd\application\default\Runtime\Cache\2b9ceab0863e0aa2a5f9e0bef3e78664.php 第 244 行.
NOTIC: [8] Use of undefined constant index - assumed 'index' F:\www\jd\application\default\Runtime\Cache\2b9ceab0863e0aa2a5f9e0bef3e78664.php 第 258 行.
NOTIC: [8] Undefined variable: pageName F:\www\jd\application\default\Runtime\Cache\2b9ceab0863e0aa2a5f9e0bef3e78664.php 第 258 行.
NOTIC: [8] Use of undefined constant category1 - assumed 'category1' F:\www\jd\application\default\Runtime\Cache\2b9ceab0863e0aa2a5f9e0bef3e78664.php 第 261 行.
NOTIC: [8] Undefined variable: pageName F:\www\jd\application\default\Runtime\Cache\2b9ceab0863e0aa2a5f9e0bef3e78664.php 第 261 行.
NOTIC: [8] Use of undefined constant auction - assumed 'auction' F:\www\jd\application\default\Runtime\Cache\2b9ceab0863e0aa2a5f9e0bef3e78664.php 第 264 行.
NOTIC: [8] Undefined variable: pageName F:\www\jd\application\default\Runtime\Cache\2b9ceab0863e0aa2a5f9e0bef3e78664.php 第 264 行.
NOTIC: [8] Use of undefined constant Diy - assumed 'Diy' F:\www\jd\application\default\Runtime\Cache\2b9ceab0863e0aa2a5f9e0bef3e78664.php 第 267 行.
NOTIC: [8] Undefined variable: pageName F:\www\jd\application\default\Runtime\Cache\2b9ceab0863e0aa2a5f9e0bef3e78664.php 第 267 行.
NOTIC: [8] Use of undefined constant Message - assumed 'Message' F:\www\jd\application\default\Runtime\Cache\2b9ceab0863e0aa2a5f9e0bef3e78664.php 第 270 行.
NOTIC: [8] Undefined variable: pageName F:\www\jd\application\default\Runtime\Cache\2b9ceab0863e0aa2a5f9e0bef3e78664.php 第 270 行.
NOTIC: [8] Use of undefined constant category2 - assumed 'category2' F:\www\jd\application\default\Runtime\Cache\2b9ceab0863e0aa2a5f9e0bef3e78664.php 第 273 行.
NOTIC: [8] Undefined variable: pageName F:\www\jd\application\default\Runtime\Cache\2b9ceab0863e0aa2a5f9e0bef3e78664.php 第 273 行.
NOTIC: [8] Use of undefined constant category3 - assumed 'category3' F:\www\jd\application\default\Runtime\Cache\2b9ceab0863e0aa2a5f9e0bef3e78664.php 第 276 行.
NOTIC: [8] Undefined variable: pageName F:\www\jd\application\default\Runtime\Cache\2b9ceab0863e0aa2a5f9e0bef3e78664.php 第 276 行.
INFO: ParseTemplate Behavior ::run [ RunTime:0.042658s ]
INFO: [ view_parse ] --END-- [ RunTime:0.042712s ]
INFO: [ view_filter ] --START--
INFO: ContentReplace Behavior ::run [ RunTime:0.000780s ]
INFO: TokenBuild Behavior ::run [ RunTime:0.000421s ]
INFO: WriteHtmlCache Behavior ::run [ RunTime:0.000322s ]
INFO: ShowRuntime Behavior ::run [ RunTime:0.000469s ]
INFO: [ view_filter ] --END-- [ RunTime:0.002090s ]
INFO: [ view_end ] --START--
INFO: ShowPageTrace Behavior ::run [ RunTime:0.000699s ]
INFO: [ view_end ] --END-- [ RunTime:0.000771s ]

[ 2015-11-05T15:21:47+08:00 ] 127.0.0.1 /jd/index.php/Action/index/goodsCount/1/goodsId/1
INFO: [ route_check ] --START--
INFO: CheckRoute Behavior ::run [ RunTime:0.000711s ]
INFO: [ route_check ] --END-- [ RunTime:0.000768s ]
INFO: [ app_begin ] --START--
INFO: ReadHtmlCache Behavior ::run [ RunTime:0.000531s ]
INFO: [ app_begin ] --END-- [ RunTime:0.000572s ]
NOTIC: [8] Undefined index: userMsg F:\www\jd\application\default\Lib\Action\ActionAction.class.php 第 59 行.
SQL: SHOW COLUMNS FROM `carinfo` [ RunTime:0.026417s ]
SQL: SELECT * FROM `carinfo` WHERE ( goodsId=1 and userId= ) LIMIT 1   [ RunTime:0.000153s ]
ERR: 1064:You have an error in your SQL syntax; check the manual that corresponds to your MySQL server version for the right syntax to use near ') LIMIT 1' at line 1
 [ SQL语句 ] : SELECT * FROM `carinfo` WHERE ( goodsId=1 and userId= ) LIMIT 1  
SQL: INSERT INTO `carinfo` (`userId`,`goodsId`,`goodsCount`) VALUES (null,1,1) [ RunTime:0.015460s ]
ERR: 1048:Column 'userId' cannot be null
 [ SQL语句 ] : INSERT INTO `carinfo` (`userId`,`goodsId`,`goodsCount`) VALUES (null,1,1)

[ 2015-11-05T15:21:47+08:00 ] 127.0.0.1 /jd/index.php/Cart/index.html
INFO: [ route_check ] --START--
INFO: CheckRoute Behavior ::run [ RunTime:0.000667s ]
INFO: [ route_check ] --END-- [ RunTime:0.000722s ]
INFO: [ app_begin ] --START--
INFO: ReadHtmlCache Behavior ::run [ RunTime:0.000521s ]
INFO: [ app_begin ] --END-- [ RunTime:0.000561s ]
NOTIC: [8] Undefined index: userMsg F:\www\jd\application\default\Lib\Action\CartAction.class.php 第 6 行.
SQL: select * from carInfo a inner join goodsInfo b on a.goodsId=b.goodsId and userId= [ RunTime:0.000409s ]
ERR: 1064:You have an error in your SQL syntax; check the manual that corresponds to your MySQL server version for the right syntax to use near '' at line 1
 [ SQL语句 ] : select * from carInfo a inner join goodsInfo b on a.goodsId=b.goodsId and userId=
INFO: [ view_parse ] --START--
NOTIC: [8] Undefined index: userMsg F:\www\jd\application\default\Runtime\Cache\731ca5e0427d3d96fea3cdcfd561c48b.php 第 195 行.
NOTIC: [8] Use of undefined constant index - assumed 'index' F:\www\jd\application\default\Runtime\Cache\731ca5e0427d3d96fea3cdcfd561c48b.php 第 209 行.
NOTIC: [8] Undefined variable: pageName F:\www\jd\application\default\Runtime\Cache\731ca5e0427d3d96fea3cdcfd561c48b.php 第 209 行.
NOTIC: [8] Use of undefined constant category1 - assumed 'category1' F:\www\jd\application\default\Runtime\Cache\731ca5e0427d3d96fea3cdcfd561c48b.php 第 212 行.
NOTIC: [8] Undefined variable: pageName F:\www\jd\application\default\Runtime\Cache\731ca5e0427d3d96fea3cdcfd561c48b.php 第 212 行.
NOTIC: [8] Use of undefined constant auction - assumed 'auction' F:\www\jd\application\default\Runtime\Cache\731ca5e0427d3d96fea3cdcfd561c48b.php 第 215 行.
NOTIC: [8] Undefined variable: pageName F:\www\jd\application\default\Runtime\Cache\731ca5e0427d3d96fea3cdcfd561c48b.php 第 215 行.
NOTIC: [8] Use of undefined constant Diy - assumed 'Diy' F:\www\jd\application\default\Runtime\Cache\731ca5e0427d3d96fea3cdcfd561c48b.php 第 218 行.
NOTIC: [8] Undefined variable: pageName F:\www\jd\application\default\Runtime\Cache\731ca5e0427d3d96fea3cdcfd561c48b.php 第 218 行.
NOTIC: [8] Use of undefined constant Message - assumed 'Message' F:\www\jd\application\default\Runtime\Cache\731ca5e0427d3d96fea3cdcfd561c48b.php 第 221 行.
NOTIC: [8] Undefined variable: pageName F:\www\jd\application\default\Runtime\Cache\731ca5e0427d3d96fea3cdcfd561c48b.php 第 221 行.
NOTIC: [8] Use of undefined constant category2 - assumed 'category2' F:\www\jd\application\default\Runtime\Cache\731ca5e0427d3d96fea3cdcfd561c48b.php 第 224 行.
NOTIC: [8] Undefined variable: pageName F:\www\jd\application\default\Runtime\Cache\731ca5e0427d3d96fea3cdcfd561c48b.php 第 224 行.
NOTIC: [8] Use of undefined constant category3 - assumed 'category3' F:\www\jd\application\default\Runtime\Cache\731ca5e0427d3d96fea3cdcfd561c48b.php 第 227 行.
NOTIC: [8] Undefined variable: pageName F:\www\jd\application\default\Runtime\Cache\731ca5e0427d3d96fea3cdcfd561c48b.php 第 227 行.
NOTIC: [2] Invalid argument supplied for foreach() F:\www\jd\application\default\Common\common.php 第 16 行.
INFO: ParseTemplate Behavior ::run [ RunTime:0.042730s ]
INFO: [ view_parse ] --END-- [ RunTime:0.042878s ]
INFO: [ view_filter ] --START--
INFO: ContentReplace Behavior ::run [ RunTime:0.001564s ]
INFO: TokenBuild Behavior ::run [ RunTime:0.001626s ]
INFO: WriteHtmlCache Behavior ::run [ RunTime:0.001103s ]
INFO: ShowRuntime Behavior ::run [ RunTime:0.001580s ]
INFO: [ view_filter ] --END-- [ RunTime:0.006294s ]
INFO: [ view_end ] --START--
INFO: ShowPageTrace Behavior ::run [ RunTime:0.001853s ]
INFO: [ view_end ] --END-- [ RunTime:0.001997s ]

[ 2015-11-05T15:21:51+08:00 ] 127.0.0.1 /jd/index.php/Login/index
INFO: [ route_check ] --START--
INFO: CheckRoute Behavior ::run [ RunTime:0.000862s ]
INFO: [ route_check ] --END-- [ RunTime:0.000918s ]
INFO: [ app_begin ] --START--
INFO: ReadHtmlCache Behavior ::run [ RunTime:0.000518s ]
INFO: [ app_begin ] --END-- [ RunTime:0.000559s ]
INFO: [ view_parse ] --START--
NOTIC: [8] Undefined index: userMsg F:\www\jd\application\default\Runtime\Cache\f2b90c6db23de04500c5a2e42ebff9b8.php 第 108 行.
NOTIC: [8] Use of undefined constant index - assumed 'index' F:\www\jd\application\default\Runtime\Cache\f2b90c6db23de04500c5a2e42ebff9b8.php 第 122 行.
NOTIC: [8] Undefined variable: pageName F:\www\jd\application\default\Runtime\Cache\f2b90c6db23de04500c5a2e42ebff9b8.php 第 122 行.
NOTIC: [8] Use of undefined constant category1 - assumed 'category1' F:\www\jd\application\default\Runtime\Cache\f2b90c6db23de04500c5a2e42ebff9b8.php 第 125 行.
NOTIC: [8] Undefined variable: pageName F:\www\jd\application\default\Runtime\Cache\f2b90c6db23de04500c5a2e42ebff9b8.php 第 125 行.
NOTIC: [8] Use of undefined constant auction - assumed 'auction' F:\www\jd\application\default\Runtime\Cache\f2b90c6db23de04500c5a2e42ebff9b8.php 第 128 行.
NOTIC: [8] Undefined variable: pageName F:\www\jd\application\default\Runtime\Cache\f2b90c6db23de04500c5a2e42ebff9b8.php 第 128 行.
NOTIC: [8] Use of undefined constant Diy - assumed 'Diy' F:\www\jd\application\default\Runtime\Cache\f2b90c6db23de04500c5a2e42ebff9b8.php 第 131 行.
NOTIC: [8] Undefined variable: pageName F:\www\jd\application\default\Runtime\Cache\f2b90c6db23de04500c5a2e42ebff9b8.php 第 131 行.
NOTIC: [8] Use of undefined constant Message - assumed 'Message' F:\www\jd\application\default\Runtime\Cache\f2b90c6db23de04500c5a2e42ebff9b8.php 第 134 行.
NOTIC: [8] Undefined variable: pageName F:\www\jd\application\default\Runtime\Cache\f2b90c6db23de04500c5a2e42ebff9b8.php 第 134 行.
NOTIC: [8] Use of undefined constant category2 - assumed 'category2' F:\www\jd\application\default\Runtime\Cache\f2b90c6db23de04500c5a2e42ebff9b8.php 第 137 行.
NOTIC: [8] Undefined variable: pageName F:\www\jd\application\default\Runtime\Cache\f2b90c6db23de04500c5a2e42ebff9b8.php 第 137 行.
NOTIC: [8] Use of undefined constant category3 - assumed 'category3' F:\www\jd\application\default\Runtime\Cache\f2b90c6db23de04500c5a2e42ebff9b8.php 第 140 行.
NOTIC: [8] Undefined variable: pageName F:\www\jd\application\default\Runtime\Cache\f2b90c6db23de04500c5a2e42ebff9b8.php 第 140 行.
INFO: ParseTemplate Behavior ::run [ RunTime:0.029699s ]
INFO: [ view_parse ] --END-- [ RunTime:0.029742s ]
INFO: [ view_filter ] --START--
INFO: ContentReplace Behavior ::run [ RunTime:0.000605s ]
INFO: TokenBuild Behavior ::run [ RunTime:0.000494s ]
INFO: WriteHtmlCache Behavior ::run [ RunTime:0.000401s ]
INFO: ShowRuntime Behavior ::run [ RunTime:0.000550s ]
INFO: [ view_filter ] --END-- [ RunTime:0.002159s ]
INFO: [ view_end ] --START--
INFO: ShowPageTrace Behavior ::run [ RunTime:0.000809s ]
INFO: [ view_end ] --END-- [ RunTime:0.000870s ]

[ 2015-11-05T15:21:56+08:00 ] 127.0.0.1 /jd/index.php/Login/login
INFO: [ route_check ] --START--
INFO: CheckRoute Behavior ::run [ RunTime:0.000701s ]
INFO: [ route_check ] --END-- [ RunTime:0.000757s ]
INFO: [ app_begin ] --START--
INFO: ReadHtmlCache Behavior ::run [ RunTime:0.000523s ]
INFO: [ app_begin ] --END-- [ RunTime:0.000562s ]
SQL: SHOW COLUMNS FROM `userinfo` [ RunTime:0.113136s ]
SQL: SELECT * FROM `userinfo` WHERE ( userName='admin' and passWord='123123' ) LIMIT 1   [ RunTime:0.000837s ]
INFO: [ view_parse ] --START--
INFO: ParseTemplate Behavior ::run [ RunTime:0.080047s ]
INFO: [ view_parse ] --END-- [ RunTime:0.080216s ]
INFO: [ view_filter ] --START--
INFO: ContentReplace Behavior ::run [ RunTime:0.001149s ]
INFO: TokenBuild Behavior ::run [ RunTime:0.001216s ]
INFO: WriteHtmlCache Behavior ::run [ RunTime:0.000876s ]
INFO: ShowRuntime Behavior ::run [ RunTime:0.001348s ]
INFO: [ view_filter ] --END-- [ RunTime:0.004940s ]
INFO: [ view_end ] --START--
INFO: ShowPageTrace Behavior ::run [ RunTime:0.002334s ]
INFO: [ view_end ] --END-- [ RunTime:0.002522s ]

[ 2015-11-05T15:21:57+08:00 ] 127.0.0.1 /jd/index.php/Login/index
INFO: [ route_check ] --START--
INFO: CheckRoute Behavior ::run [ RunTime:0.001120s ]
INFO: [ route_check ] --END-- [ RunTime:0.001210s ]
INFO: [ app_begin ] --START--
INFO: ReadHtmlCache Behavior ::run [ RunTime:0.000825s ]
INFO: [ app_begin ] --END-- [ RunTime:0.000890s ]
INFO: [ view_parse ] --START--
NOTIC: [8] Undefined index: userMsg F:\www\jd\application\default\Runtime\Cache\f2b90c6db23de04500c5a2e42ebff9b8.php 第 108 行.
NOTIC: [8] Use of undefined constant index - assumed 'index' F:\www\jd\application\default\Runtime\Cache\f2b90c6db23de04500c5a2e42ebff9b8.php 第 122 行.
NOTIC: [8] Undefined variable: pageName F:\www\jd\application\default\Runtime\Cache\f2b90c6db23de04500c5a2e42ebff9b8.php 第 122 行.
NOTIC: [8] Use of undefined constant category1 - assumed 'category1' F:\www\jd\application\default\Runtime\Cache\f2b90c6db23de04500c5a2e42ebff9b8.php 第 125 行.
NOTIC: [8] Undefined variable: pageName F:\www\jd\application\default\Runtime\Cache\f2b90c6db23de04500c5a2e42ebff9b8.php 第 125 行.
NOTIC: [8] Use of undefined constant auction - assumed 'auction' F:\www\jd\application\default\Runtime\Cache\f2b90c6db23de04500c5a2e42ebff9b8.php 第 128 行.
NOTIC: [8] Undefined variable: pageName F:\www\jd\application\default\Runtime\Cache\f2b90c6db23de04500c5a2e42ebff9b8.php 第 128 行.
NOTIC: [8] Use of undefined constant Diy - assumed 'Diy' F:\www\jd\application\default\Runtime\Cache\f2b90c6db23de04500c5a2e42ebff9b8.php 第 131 行.
NOTIC: [8] Undefined variable: pageName F:\www\jd\application\default\Runtime\Cache\f2b90c6db23de04500c5a2e42ebff9b8.php 第 131 行.
NOTIC: [8] Use of undefined constant Message - assumed 'Message' F:\www\jd\application\default\Runtime\Cache\f2b90c6db23de04500c5a2e42ebff9b8.php 第 134 行.
NOTIC: [8] Undefined variable: pageName F:\www\jd\application\default\Runtime\Cache\f2b90c6db23de04500c5a2e42ebff9b8.php 第 134 行.
NOTIC: [8] Use of undefined constant category2 - assumed 'category2' F:\www\jd\application\default\Runtime\Cache\f2b90c6db23de04500c5a2e42ebff9b8.php 第 137 行.
NOTIC: [8] Undefined variable: pageName F:\www\jd\application\default\Runtime\Cache\f2b90c6db23de04500c5a2e42ebff9b8.php 第 137 行.
NOTIC: [8] Use of undefined constant category3 - assumed 'category3' F:\www\jd\application\default\Runtime\Cache\f2b90c6db23de04500c5a2e42ebff9b8.php 第 140 行.
NOTIC: [8] Undefined variable: pageName F:\www\jd\application\default\Runtime\Cache\f2b90c6db23de04500c5a2e42ebff9b8.php 第 140 行.
INFO: ParseTemplate Behavior ::run [ RunTime:0.013198s ]
INFO: [ view_parse ] --END-- [ RunTime:0.013248s ]
INFO: [ view_filter ] --START--
INFO: ContentReplace Behavior ::run [ RunTime:0.000499s ]
INFO: TokenBuild Behavior ::run [ RunTime:0.000389s ]
INFO: WriteHtmlCache Behavior ::run [ RunTime:0.000305s ]
INFO: ShowRuntime Behavior ::run [ RunTime:0.000382s ]
INFO: [ view_filter ] --END-- [ RunTime:0.001665s ]
INFO: [ view_end ] --START--
INFO: ShowPageTrace Behavior ::run [ RunTime:0.000550s ]
INFO: [ view_end ] --END-- [ RunTime:0.000590s ]

[ 2015-11-05T15:22:05+08:00 ] 127.0.0.1 /jd/index.php/Login/login
INFO: [ route_check ] --START--
INFO: CheckRoute Behavior ::run [ RunTime:0.000865s ]
INFO: [ route_check ] --END-- [ RunTime:0.000932s ]
INFO: [ app_begin ] --START--
INFO: ReadHtmlCache Behavior ::run [ RunTime:0.000597s ]
INFO: [ app_begin ] --END-- [ RunTime:0.000639s ]
SQL: SHOW COLUMNS FROM `userinfo` [ RunTime:0.002887s ]
SQL: SELECT * FROM `userinfo` WHERE ( userName='admin' and passWord='admin' ) LIMIT 1   [ RunTime:0.000286s ]
INFO: [ view_parse ] --START--
INFO: ParseTemplate Behavior ::run [ RunTime:0.006669s ]
INFO: [ view_parse ] --END-- [ RunTime:0.006725s ]
INFO: [ view_filter ] --START--
INFO: ContentReplace Behavior ::run [ RunTime:0.000401s ]
INFO: TokenBuild Behavior ::run [ RunTime:0.000407s ]
INFO: WriteHtmlCache Behavior ::run [ RunTime:0.000321s ]
INFO: ShowRuntime Behavior ::run [ RunTime:0.000449s ]
INFO: [ view_filter ] --END-- [ RunTime:0.001682s ]
INFO: [ view_end ] --START--
INFO: ShowPageTrace Behavior ::run [ RunTime:0.000563s ]
INFO: [ view_end ] --END-- [ RunTime:0.000599s ]

[ 2015-11-05T15:22:06+08:00 ] 127.0.0.1 /jd/index.php/Login/index
INFO: [ route_check ] --START--
INFO: CheckRoute Behavior ::run [ RunTime:0.001001s ]
INFO: [ route_check ] --END-- [ RunTime:0.001082s ]
INFO: [ app_begin ] --START--
INFO: ReadHtmlCache Behavior ::run [ RunTime:0.000594s ]
INFO: [ app_begin ] --END-- [ RunTime:0.000645s ]
INFO: [ view_parse ] --START--
NOTIC: [8] Undefined index: userMsg F:\www\jd\application\default\Runtime\Cache\f2b90c6db23de04500c5a2e42ebff9b8.php 第 108 行.
NOTIC: [8] Use of undefined constant index - assumed 'index' F:\www\jd\application\default\Runtime\Cache\f2b90c6db23de04500c5a2e42ebff9b8.php 第 122 行.
NOTIC: [8] Undefined variable: pageName F:\www\jd\application\default\Runtime\Cache\f2b90c6db23de04500c5a2e42ebff9b8.php 第 122 行.
NOTIC: [8] Use of undefined constant category1 - assumed 'category1' F:\www\jd\application\default\Runtime\Cache\f2b90c6db23de04500c5a2e42ebff9b8.php 第 125 行.
NOTIC: [8] Undefined variable: pageName F:\www\jd\application\default\Runtime\Cache\f2b90c6db23de04500c5a2e42ebff9b8.php 第 125 行.
NOTIC: [8] Use of undefined constant auction - assumed 'auction' F:\www\jd\application\default\Runtime\Cache\f2b90c6db23de04500c5a2e42ebff9b8.php 第 128 行.
NOTIC: [8] Undefined variable: pageName F:\www\jd\application\default\Runtime\Cache\f2b90c6db23de04500c5a2e42ebff9b8.php 第 128 行.
NOTIC: [8] Use of undefined constant Diy - assumed 'Diy' F:\www\jd\application\default\Runtime\Cache\f2b90c6db23de04500c5a2e42ebff9b8.php 第 131 行.
NOTIC: [8] Undefined variable: pageName F:\www\jd\application\default\Runtime\Cache\f2b90c6db23de04500c5a2e42ebff9b8.php 第 131 行.
NOTIC: [8] Use of undefined constant Message - assumed 'Message' F:\www\jd\application\default\Runtime\Cache\f2b90c6db23de04500c5a2e42ebff9b8.php 第 134 行.
NOTIC: [8] Undefined variable: pageName F:\www\jd\application\default\Runtime\Cache\f2b90c6db23de04500c5a2e42ebff9b8.php 第 134 行.
NOTIC: [8] Use of undefined constant category2 - assumed 'category2' F:\www\jd\application\default\Runtime\Cache\f2b90c6db23de04500c5a2e42ebff9b8.php 第 137 行.
NOTIC: [8] Undefined variable: pageName F:\www\jd\application\default\Runtime\Cache\f2b90c6db23de04500c5a2e42ebff9b8.php 第 137 行.
NOTIC: [8] Use of undefined constant category3 - assumed 'category3' F:\www\jd\application\default\Runtime\Cache\f2b90c6db23de04500c5a2e42ebff9b8.php 第 140 行.
NOTIC: [8] Undefined variable: pageName F:\www\jd\application\default\Runtime\Cache\f2b90c6db23de04500c5a2e42ebff9b8.php 第 140 行.
INFO: ParseTemplate Behavior ::run [ RunTime:0.013129s ]
INFO: [ view_parse ] --END-- [ RunTime:0.013183s ]
INFO: [ view_filter ] --START--
INFO: ContentReplace Behavior ::run [ RunTime:0.000572s ]
INFO: TokenBuild Behavior ::run [ RunTime:0.000421s ]
INFO: WriteHtmlCache Behavior ::run [ RunTime:0.000315s ]
INFO: ShowRuntime Behavior ::run [ RunTime:0.000468s ]
INFO: [ view_filter ] --END-- [ RunTime:0.001902s ]
INFO: [ view_end ] --START--
INFO: ShowPageTrace Behavior ::run [ RunTime:0.000860s ]
INFO: [ view_end ] --END-- [ RunTime:0.000934s ]

[ 2015-11-05T15:22:13+08:00 ] 127.0.0.1 /jd/index.php/Login/login
INFO: [ route_check ] --START--
INFO: CheckRoute Behavior ::run [ RunTime:0.000695s ]
INFO: [ route_check ] --END-- [ RunTime:0.000752s ]
INFO: [ app_begin ] --START--
INFO: ReadHtmlCache Behavior ::run [ RunTime:0.000518s ]
INFO: [ app_begin ] --END-- [ RunTime:0.000559s ]
SQL: SHOW COLUMNS FROM `userinfo` [ RunTime:0.002484s ]
SQL: SELECT * FROM `userinfo` WHERE ( userName='admin' and passWord='123456' ) LIMIT 1   [ RunTime:0.000254s ]
INFO: [ view_parse ] --START--
INFO: ParseTemplate Behavior ::run [ RunTime:0.006249s ]
INFO: [ view_parse ] --END-- [ RunTime:0.006307s ]
INFO: [ view_filter ] --START--
INFO: ContentReplace Behavior ::run [ RunTime:0.000360s ]
INFO: TokenBuild Behavior ::run [ RunTime:0.000373s ]
INFO: WriteHtmlCache Behavior ::run [ RunTime:0.000228s ]
INFO: ShowRuntime Behavior ::run [ RunTime:0.000316s ]
INFO: [ view_filter ] --END-- [ RunTime:0.001377s ]
INFO: [ view_end ] --START--
INFO: ShowPageTrace Behavior ::run [ RunTime:0.000448s ]
INFO: [ view_end ] --END-- [ RunTime:0.000477s ]

[ 2015-11-05T15:22:14+08:00 ] 127.0.0.1 /jd/index.php/Login/index
INFO: [ route_check ] --START--
INFO: CheckRoute Behavior ::run [ RunTime:0.000708s ]
INFO: [ route_check ] --END-- [ RunTime:0.000765s ]
INFO: [ app_begin ] --START--
INFO: ReadHtmlCache Behavior ::run [ RunTime:0.000531s ]
INFO: [ app_begin ] --END-- [ RunTime:0.000576s ]
INFO: [ view_parse ] --START--
NOTIC: [8] Undefined index: userMsg F:\www\jd\application\default\Runtime\Cache\f2b90c6db23de04500c5a2e42ebff9b8.php 第 108 行.
NOTIC: [8] Use of undefined constant index - assumed 'index' F:\www\jd\application\default\Runtime\Cache\f2b90c6db23de04500c5a2e42ebff9b8.php 第 122 行.
NOTIC: [8] Undefined variable: pageName F:\www\jd\application\default\Runtime\Cache\f2b90c6db23de04500c5a2e42ebff9b8.php 第 122 行.
NOTIC: [8] Use of undefined constant category1 - assumed 'category1' F:\www\jd\application\default\Runtime\Cache\f2b90c6db23de04500c5a2e42ebff9b8.php 第 125 行.
NOTIC: [8] Undefined variable: pageName F:\www\jd\application\default\Runtime\Cache\f2b90c6db23de04500c5a2e42ebff9b8.php 第 125 行.
NOTIC: [8] Use of undefined constant auction - assumed 'auction' F:\www\jd\application\default\Runtime\Cache\f2b90c6db23de04500c5a2e42ebff9b8.php 第 128 行.
NOTIC: [8] Undefined variable: pageName F:\www\jd\application\default\Runtime\Cache\f2b90c6db23de04500c5a2e42ebff9b8.php 第 128 行.
NOTIC: [8] Use of undefined constant Diy - assumed 'Diy' F:\www\jd\application\default\Runtime\Cache\f2b90c6db23de04500c5a2e42ebff9b8.php 第 131 行.
NOTIC: [8] Undefined variable: pageName F:\www\jd\application\default\Runtime\Cache\f2b90c6db23de04500c5a2e42ebff9b8.php 第 131 行.
NOTIC: [8] Use of undefined constant Message - assumed 'Message' F:\www\jd\application\default\Runtime\Cache\f2b90c6db23de04500c5a2e42ebff9b8.php 第 134 行.
NOTIC: [8] Undefined variable: pageName F:\www\jd\application\default\Runtime\Cache\f2b90c6db23de04500c5a2e42ebff9b8.php 第 134 行.
NOTIC: [8] Use of undefined constant category2 - assumed 'category2' F:\www\jd\application\default\Runtime\Cache\f2b90c6db23de04500c5a2e42ebff9b8.php 第 137 行.
NOTIC: [8] Undefined variable: pageName F:\www\jd\application\default\Runtime\Cache\f2b90c6db23de04500c5a2e42ebff9b8.php 第 137 行.
NOTIC: [8] Use of undefined constant category3 - assumed 'category3' F:\www\jd\application\default\Runtime\Cache\f2b90c6db23de04500c5a2e42ebff9b8.php 第 140 行.
NOTIC: [8] Undefined variable: pageName F:\www\jd\application\default\Runtime\Cache\f2b90c6db23de04500c5a2e42ebff9b8.php 第 140 行.
INFO: ParseTemplate Behavior ::run [ RunTime:0.009809s ]
INFO: [ view_parse ] --END-- [ RunTime:0.009851s ]
INFO: [ view_filter ] --START--
INFO: ContentReplace Behavior ::run [ RunTime:0.000531s ]
INFO: TokenBuild Behavior ::run [ RunTime:0.000441s ]
INFO: WriteHtmlCache Behavior ::run [ RunTime:0.000360s ]
INFO: ShowRuntime Behavior ::run [ RunTime:0.000574s ]
INFO: [ view_filter ] --END-- [ RunTime:0.002035s ]
INFO: [ view_end ] --START--
INFO: ShowPageTrace Behavior ::run [ RunTime:0.000624s ]
INFO: [ view_end ] --END-- [ RunTime:0.000684s ]

[ 2015-11-05T15:23:28+08:00 ] 127.0.0.1 /jd/index.php/Login/login
INFO: [ route_check ] --START--
INFO: CheckRoute Behavior ::run [ RunTime:0.000700s ]
INFO: [ route_check ] --END-- [ RunTime:0.000763s ]
INFO: [ app_begin ] --START--
INFO: ReadHtmlCache Behavior ::run [ RunTime:0.000526s ]
INFO: [ app_begin ] --END-- [ RunTime:0.000566s ]
SQL: SHOW COLUMNS FROM `userinfo` [ RunTime:0.002888s ]
SQL: SELECT * FROM `userinfo` WHERE ( userName='admin' and passWord='123' ) LIMIT 1   [ RunTime:0.000304s ]
INFO: [ view_parse ] --START--
INFO: ParseTemplate Behavior ::run [ RunTime:0.005949s ]
INFO: [ view_parse ] --END-- [ RunTime:0.006010s ]
INFO: [ view_filter ] --START--
INFO: ContentReplace Behavior ::run [ RunTime:0.000388s ]
INFO: TokenBuild Behavior ::run [ RunTime:0.000400s ]
INFO: WriteHtmlCache Behavior ::run [ RunTime:0.000409s ]
INFO: ShowRuntime Behavior ::run [ RunTime:0.000420s ]
INFO: [ view_filter ] --END-- [ RunTime:0.001755s ]
INFO: [ view_end ] --START--
INFO: ShowPageTrace Behavior ::run [ RunTime:0.000530s ]
INFO: [ view_end ] --END-- [ RunTime:0.000567s ]

[ 2015-11-05T15:23:29+08:00 ] 127.0.0.1 /jd/index.php/Index/index
INFO: [ route_check ] --START--
INFO: CheckRoute Behavior ::run [ RunTime:0.001262s ]
INFO: [ route_check ] --END-- [ RunTime:0.001362s ]
INFO: [ app_begin ] --START--
INFO: ReadHtmlCache Behavior ::run [ RunTime:0.001025s ]
INFO: [ app_begin ] --END-- [ RunTime:0.001115s ]
SQL: SHOW COLUMNS FROM `goodstype` [ RunTime:0.005407s ]
SQL: SELECT * FROM `goodstype` WHERE ( parentId=0 )  [ RunTime:0.000419s ]
SQL: SELECT * FROM `goodstype` WHERE ( parentId=1 )  [ RunTime:0.000198s ]
SQL: SELECT * FROM `goodstype` WHERE ( parentId=2 )  [ RunTime:0.000195s ]
SQL: SELECT * FROM `goodstype` WHERE ( parentId=6 )  [ RunTime:0.000189s ]
SQL: SELECT * FROM `goodstype` WHERE ( parentId=10 )  [ RunTime:0.000195s ]
SQL: SELECT * FROM `goodstype` WHERE ( parentId=11 )  [ RunTime:0.000194s ]
SQL: SELECT * FROM `goodstype` WHERE ( parentId=14 )  [ RunTime:0.000201s ]
SQL: SELECT * FROM `goodstype` WHERE ( parentId=17 )  [ RunTime:0.000231s ]
NOTIC: [2] Invalid argument supplied for foreach() F:\www\jd\application\default\Lib\Action\IndexAction.class.php 第 13 行.
SQL: SELECT * FROM `goodstype` WHERE ( parentId=18 )  [ RunTime:0.000212s ]
NOTIC: [2] Invalid argument supplied for foreach() F:\www\jd\application\default\Lib\Action\IndexAction.class.php 第 13 行.
SQL: SHOW COLUMNS FROM `brandinfo` [ RunTime:0.002964s ]
NOTIC: [8] Undefined offset: 0 F:\www\jd\application\default\Lib\Action\IndexAction.class.php 第 23 行.
SQL: SELECT * FROM `brandinfo` WHERE ( typeId= )  [ RunTime:0.000160s ]
ERR: 1064:You have an error in your SQL syntax; check the manual that corresponds to your MySQL server version for the right syntax to use near ')' at line 1
 [ SQL语句 ] : SELECT * FROM `brandinfo` WHERE ( typeId= ) 
SQL: SHOW COLUMNS FROM `goodsinfo` [ RunTime:0.002533s ]
SQL: SELECT * FROM `goodsinfo`  [ RunTime:0.000227s ]
INFO: [ view_parse ] --START--
NOTIC: [8] Use of undefined constant index - assumed 'index' F:\www\jd\application\default\Runtime\Cache\33af4b837747d1d7905dbdd00c63e095.php 第 261 行.
NOTIC: [8] Use of undefined constant category1 - assumed 'category1' F:\www\jd\application\default\Runtime\Cache\33af4b837747d1d7905dbdd00c63e095.php 第 264 行.
NOTIC: [8] Use of undefined constant auction - assumed 'auction' F:\www\jd\application\default\Runtime\Cache\33af4b837747d1d7905dbdd00c63e095.php 第 267 行.
NOTIC: [8] Use of undefined constant Diy - assumed 'Diy' F:\www\jd\application\default\Runtime\Cache\33af4b837747d1d7905dbdd00c63e095.php 第 270 行.
NOTIC: [8] Use of undefined constant Message - assumed 'Message' F:\www\jd\application\default\Runtime\Cache\33af4b837747d1d7905dbdd00c63e095.php 第 273 行.
NOTIC: [8] Use of undefined constant category2 - assumed 'category2' F:\www\jd\application\default\Runtime\Cache\33af4b837747d1d7905dbdd00c63e095.php 第 276 行.
NOTIC: [8] Use of undefined constant category3 - assumed 'category3' F:\www\jd\application\default\Runtime\Cache\33af4b837747d1d7905dbdd00c63e095.php 第 279 行.
INFO: ParseTemplate Behavior ::run [ RunTime:0.020098s ]
INFO: [ view_parse ] --END-- [ RunTime:0.020156s ]
INFO: [ view_filter ] --START--
INFO: ContentReplace Behavior ::run [ RunTime:0.000966s ]
INFO: TokenBuild Behavior ::run [ RunTime:0.000529s ]
INFO: WriteHtmlCache Behavior ::run [ RunTime:0.000248s ]
INFO: ShowRuntime Behavior ::run [ RunTime:0.000389s ]
INFO: [ view_filter ] --END-- [ RunTime:0.002255s ]
INFO: [ view_end ] --START--
INFO: ShowPageTrace Behavior ::run [ RunTime:0.001067s ]
INFO: [ view_end ] --END-- [ RunTime:0.001153s ]

[ 2015-11-05T15:23:31+08:00 ] 127.0.0.1 /jd/index.php/Goods/index/id/1
INFO: [ route_check ] --START--
INFO: CheckRoute Behavior ::run [ RunTime:0.001019s ]
INFO: [ route_check ] --END-- [ RunTime:0.001150s ]
INFO: [ app_begin ] --START--
INFO: ReadHtmlCache Behavior ::run [ RunTime:0.000820s ]
INFO: [ app_begin ] --END-- [ RunTime:0.000925s ]
SQL: SHOW COLUMNS FROM `goodsinfo` [ RunTime:0.002778s ]
SQL: SELECT * FROM `goodsinfo` WHERE ( goodsId=1 ) LIMIT 1   [ RunTime:0.000299s ]
INFO: [ view_parse ] --START--
NOTIC: [8] Use of undefined constant index - assumed 'index' F:\www\jd\application\default\Runtime\Cache\2b9ceab0863e0aa2a5f9e0bef3e78664.php 第 258 行.
NOTIC: [8] Undefined variable: pageName F:\www\jd\application\default\Runtime\Cache\2b9ceab0863e0aa2a5f9e0bef3e78664.php 第 258 行.
NOTIC: [8] Use of undefined constant category1 - assumed 'category1' F:\www\jd\application\default\Runtime\Cache\2b9ceab0863e0aa2a5f9e0bef3e78664.php 第 261 行.
NOTIC: [8] Undefined variable: pageName F:\www\jd\application\default\Runtime\Cache\2b9ceab0863e0aa2a5f9e0bef3e78664.php 第 261 行.
NOTIC: [8] Use of undefined constant auction - assumed 'auction' F:\www\jd\application\default\Runtime\Cache\2b9ceab0863e0aa2a5f9e0bef3e78664.php 第 264 行.
NOTIC: [8] Undefined variable: pageName F:\www\jd\application\default\Runtime\Cache\2b9ceab0863e0aa2a5f9e0bef3e78664.php 第 264 行.
NOTIC: [8] Use of undefined constant Diy - assumed 'Diy' F:\www\jd\application\default\Runtime\Cache\2b9ceab0863e0aa2a5f9e0bef3e78664.php 第 267 行.
NOTIC: [8] Undefined variable: pageName F:\www\jd\application\default\Runtime\Cache\2b9ceab0863e0aa2a5f9e0bef3e78664.php 第 267 行.
NOTIC: [8] Use of undefined constant Message - assumed 'Message' F:\www\jd\application\default\Runtime\Cache\2b9ceab0863e0aa2a5f9e0bef3e78664.php 第 270 行.
NOTIC: [8] Undefined variable: pageName F:\www\jd\application\default\Runtime\Cache\2b9ceab0863e0aa2a5f9e0bef3e78664.php 第 270 行.
NOTIC: [8] Use of undefined constant category2 - assumed 'category2' F:\www\jd\application\default\Runtime\Cache\2b9ceab0863e0aa2a5f9e0bef3e78664.php 第 273 行.
NOTIC: [8] Undefined variable: pageName F:\www\jd\application\default\Runtime\Cache\2b9ceab0863e0aa2a5f9e0bef3e78664.php 第 273 行.
NOTIC: [8] Use of undefined constant category3 - assumed 'category3' F:\www\jd\application\default\Runtime\Cache\2b9ceab0863e0aa2a5f9e0bef3e78664.php 第 276 行.
NOTIC: [8] Undefined variable: pageName F:\www\jd\application\default\Runtime\Cache\2b9ceab0863e0aa2a5f9e0bef3e78664.php 第 276 行.
INFO: ParseTemplate Behavior ::run [ RunTime:0.021727s ]
INFO: [ view_parse ] --END-- [ RunTime:0.021770s ]
INFO: [ view_filter ] --START--
INFO: ContentReplace Behavior ::run [ RunTime:0.000665s ]
INFO: TokenBuild Behavior ::run [ RunTime:0.000401s ]
INFO: WriteHtmlCache Behavior ::run [ RunTime:0.000309s ]
INFO: ShowRuntime Behavior ::run [ RunTime:0.000453s ]
INFO: [ view_filter ] --END-- [ RunTime:0.001925s ]
INFO: [ view_end ] --START--
INFO: ShowPageTrace Behavior ::run [ RunTime:0.000628s ]
INFO: [ view_end ] --END-- [ RunTime:0.000689s ]

[ 2015-11-05T15:23:33+08:00 ] 127.0.0.1 /jd/index.php/Action/index/goodsCount/1/goodsId/1
INFO: [ route_check ] --START--
INFO: CheckRoute Behavior ::run [ RunTime:0.000767s ]
INFO: [ route_check ] --END-- [ RunTime:0.000826s ]
INFO: [ app_begin ] --START--
INFO: ReadHtmlCache Behavior ::run [ RunTime:0.000488s ]
INFO: [ app_begin ] --END-- [ RunTime:0.000528s ]
SQL: SHOW COLUMNS FROM `carinfo` [ RunTime:0.003119s ]
SQL: SELECT * FROM `carinfo` WHERE ( goodsId=1 and userId=1 ) LIMIT 1   [ RunTime:0.000291s ]
SQL: INSERT INTO `carinfo` (`userId`,`goodsId`,`goodsCount`) VALUES (1,1,1) [ RunTime:0.062367s ]

[ 2015-11-05T15:23:33+08:00 ] 127.0.0.1 /jd/index.php/Cart/index.html
INFO: [ route_check ] --START--
INFO: CheckRoute Behavior ::run [ RunTime:0.000702s ]
INFO: [ route_check ] --END-- [ RunTime:0.000756s ]
INFO: [ app_begin ] --START--
INFO: ReadHtmlCache Behavior ::run [ RunTime:0.000492s ]
INFO: [ app_begin ] --END-- [ RunTime:0.000528s ]
SQL: select * from carInfo a inner join goodsInfo b on a.goodsId=b.goodsId and userId=1 [ RunTime:0.000349s ]
INFO: [ view_parse ] --START--
NOTIC: [8] Use of undefined constant index - assumed 'index' F:\www\jd\application\default\Runtime\Cache\731ca5e0427d3d96fea3cdcfd561c48b.php 第 209 行.
NOTIC: [8] Undefined variable: pageName F:\www\jd\application\default\Runtime\Cache\731ca5e0427d3d96fea3cdcfd561c48b.php 第 209 行.
NOTIC: [8] Use of undefined constant category1 - assumed 'category1' F:\www\jd\application\default\Runtime\Cache\731ca5e0427d3d96fea3cdcfd561c48b.php 第 212 行.
NOTIC: [8] Undefined variable: pageName F:\www\jd\application\default\Runtime\Cache\731ca5e0427d3d96fea3cdcfd561c48b.php 第 212 行.
NOTIC: [8] Use of undefined constant auction - assumed 'auction' F:\www\jd\application\default\Runtime\Cache\731ca5e0427d3d96fea3cdcfd561c48b.php 第 215 行.
NOTIC: [8] Undefined variable: pageName F:\www\jd\application\default\Runtime\Cache\731ca5e0427d3d96fea3cdcfd561c48b.php 第 215 行.
NOTIC: [8] Use of undefined constant Diy - assumed 'Diy' F:\www\jd\application\default\Runtime\Cache\731ca5e0427d3d96fea3cdcfd561c48b.php 第 218 行.
NOTIC: [8] Undefined variable: pageName F:\www\jd\application\default\Runtime\Cache\731ca5e0427d3d96fea3cdcfd561c48b.php 第 218 行.
NOTIC: [8] Use of undefined constant Message - assumed 'Message' F:\www\jd\application\default\Runtime\Cache\731ca5e0427d3d96fea3cdcfd561c48b.php 第 221 行.
NOTIC: [8] Undefined variable: pageName F:\www\jd\application\default\Runtime\Cache\731ca5e0427d3d96fea3cdcfd561c48b.php 第 221 行.
NOTIC: [8] Use of undefined constant category2 - assumed 'category2' F:\www\jd\application\default\Runtime\Cache\731ca5e0427d3d96fea3cdcfd561c48b.php 第 224 行.
NOTIC: [8] Undefined variable: pageName F:\www\jd\application\default\Runtime\Cache\731ca5e0427d3d96fea3cdcfd561c48b.php 第 224 行.
NOTIC: [8] Use of undefined constant category3 - assumed 'category3' F:\www\jd\application\default\Runtime\Cache\731ca5e0427d3d96fea3cdcfd561c48b.php 第 227 行.
NOTIC: [8] Undefined variable: pageName F:\www\jd\application\default\Runtime\Cache\731ca5e0427d3d96fea3cdcfd561c48b.php 第 227 行.
INFO: ParseTemplate Behavior ::run [ RunTime:0.010429s ]
INFO: [ view_parse ] --END-- [ RunTime:0.010472s ]
INFO: [ view_filter ] --START--
INFO: ContentReplace Behavior ::run [ RunTime:0.000506s ]
INFO: TokenBuild Behavior ::run [ RunTime:0.000405s ]
INFO: WriteHtmlCache Behavior ::run [ RunTime:0.000300s ]
INFO: ShowRuntime Behavior ::run [ RunTime:0.000413s ]
INFO: [ view_filter ] --END-- [ RunTime:0.001711s ]
INFO: [ view_end ] --START--
INFO: ShowPageTrace Behavior ::run [ RunTime:0.000499s ]
INFO: [ view_end ] --END-- [ RunTime:0.000540s ]

[ 2015-11-05T15:23:36+08:00 ] 127.0.0.1 /jd/index.php/Index/index
INFO: [ route_check ] --START--
INFO: CheckRoute Behavior ::run [ RunTime:0.000734s ]
INFO: [ route_check ] --END-- [ RunTime:0.000799s ]
INFO: [ app_begin ] --START--
INFO: ReadHtmlCache Behavior ::run [ RunTime:0.000686s ]
INFO: [ app_begin ] --END-- [ RunTime:0.000769s ]
SQL: SHOW COLUMNS FROM `goodstype` [ RunTime:0.002629s ]
SQL: SELECT * FROM `goodstype` WHERE ( parentId=0 )  [ RunTime:0.000272s ]
SQL: SELECT * FROM `goodstype` WHERE ( parentId=1 )  [ RunTime:0.000193s ]
SQL: SELECT * FROM `goodstype` WHERE ( parentId=2 )  [ RunTime:0.000204s ]
SQL: SELECT * FROM `goodstype` WHERE ( parentId=6 )  [ RunTime:0.000198s ]
SQL: SELECT * FROM `goodstype` WHERE ( parentId=10 )  [ RunTime:0.000198s ]
SQL: SELECT * FROM `goodstype` WHERE ( parentId=11 )  [ RunTime:0.000192s ]
SQL: SELECT * FROM `goodstype` WHERE ( parentId=14 )  [ RunTime:0.000185s ]
SQL: SELECT * FROM `goodstype` WHERE ( parentId=17 )  [ RunTime:0.000172s ]
NOTIC: [2] Invalid argument supplied for foreach() F:\www\jd\application\default\Lib\Action\IndexAction.class.php 第 13 行.
SQL: SELECT * FROM `goodstype` WHERE ( parentId=18 )  [ RunTime:0.000175s ]
NOTIC: [2] Invalid argument supplied for foreach() F:\www\jd\application\default\Lib\Action\IndexAction.class.php 第 13 行.
SQL: SHOW COLUMNS FROM `brandinfo` [ RunTime:0.002777s ]
NOTIC: [8] Undefined offset: 0 F:\www\jd\application\default\Lib\Action\IndexAction.class.php 第 23 行.
SQL: SELECT * FROM `brandinfo` WHERE ( typeId= )  [ RunTime:0.000166s ]
ERR: 1064:You have an error in your SQL syntax; check the manual that corresponds to your MySQL server version for the right syntax to use near ')' at line 1
 [ SQL语句 ] : SELECT * FROM `brandinfo` WHERE ( typeId= ) 
SQL: SHOW COLUMNS FROM `goodsinfo` [ RunTime:0.003241s ]
SQL: SELECT * FROM `goodsinfo`  [ RunTime:0.000269s ]
INFO: [ view_parse ] --START--
NOTIC: [8] Use of undefined constant index - assumed 'index' F:\www\jd\application\default\Runtime\Cache\33af4b837747d1d7905dbdd00c63e095.php 第 261 行.
NOTIC: [8] Use of undefined constant category1 - assumed 'category1' F:\www\jd\application\default\Runtime\Cache\33af4b837747d1d7905dbdd00c63e095.php 第 264 行.
NOTIC: [8] Use of undefined constant auction - assumed 'auction' F:\www\jd\application\default\Runtime\Cache\33af4b837747d1d7905dbdd00c63e095.php 第 267 行.
NOTIC: [8] Use of undefined constant Diy - assumed 'Diy' F:\www\jd\application\default\Runtime\Cache\33af4b837747d1d7905dbdd00c63e095.php 第 270 行.
NOTIC: [8] Use of undefined constant Message - assumed 'Message' F:\www\jd\application\default\Runtime\Cache\33af4b837747d1d7905dbdd00c63e095.php 第 273 行.
NOTIC: [8] Use of undefined constant category2 - assumed 'category2' F:\www\jd\application\default\Runtime\Cache\33af4b837747d1d7905dbdd00c63e095.php 第 276 行.
NOTIC: [8] Use of undefined constant category3 - assumed 'category3' F:\www\jd\application\default\Runtime\Cache\33af4b837747d1d7905dbdd00c63e095.php 第 279 行.
INFO: ParseTemplate Behavior ::run [ RunTime:0.023100s ]
INFO: [ view_parse ] --END-- [ RunTime:0.023145s ]
INFO: [ view_filter ] --START--
INFO: ContentReplace Behavior ::run [ RunTime:0.000767s ]
INFO: TokenBuild Behavior ::run [ RunTime:0.000413s ]
INFO: WriteHtmlCache Behavior ::run [ RunTime:0.000307s ]
INFO: ShowRuntime Behavior ::run [ RunTime:0.000503s ]
INFO: [ view_filter ] --END-- [ RunTime:0.002084s ]
INFO: [ view_end ] --START--
INFO: ShowPageTrace Behavior ::run [ RunTime:0.000627s ]
INFO: [ view_end ] --END-- [ RunTime:0.000688s ]

[ 2015-11-05T15:23:37+08:00 ] 127.0.0.1 /jd/index.php/Goods/index/id/2
INFO: [ route_check ] --START--
INFO: CheckRoute Behavior ::run [ RunTime:0.001543s ]
INFO: [ route_check ] --END-- [ RunTime:0.001675s ]
INFO: [ app_begin ] --START--
INFO: ReadHtmlCache Behavior ::run [ RunTime:0.000811s ]
INFO: [ app_begin ] --END-- [ RunTime:0.000877s ]
SQL: SHOW COLUMNS FROM `goodsinfo` [ RunTime:0.002705s ]
SQL: SELECT * FROM `goodsinfo` WHERE ( goodsId=2 ) LIMIT 1   [ RunTime:0.000310s ]
INFO: [ view_parse ] --START--
NOTIC: [8] Use of undefined constant index - assumed 'index' F:\www\jd\application\default\Runtime\Cache\2b9ceab0863e0aa2a5f9e0bef3e78664.php 第 258 行.
NOTIC: [8] Undefined variable: pageName F:\www\jd\application\default\Runtime\Cache\2b9ceab0863e0aa2a5f9e0bef3e78664.php 第 258 行.
NOTIC: [8] Use of undefined constant category1 - assumed 'category1' F:\www\jd\application\default\Runtime\Cache\2b9ceab0863e0aa2a5f9e0bef3e78664.php 第 261 行.
NOTIC: [8] Undefined variable: pageName F:\www\jd\application\default\Runtime\Cache\2b9ceab0863e0aa2a5f9e0bef3e78664.php 第 261 行.
NOTIC: [8] Use of undefined constant auction - assumed 'auction' F:\www\jd\application\default\Runtime\Cache\2b9ceab0863e0aa2a5f9e0bef3e78664.php 第 264 行.
NOTIC: [8] Undefined variable: pageName F:\www\jd\application\default\Runtime\Cache\2b9ceab0863e0aa2a5f9e0bef3e78664.php 第 264 行.
NOTIC: [8] Use of undefined constant Diy - assumed 'Diy' F:\www\jd\application\default\Runtime\Cache\2b9ceab0863e0aa2a5f9e0bef3e78664.php 第 267 行.
NOTIC: [8] Undefined variable: pageName F:\www\jd\application\default\Runtime\Cache\2b9ceab0863e0aa2a5f9e0bef3e78664.php 第 267 行.
NOTIC: [8] Use of undefined constant Message - assumed 'Message' F:\www\jd\application\default\Runtime\Cache\2b9ceab0863e0aa2a5f9e0bef3e78664.php 第 270 行.
NOTIC: [8] Undefined variable: pageName F:\www\jd\application\default\Runtime\Cache\2b9ceab0863e0aa2a5f9e0bef3e78664.php 第 270 行.
NOTIC: [8] Use of undefined constant category2 - assumed 'category2' F:\www\jd\application\default\Runtime\Cache\2b9ceab0863e0aa2a5f9e0bef3e78664.php 第 273 行.
NOTIC: [8] Undefined variable: pageName F:\www\jd\application\default\Runtime\Cache\2b9ceab0863e0aa2a5f9e0bef3e78664.php 第 273 行.
NOTIC: [8] Use of undefined constant category3 - assumed 'category3' F:\www\jd\application\default\Runtime\Cache\2b9ceab0863e0aa2a5f9e0bef3e78664.php 第 276 行.
NOTIC: [8] Undefined variable: pageName F:\www\jd\application\default\Runtime\Cache\2b9ceab0863e0aa2a5f9e0bef3e78664.php 第 276 行.
INFO: ParseTemplate Behavior ::run [ RunTime:0.019509s ]
INFO: [ view_parse ] --END-- [ RunTime:0.019571s ]
INFO: [ view_filter ] --START--
INFO: ContentReplace Behavior ::run [ RunTime:0.000623s ]
INFO: TokenBuild Behavior ::run [ RunTime:0.000391s ]
INFO: WriteHtmlCache Behavior ::run [ RunTime:0.000275s ]
INFO: ShowRuntime Behavior ::run [ RunTime:0.000413s ]
INFO: [ view_filter ] --END-- [ RunTime:0.001795s ]
INFO: [ view_end ] --START--
INFO: ShowPageTrace Behavior ::run [ RunTime:0.000884s ]
INFO: [ view_end ] --END-- [ RunTime:0.000960s ]

[ 2015-11-05T15:23:39+08:00 ] 127.0.0.1 /jd/index.php/Action/index/goodsCount/1/goodsId/2
INFO: [ route_check ] --START--
INFO: CheckRoute Behavior ::run [ RunTime:0.000539s ]
INFO: [ route_check ] --END-- [ RunTime:0.000592s ]
INFO: [ app_begin ] --START--
INFO: ReadHtmlCache Behavior ::run [ RunTime:0.000378s ]
INFO: [ app_begin ] --END-- [ RunTime:0.000412s ]
SQL: SHOW COLUMNS FROM `carinfo` [ RunTime:0.014038s ]
SQL: SELECT * FROM `carinfo` WHERE ( goodsId=2 and userId=1 ) LIMIT 1   [ RunTime:0.001056s ]
SQL: INSERT INTO `carinfo` (`userId`,`goodsId`,`goodsCount`) VALUES (1,2,1) [ RunTime:0.041698s ]

[ 2015-11-05T15:23:39+08:00 ] 127.0.0.1 /jd/index.php/Cart/index.html
INFO: [ route_check ] --START--
INFO: CheckRoute Behavior ::run [ RunTime:0.000608s ]
INFO: [ route_check ] --END-- [ RunTime:0.000665s ]
INFO: [ app_begin ] --START--
INFO: ReadHtmlCache Behavior ::run [ RunTime:0.000425s ]
INFO: [ app_begin ] --END-- [ RunTime:0.000463s ]
SQL: select * from carInfo a inner join goodsInfo b on a.goodsId=b.goodsId and userId=1 [ RunTime:0.000482s ]
INFO: [ view_parse ] --START--
NOTIC: [8] Use of undefined constant index - assumed 'index' F:\www\jd\application\default\Runtime\Cache\731ca5e0427d3d96fea3cdcfd561c48b.php 第 209 行.
NOTIC: [8] Undefined variable: pageName F:\www\jd\application\default\Runtime\Cache\731ca5e0427d3d96fea3cdcfd561c48b.php 第 209 行.
NOTIC: [8] Use of undefined constant category1 - assumed 'category1' F:\www\jd\application\default\Runtime\Cache\731ca5e0427d3d96fea3cdcfd561c48b.php 第 212 行.
NOTIC: [8] Undefined variable: pageName F:\www\jd\application\default\Runtime\Cache\731ca5e0427d3d96fea3cdcfd561c48b.php 第 212 行.
NOTIC: [8] Use of undefined constant auction - assumed 'auction' F:\www\jd\application\default\Runtime\Cache\731ca5e0427d3d96fea3cdcfd561c48b.php 第 215 行.
NOTIC: [8] Undefined variable: pageName F:\www\jd\application\default\Runtime\Cache\731ca5e0427d3d96fea3cdcfd561c48b.php 第 215 行.
NOTIC: [8] Use of undefined constant Diy - assumed 'Diy' F:\www\jd\application\default\Runtime\Cache\731ca5e0427d3d96fea3cdcfd561c48b.php 第 218 行.
NOTIC: [8] Undefined variable: pageName F:\www\jd\application\default\Runtime\Cache\731ca5e0427d3d96fea3cdcfd561c48b.php 第 218 行.
NOTIC: [8] Use of undefined constant Message - assumed 'Message' F:\www\jd\application\default\Runtime\Cache\731ca5e0427d3d96fea3cdcfd561c48b.php 第 221 行.
NOTIC: [8] Undefined variable: pageName F:\www\jd\application\default\Runtime\Cache\731ca5e0427d3d96fea3cdcfd561c48b.php 第 221 行.
NOTIC: [8] Use of undefined constant category2 - assumed 'category2' F:\www\jd\application\default\Runtime\Cache\731ca5e0427d3d96fea3cdcfd561c48b.php 第 224 行.
NOTIC: [8] Undefined variable: pageName F:\www\jd\application\default\Runtime\Cache\731ca5e0427d3d96fea3cdcfd561c48b.php 第 224 行.
NOTIC: [8] Use of undefined constant category3 - assumed 'category3' F:\www\jd\application\default\Runtime\Cache\731ca5e0427d3d96fea3cdcfd561c48b.php 第 227 行.
NOTIC: [8] Undefined variable: pageName F:\www\jd\application\default\Runtime\Cache\731ca5e0427d3d96fea3cdcfd561c48b.php 第 227 行.
INFO: ParseTemplate Behavior ::run [ RunTime:0.009842s ]
INFO: [ view_parse ] --END-- [ RunTime:0.009880s ]
INFO: [ view_filter ] --START--
INFO: ContentReplace Behavior ::run [ RunTime:0.000491s ]
INFO: TokenBuild Behavior ::run [ RunTime:0.000380s ]
INFO: WriteHtmlCache Behavior ::run [ RunTime:0.000324s ]
INFO: ShowRuntime Behavior ::run [ RunTime:0.000413s ]
INFO: [ view_filter ] --END-- [ RunTime:0.001699s ]
INFO: [ view_end ] --START--
INFO: ShowPageTrace Behavior ::run [ RunTime:0.000546s ]
INFO: [ view_end ] --END-- [ RunTime:0.000598s ]

[ 2015-11-05T15:23:52+08:00 ] 127.0.0.1 /jd/index.php/Action/clear
INFO: [ route_check ] --START--
INFO: CheckRoute Behavior ::run [ RunTime:0.001716s ]
INFO: [ route_check ] --END-- [ RunTime:0.001825s ]
INFO: [ app_begin ] --START--
INFO: ReadHtmlCache Behavior ::run [ RunTime:0.000809s ]
INFO: [ app_begin ] --END-- [ RunTime:0.000871s ]
SQL: SHOW COLUMNS FROM `carinfo` [ RunTime:0.003250s ]
SQL: DELETE FROM `carinfo` WHERE ( userId=1 ) [ RunTime:0.127059s ]

[ 2015-11-05T15:23:52+08:00 ] 127.0.0.1 /jd/index.php/Cart/index.html
INFO: [ route_check ] --START--
INFO: CheckRoute Behavior ::run [ RunTime:0.001103s ]
INFO: [ route_check ] --END-- [ RunTime:0.001186s ]
INFO: [ app_begin ] --START--
INFO: ReadHtmlCache Behavior ::run [ RunTime:0.000802s ]
INFO: [ app_begin ] --END-- [ RunTime:0.000866s ]
SQL: select * from carInfo a inner join goodsInfo b on a.goodsId=b.goodsId and userId=1 [ RunTime:0.000464s ]
INFO: [ view_parse ] --START--
NOTIC: [8] Use of undefined constant index - assumed 'index' F:\www\jd\application\default\Runtime\Cache\731ca5e0427d3d96fea3cdcfd561c48b.php 第 209 行.
NOTIC: [8] Undefined variable: pageName F:\www\jd\application\default\Runtime\Cache\731ca5e0427d3d96fea3cdcfd561c48b.php 第 209 行.
NOTIC: [8] Use of undefined constant category1 - assumed 'category1' F:\www\jd\application\default\Runtime\Cache\731ca5e0427d3d96fea3cdcfd561c48b.php 第 212 行.
NOTIC: [8] Undefined variable: pageName F:\www\jd\application\default\Runtime\Cache\731ca5e0427d3d96fea3cdcfd561c48b.php 第 212 行.
NOTIC: [8] Use of undefined constant auction - assumed 'auction' F:\www\jd\application\default\Runtime\Cache\731ca5e0427d3d96fea3cdcfd561c48b.php 第 215 行.
NOTIC: [8] Undefined variable: pageName F:\www\jd\application\default\Runtime\Cache\731ca5e0427d3d96fea3cdcfd561c48b.php 第 215 行.
NOTIC: [8] Use of undefined constant Diy - assumed 'Diy' F:\www\jd\application\default\Runtime\Cache\731ca5e0427d3d96fea3cdcfd561c48b.php 第 218 行.
NOTIC: [8] Undefined variable: pageName F:\www\jd\application\default\Runtime\Cache\731ca5e0427d3d96fea3cdcfd561c48b.php 第 218 行.
NOTIC: [8] Use of undefined constant Message - assumed 'Message' F:\www\jd\application\default\Runtime\Cache\731ca5e0427d3d96fea3cdcfd561c48b.php 第 221 行.
NOTIC: [8] Undefined variable: pageName F:\www\jd\application\default\Runtime\Cache\731ca5e0427d3d96fea3cdcfd561c48b.php 第 221 行.
NOTIC: [8] Use of undefined constant category2 - assumed 'category2' F:\www\jd\application\default\Runtime\Cache\731ca5e0427d3d96fea3cdcfd561c48b.php 第 224 行.
NOTIC: [8] Undefined variable: pageName F:\www\jd\application\default\Runtime\Cache\731ca5e0427d3d96fea3cdcfd561c48b.php 第 224 行.
NOTIC: [8] Use of undefined constant category3 - assumed 'category3' F:\www\jd\application\default\Runtime\Cache\731ca5e0427d3d96fea3cdcfd561c48b.php 第 227 行.
NOTIC: [8] Undefined variable: pageName F:\www\jd\application\default\Runtime\Cache\731ca5e0427d3d96fea3cdcfd561c48b.php 第 227 行.
INFO: ParseTemplate Behavior ::run [ RunTime:0.024258s ]
INFO: [ view_parse ] --END-- [ RunTime:0.024328s ]
INFO: [ view_filter ] --START--
INFO: ContentReplace Behavior ::run [ RunTime:0.000931s ]
INFO: TokenBuild Behavior ::run [ RunTime:0.000765s ]
INFO: WriteHtmlCache Behavior ::run [ RunTime:0.000626s ]
INFO: ShowRuntime Behavior ::run [ RunTime:0.000848s ]
INFO: [ view_filter ] --END-- [ RunTime:0.003342s ]
INFO: [ view_end ] --START--
INFO: ShowPageTrace Behavior ::run [ RunTime:0.001264s ]
INFO: [ view_end ] --END-- [ RunTime:0.001420s ]

[ 2015-11-05T15:24:14+08:00 ] 127.0.0.1 /jd/index.php/Index/category.php?id=363
INFO: [ route_check ] --START--
INFO: CheckRoute Behavior ::run [ RunTime:0.000990s ]
INFO: [ route_check ] --END-- [ RunTime:0.001060s ]
INFO: [ app_begin ] --START--
INFO: ReadHtmlCache Behavior ::run [ RunTime:0.000688s ]
INFO: [ app_begin ] --END-- [ RunTime:0.000739s ]
ERR: 非法操作:category.php

[ 2015-11-05T15:24:24+08:00 ] 127.0.0.1 /jd/index.php/Goods/index/id/1
INFO: [ route_check ] --START--
INFO: CheckRoute Behavior ::run [ RunTime:0.000708s ]
INFO: [ route_check ] --END-- [ RunTime:0.000767s ]
INFO: [ app_begin ] --START--
INFO: ReadHtmlCache Behavior ::run [ RunTime:0.000522s ]
INFO: [ app_begin ] --END-- [ RunTime:0.000562s ]
SQL: SHOW COLUMNS FROM `goodsinfo` [ RunTime:0.004010s ]
SQL: SELECT * FROM `goodsinfo` WHERE ( goodsId=1 ) LIMIT 1   [ RunTime:0.000409s ]
INFO: [ view_parse ] --START--
NOTIC: [8] Use of undefined constant index - assumed 'index' F:\www\jd\application\default\Runtime\Cache\2b9ceab0863e0aa2a5f9e0bef3e78664.php 第 258 行.
NOTIC: [8] Undefined variable: pageName F:\www\jd\application\default\Runtime\Cache\2b9ceab0863e0aa2a5f9e0bef3e78664.php 第 258 行.
NOTIC: [8] Use of undefined constant category1 - assumed 'category1' F:\www\jd\application\default\Runtime\Cache\2b9ceab0863e0aa2a5f9e0bef3e78664.php 第 261 行.
NOTIC: [8] Undefined variable: pageName F:\www\jd\application\default\Runtime\Cache\2b9ceab0863e0aa2a5f9e0bef3e78664.php 第 261 行.
NOTIC: [8] Use of undefined constant auction - assumed 'auction' F:\www\jd\application\default\Runtime\Cache\2b9ceab0863e0aa2a5f9e0bef3e78664.php 第 264 行.
NOTIC: [8] Undefined variable: pageName F:\www\jd\application\default\Runtime\Cache\2b9ceab0863e0aa2a5f9e0bef3e78664.php 第 264 行.
NOTIC: [8] Use of undefined constant Diy - assumed 'Diy' F:\www\jd\application\default\Runtime\Cache\2b9ceab0863e0aa2a5f9e0bef3e78664.php 第 267 行.
NOTIC: [8] Undefined variable: pageName F:\www\jd\application\default\Runtime\Cache\2b9ceab0863e0aa2a5f9e0bef3e78664.php 第 267 行.
NOTIC: [8] Use of undefined constant Message - assumed 'Message' F:\www\jd\application\default\Runtime\Cache\2b9ceab0863e0aa2a5f9e0bef3e78664.php 第 270 行.
NOTIC: [8] Undefined variable: pageName F:\www\jd\application\default\Runtime\Cache\2b9ceab0863e0aa2a5f9e0bef3e78664.php 第 270 行.
NOTIC: [8] Use of undefined constant category2 - assumed 'category2' F:\www\jd\application\default\Runtime\Cache\2b9ceab0863e0aa2a5f9e0bef3e78664.php 第 273 行.
NOTIC: [8] Undefined variable: pageName F:\www\jd\application\default\Runtime\Cache\2b9ceab0863e0aa2a5f9e0bef3e78664.php 第 273 行.
NOTIC: [8] Use of undefined constant category3 - assumed 'category3' F:\www\jd\application\default\Runtime\Cache\2b9ceab0863e0aa2a5f9e0bef3e78664.php 第 276 行.
NOTIC: [8] Undefined variable: pageName F:\www\jd\application\default\Runtime\Cache\2b9ceab0863e0aa2a5f9e0bef3e78664.php 第 276 行.
INFO: ParseTemplate Behavior ::run [ RunTime:0.021558s ]
INFO: [ view_parse ] --END-- [ RunTime:0.021616s ]
INFO: [ view_filter ] --START--
INFO: ContentReplace Behavior ::run [ RunTime:0.000636s ]
INFO: TokenBuild Behavior ::run [ RunTime:0.000332s ]
INFO: WriteHtmlCache Behavior ::run [ RunTime:0.000217s ]
INFO: ShowRuntime Behavior ::run [ RunTime:0.000350s ]
INFO: [ view_filter ] --END-- [ RunTime:0.001627s ]
INFO: [ view_end ] --START--
INFO: ShowPageTrace Behavior ::run [ RunTime:0.000602s ]
INFO: [ view_end ] --END-- [ RunTime:0.000660s ]

[ 2015-11-05T15:24:25+08:00 ] 127.0.0.1 /jd/index.php/Action/index/goodsCount/1/goodsId/1
INFO: [ route_check ] --START--
INFO: CheckRoute Behavior ::run [ RunTime:0.000800s ]
INFO: [ route_check ] --END-- [ RunTime:0.000857s ]
INFO: [ app_begin ] --START--
INFO: ReadHtmlCache Behavior ::run [ RunTime:0.000939s ]
INFO: [ app_begin ] --END-- [ RunTime:0.001065s ]
SQL: SHOW COLUMNS FROM `carinfo` [ RunTime:0.003294s ]
SQL: SELECT * FROM `carinfo` WHERE ( goodsId=1 and userId=1 ) LIMIT 1   [ RunTime:0.000301s ]
SQL: INSERT INTO `carinfo` (`userId`,`goodsId`,`goodsCount`) VALUES (1,1,1) [ RunTime:0.053667s ]

[ 2015-11-05T15:24:25+08:00 ] 127.0.0.1 /jd/index.php/Cart/index.html
INFO: [ route_check ] --START--
INFO: CheckRoute Behavior ::run [ RunTime:0.000514s ]
INFO: [ route_check ] --END-- [ RunTime:0.000560s ]
INFO: [ app_begin ] --START--
INFO: ReadHtmlCache Behavior ::run [ RunTime:0.000375s ]
INFO: [ app_begin ] --END-- [ RunTime:0.000408s ]
SQL: select * from carInfo a inner join goodsInfo b on a.goodsId=b.goodsId and userId=1 [ RunTime:0.000293s ]
INFO: [ view_parse ] --START--
NOTIC: [8] Use of undefined constant index - assumed 'index' F:\www\jd\application\default\Runtime\Cache\731ca5e0427d3d96fea3cdcfd561c48b.php 第 209 行.
NOTIC: [8] Undefined variable: pageName F:\www\jd\application\default\Runtime\Cache\731ca5e0427d3d96fea3cdcfd561c48b.php 第 209 行.
NOTIC: [8] Use of undefined constant category1 - assumed 'category1' F:\www\jd\application\default\Runtime\Cache\731ca5e0427d3d96fea3cdcfd561c48b.php 第 212 行.
NOTIC: [8] Undefined variable: pageName F:\www\jd\application\default\Runtime\Cache\731ca5e0427d3d96fea3cdcfd561c48b.php 第 212 行.
NOTIC: [8] Use of undefined constant auction - assumed 'auction' F:\www\jd\application\default\Runtime\Cache\731ca5e0427d3d96fea3cdcfd561c48b.php 第 215 行.
NOTIC: [8] Undefined variable: pageName F:\www\jd\application\default\Runtime\Cache\731ca5e0427d3d96fea3cdcfd561c48b.php 第 215 行.
NOTIC: [8] Use of undefined constant Diy - assumed 'Diy' F:\www\jd\application\default\Runtime\Cache\731ca5e0427d3d96fea3cdcfd561c48b.php 第 218 行.
NOTIC: [8] Undefined variable: pageName F:\www\jd\application\default\Runtime\Cache\731ca5e0427d3d96fea3cdcfd561c48b.php 第 218 行.
NOTIC: [8] Use of undefined constant Message - assumed 'Message' F:\www\jd\application\default\Runtime\Cache\731ca5e0427d3d96fea3cdcfd561c48b.php 第 221 行.
NOTIC: [8] Undefined variable: pageName F:\www\jd\application\default\Runtime\Cache\731ca5e0427d3d96fea3cdcfd561c48b.php 第 221 行.
NOTIC: [8] Use of undefined constant category2 - assumed 'category2' F:\www\jd\application\default\Runtime\Cache\731ca5e0427d3d96fea3cdcfd561c48b.php 第 224 行.
NOTIC: [8] Undefined variable: pageName F:\www\jd\application\default\Runtime\Cache\731ca5e0427d3d96fea3cdcfd561c48b.php 第 224 行.
NOTIC: [8] Use of undefined constant category3 - assumed 'category3' F:\www\jd\application\default\Runtime\Cache\731ca5e0427d3d96fea3cdcfd561c48b.php 第 227 行.
NOTIC: [8] Undefined variable: pageName F:\www\jd\application\default\Runtime\Cache\731ca5e0427d3d96fea3cdcfd561c48b.php 第 227 行.
INFO: ParseTemplate Behavior ::run [ RunTime:0.010362s ]
INFO: [ view_parse ] --END-- [ RunTime:0.010422s ]
INFO: [ view_filter ] --START--
INFO: ContentReplace Behavior ::run [ RunTime:0.000632s ]
INFO: TokenBuild Behavior ::run [ RunTime:0.000411s ]
INFO: WriteHtmlCache Behavior ::run [ RunTime:0.000352s ]
INFO: ShowRuntime Behavior ::run [ RunTime:0.000455s ]
INFO: [ view_filter ] --END-- [ RunTime:0.001948s ]
INFO: [ view_end ] --START--
INFO: ShowPageTrace Behavior ::run [ RunTime:0.000658s ]
INFO: [ view_end ] --END-- [ RunTime:0.000712s ]

[ 2015-11-05T15:24:34+08:00 ] 127.0.0.1 /jd/index.php/Index/index
INFO: [ route_check ] --START--
INFO: CheckRoute Behavior ::run [ RunTime:0.001268s ]
INFO: [ route_check ] --END-- [ RunTime:0.001354s ]
INFO: [ app_begin ] --START--
INFO: ReadHtmlCache Behavior ::run [ RunTime:0.000902s ]
INFO: [ app_begin ] --END-- [ RunTime:0.000969s ]
SQL: SHOW COLUMNS FROM `goodstype` [ RunTime:0.004069s ]
SQL: SELECT * FROM `goodstype` WHERE ( parentId=0 )  [ RunTime:0.000540s ]
SQL: SELECT * FROM `goodstype` WHERE ( parentId=1 )  [ RunTime:0.000246s ]
SQL: SELECT * FROM `goodstype` WHERE ( parentId=2 )  [ RunTime:0.000212s ]
SQL: SELECT * FROM `goodstype` WHERE ( parentId=6 )  [ RunTime:0.000203s ]
SQL: SELECT * FROM `goodstype` WHERE ( parentId=10 )  [ RunTime:0.000203s ]
SQL: SELECT * FROM `goodstype` WHERE ( parentId=11 )  [ RunTime:0.000198s ]
SQL: SELECT * FROM `goodstype` WHERE ( parentId=14 )  [ RunTime:0.000221s ]
SQL: SELECT * FROM `goodstype` WHERE ( parentId=17 )  [ RunTime:0.000191s ]
NOTIC: [2] Invalid argument supplied for foreach() F:\www\jd\application\default\Lib\Action\IndexAction.class.php 第 13 行.
SQL: SELECT * FROM `goodstype` WHERE ( parentId=18 )  [ RunTime:0.000189s ]
NOTIC: [2] Invalid argument supplied for foreach() F:\www\jd\application\default\Lib\Action\IndexAction.class.php 第 13 行.
SQL: SHOW COLUMNS FROM `brandinfo` [ RunTime:0.002580s ]
NOTIC: [8] Undefined offset: 0 F:\www\jd\application\default\Lib\Action\IndexAction.class.php 第 23 行.
SQL: SELECT * FROM `brandinfo` WHERE ( typeId= )  [ RunTime:0.000170s ]
ERR: 1064:You have an error in your SQL syntax; check the manual that corresponds to your MySQL server version for the right syntax to use near ')' at line 1
 [ SQL语句 ] : SELECT * FROM `brandinfo` WHERE ( typeId= ) 
SQL: SHOW COLUMNS FROM `goodsinfo` [ RunTime:0.002389s ]
SQL: SELECT * FROM `goodsinfo`  [ RunTime:0.000248s ]
INFO: [ view_parse ] --START--
NOTIC: [8] Use of undefined constant index - assumed 'index' F:\www\jd\application\default\Runtime\Cache\33af4b837747d1d7905dbdd00c63e095.php 第 261 行.
NOTIC: [8] Use of undefined constant category1 - assumed 'category1' F:\www\jd\application\default\Runtime\Cache\33af4b837747d1d7905dbdd00c63e095.php 第 264 行.
NOTIC: [8] Use of undefined constant auction - assumed 'auction' F:\www\jd\application\default\Runtime\Cache\33af4b837747d1d7905dbdd00c63e095.php 第 267 行.
NOTIC: [8] Use of undefined constant Diy - assumed 'Diy' F:\www\jd\application\default\Runtime\Cache\33af4b837747d1d7905dbdd00c63e095.php 第 270 行.
NOTIC: [8] Use of undefined constant Message - assumed 'Message' F:\www\jd\application\default\Runtime\Cache\33af4b837747d1d7905dbdd00c63e095.php 第 273 行.
NOTIC: [8] Use of undefined constant category2 - assumed 'category2' F:\www\jd\application\default\Runtime\Cache\33af4b837747d1d7905dbdd00c63e095.php 第 276 行.
NOTIC: [8] Use of undefined constant category3 - assumed 'category3' F:\www\jd\application\default\Runtime\Cache\33af4b837747d1d7905dbdd00c63e095.php 第 279 行.
INFO: ParseTemplate Behavior ::run [ RunTime:0.020491s ]
INFO: [ view_parse ] --END-- [ RunTime:0.020535s ]
INFO: [ view_filter ] --START--
INFO: ContentReplace Behavior ::run [ RunTime:0.000834s ]
INFO: TokenBuild Behavior ::run [ RunTime:0.000407s ]
INFO: WriteHtmlCache Behavior ::run [ RunTime:0.000286s ]
INFO: ShowRuntime Behavior ::run [ RunTime:0.000439s ]
INFO: [ view_filter ] --END-- [ RunTime:0.002058s ]
INFO: [ view_end ] --START--
INFO: ShowPageTrace Behavior ::run [ RunTime:0.001364s ]
INFO: [ view_end ] --END-- [ RunTime:0.001446s ]

[ 2015-11-05T15:24:37+08:00 ] 127.0.0.1 /jd/index.php/Goods/index
INFO: [ route_check ] --START--
INFO: CheckRoute Behavior ::run [ RunTime:0.000751s ]
INFO: [ route_check ] --END-- [ RunTime:0.000822s ]
INFO: [ app_begin ] --START--
INFO: ReadHtmlCache Behavior ::run [ RunTime:0.000692s ]
INFO: [ app_begin ] --END-- [ RunTime:0.000756s ]
NOTIC: [8] Undefined index: id F:\www\jd\application\default\Lib\Action\GoodsAction.class.php 第 6 行.
SQL: SHOW COLUMNS FROM `goodsinfo` [ RunTime:0.003249s ]
SQL: SELECT * FROM `goodsinfo` WHERE ( goodsId= ) LIMIT 1   [ RunTime:0.000153s ]
ERR: 1064:You have an error in your SQL syntax; check the manual that corresponds to your MySQL server version for the right syntax to use near ') LIMIT 1' at line 1
 [ SQL语句 ] : SELECT * FROM `goodsinfo` WHERE ( goodsId= ) LIMIT 1  
INFO: [ view_parse ] --START--
NOTIC: [8] Use of undefined constant index - assumed 'index' F:\www\jd\application\default\Runtime\Cache\2b9ceab0863e0aa2a5f9e0bef3e78664.php 第 258 行.
NOTIC: [8] Undefined variable: pageName F:\www\jd\application\default\Runtime\Cache\2b9ceab0863e0aa2a5f9e0bef3e78664.php 第 258 行.
NOTIC: [8] Use of undefined constant category1 - assumed 'category1' F:\www\jd\application\default\Runtime\Cache\2b9ceab0863e0aa2a5f9e0bef3e78664.php 第 261 行.
NOTIC: [8] Undefined variable: pageName F:\www\jd\application\default\Runtime\Cache\2b9ceab0863e0aa2a5f9e0bef3e78664.php 第 261 行.
NOTIC: [8] Use of undefined constant auction - assumed 'auction' F:\www\jd\application\default\Runtime\Cache\2b9ceab0863e0aa2a5f9e0bef3e78664.php 第 264 行.
NOTIC: [8] Undefined variable: pageName F:\www\jd\application\default\Runtime\Cache\2b9ceab0863e0aa2a5f9e0bef3e78664.php 第 264 行.
NOTIC: [8] Use of undefined constant Diy - assumed 'Diy' F:\www\jd\application\default\Runtime\Cache\2b9ceab0863e0aa2a5f9e0bef3e78664.php 第 267 行.
NOTIC: [8] Undefined variable: pageName F:\www\jd\application\default\Runtime\Cache\2b9ceab0863e0aa2a5f9e0bef3e78664.php 第 267 行.
NOTIC: [8] Use of undefined constant Message - assumed 'Message' F:\www\jd\application\default\Runtime\Cache\2b9ceab0863e0aa2a5f9e0bef3e78664.php 第 270 行.
NOTIC: [8] Undefined variable: pageName F:\www\jd\application\default\Runtime\Cache\2b9ceab0863e0aa2a5f9e0bef3e78664.php 第 270 行.
NOTIC: [8] Use of undefined constant category2 - assumed 'category2' F:\www\jd\application\default\Runtime\Cache\2b9ceab0863e0aa2a5f9e0bef3e78664.php 第 273 行.
NOTIC: [8] Undefined variable: pageName F:\www\jd\application\default\Runtime\Cache\2b9ceab0863e0aa2a5f9e0bef3e78664.php 第 273 行.
NOTIC: [8] Use of undefined constant category3 - assumed 'category3' F:\www\jd\application\default\Runtime\Cache\2b9ceab0863e0aa2a5f9e0bef3e78664.php 第 276 行.
NOTIC: [8] Undefined variable: pageName F:\www\jd\application\default\Runtime\Cache\2b9ceab0863e0aa2a5f9e0bef3e78664.php 第 276 行.
INFO: ParseTemplate Behavior ::run [ RunTime:0.022532s ]
INFO: [ view_parse ] --END-- [ RunTime:0.022584s ]
INFO: [ view_filter ] --START--
INFO: ContentReplace Behavior ::run [ RunTime:0.000657s ]
INFO: TokenBuild Behavior ::run [ RunTime:0.000401s ]
INFO: WriteHtmlCache Behavior ::run [ RunTime:0.000296s ]
INFO: ShowRuntime Behavior ::run [ RunTime:0.000434s ]
INFO: [ view_filter ] --END-- [ RunTime:0.001895s ]
INFO: [ view_end ] --START--
INFO: ShowPageTrace Behavior ::run [ RunTime:0.000670s ]
INFO: [ view_end ] --END-- [ RunTime:0.000726s ]

[ 2015-11-05T15:24:45+08:00 ] 127.0.0.1 /jd/index.php/Goods/index/id/1
INFO: [ route_check ] --START--
INFO: CheckRoute Behavior ::run [ RunTime:0.000893s ]
INFO: [ route_check ] --END-- [ RunTime:0.000989s ]
INFO: [ app_begin ] --START--
INFO: ReadHtmlCache Behavior ::run [ RunTime:0.000779s ]
INFO: [ app_begin ] --END-- [ RunTime:0.000850s ]
SQL: SHOW COLUMNS FROM `goodsinfo` [ RunTime:0.002518s ]
SQL: SELECT * FROM `goodsinfo` WHERE ( goodsId=1 ) LIMIT 1   [ RunTime:0.000277s ]
INFO: [ view_parse ] --START--
NOTIC: [8] Use of undefined constant index - assumed 'index' F:\www\jd\application\default\Runtime\Cache\2b9ceab0863e0aa2a5f9e0bef3e78664.php 第 258 行.
NOTIC: [8] Undefined variable: pageName F:\www\jd\application\default\Runtime\Cache\2b9ceab0863e0aa2a5f9e0bef3e78664.php 第 258 行.
NOTIC: [8] Use of undefined constant category1 - assumed 'category1' F:\www\jd\application\default\Runtime\Cache\2b9ceab0863e0aa2a5f9e0bef3e78664.php 第 261 行.
NOTIC: [8] Undefined variable: pageName F:\www\jd\application\default\Runtime\Cache\2b9ceab0863e0aa2a5f9e0bef3e78664.php 第 261 行.
NOTIC: [8] Use of undefined constant auction - assumed 'auction' F:\www\jd\application\default\Runtime\Cache\2b9ceab0863e0aa2a5f9e0bef3e78664.php 第 264 行.
NOTIC: [8] Undefined variable: pageName F:\www\jd\application\default\Runtime\Cache\2b9ceab0863e0aa2a5f9e0bef3e78664.php 第 264 行.
NOTIC: [8] Use of undefined constant Diy - assumed 'Diy' F:\www\jd\application\default\Runtime\Cache\2b9ceab0863e0aa2a5f9e0bef3e78664.php 第 267 行.
NOTIC: [8] Undefined variable: pageName F:\www\jd\application\default\Runtime\Cache\2b9ceab0863e0aa2a5f9e0bef3e78664.php 第 267 行.
NOTIC: [8] Use of undefined constant Message - assumed 'Message' F:\www\jd\application\default\Runtime\Cache\2b9ceab0863e0aa2a5f9e0bef3e78664.php 第 270 行.
NOTIC: [8] Undefined variable: pageName F:\www\jd\application\default\Runtime\Cache\2b9ceab0863e0aa2a5f9e0bef3e78664.php 第 270 行.
NOTIC: [8] Use of undefined constant category2 - assumed 'category2' F:\www\jd\application\default\Runtime\Cache\2b9ceab0863e0aa2a5f9e0bef3e78664.php 第 273 行.
NOTIC: [8] Undefined variable: pageName F:\www\jd\application\default\Runtime\Cache\2b9ceab0863e0aa2a5f9e0bef3e78664.php 第 273 行.
NOTIC: [8] Use of undefined constant category3 - assumed 'category3' F:\www\jd\application\default\Runtime\Cache\2b9ceab0863e0aa2a5f9e0bef3e78664.php 第 276 行.
NOTIC: [8] Undefined variable: pageName F:\www\jd\application\default\Runtime\Cache\2b9ceab0863e0aa2a5f9e0bef3e78664.php 第 276 行.
INFO: ParseTemplate Behavior ::run [ RunTime:0.017884s ]
INFO: [ view_parse ] --END-- [ RunTime:0.017926s ]
INFO: [ view_filter ] --START--
INFO: ContentReplace Behavior ::run [ RunTime:0.000565s ]
INFO: TokenBuild Behavior ::run [ RunTime:0.000317s ]
INFO: WriteHtmlCache Behavior ::run [ RunTime:0.000210s ]
INFO: ShowRuntime Behavior ::run [ RunTime:0.000363s ]
INFO: [ view_filter ] --END-- [ RunTime:0.001548s ]
INFO: [ view_end ] --START--
INFO: ShowPageTrace Behavior ::run [ RunTime:0.000633s ]
INFO: [ view_end ] --END-- [ RunTime:0.000696s ]

[ 2015-11-05T15:24:46+08:00 ] 127.0.0.1 /jd/index.php/Action/index/goodsCount/1/goodsId/1
INFO: [ route_check ] --START--
INFO: CheckRoute Behavior ::run [ RunTime:0.000695s ]
INFO: [ route_check ] --END-- [ RunTime:0.000759s ]
INFO: [ app_begin ] --START--
INFO: ReadHtmlCache Behavior ::run [ RunTime:0.000529s ]
INFO: [ app_begin ] --END-- [ RunTime:0.000569s ]
SQL: SHOW COLUMNS FROM `carinfo` [ RunTime:0.002615s ]
SQL: SELECT * FROM `carinfo` WHERE ( goodsId=1 and userId=1 ) LIMIT 1   [ RunTime:0.000278s ]
SQL: UPDATE `carinfo` SET `goodsCount`=goodsCount+1 WHERE ( goodsId=1 and userId=1 ) [ RunTime:0.104474s ]

[ 2015-11-05T15:24:47+08:00 ] 127.0.0.1 /jd/index.php/Cart/index.html
INFO: [ route_check ] --START--
INFO: CheckRoute Behavior ::run [ RunTime:0.000895s ]
INFO: [ route_check ] --END-- [ RunTime:0.000965s ]
INFO: [ app_begin ] --START--
INFO: ReadHtmlCache Behavior ::run [ RunTime:0.000550s ]
INFO: [ app_begin ] --END-- [ RunTime:0.000600s ]
SQL: select * from carInfo a inner join goodsInfo b on a.goodsId=b.goodsId and userId=1 [ RunTime:0.000276s ]
INFO: [ view_parse ] --START--
NOTIC: [8] Use of undefined constant index - assumed 'index' F:\www\jd\application\default\Runtime\Cache\731ca5e0427d3d96fea3cdcfd561c48b.php 第 209 行.
NOTIC: [8] Undefined variable: pageName F:\www\jd\application\default\Runtime\Cache\731ca5e0427d3d96fea3cdcfd561c48b.php 第 209 行.
NOTIC: [8] Use of undefined constant category1 - assumed 'category1' F:\www\jd\application\default\Runtime\Cache\731ca5e0427d3d96fea3cdcfd561c48b.php 第 212 行.
NOTIC: [8] Undefined variable: pageName F:\www\jd\application\default\Runtime\Cache\731ca5e0427d3d96fea3cdcfd561c48b.php 第 212 行.
NOTIC: [8] Use of undefined constant auction - assumed 'auction' F:\www\jd\application\default\Runtime\Cache\731ca5e0427d3d96fea3cdcfd561c48b.php 第 215 行.
NOTIC: [8] Undefined variable: pageName F:\www\jd\application\default\Runtime\Cache\731ca5e0427d3d96fea3cdcfd561c48b.php 第 215 行.
NOTIC: [8] Use of undefined constant Diy - assumed 'Diy' F:\www\jd\application\default\Runtime\Cache\731ca5e0427d3d96fea3cdcfd561c48b.php 第 218 行.
NOTIC: [8] Undefined variable: pageName F:\www\jd\application\default\Runtime\Cache\731ca5e0427d3d96fea3cdcfd561c48b.php 第 218 行.
NOTIC: [8] Use of undefined constant Message - assumed 'Message' F:\www\jd\application\default\Runtime\Cache\731ca5e0427d3d96fea3cdcfd561c48b.php 第 221 行.
NOTIC: [8] Undefined variable: pageName F:\www\jd\application\default\Runtime\Cache\731ca5e0427d3d96fea3cdcfd561c48b.php 第 221 行.
NOTIC: [8] Use of undefined constant category2 - assumed 'category2' F:\www\jd\application\default\Runtime\Cache\731ca5e0427d3d96fea3cdcfd561c48b.php 第 224 行.
NOTIC: [8] Undefined variable: pageName F:\www\jd\application\default\Runtime\Cache\731ca5e0427d3d96fea3cdcfd561c48b.php 第 224 行.
NOTIC: [8] Use of undefined constant category3 - assumed 'category3' F:\www\jd\application\default\Runtime\Cache\731ca5e0427d3d96fea3cdcfd561c48b.php 第 227 行.
NOTIC: [8] Undefined variable: pageName F:\www\jd\application\default\Runtime\Cache\731ca5e0427d3d96fea3cdcfd561c48b.php 第 227 行.
INFO: ParseTemplate Behavior ::run [ RunTime:0.010549s ]
INFO: [ view_parse ] --END-- [ RunTime:0.010610s ]
INFO: [ view_filter ] --START--
INFO: ContentReplace Behavior ::run [ RunTime:0.000660s ]
INFO: TokenBuild Behavior ::run [ RunTime:0.000318s ]
INFO: WriteHtmlCache Behavior ::run [ RunTime:0.000225s ]
INFO: ShowRuntime Behavior ::run [ RunTime:0.000333s ]
INFO: [ view_filter ] --END-- [ RunTime:0.001638s ]
INFO: [ view_end ] --START--
INFO: ShowPageTrace Behavior ::run [ RunTime:0.000679s ]
INFO: [ view_end ] --END-- [ RunTime:0.000731s ]

[ 2015-11-05T15:24:52+08:00 ] 127.0.0.1 /jd/index.php/Cart/flow
INFO: [ route_check ] --START--
INFO: CheckRoute Behavior ::run [ RunTime:0.000694s ]
INFO: [ route_check ] --END-- [ RunTime:0.000753s ]
INFO: [ app_begin ] --START--
INFO: ReadHtmlCache Behavior ::run [ RunTime:0.000519s ]
INFO: [ app_begin ] --END-- [ RunTime:0.000559s ]
INFO: [ view_parse ] --START--
NOTIC: [8] Use of undefined constant index - assumed 'index' F:\www\jd\application\default\Runtime\Cache\30301ff7edb8db65c628a3bb05bb491e.php 第 145 行.
NOTIC: [8] Undefined variable: pageName F:\www\jd\application\default\Runtime\Cache\30301ff7edb8db65c628a3bb05bb491e.php 第 145 行.
NOTIC: [8] Use of undefined constant category1 - assumed 'category1' F:\www\jd\application\default\Runtime\Cache\30301ff7edb8db65c628a3bb05bb491e.php 第 148 行.
NOTIC: [8] Undefined variable: pageName F:\www\jd\application\default\Runtime\Cache\30301ff7edb8db65c628a3bb05bb491e.php 第 148 行.
NOTIC: [8] Use of undefined constant auction - assumed 'auction' F:\www\jd\application\default\Runtime\Cache\30301ff7edb8db65c628a3bb05bb491e.php 第 151 行.
NOTIC: [8] Undefined variable: pageName F:\www\jd\application\default\Runtime\Cache\30301ff7edb8db65c628a3bb05bb491e.php 第 151 行.
NOTIC: [8] Use of undefined constant Diy - assumed 'Diy' F:\www\jd\application\default\Runtime\Cache\30301ff7edb8db65c628a3bb05bb491e.php 第 154 行.
NOTIC: [8] Undefined variable: pageName F:\www\jd\application\default\Runtime\Cache\30301ff7edb8db65c628a3bb05bb491e.php 第 154 行.
NOTIC: [8] Use of undefined constant Message - assumed 'Message' F:\www\jd\application\default\Runtime\Cache\30301ff7edb8db65c628a3bb05bb491e.php 第 157 行.
NOTIC: [8] Undefined variable: pageName F:\www\jd\application\default\Runtime\Cache\30301ff7edb8db65c628a3bb05bb491e.php 第 157 行.
NOTIC: [8] Use of undefined constant category2 - assumed 'category2' F:\www\jd\application\default\Runtime\Cache\30301ff7edb8db65c628a3bb05bb491e.php 第 160 行.
NOTIC: [8] Undefined variable: pageName F:\www\jd\application\default\Runtime\Cache\30301ff7edb8db65c628a3bb05bb491e.php 第 160 行.
NOTIC: [8] Use of undefined constant category3 - assumed 'category3' F:\www\jd\application\default\Runtime\Cache\30301ff7edb8db65c628a3bb05bb491e.php 第 163 行.
NOTIC: [8] Undefined variable: pageName F:\www\jd\application\default\Runtime\Cache\30301ff7edb8db65c628a3bb05bb491e.php 第 163 行.
INFO: ParseTemplate Behavior ::run [ RunTime:0.101537s ]
INFO: [ view_parse ] --END-- [ RunTime:0.101580s ]
INFO: [ view_filter ] --START--
INFO: ContentReplace Behavior ::run [ RunTime:0.000549s ]
INFO: TokenBuild Behavior ::run [ RunTime:0.000469s ]
INFO: WriteHtmlCache Behavior ::run [ RunTime:0.000341s ]
INFO: ShowRuntime Behavior ::run [ RunTime:0.000517s ]
INFO: [ view_filter ] --END-- [ RunTime:0.001995s ]
INFO: [ view_end ] --START--
INFO: ShowPageTrace Behavior ::run [ RunTime:0.000793s ]
INFO: [ view_end ] --END-- [ RunTime:0.000854s ]

[ 2015-11-05T15:25:05+08:00 ] 127.0.0.1 /jd/index.php/Cart/region.php?type=2&target=selCities_0&parent=2&1446708305452452
INFO: [ route_check ] --START--
INFO: CheckRoute Behavior ::run [ RunTime:0.000852s ]
INFO: [ route_check ] --END-- [ RunTime:0.000917s ]
INFO: [ app_begin ] --START--
INFO: ReadHtmlCache Behavior ::run [ RunTime:0.000551s ]
INFO: [ app_begin ] --END-- [ RunTime:0.000596s ]
ERR: 非法操作:region.php

[ 2015-11-05T15:25:15+08:00 ] 127.0.0.1 /jd/index.php/Cart/checkflow
INFO: [ route_check ] --START--
INFO: CheckRoute Behavior ::run [ RunTime:0.001000s ]
INFO: [ route_check ] --END-- [ RunTime:0.001080s ]
INFO: [ app_begin ] --START--
INFO: ReadHtmlCache Behavior ::run [ RunTime:0.000735s ]
INFO: [ app_begin ] --END-- [ RunTime:0.000792s ]

[ 2015-11-05T15:25:15+08:00 ] 127.0.0.1 /jd/index.php/Cart/orderdetails.html
INFO: [ route_check ] --START--
INFO: CheckRoute Behavior ::run [ RunTime:0.000886s ]
INFO: [ route_check ] --END-- [ RunTime:0.000961s ]
INFO: [ app_begin ] --START--
INFO: ReadHtmlCache Behavior ::run [ RunTime:0.000681s ]
INFO: [ app_begin ] --END-- [ RunTime:0.000738s ]
INFO: [ view_parse ] --START--
NOTIC: [8] Use of undefined constant index - assumed 'index' F:\www\jd\application\default\Runtime\Cache\a9e769d1264f35775d93d35698b03d1c.php 第 125 行.
NOTIC: [8] Undefined variable: pageName F:\www\jd\application\default\Runtime\Cache\a9e769d1264f35775d93d35698b03d1c.php 第 125 行.
NOTIC: [8] Use of undefined constant category1 - assumed 'category1' F:\www\jd\application\default\Runtime\Cache\a9e769d1264f35775d93d35698b03d1c.php 第 128 行.
NOTIC: [8] Undefined variable: pageName F:\www\jd\application\default\Runtime\Cache\a9e769d1264f35775d93d35698b03d1c.php 第 128 行.
NOTIC: [8] Use of undefined constant auction - assumed 'auction' F:\www\jd\application\default\Runtime\Cache\a9e769d1264f35775d93d35698b03d1c.php 第 131 行.
NOTIC: [8] Undefined variable: pageName F:\www\jd\application\default\Runtime\Cache\a9e769d1264f35775d93d35698b03d1c.php 第 131 行.
NOTIC: [8] Use of undefined constant Diy - assumed 'Diy' F:\www\jd\application\default\Runtime\Cache\a9e769d1264f35775d93d35698b03d1c.php 第 134 行.
NOTIC: [8] Undefined variable: pageName F:\www\jd\application\default\Runtime\Cache\a9e769d1264f35775d93d35698b03d1c.php 第 134 行.
NOTIC: [8] Use of undefined constant Message - assumed 'Message' F:\www\jd\application\default\Runtime\Cache\a9e769d1264f35775d93d35698b03d1c.php 第 137 行.
NOTIC: [8] Undefined variable: pageName F:\www\jd\application\default\Runtime\Cache\a9e769d1264f35775d93d35698b03d1c.php 第 137 行.
NOTIC: [8] Use of undefined constant category2 - assumed 'category2' F:\www\jd\application\default\Runtime\Cache\a9e769d1264f35775d93d35698b03d1c.php 第 140 行.
NOTIC: [8] Undefined variable: pageName F:\www\jd\application\default\Runtime\Cache\a9e769d1264f35775d93d35698b03d1c.php 第 140 行.
NOTIC: [8] Use of undefined constant category3 - assumed 'category3' F:\www\jd\application\default\Runtime\Cache\a9e769d1264f35775d93d35698b03d1c.php 第 143 行.
NOTIC: [8] Undefined variable: pageName F:\www\jd\application\default\Runtime\Cache\a9e769d1264f35775d93d35698b03d1c.php 第 143 行.
INFO: ParseTemplate Behavior ::run [ RunTime:0.043384s ]
INFO: [ view_parse ] --END-- [ RunTime:0.043428s ]
INFO: [ view_filter ] --START--
INFO: ContentReplace Behavior ::run [ RunTime:0.000615s ]
INFO: TokenBuild Behavior ::run [ RunTime:0.000461s ]
INFO: WriteHtmlCache Behavior ::run [ RunTime:0.000359s ]
INFO: ShowRuntime Behavior ::run [ RunTime:0.000511s ]
INFO: [ view_filter ] --END-- [ RunTime:0.002037s ]
INFO: [ view_end ] --START--
INFO: ShowPageTrace Behavior ::run [ RunTime:0.000739s ]
INFO: [ view_end ] --END-- [ RunTime:0.000793s ]

